4.86213 -nan
4.78814 0.0739898
4.94071 0.158436
4.99944 0.126491
4.97563 0.100829
5.02314 0.09505
5.05553 0.0866174
5.00064 0.0929533
5.00344 0.082025
5.00719 0.0734612
5.02864 0.0698234
5.03084 0.0637778
5.03306 0.058709
5.02663 0.0547331
5.01953 0.0514455
5.00946 0.0491653
5.00834 0.0461963
5.0042 0.0437508
5.00947 0.0417185
5.01048 0.0395905
5.02975 0.0423009
5.02872 0.0403454
5.01996 0.0395328
5.0325 0.0398716
5.02398 0.0391814
5.02144 0.0377298
5.02212 0.0363119
5.02362 0.035023
5.02194 0.0338354
5.02156 0.0326903
5.01121 0.0332692
5.00837 0.0323374
5.00923 0.0313538
5.01713 0.0314279
5.01878 0.0305614
5.00958 0.031093
4.99977 0.0317934
5.00151 0.0309943
5.00488 0.0303774
5.00109 0.0298506
4.99262 0.0303202
4.98571 0.0303858
4.99026 0.0300176
4.99261 0.0294212
4.99558 0.0289135
4.99359 0.0283483
4.99304 0.0277439
4.99863 0.0277291
5.00102 0.0272617
5.00662 0.0272925
5.0077 0.0267737
5.00852 0.0262665
5.00234 0.0264962
5.00224 0.0260011
4.99835 0.0258199
4.99228 0.0260699
4.9957 0.0258357
5.00096 0.0259259
5.00039 0.0254892
4.99511 0.02561
4.98846 0.0260508
4.98669 0.0256881
4.98726 0.0252836
4.98786 0.0248926
4.98779 0.0245068
4.98633 0.0241772
4.98321 0.0240164
4.98082 0.023781
4.97742 0.0236793
4.96976 0.0245626
4.97198 0.0243154
4.9679 0.0243203
4.97417 0.0247916
4.97373 0.0244583
4.97676 0.024319
4.97957 0.0241612
4.97466 0.0243459
4.97553 0.0240476
4.97574 0.0237421
4.9727 0.0236395
4.97394 0.0233789
4.97616 0.0231985
4.97699 0.0229323
4.97882 0.0227318
4.9804 0.0225181
4.97959 0.0222696
4.98133 0.0220804
4.98294 0.0218875
4.98091 0.0217348
4.97901 0.021576
4.98283 0.0216766
4.98113 0.021507
4.98492 0.0216091
4.98212 0.0215601
4.98197 0.0213325
4.98344 0.0211602
4.98377 0.0209435
4.98335 0.020733
4.98654 0.0207686
4.98547 0.0205874
