1.57161 -nan
1.54005 0.0315591
1.52946 0.0210735
1.4828 0.0489829
1.48863 0.0383878
1.4755 0.0339845
1.47162 0.0289831
1.48759 0.0297529
1.48708 0.0262446
1.47928 0.024733
1.49203 0.0257463
1.49195 0.0235032
1.48572 0.0224998
1.48629 0.0208385
1.49153 0.0200954
1.49036 0.018834
1.49084 0.0176978
1.48918 0.0167672
1.48256 0.0171876
1.48704 0.016909
1.49613 0.0184772
1.49266 0.017957
1.49692 0.0176808
1.49854 0.0170047
1.50451 0.0173714
1.50372 0.0167086
1.5053 0.0161548
1.50191 0.0159306
1.49794 0.0158768
1.49917 0.0153877
1.49932 0.0148838
1.49603 0.0147801
1.49473 0.0143845
1.49202 0.0142156
1.49117 0.0138296
1.49297 0.01356
1.49596 0.0135225
1.49252 0.0136028
1.49 0.0134878
1.49036 0.0131513
1.4894 0.0128623
1.49199 0.0128161
1.48935 0.0127887
1.48891 0.0125026
1.48909 0.012223
1.49006 0.0119937
1.48912 0.0117734
1.49093 0.0116665
1.48891 0.0116029
1.48533 0.0119179
1.4848 0.0116939
1.48535 0.0114801
1.48735 0.0114377
1.48992 0.0115134
1.48877 0.0113604
1.4879 0.0111893
1.49074 0.0113502
1.48957 0.0112137
1.48889 0.0110427
1.48752 0.010943
1.48742 0.0107626
1.48799 0.0106028
1.48989 0.0106057
1.48819 0.0105767
1.48726 0.0104541
1.48743 0.0102959
1.48847 0.0101944
1.48665 0.0102077
1.48614 0.0100712
1.48552 0.00994558
1.48504 0.00981672
1.48599 0.00972645
1.48483 0.00966243
1.48522 0.00953891
1.48588 0.00943431
1.48633 0.00932023
1.48686 0.0092134
1.48561 0.00917985
1.48696 0.00916294
1.48642 0.00906393
1.48621 0.00895379
1.48562 0.00886317
1.48507 0.00877312
1.48578 0.00869705
1.48411 0.00875597
1.48465 0.00867071
1.48502 0.0085784
1.48532 0.0084858
1.48382 0.00852351
1.48397 0.00842964
1.48489 0.00838659
1.48551 0.00831803
1.48589 0.00823691
1.48739 0.00828658
1.48758 0.00820104
1.4895 0.00833881
1.48916 0.00825942
1.48933 0.00817662
1.48954 0.00809617
1.48875 0.00805389
