0 -0.212371 0
1 -0.195814 0.011708
2 -0.180577 0.0146864
3 -0.180291 0.0110176
4 -0.179388 0.00885099
5 -0.175895 0.00803539
6 -0.174058 0.00709452
7 -0.177035 0.00680401
8 -0.175974 0.00613021
9 -0.172894 0.00624305
10 -0.175299 0.00612126
11 -0.17884 0.00655541
12 -0.179606 0.00609583
13 -0.177599 0.0059819
14 -0.177949 0.00559334
15 -0.179042 0.00534961
16 -0.177367 0.00529067
17 -0.178904 0.00521522
18 -0.178957 0.004941
19 -0.177927 0.00480021
20 -0.177873 0.00457192
21 -0.17543 0.00497394
22 -0.175527 0.00475861
23 -0.177408 0.00491821
24 -0.177768 0.00473464
25 -0.17715 0.00459277
26 -0.176207 0.00451831
27 -0.175568 0.00440188
28 -0.175681 0.00425153
29 -0.176036 0.00412463
30 -0.175334 0.00405082
31 -0.176049 0.00398679
32 -0.176671 0.00391422
33 -0.176324 0.00381446
34 -0.176526 0.00371083
35 -0.177034 0.00364229
36 -0.177402 0.00356238
37 -0.177564 0.00347233
38 -0.178909 0.00363444
39 -0.179415 0.00357868
40 -0.180155 0.00356709
41 -0.178024 0.00406943
42 -0.178138 0.00397639
43 -0.17794 0.00389091
44 -0.177714 0.003811
45 -0.17691 0.00381216
46 -0.176932 0.00373111
47 -0.176701 0.00366051
48 -0.17771 0.00372223
49 -0.177993 0.00365855
50 -0.178452 0.00361552
51 -0.178748 0.00355809
52 -0.177982 0.00357266
53 -0.177321 0.00356695
54 -0.177997 0.00356556
55 -0.17804 0.00350215
56 -0.178327 0.00345243
57 -0.178896 0.00343949
58 -0.178173 0.00345643
59 -0.178476 0.00341209
60 -0.178865 0.00337825
61 -0.178588 0.00333515
62 -0.178237 0.00330055
63 -0.178473 0.00325741
64 -0.178924 0.00323832
65 -0.17896 0.00318945
66 -0.17894 0.00314192
67 -0.179052 0.00309769
68 -0.179356 0.00306776
69 -0.178363 0.00318056
70 -0.177551 0.00323797
71 -0.177674 0.00319536
72 -0.178008 0.00316896
73 -0.178045 0.00312635
74 -0.178302 0.00309523
75 -0.178057 0.00306418
76 -0.177738 0.00304094
77 -0.177631 0.00300383
78 -0.177679 0.00296618
79 -0.177575 0.00293094
80 -0.177346 0.00290369
81 -0.17761 0.00288031
82 -0.177976 0.00286879
83 -0.177762 0.00284263
84 -0.178069 0.00282569
85 -0.178321 0.00280405
86 -0.178455 0.00277502
87 -0.178411 0.00274384
88 -0.178815 0.00274261
89 -0.178706 0.00271429
90 -0.1788 0.00268607
91 -0.178593 0.00266484
92 -0.178634 0.0026365
93 -0.177751 0.00275238
94 -0.177967 0.00273186
95 -0.178199 0.00271323
96 -0.178377 0.00269109
97 -0.178441 0.0026644
98 -0.17839 0.00263796
99 -0.178263 0.00261465
100 -0.178545 0.00260387
101 -0.178667 0.00258123
102 -0.178515 0.00256065
103 -0.178639 0.00253902
104 -0.178756 0.00251753
105 -0.178259 0.0025424
106 -0.178543 0.00253449
107 -0.178229 0.00253046
108 -0.178534 0.00252559
109 -0.178641 0.00250488
110 -0.178775 0.00248594
111 -0.177748 0.00266757
112 -0.177853 0.00264604
113 -0.178183 0.00264331
114 -0.178229 0.00262072
115 -0.178565 0.00261963
116 -0.178833 0.00261086
117 -0.179065 0.002599
118 -0.178099 0.00275052
119 -0.178399 0.00274383
120 -0.178642 0.00273194
121 -0.178793 0.00271373
122 -0.178843 0.00269212
123 -0.179004 0.00267521
124 -0.179125 0.00265657
125 -0.178783 0.00265745
126 -0.178741 0.00263685
127 -0.178703 0.00261653
128 -0.179178 0.00263905
129 -0.179138 0.00261906
130 -0.179176 0.00259935
131 -0.179622 0.00261749
132 -0.179727 0.00259993
133 -0.179692 0.00258075
134 -0.180025 0.00258302
135 -0.180276 0.00257621
136 -0.180303 0.00255753
137 -0.18026 0.00253935
138 -0.180329 0.00252201
139 -0.180439 0.00250642
140 -0.180481 0.00248898
141 -0.180619 0.0024753
142 -0.180741 0.002461
143 -0.180954 0.00245309
144 -0.181078 0.00243934
145 -0.180826 0.00243568
146 -0.180983 0.00242417
147 -0.18076 0.00241801
148 -0.181007 0.00241431
149 -0.181135 0.00240162
