10000 # number of blocks
100 # number of throws in each block
# number of steps # spread # uncertainty 
1 1.27009 0.00223999
2 1.70174 0.00665645
3 2.08664 0.00822089
4 2.39875 0.00978494
5 2.68566 0.0109219
6 2.9342 0.0120691
7 3.16631 0.0130715
8 3.3848 0.0140692
9 3.5842 0.0150354
10 3.76683 0.0159102
11 3.92933 0.016722
12 4.12411 0.0174129
13 4.29235 0.0180809
14 4.46029 0.0189434
15 4.61139 0.0196476
16 4.7637 0.0203296
17 4.91097 0.0209482
18 5.0566 0.0215264
19 5.17653 0.0221474
20 5.315 0.022672
21 5.44709 0.0232641
22 5.57372 0.0237661
23 5.68074 0.0243992
24 5.80456 0.0249066
25 5.92015 0.0253102
26 6.02402 0.0258381
27 6.13916 0.02635
28 6.25499 0.0269164
29 6.35892 0.0275085
30 6.47268 0.0281589
31 6.59159 0.0286147
32 6.68949 0.0291495
33 6.80348 0.029688
34 6.9219 0.0302657
35 7.02054 0.0305808
36 7.12038 0.0311722
37 7.2203 0.0314306
38 7.32469 0.0318446
39 7.4269 0.0322093
40 7.52434 0.0326289
41 7.61047 0.0330885
42 7.69797 0.0334013
43 7.7904 0.0337817
44 7.87375 0.0341671
45 7.96312 0.0344944
46 8.04385 0.0348802
47 8.12542 0.0353286
48 8.21394 0.0357388
49 8.30574 0.0361142
50 8.39986 0.0363781
51 8.47976 0.0367586
52 8.54925 0.0372112
53 8.63535 0.0375681
54 8.71713 0.037863
55 8.78333 0.0381802
56 8.8489 0.0385115
57 8.92756 0.0387681
58 9.00407 0.0391043
59 9.08049 0.0395025
60 9.1516 0.0397083
61 9.22907 0.0400432
62 9.29732 0.0403974
63 9.38296 0.0407337
64 9.46982 0.0411018
65 9.53917 0.0414399
66 9.61571 0.0417629
67 9.69336 0.041993
68 9.7595 0.0423859
69 9.82054 0.0427365
70 9.90694 0.0431292
71 9.99193 0.0433768
72 10.0701 0.0437721
73 10.1402 0.0441028
74 10.2156 0.0444466
75 10.2763 0.0447129
76 10.3454 0.044991
77 10.4179 0.0452953
78 10.4905 0.0455862
79 10.5512 0.0458822
80 10.622 0.0461113
81 10.6908 0.0463092
82 10.7657 0.0465863
83 10.8378 0.0468453
84 10.9111 0.0471492
85 10.9821 0.047378
86 11.0308 0.0476769
87 11.0893 0.0478993
88 11.1476 0.0481197
89 11.2066 0.0485522
90 11.2432 0.0488602
91 11.3037 0.0491395
92 11.3699 0.0494128
93 11.4239 0.0495825
94 11.4855 0.0498515
95 11.5596 0.050211
96 11.615 0.0505516
97 11.6786 0.0507644
98 11.733 0.0509704
99 11.7866 0.0512369
100 11.8422 0.051557
