-5 7.43569e-07
-4.95 1.12119e-06
-4.9 1.68129e-06
-4.85 2.50729e-06
-4.8 3.71846e-06
-4.75 5.4842e-06
-4.7 8.04363e-06
-4.65 1.17321e-05
-4.6 1.70167e-05
-4.55 2.45445e-05
-4.5 3.52046e-05
-4.45 5.02124e-05
-4.4 7.12167e-05
-4.35 0.00010044
-4.3 0.000140857
-4.25 0.000196423
-4.2 0.000272359
-4.15 0.000375507
-4.1 0.000514774
-4.05 0.000701663
-4 0.000950925
-3.95 0.00128133
-3.9 0.00171658
-3.85 0.00228637
-3.8 0.00302759
-3.75 0.00398572
-3.7 0.00521631
-3.65 0.00678664
-3.6 0.00877747
-3.55 0.0112848
-3.5 0.0144215
-3.45 0.0183192
-3.4 0.0231295
-3.35 0.0290249
-3.3 0.0361994
-3.25 0.0448679
-3.2 0.0552655
-3.15 0.0676443
-3.1 0.0822699
-3.05 0.0994159
-3 0.119356
-2.95 0.142355
-2.9 0.168657
-2.85 0.198472
-2.8 0.231959
-2.75 0.26921
-2.7 0.310231
-2.65 0.35492
-2.6 0.403049
-2.55 0.454246
-2.5 0.507974
-2.45 0.56352
-2.4 0.61998
-2.35 0.676263
-2.3 0.731085
-2.25 0.782982
-2.2 0.830333
-2.15 0.871383
-2.1 0.904289
-2.05 0.927166
-2 0.938146
-1.95 0.935445
-1.9 0.917441
-1.85 0.882743
-1.8 0.830279
-1.75 0.759367
-1.7 0.669785
-1.65 0.561834
-1.6 0.436384
-1.55 0.294904
-1.5 0.139467
-1.45 -0.0272572
-1.4 -0.202049
-1.35 -0.381196
-1.3 -0.560588
-1.25 -0.735825
-1.2 -0.902351
-1.15 -1.0556
-1.1 -1.19116
-1.05 -1.30494
-1 -1.39329
-0.95 -1.45324
-0.9 -1.48255
-0.85 -1.47986
-0.8 -1.44478
-0.75 -1.37794
-0.7 -1.28099
-0.65 -1.15661
-0.6 -1.00842
-0.55 -0.84087
-0.5 -0.659155
-0.45 -0.469003
-0.4 -0.276504
-0.35 -0.0879055
-0.3 0.0906127
-0.25 0.25315
-0.2 0.394296
-0.15 0.50933
-0.1 0.594385
-0.05 0.646595
-9.39526e-15 0.664196
0.05 0.646595
0.1 0.594385
0.15 0.50933
0.2 0.394296
0.25 0.25315
0.3 0.0906127
0.35 -0.0879055
0.4 -0.276504
0.45 -0.469003
0.5 -0.659155
0.55 -0.84087
0.6 -1.00842
0.65 -1.15661
0.7 -1.28099
0.75 -1.37794
0.8 -1.44478
0.85 -1.47986
0.9 -1.48255
0.95 -1.45324
1 -1.39329
1.05 -1.30494
1.1 -1.19116
1.15 -1.0556
1.2 -0.902351
1.25 -0.735825
1.3 -0.560588
1.35 -0.381196
1.4 -0.202049
1.45 -0.0272572
1.5 0.139467
1.55 0.294904
1.6 0.436384
1.65 0.561834
1.7 0.669785
1.75 0.759367
1.8 0.830279
1.85 0.882743
1.9 0.917441
1.95 0.935445
2 0.938146
2.05 0.927166
2.1 0.904289
2.15 0.871383
2.2 0.830333
2.25 0.782982
2.3 0.731085
2.35 0.676263
2.4 0.61998
2.45 0.56352
2.5 0.507974
2.55 0.454246
2.6 0.403049
2.65 0.35492
2.7 0.310231
2.75 0.26921
2.8 0.231959
2.85 0.198472
2.9 0.168657
2.95 0.142355
3 0.119356
3.05 0.0994159
3.1 0.0822699
3.15 0.0676443
3.2 0.0552655
3.25 0.0448679
3.3 0.0361994
3.35 0.0290249
3.4 0.0231295
3.45 0.0183192
3.5 0.0144215
3.55 0.0112848
3.6 0.00877747
3.65 0.00678664
3.7 0.00521631
3.75 0.00398572
3.8 0.00302759
3.85 0.00228637
3.9 0.00171658
3.95 0.00128133
4 0.000950925
4.05 0.000701663
4.1 0.000514774
4.15 0.000375507
4.2 0.000272359
4.25 0.000196423
4.3 0.000140857
4.35 0.00010044
4.4 7.12167e-05
4.45 5.02124e-05
4.5 3.52046e-05
4.55 2.45445e-05
4.6 1.70167e-05
4.65 1.17321e-05
4.7 8.04363e-06
4.75 5.4842e-06
4.8 3.71846e-06
4.85 2.50729e-06
4.9 1.68129e-06
4.95 1.12119e-06
5 7.43569e-07
