10000 # number of blocks
100 # number of throws per block
0.512323
0.536807
0.485879
0.527717
0.488651
0.484091
0.513594
0.518518
0.54371
0.507962
0.516713
0.547355
0.472629
0.478659
0.526329
0.530596
0.472114
0.496884
0.557689
0.488498
0.519941
0.468085
0.485165
0.51239
0.511494
0.511122
0.55145
0.518422
0.487717
0.475697
0.515356
0.492265
0.488861
0.462916
0.532604
0.479128
0.498387
0.483361
0.483945
0.483481
0.501425
0.477049
0.535031
0.522841
0.552135
0.479645
0.452376
0.540011
0.574365
0.489316
0.459803
0.518139
0.539979
0.508596
0.509738
0.462976
0.479216
0.485623
0.503737
0.506705
0.547477
0.499155
0.456618
0.457717
0.462893
0.481704
0.488567
0.51071
0.489063
0.47519
0.529597
0.441482
0.557334
0.513473
0.470744
0.540807
0.492995
0.456153
0.456356
0.461741
0.479766
0.457993
0.501865
0.484767
0.486943
0.478365
0.491416
0.525126
0.5436
0.465071
0.499717
0.496727
0.484191
0.496927
0.4825
0.507001
0.509952
0.499484
0.469955
0.527073
0.520469
0.478253
0.55752
0.521645
0.539782
0.513822
0.518401
0.482936
0.51141
0.503228
0.482191
0.503077
0.506665
0.511963
0.563971
0.539326
0.45063
0.530994
0.478266
0.466485
0.510185
0.503165
0.492222
0.520881
0.498436
0.513358
0.482397
0.520301
0.479952
0.526792
0.479525
0.514247
0.481154
0.489827
0.525629
0.568887
0.460249
0.547659
0.457872
0.47108
0.561086
0.443268
0.483504
0.485851
0.485295
0.492004
0.490292
0.491677
0.477094
0.516187
0.476802
0.477988
0.485143
0.504084
0.546909
0.499223
0.515802
0.477648
0.492907
0.519845
0.522196
0.543396
0.481609
0.534673
0.463429
0.500796
0.497787
0.488912
0.538353
0.522528
0.539348
0.472256
0.428244
0.511024
0.488612
0.491436
0.522775
0.485624
0.524069
0.545597
0.50365
0.424755
0.496988
0.568863
0.510282
0.507486
0.517256
0.544479
0.491887
0.49885
0.492821
0.554903
0.460367
0.463293
0.44711
0.482213
0.518362
0.540643
0.478805
0.46322
0.556842
0.50895
0.498345
0.483644
0.446611
0.538601
0.545531
0.525747
0.498108
0.482057
0.522615
0.493779
0.503872
0.573607
0.51723
0.541628
0.558046
0.443507
0.559564
0.48704
0.457298
0.52087
0.518128
0.456784
0.437536
0.529707
0.518502
0.497142
0.530784
0.432458
0.509439
0.524098
0.486602
0.475426
0.490699
0.497594
0.492424
0.470458
0.476976
0.484238
0.52718
0.517267
0.472317
0.552831
0.502594
0.500761
0.459386
0.517093
0.476511
0.427761
0.547957
0.479962
0.482654
0.48747
0.537015
0.463838
0.481158
0.49009
0.514832
0.501151
0.494283
0.517934
0.511396
0.479627
0.481654
0.513435
0.53757
0.496621
0.499432
0.518407
0.545356
0.466906
0.517766
0.498946
0.503634
0.488278
0.49091
0.460335
0.503759
0.519357
0.54439
0.496341
0.519379
0.483967
0.523582
0.507262
0.514867
0.506457
0.488073
0.521123
0.516721
0.522349
0.506207
0.492365
0.562326
0.498677
0.514151
0.432432
0.490438
0.488404
0.513893
0.546613
0.477778
0.493288
0.49452
0.531515
0.496097
0.45956
0.501173
0.507552
0.5041
0.500811
0.526031
0.510818
0.468599
0.512443
0.515719
0.498715
0.499265
0.552074
0.499506
0.433717
0.531361
0.510259
0.472666
0.499652
0.50083
0.465909
0.559384
0.554856
0.466109
0.490791
0.469572
0.506595
0.481048
0.547462
0.483986
0.541122
0.523307
0.465035
0.481998
0.513738
0.462606
0.497138
0.526415
0.503244
0.543206
0.466447
0.489713
0.495148
0.504987
0.450163
0.476065
0.49801
0.507515
0.50082
0.523528
0.477297
0.521454
0.456777
0.480775
0.561118
0.511708
0.506794
0.462748
0.512226
0.516669
0.483048
0.47959
0.470645
0.497942
0.506975
0.493257
0.541322
0.494924
0.482311
0.436158
0.481145
0.488611
0.469696
0.506221
0.529735
0.519008
0.487238
0.512745
0.498369
0.51052
0.501389
0.49742
0.521407
0.539692
0.452524
0.454886
0.494613
0.529682
0.429591
0.487207
0.564731
0.515838
0.468205
0.476644
0.524692
0.546748
0.47657
0.471083
0.548838
0.425145
0.523594
0.486511
0.42253
0.50305
0.48358
0.500908
0.500506
0.475503
0.471855
0.443925
0.498389
0.557284
0.505738
0.456731
0.521691
0.456984
0.495186
0.466408
0.476712
0.522803
0.537527
0.509245
0.49769
0.514454
0.520634
0.447343
0.484595
0.515544
0.508923
0.502869
0.515923
0.53081
0.476543
0.434362
0.480883
0.49258
0.482149
0.439452
0.485341
0.520842
0.519611
0.498367
0.505894
0.46129
0.529054
0.532609
0.476464
0.485721
0.492586
0.483171
0.441764
0.489164
0.519112
0.54267
0.542037
0.50811
0.542579
0.495769
0.523418
0.494225
0.448055
0.472267
0.508316
0.507905
0.520003
0.497231
0.530169
0.506078
0.507123
0.522539
0.506974
0.478592
0.518144
0.524221
0.497937
0.527589
0.502941
0.48996
0.457641
0.494236
0.493344
0.501138
0.482098
0.487179
0.498024
0.463796
0.491058
0.497098
0.455822
0.472887
0.480954
0.471752
0.501904
0.564191
0.522861
0.565865
0.481113
0.458274
0.499831
0.520247
0.502886
0.530865
0.507995
0.474517
0.512132
0.494019
0.495799
0.467807
0.500418
0.492451
0.575744
0.491814
0.451865
0.549406
0.52302
0.460585
0.518104
0.52645
0.485392
0.521406
0.516687
0.511548
0.538722
0.511164
0.507323
0.46981
0.522505
0.532572
0.520299
0.51128
0.489789
0.464609
0.521489
0.510134
0.495845
0.521582
0.548294
0.499679
0.519988
0.525143
0.510923
0.48751
0.454896
0.483684
0.51335
0.47521
0.487817
0.553443
0.488361
0.496967
0.478034
0.485719
0.471041
0.471487
0.524971
0.504569
0.49508
0.541558
0.5113
0.519353
0.516282
0.445675
0.505442
0.506511
0.467648
0.446064
0.467819
0.484943
0.570393
0.497505
0.485244
0.539366
0.545306
0.491323
0.537826
0.526025
0.488787
0.498915
0.502751
0.555134
0.497971
0.499193
0.54933
0.514422
0.509289
0.494324
0.519678
0.568149
0.48486
0.548127
0.4594
0.545986
0.491073
0.51152
0.532671
0.526121
0.503746
0.489378
0.486066
0.52696
0.54423
0.463183
0.485532
0.481818
0.480836
0.463837
0.500863
0.56096
0.469958
0.549025
0.532065
0.525363
0.471273
0.509483
0.511982
0.516593
0.481378
0.478563
0.529549
0.497156
0.470263
0.489466
0.498061
0.455694
0.504971
0.494508
0.48283
0.511428
0.484831
0.520812
0.482589
0.472184
0.522647
0.526785
0.489048
0.480415
0.506196
0.473758
0.498942
0.531561
0.544435
0.507177
0.522981
0.539155
0.482774
0.461702
0.486043
0.471012
0.471797
0.474596
0.453018
0.520916
0.553808
0.491788
0.514646
0.490148
0.47157
0.44097
0.447754
0.453245
0.48362
0.496112
0.484244
0.532368
0.510529
0.527768
0.523214
0.534642
0.526487
0.523552
0.510602
0.496849
0.47058
0.483143
0.480697
0.521859
0.472147
0.492223
0.473922
0.491152
0.504576
0.509694
0.475248
0.577828
0.471927
0.502563
0.51762
0.504464
0.482753
0.452869
0.554759
0.500207
0.505491
0.45103
0.487739
0.501461
0.4998
0.459975
0.449684
0.490559
0.488224
0.524444
0.462984
0.466789
0.502548
0.519828
0.493391
0.554146
0.519231
0.494933
0.465378
0.440186
0.488284
0.503019
0.513131
0.540361
0.459968
0.525521
0.47155
0.48221
0.473694
0.492804
0.511635
0.533771
0.443492
0.516332
0.524638
0.480607
0.474426
0.496631
0.509338
0.535797
0.504339
0.49142
0.516833
0.497296
0.535282
0.508276
0.51722
0.51701
0.49903
0.476224
0.482528
0.455983
0.531033
0.500613
0.490286
0.490059
0.517197
0.465654
0.512108
0.510396
0.517859
0.53901
0.501654
0.483217
0.473335
0.492792
0.566358
0.46315
0.545415
0.475348
0.467284
0.514561
0.45918
0.458225
0.571498
0.49523
0.46952
0.512661
0.491319
0.506766
0.476716
0.480001
0.514838
0.48611
0.455476
0.450405
0.522061
0.442535
0.451795
0.484211
0.46107
0.504484
0.512004
0.460355
0.468565
0.490645
0.558399
0.496193
0.589168
0.51963
0.505813
0.553122
0.497861
0.472625
0.493512
0.462364
0.48993
0.483401
0.536788
0.475294
0.482802
0.500051
0.482624
0.522678
0.514132
0.512831
0.483806
0.487208
0.530534
0.492477
0.485859
0.493702
0.521315
0.523379
0.491177
0.471342
0.501595
0.46598
0.47473
0.512329
0.469192
0.482785
0.475711
0.481333
0.469634
0.492338
0.469514
0.440103
0.473686
0.465562
0.514404
0.471622
0.491759
0.498826
0.507257
0.508178
0.519584
0.478107
0.452757
0.487722
0.52951
0.488645
0.480401
0.492898
0.531825
0.514436
0.503716
0.477109
0.500451
0.431968
0.476037
0.482004
0.537407
0.51255
0.497238
0.470747
0.500399
0.51762
0.545782
0.511465
0.487924
0.471419
0.480476
0.475225
0.506263
0.495372
0.506285
0.492934
0.482722
0.448596
0.508605
0.495527
0.509522
0.478869
0.500352
0.461826
0.492685
0.448457
0.516251
0.52843
0.520317
0.499178
0.538698
0.47603
0.464643
0.491056
0.479564
0.526515
0.512177
0.498965
0.462329
0.475235
0.516408
0.481619
0.478906
0.472818
0.457361
0.467295
0.435543
0.530889
0.53243
0.440655
0.482166
0.486093
0.472833
0.525053
0.499555
0.546777
0.450086
0.47469
0.498702
0.49671
0.516858
0.510999
0.526755
0.460231
0.426585
0.487633
0.493903
0.52317
0.486222
0.538437
0.475582
0.493957
0.506502
0.542762
0.514384
0.50925
0.444082
0.502521
0.49603
0.458496
0.479943
0.465336
0.543798
0.521772
0.508434
0.508174
0.485772
0.525299
0.50132
0.545832
0.53928
0.458994
0.481213
0.508644
0.456917
0.510438
0.478769
0.473808
0.518506
0.509634
0.488013
0.524673
0.533385
0.508935
0.504178
0.502391
0.527391
0.512508
0.518431
0.454298
0.458913
0.529718
0.53385
0.523389
0.5184
0.5168
0.527045
0.523281
0.49568
0.471202
0.499784
0.483025
0.529488
0.462959
0.475005
0.49615
0.473559
0.537495
0.581587
0.488304
0.543668
0.514211
0.502258
0.527882
0.449999
0.525232
0.509008
0.464
0.519202
0.49871
0.490393
0.496199
0.480527
0.541026
0.485094
0.500262
0.53041
0.5523
0.486113
0.474492
0.489872
0.489553
0.529977
0.490861
0.48912
0.481915
0.515331
0.475373
0.483721
0.512254
0.535284
0.542044
0.526725
0.45959
0.487896
0.534848
0.5511
0.476673
0.469169
0.522025
0.536879
0.48711
0.472931
0.517117
0.507369
0.516404
0.481971
0.5311
0.48881
0.491279
0.524814
0.530002
0.467857
0.491681
0.492504
0.562377
0.501259
0.50981
0.47977
0.480993
0.502112
0.560577
0.484958
0.553144
0.487051
0.497844
0.503091
0.513922
0.448779
0.510839
0.476441
0.486856
0.538278
0.475098
0.486987
0.476268
0.541104
0.502342
0.485132
0.515744
0.50212
0.483628
0.529055
0.487076
0.49306
0.530174
0.50907
0.474058
0.517283
0.486225
0.481376
0.505512
0.516103
0.518334
0.50556
0.501921
0.521065
0.495434
0.470238
0.500033
0.486545
0.454074
0.481207
0.549824
0.467046
0.483198
0.52648
0.468189
0.493563
0.442843
0.512579
0.523735
0.443404
0.491123
0.476467
0.497051
0.507823
0.533879
0.467487
0.500837
0.561857
0.481376
0.543685
0.504254
0.490733
0.506409
0.496895
0.545888
0.507223
0.478203
0.49096
0.439677
0.524322
0.46648
0.497456
0.458212
0.457618
0.490067
0.46331
0.527742
0.501744
0.504417
0.48467
0.489309
0.495265
0.492425
0.491414
0.470337
0.488402
0.562905
0.496669
0.501093
0.537938
0.491115
0.485708
0.480366
0.503707
0.505692
0.528622
0.494754
0.511026
0.506378
0.501108
0.505927
0.51345
0.45692
0.507778
0.460246
0.490224
0.5175
0.542354
0.475109
0.462808
0.511087
0.499115
0.476399
0.534848
0.49808
0.499986
0.521415
0.499972
0.553619
0.501632
0.471653
0.511777
0.451927
0.516939
0.449817
0.470397
0.502083
0.475254
0.505428
0.520014
0.479574
0.475761
0.483426
0.491686
0.478017
0.518367
0.490104
0.515883
0.465424
0.496467
0.500794
0.489086
0.489382
0.475978
0.533636
0.508839
0.465519
0.485002
0.50384
0.55162
0.473647
0.468499
0.512792
0.497911
0.465933
0.512346
0.486397
0.568839
0.491495
0.501155
0.477015
0.468767
0.451788
0.484229
0.453387
0.518201
0.491152
0.544021
0.472908
0.511403
0.526903
0.521483
0.510625
0.483071
0.503343
0.542676
0.49935
0.528463
0.514057
0.551009
0.515238
0.521352
0.456877
0.499493
0.493231
0.484172
0.525887
0.487377
0.536719
0.464736
0.544847
0.425546
0.565815
0.503907
0.516403
0.505048
0.5186
0.558584
0.501466
0.493141
0.519727
0.514388
0.493134
0.521215
0.540752
0.582425
0.509522
0.49898
0.486565
0.544489
0.499894
0.489284
0.502309
0.561089
0.458455
0.457943
0.555139
0.436681
0.45018
0.492961
0.495221
0.456457
0.51307
0.497498
0.480329
0.509099
0.501186
0.460982
0.498424
0.479838
0.522862
0.482732
0.49258
0.468228
0.518449
0.502455
0.572645
0.504975
0.441977
0.462015
0.508005
0.512225
0.511115
0.50283
0.495823
0.44167
0.499787
0.523281
0.489131
0.514851
0.497837
0.520502
0.479158
0.460037
0.512103
0.510938
0.566253
0.510045
0.52329
0.514027
0.493791
0.525385
0.503001
0.493403
0.50943
0.477108
0.505315
0.499971
0.4681
0.523714
0.517279
0.511258
0.51109
0.526521
0.522689
0.511382
0.475622
0.497845
0.45354
0.466041
0.539271
0.516386
0.493517
0.466885
0.543612
0.544178
0.447897
0.489646
0.441481
0.529492
0.514251
0.480405
0.492206
0.520061
0.508303
0.484365
0.52919
0.481
0.509335
0.491513
0.514231
0.4918
0.489508
0.543542
0.512937
0.516768
0.501471
0.456401
0.485624
0.503286
0.43864
0.532862
0.478069
0.502281
0.512515
0.509471
0.516484
0.495245
0.481412
0.442255
0.481104
0.502224
0.474992
0.515565
0.532745
0.505117
0.50895
0.468433
0.486719
0.510671
0.514246
0.512807
0.458479
0.49756
0.495253
0.508051
0.515361
0.511897
0.4812
0.466076
0.478816
0.555578
0.505272
0.491486
0.491483
0.49182
0.475759
0.501102
0.5035
0.492272
0.493616
0.467251
0.53241
0.500071
0.460819
0.489188
0.531057
0.463222
0.543882
0.467028
0.497823
0.522677
0.516918
0.492559
0.533602
0.429483
0.468614
0.501323
0.489874
0.475381
0.4975
0.540327
0.452257
0.481221
0.499882
0.515759
0.463919
0.467582
0.514813
0.505098
0.503205
0.471959
0.530488
0.477976
0.509885
0.506899
0.466423
0.530182
0.484364
0.52346
0.505799
0.52517
0.514256
0.514364
0.502358
0.497451
0.482685
0.481228
0.516199
0.462252
0.502685
0.520234
0.53288
0.495801
0.452081
0.500633
0.500175
0.47063
0.493228
0.480433
0.506877
0.500255
0.48197
0.51367
0.468019
0.517622
0.510212
0.463619
0.48088
0.531683
0.566459
0.506332
0.486162
0.506486
0.498719
0.528872
0.478707
0.457147
0.534133
0.436616
0.502128
0.507081
0.5297
0.484011
0.461733
0.480873
0.518491
0.473147
0.550115
0.467152
0.44571
0.514533
0.459783
0.425852
0.488986
0.504436
0.477206
0.484238
0.49727
0.44318
0.522651
0.546056
0.472707
0.488754
0.47019
0.578206
0.50986
0.500129
0.48224
0.459287
0.456673
0.464637
0.473028
0.594411
0.491524
0.503807
0.455337
0.470648
0.540765
0.502013
0.494929
0.517481
0.501111
0.49233
0.487
0.536643
0.511266
0.443955
0.499057
0.505723
0.517138
0.555573
0.524581
0.469894
0.525046
0.429058
0.491863
0.516162
0.527275
0.537856
0.482369
0.53449
0.524356
0.484447
0.563038
0.500194
0.498458
0.501259
0.486855
0.561959
0.492251
0.509396
0.506099
0.509876
0.457627
0.509567
0.51263
0.477862
0.498647
0.479589
0.509591
0.534833
0.48309
0.472832
0.518902
0.49902
0.476988
0.521993
0.48892
0.50979
0.496505
0.482563
0.496638
0.521355
0.481552
0.490366
0.488807
0.552736
0.465499
0.517545
0.566335
0.518366
0.515372
0.481377
0.526371
0.463702
0.466898
0.500274
0.546412
0.480221
0.528786
0.501367
0.544837
0.534175
0.490598
0.464029
0.492228
0.513484
0.558614
0.513723
0.467861
0.547132
0.494042
0.540554
0.475728
0.471458
0.497957
0.476881
0.494491
0.557696
0.547343
0.528384
0.47571
0.455159
0.46662
0.562954
0.524749
0.464423
0.479014
0.491776
0.498717
0.46491
0.542164
0.526986
0.545831
0.521211
0.49233
0.450278
0.520559
0.472564
0.501579
0.476829
0.508944
0.49983
0.472323
0.498922
0.468454
0.484353
0.523587
0.503646
0.576759
0.493089
0.533384
0.449036
0.513796
0.514357
0.481562
0.48304
0.501495
0.508612
0.507509
0.439684
0.515553
0.498598
0.477084
0.476805
0.573621
0.513255
0.523155
0.489735
0.48428
0.499769
0.504111
0.445306
0.531188
0.508131
0.474731
0.480551
0.496764
0.502575
0.493781
0.53048
0.519789
0.524279
0.482711
0.479301
0.511297
0.489706
0.509836
0.549465
0.493135
0.518942
0.474367
0.502905
0.493562
0.528434
0.49467
0.488853
0.494264
0.482475
0.515134
0.482597
0.503159
0.477834
0.486008
0.519567
0.497372
0.555886
0.5106
0.469116
0.490744
0.456634
0.5242
0.482367
0.490266
0.518989
0.509111
0.448521
0.515797
0.511681
0.430152
0.483973
0.487451
0.519189
0.495018
0.468634
0.465021
0.537043
0.473871
0.513821
0.503828
0.480895
0.51253
0.5061
0.501352
0.563725
0.523642
0.531442
0.469033
0.495549
0.510207
0.484084
0.493612
0.560022
0.485828
0.52446
0.442389
0.49229
0.49607
0.53058
0.496771
0.502488
0.485293
0.527227
0.508486
0.539235
0.493341
0.477358
0.48284
0.48753
0.446455
0.460071
0.503389
0.555389
0.4868
0.449523
0.472398
0.543633
0.514957
0.539173
0.481471
0.533178
0.489779
0.495712
0.506723
0.484207
0.48997
0.447075
0.502863
0.441612
0.511769
0.488901
0.490572
0.521057
0.547115
0.493804
0.571543
0.550064
0.53666
0.527855
0.495568
0.508478
0.512015
0.438626
0.494034
0.492685
0.521601
0.489186
0.544219
0.497981
0.48447
0.462422
0.478742
0.513433
0.486491
0.540048
0.454565
0.493637
0.483254
0.540696
0.465906
0.481733
0.484088
0.511449
0.515443
0.498049
0.491544
0.477198
0.518185
0.508765
0.490747
0.522194
0.442383
0.498949
0.452965
0.468177
0.501859
0.504368
0.457784
0.483449
0.494124
0.526419
0.538268
0.547265
0.558664
0.454579
0.513462
0.483932
0.499761
0.490738
0.492631
0.520972
0.498243
0.509789
0.505602
0.53573
0.54651
0.530855
0.523579
0.484817
0.491234
0.503527
0.544822
0.450735
0.498103
0.483484
0.48954
0.540084
0.52297
0.531872
0.4684
0.517713
0.483808
0.462825
0.429012
0.511195
0.477814
0.513485
0.524761
0.479995
0.49807
0.490914
0.510372
0.523717
0.484111
0.510267
0.458585
0.523791
0.560782
0.538591
0.502294
0.452987
0.479773
0.468647
0.506552
0.407128
0.498177
0.4771
0.524799
0.483367
0.468484
0.521487
0.523697
0.489421
0.484347
0.500307
0.520936
0.51812
0.516529
0.540621
0.490403
0.531658
0.483385
0.537548
0.509073
0.539914
0.500254
0.480008
0.470009
0.46722
0.522157
0.457105
0.505831
0.471951
0.514143
0.479522
0.47705
0.463316
0.513692
0.490296
0.579624
0.489717
0.459525
0.509357
0.526118
0.583056
0.501204
0.506199
0.484844
0.483365
0.493907
0.475064
0.511351
0.478133
0.512733
0.547002
0.486651
0.54071
0.50093
0.513208
0.516541
0.502145
0.526412
0.493971
0.486407
0.510865
0.550946
0.527654
0.485878
0.484532
0.496367
0.534046
0.507718
0.51849
0.492229
0.476477
0.485306
0.515143
0.509228
0.467067
0.533113
0.488669
0.532804
0.479491
0.474514
0.489424
0.451277
0.473616
0.481345
0.512417
0.512902
0.536414
0.509548
0.524238
0.506215
0.473492
0.54531
0.522803
0.468043
0.46565
0.516045
0.5043
0.493557
0.484806
0.510605
0.531705
0.482741
0.493698
0.4731
0.499247
0.49765
0.483703
0.494694
0.477191
0.514835
0.495185
0.527751
0.521326
0.507313
0.514709
0.496716
0.541516
0.540446
0.533528
0.480091
0.503708
0.526114
0.501701
0.477902
0.499755
0.519556
0.512217
0.489006
0.519435
0.533252
0.539508
0.512633
0.499052
0.522216
0.496723
0.508536
0.550975
0.475087
0.496128
0.490109
0.488502
0.505378
0.497032
0.524865
0.520423
0.497275
0.495577
0.506648
0.509651
0.470347
0.510806
0.463931
0.470309
0.417543
0.501358
0.508616
0.547625
0.500866
0.447169
0.499664
0.505042
0.519076
0.450564
0.495974
0.492882
0.45182
0.521109
0.492848
0.472974
0.534541
0.558592
0.436451
0.533591
0.488568
0.52852
0.500609
0.479092
0.500729
0.474495
0.460347
0.468635
0.426899
0.511857
0.486526
0.488332
0.503822
0.456952
0.505957
0.511237
0.513613
0.44642
0.481371
0.469519
0.495288
0.470863
0.485618
0.503216
0.527725
0.457267
0.474467
0.489933
0.5384
0.524573
0.502387
0.509863
0.472301
0.496743
0.52568
0.530502
0.545377
0.467719
0.557342
0.485443
0.466907
0.532642
0.488029
0.521613
0.535156
0.5297
0.517502
0.529327
0.500698
0.516992
0.520922
0.469554
0.501783
0.528773
0.49438
0.492739
0.486117
0.495462
0.504021
0.493582
0.443434
0.491778
0.553157
0.486138
0.553231
0.507397
0.501726
0.52361
0.512054
0.454481
0.522483
0.487221
0.494685
0.486478
0.458293
0.508525
0.503632
0.512548
0.494902
0.419549
0.551281
0.482006
0.473564
0.505126
0.479089
0.503142
0.507896
0.481801
0.52819
0.52081
0.519335
0.49769
0.505799
0.507142
0.48557
0.447653
0.541775
0.499781
0.47634
0.488166
0.469732
0.511992
0.490944
0.516276
0.547056
0.489034
0.521866
0.486986
0.498224
0.485172
0.498878
0.543473
0.485783
0.485689
0.467988
0.504505
0.463369
0.468295
0.499627
0.523422
0.515146
0.488283
0.470432
0.503071
0.516036
0.481829
0.493011
0.46106
0.457108
0.461799
0.548063
0.489711
0.530517
0.450441
0.463218
0.525085
0.488355
0.513333
0.472996
0.479452
0.449791
0.468973
0.554226
0.481584
0.500883
0.548372
0.511334
0.449252
0.511421
0.509036
0.475853
0.508283
0.493201
0.527705
0.484532
0.502575
0.464071
0.52623
0.500435
0.509428
0.502163
0.484958
0.471382
0.504577
0.504649
0.477997
0.500124
0.461289
0.485424
0.564752
0.510624
0.477921
0.546075
0.512084
0.544811
0.528284
0.51452
0.491487
0.474189
0.469219
0.45568
0.495647
0.510677
0.459734
0.518576
0.488755
0.531053
0.496097
0.514215
0.524968
0.51937
0.507243
0.478636
0.449367
0.531733
0.444885
0.505503
0.485806
0.527802
0.482696
0.502617
0.546019
0.503394
0.488933
0.506705
0.494364
0.498573
0.466891
0.480895
0.472573
0.475586
0.45755
0.469211
0.528889
0.501026
0.478792
0.472506
0.445964
0.466609
0.485572
0.500162
0.521891
0.522916
0.495404
0.47198
0.498741
0.480499
0.44355
0.514591
0.592994
0.512712
0.572278
0.526797
0.49222
0.474642
0.458567
0.468193
0.472402
0.502524
0.504638
0.515465
0.500268
0.528006
0.535678
0.510719
0.505001
0.471647
0.509137
0.456232
0.523718
0.460011
0.489975
0.499993
0.515077
0.540745
0.486228
0.49641
0.495398
0.50001
0.499276
0.496556
0.521664
0.45664
0.483175
0.492336
0.51579
0.527404
0.507446
0.518936
0.504516
0.507745
0.517676
0.469951
0.519318
0.462379
0.448329
0.47954
0.540703
0.460112
0.492116
0.496008
0.451255
0.517269
0.490322
0.521172
0.511833
0.504102
0.498449
0.529899
0.485257
0.488542
0.511559
0.474179
0.471899
0.531692
0.473694
0.486117
0.49152
0.499412
0.49573
0.484217
0.50575
0.474395
0.47607
0.47733
0.525571
0.49308
0.518519
0.500646
0.478189
0.541811
0.501744
0.488095
0.487668
0.466589
0.494672
0.555549
0.533692
0.450803
0.502214
0.509181
0.522843
0.46532
0.475686
0.483373
0.506759
0.455296
0.492304
0.492532
0.491555
0.468098
0.508124
0.481202
0.512879
0.466699
0.528801
0.526842
0.460976
0.542931
0.502555
0.529644
0.500135
0.504961
0.5097
0.543767
0.466902
0.463375
0.533124
0.494358
0.49142
0.540239
0.474089
0.47475
0.506285
0.445516
0.477734
0.498189
0.497283
0.505204
0.512645
0.498483
0.480391
0.445587
0.508871
0.483943
0.509406
0.45796
0.448768
0.488984
0.538589
0.528204
0.535036
0.517776
0.474695
0.475598
0.49033
0.494304
0.492757
0.495227
0.492816
0.503218
0.490007
0.52837
0.492054
0.505858
0.512312
0.515248
0.519572
0.45581
0.49749
0.534488
0.518519
0.518382
0.49988
0.463705
0.526756
0.478376
0.520561
0.505548
0.457784
0.510514
0.497569
0.523615
0.52385
0.506918
0.550501
0.532582
0.515644
0.495998
0.493884
0.506943
0.47293
0.517133
0.513674
0.522731
0.500506
0.475518
0.491262
0.496583
0.40386
0.571554
0.489375
0.556545
0.538896
0.529151
0.504226
0.458972
0.500107
0.517323
0.478305
0.50591
0.431579
0.52945
0.548176
0.46733
0.435178
0.494582
0.451663
0.482594
0.49032
0.485152
0.458792
0.50552
0.469687
0.555491
0.500869
0.497426
0.515259
0.475503
0.512071
0.512534
0.499049
0.503876
0.517914
0.520092
0.492911
0.52522
0.474988
0.477609
0.50179
0.525489
0.516325
0.479562
0.464799
0.46007
0.486776
0.515961
0.508491
0.508912
0.51277
0.475139
0.516703
0.533075
0.460839
0.515149
0.411351
0.547066
0.539271
0.448135
0.49854
0.451344
0.527282
0.502062
0.57438
0.549363
0.506059
0.474169
0.454867
0.513531
0.446076
0.440531
0.534213
0.484466
0.535039
0.486093
0.466006
0.45791
0.550838
0.539566
0.461551
0.48369
0.48389
0.517542
0.509801
0.501089
0.473238
0.45222
0.483224
0.495016
0.480786
0.477108
0.483995
0.497336
0.55804
0.515075
0.484886
0.517738
0.479743
0.523139
0.52923
0.468534
0.478757
0.488352
0.514326
0.477728
0.516591
0.439166
0.482677
0.524768
0.503933
0.466653
0.485412
0.473331
0.535568
0.479952
0.442291
0.465525
0.474057
0.530322
0.492653
0.481884
0.496547
0.538167
0.511684
0.511528
0.519095
0.467427
0.546391
0.476861
0.482876
0.551685
0.495634
0.477191
0.536648
0.516382
0.488619
0.465636
0.509855
0.481514
0.546207
0.463701
0.530738
0.489176
0.529418
0.547885
0.473831
0.45034
0.519513
0.522723
0.461216
0.515237
0.544021
0.454597
0.491918
0.481708
0.563085
0.540733
0.513798
0.485923
0.50051
0.487722
0.522346
0.469816
0.48388
0.493971
0.490722
0.459631
0.488124
0.560435
0.455434
0.519943
0.476905
0.414024
0.532032
0.527535
0.506204
0.558038
0.445179
0.519499
0.524476
0.484033
0.457489
0.499948
0.513758
0.509468
0.49149
0.539698
0.496091
0.495522
0.499106
0.523311
0.489648
0.539449
0.473022
0.537859
0.508932
0.485854
0.534304
0.517802
0.493412
0.481255
0.440657
0.490332
0.508998
0.446315
0.539697
0.515578
0.506697
0.490109
0.501597
0.516043
0.522854
0.440815
0.485503
0.529633
0.495329
0.437194
0.514083
0.470676
0.510009
0.555226
0.500578
0.513288
0.472003
0.524305
0.492749
0.471467
0.545922
0.457331
0.498073
0.460299
0.469597
0.50911
0.494585
0.512631
0.495626
0.487409
0.47172
0.465603
0.505114
0.511052
0.485542
0.551411
0.477985
0.50944
0.49274
0.51667
0.484245
0.517856
0.467746
0.524755
0.460566
0.452937
0.497378
0.475498
0.466562
0.522685
0.477351
0.486613
0.535148
0.505401
0.505063
0.531222
0.481334
0.4819
0.493006
0.535863
0.503849
0.525402
0.51719
0.443351
0.483963
0.523456
0.574955
0.494862
0.475875
0.516286
0.476532
0.515631
0.513055
0.515922
0.444756
0.498618
0.474901
0.480505
0.527271
0.540534
0.498105
0.498123
0.455631
0.504593
0.477074
0.534574
0.515659
0.444367
0.507818
0.499409
0.483435
0.503124
0.45964
0.55465
0.511302
0.513012
0.469044
0.500547
0.528252
0.528478
0.450197
0.462743
0.51907
0.528288
0.496349
0.475243
0.506619
0.490522
0.536573
0.51354
0.481628
0.524934
0.4922
0.502284
0.514372
0.507025
0.53733
0.511868
0.522601
0.48823
0.467784
0.458304
0.470117
0.486582
0.532889
0.470769
0.490351
0.502225
0.494447
0.501182
0.449329
0.562164
0.457288
0.55021
0.522393
0.498607
0.51576
0.474055
0.499068
0.535296
0.510554
0.496414
0.520423
0.516184
0.48021
0.49997
0.523332
0.510849
0.52171
0.471813
0.455982
0.511001
0.504512
0.497141
0.549026
0.502474
0.532402
0.525632
0.506739
0.527074
0.517554
0.524855
0.52256
0.498646
0.491151
0.535096
0.503397
0.537755
0.524962
0.48998
0.487065
0.469339
0.478233
0.517255
0.567232
0.487718
0.534285
0.454115
0.50025
0.563329
0.541177
0.501447
0.44825
0.54557
0.500818
0.501357
0.492864
0.526115
0.470901
0.512376
0.513968
0.477091
0.504037
0.536694
0.507798
0.508473
0.508457
0.503819
0.458831
0.489094
0.484666
0.445022
0.519804
0.575626
0.502414
0.512953
0.474237
0.443916
0.532369
0.470792
0.475844
0.567049
0.456859
0.495319
0.519203
0.514522
0.524063
0.478276
0.496061
0.446888
0.560024
0.550395
0.481647
0.490255
0.552859
0.532463
0.515374
0.455016
0.543541
0.487807
0.500296
0.523185
0.49763
0.490573
0.475702
0.488702
0.46232
0.484159
0.487221
0.475105
0.523196
0.514205
0.468808
0.464916
0.455049
0.480487
0.500997
0.515143
0.551147
0.492106
0.469775
0.45325
0.465325
0.570343
0.450486
0.507992
0.521275
0.503559
0.491098
0.439468
0.513406
0.4885
0.509247
0.492783
0.483648
0.522407
0.487408
0.499685
0.528587
0.460281
0.520571
0.492562
0.471291
0.471695
0.490817
0.505161
0.512207
0.561519
0.463137
0.514411
0.553511
0.528938
0.556895
0.497729
0.511274
0.509135
0.477299
0.480177
0.549831
0.522014
0.491258
0.525846
0.472718
0.482344
0.501995
0.507843
0.484557
0.525685
0.476798
0.531264
0.468268
0.514489
0.51228
0.493509
0.50197
0.458737
0.501524
0.476334
0.51996
0.495493
0.477486
0.474005
0.432139
0.481751
0.497036
0.521927
0.476258
0.514944
0.500005
0.510131
0.487363
0.525497
0.457622
0.455986
0.468811
0.465798
0.504702
0.490518
0.529236
0.509951
0.539979
0.532702
0.519832
0.458711
0.538942
0.516115
0.486339
0.53394
0.493559
0.51231
0.530098
0.476996
0.583257
0.4753
0.492552
0.525407
0.501542
0.481516
0.497577
0.522204
0.512625
0.499621
0.525998
0.50231
0.512434
0.55455
0.576686
0.500328
0.558382
0.500155
0.538604
0.504136
0.502282
0.514833
0.478165
0.508636
0.500755
0.544497
0.486297
0.494049
0.527531
0.547285
0.519579
0.493126
0.562018
0.464369
0.469817
0.491652
0.538487
0.481244
0.556451
0.506609
0.540284
0.443864
0.456155
0.506388
0.523417
0.474019
0.474009
0.497412
0.483908
0.478302
0.54062
0.481553
0.493272
0.555064
0.519567
0.558712
0.45652
0.483719
0.479534
0.498943
0.48703
0.500777
0.465528
0.51849
0.472691
0.516982
0.473538
0.504119
0.527672
0.509926
0.523013
0.490112
0.474211
0.476522
0.531543
0.512305
0.518776
0.429698
0.48611
0.463538
0.517
0.513701
0.475286
0.544902
0.431738
0.482374
0.486755
0.467148
0.548643
0.504794
0.484528
0.466636
0.493622
0.522628
0.440235
0.550204
0.50655
0.473605
0.562863
0.493324
0.485627
0.485455
0.501314
0.525926
0.516736
0.444706
0.474164
0.490265
0.48219
0.514715
0.520988
0.465201
0.513236
0.477293
0.519644
0.521266
0.5307
0.492314
0.503863
0.490911
0.478133
0.509679
0.455551
0.518278
0.481851
0.488001
0.526154
0.542895
0.502224
0.544404
0.531478
0.501668
0.520611
0.489791
0.464319
0.463524
0.566297
0.503972
0.499308
0.511112
0.477818
0.505018
0.524308
0.483908
0.533046
0.457216
0.512777
0.507115
0.482405
0.512009
0.52144
0.45073
0.519602
0.476281
0.467665
0.553151
0.464241
0.502381
0.560909
0.5637
0.480694
0.494239
0.512612
0.498437
0.54761
0.48397
0.498912
0.503638
0.502431
0.453326
0.500558
0.48132
0.555299
0.524379
0.524398
0.491175
0.486714
0.503806
0.500808
0.4733
0.47333
0.495152
0.48145
0.466091
0.466266
0.503453
0.471723
0.513674
0.486295
0.496575
0.472287
0.507265
0.520297
0.537669
0.494035
0.534802
0.52334
0.563099
0.480889
0.48326
0.460782
0.53022
0.504788
0.488
0.49475
0.489392
0.477255
0.523529
0.549376
0.474594
0.481904
0.490062
0.519179
0.517014
0.502276
0.460241
0.534944
0.485995
0.54937
0.510401
0.471494
0.481713
0.513242
0.530745
0.44172
0.473951
0.493058
0.508819
0.521245
0.501356
0.529966
0.470644
0.508095
0.495551
0.507163
0.523898
0.521764
0.454473
0.47154
0.457505
0.516024
0.509311
0.501269
0.532022
0.539886
0.509433
0.473714
0.545189
0.531058
0.569656
0.47804
0.507018
0.466295
0.494249
0.516893
0.468806
0.553007
0.512038
0.511531
0.510427
0.486497
0.496994
0.484772
0.5303
0.487221
0.508668
0.506138
0.542394
0.452415
0.486859
0.493583
0.534648
0.506502
0.524883
0.476152
0.503188
0.494612
0.475823
0.521977
0.496699
0.523635
0.49613
0.535959
0.53535
0.495138
0.520955
0.511528
0.538624
0.474552
0.50558
0.510849
0.546452
0.490998
0.447336
0.507853
0.428
0.522111
0.502364
0.53846
0.532502
0.528256
0.501612
0.522375
0.476515
0.470506
0.500436
0.550841
0.551953
0.536749
0.516169
0.474696
0.4793
0.490306
0.508061
0.497145
0.500352
0.505438
0.483929
0.505597
0.524884
0.514107
0.497926
0.516944
0.505605
0.488378
0.553778
0.480672
0.485776
0.512823
0.457879
0.504166
0.503874
0.521317
0.506615
0.514579
0.50967
0.52259
0.492289
0.451664
0.506094
0.528914
0.492027
0.505914
0.451277
0.472303
0.504036
0.516406
0.525117
0.46259
0.48559
0.462719
0.52478
0.541774
0.43712
0.525291
0.493478
0.498994
0.486788
0.448608
0.476918
0.490517
0.509902
0.471585
0.521793
0.479106
0.507572
0.479519
0.520687
0.497157
0.508963
0.501992
0.487774
0.487956
0.511528
0.471093
0.499676
0.549463
0.503594
0.464342
0.515873
0.524967
0.513678
0.486678
0.463019
0.565008
0.500906
0.475906
0.467553
0.514933
0.520907
0.505954
0.540978
0.542456
0.491569
0.522337
0.422179
0.499612
0.473011
0.484187
0.511153
0.463465
0.496173
0.477236
0.518538
0.499949
0.464372
0.492111
0.505303
0.535226
0.512218
0.502341
0.46698
0.558921
0.496258
0.486424
0.516813
0.463621
0.491722
0.588345
0.552192
0.50501
0.489748
0.51092
0.508767
0.527008
0.469462
0.466332
0.486585
0.5363
0.479282
0.478243
0.45266
0.510626
0.531833
0.519848
0.474318
0.495199
0.496834
0.532261
0.537723
0.491637
0.46634
0.497586
0.465936
0.503782
0.506715
0.481072
0.470887
0.534776
0.471706
0.476706
0.513645
0.469769
0.500996
0.490633
0.527354
0.478643
0.468611
0.526773
0.517202
0.483115
0.505556
0.509008
0.471813
0.532607
0.541053
0.534322
0.500431
0.513238
0.48676
0.511251
0.570263
0.474342
0.498339
0.448049
0.528372
0.49686
0.458758
0.574906
0.472475
0.467989
0.517692
0.524629
0.505046
0.506482
0.531407
0.526136
0.51507
0.482935
0.547493
0.445152
0.481851
0.51948
0.468827
0.466475
0.485226
0.483224
0.511141
0.522191
0.476577
0.537828
0.538568
0.560208
0.455007
0.497594
0.50154
0.527493
0.493053
0.48844
0.511415
0.472373
0.456322
0.500132
0.536212
0.520292
0.501413
0.454149
0.491813
0.507386
0.496506
0.471562
0.473034
0.496252
0.538992
0.505296
0.488912
0.498298
0.514522
0.541151
0.476602
0.467031
0.481843
0.461958
0.538249
0.446673
0.517799
0.539246
0.525216
0.460472
0.49688
0.48679
0.494041
0.563087
0.44968
0.520429
0.528493
0.521417
0.484649
0.5085
0.532114
0.488258
0.46751
0.537306
0.505605
0.473149
0.502718
0.515944
0.53345
0.444801
0.501336
0.504914
0.534139
0.469459
0.479699
0.522848
0.498367
0.489603
0.513245
0.465755
0.519589
0.457332
0.48989
0.463154
0.48131
0.506828
0.567313
0.495456
0.525463
0.540265
0.488542
0.466993
0.466284
0.471542
0.450192
0.51905
0.444025
0.572209
0.527756
0.497282
0.482902
0.49397
0.47231
0.507892
0.517652
0.552131
0.533
0.526944
0.543055
0.494371
0.509709
0.477185
0.520826
0.499208
0.490251
0.496754
0.538218
0.498542
0.506494
0.484145
0.472745
0.478639
0.463765
0.573814
0.477371
0.533945
0.527921
0.526784
0.53056
0.498088
0.49447
0.520647
0.45555
0.526461
0.474097
0.523317
0.483236
0.524747
0.478987
0.514921
0.543023
0.527767
0.504315
0.512199
0.496041
0.473029
0.54927
0.489791
0.485086
0.463342
0.522006
0.502781
0.495659
0.482883
0.502875
0.514877
0.502493
0.521089
0.530327
0.496599
0.505924
0.538733
0.503857
0.467855
0.522501
0.450592
0.51836
0.499277
0.544187
0.429044
0.504285
0.426684
0.480549
0.532997
0.467946
0.473066
0.518298
0.466513
0.526386
0.472446
0.492555
0.441505
0.491142
0.490002
0.484223
0.468882
0.475315
0.532826
0.50784
0.472512
0.468299
0.52569
0.494279
0.480385
0.442549
0.4862
0.492682
0.467352
0.506772
0.52371
0.495996
0.483804
0.519902
0.496365
0.514486
0.50468
0.500248
0.460659
0.491605
0.493168
0.484173
0.517878
0.486588
0.503476
0.498703
0.4518
0.508152
0.517062
0.492412
0.492032
0.503676
0.516669
0.528984
0.537356
0.508231
0.482572
0.467813
0.463455
0.467843
0.465391
0.526014
0.479411
0.491351
0.429848
0.506234
0.557325
0.555258
0.453856
0.504622
0.519452
0.47592
0.537295
0.523342
0.547222
0.493472
0.514866
0.542002
0.496519
0.481859
0.507389
0.482377
0.503597
0.489336
0.51593
0.490792
0.495999
0.533837
0.533116
0.522551
0.462871
0.457556
0.486027
0.492779
0.509027
0.535139
0.545038
0.54806
0.477154
0.519862
0.462978
0.453233
0.512524
0.542146
0.508986
0.487736
0.504594
0.454816
0.541449
0.505862
0.479859
0.539452
0.514371
0.455308
0.490348
0.488229
0.501582
0.52839
0.512125
0.4756
0.463128
0.470298
0.518177
0.464215
0.468246
0.478769
0.520057
0.479443
0.459278
0.519544
0.512669
0.526866
0.530914
0.522003
0.48656
0.487135
0.529123
0.489334
0.552089
0.492549
0.534169
0.487612
0.519871
0.45974
0.542058
0.508184
0.481843
0.482833
0.538827
0.517706
0.477344
0.491468
0.482012
0.510228
0.528581
0.528039
0.513697
0.515694
0.479856
0.478544
0.499512
0.529233
0.494918
0.541412
0.467951
0.485616
0.506843
0.528686
0.49438
0.48325
0.504778
0.503926
0.514133
0.472096
0.421961
0.491226
0.489039
0.519874
0.539368
0.489702
0.511784
0.500928
0.459368
0.49784
0.51246
0.532145
0.473771
0.492065
0.461696
0.490277
0.530631
0.483918
0.474726
0.495063
0.484176
0.470213
0.510789
0.512513
0.502265
0.460544
0.472221
0.482731
0.475714
0.52652
0.537616
0.446664
0.503889
0.527111
0.533445
0.556126
0.510937
0.50446
0.458487
0.501504
0.507013
0.494561
0.495459
0.501491
0.458912
0.507156
0.474226
0.459249
0.504443
0.479242
0.550946
0.539351
0.494945
0.556555
0.507547
0.559896
0.500317
0.507402
0.4959
0.514163
0.520924
0.493231
0.451058
0.476178
0.500768
0.470295
0.457948
0.484578
0.526293
0.496803
0.495886
0.449139
0.5252
0.41992
0.505285
0.49434
0.499647
0.516994
0.550935
0.494349
0.448207
0.575388
0.486239
0.5138
0.530959
0.505295
0.472758
0.478729
0.502098
0.479901
0.559466
0.542061
0.474418
0.517276
0.496066
0.478007
0.530062
0.528373
0.504762
0.499749
0.471907
0.485501
0.484849
0.454802
0.509952
0.455659
0.454503
0.492404
0.507099
0.483085
0.464137
0.48733
0.49869
0.505425
0.415714
0.494498
0.530177
0.457865
0.512372
0.488732
0.487306
0.489629
0.452755
0.52408
0.533181
0.457199
0.464411
0.497032
0.506593
0.488638
0.520639
0.548045
0.47598
0.503395
0.485158
0.545719
0.443396
0.501962
0.518973
0.468027
0.492869
0.549758
0.493813
0.504951
0.487515
0.449619
0.50652
0.496917
0.52979
0.567265
0.448753
0.443388
0.499246
0.49412
0.476395
0.426006
0.462179
0.511863
0.493032
0.500645
0.497534
0.523081
0.521875
0.502755
0.503439
0.502399
0.530511
0.480377
0.478762
0.492465
0.472842
0.50919
0.514035
0.499164
0.492609
0.483983
0.516156
0.490436
0.492848
0.530915
0.551214
0.533071
0.565684
0.504937
0.519824
0.511856
0.496807
0.526762
0.499356
0.525456
0.539033
0.513744
0.557411
0.53339
0.489306
0.489055
0.490943
0.478498
0.543522
0.443521
0.505384
0.499246
0.513552
0.534506
0.498155
0.496274
0.490837
0.486205
0.470942
0.487537
0.46093
0.435734
0.525096
0.516431
0.543362
0.539381
0.524552
0.507268
0.461201
0.463404
0.490633
0.522485
0.474685
0.463739
0.503104
0.50595
0.50331
0.519003
0.471875
0.506751
0.510723
0.471158
0.463699
0.487835
0.526833
0.458226
0.498267
0.533884
0.541475
0.503407
0.498055
0.49278
0.484038
0.545
0.47631
0.555062
0.443401
0.481481
0.457544
0.535732
0.562577
0.546125
0.544911
0.512783
0.502424
0.525551
0.528849
0.526843
0.498803
0.466544
0.481351
0.516287
0.47756
0.495554
0.530249
0.482207
0.491707
0.475233
0.497884
0.49761
0.495168
0.482389
0.47853
0.495221
0.467485
0.481726
0.47896
0.538257
0.50383
0.479756
0.506517
0.468571
0.45473
0.543252
0.479069
0.476502
0.479853
0.516608
0.521231
0.446848
0.530246
0.432507
0.501212
0.45531
0.513396
0.500233
0.462678
0.479785
0.505487
0.506047
0.476001
0.550893
0.455227
0.50996
0.493257
0.496113
0.533626
0.493307
0.541378
0.54188
0.494095
0.481489
0.467792
0.528057
0.507242
0.516244
0.472964
0.549118
0.504739
0.52185
0.494191
0.466443
0.456638
0.519605
0.555029
0.486095
0.496509
0.514982
0.504734
0.466437
0.538778
0.591821
0.502088
0.479995
0.482627
0.497938
0.547979
0.493907
0.486857
0.546526
0.541124
0.493367
0.490058
0.497718
0.471295
0.552409
0.490488
0.4947
0.514434
0.456428
0.510017
0.448725
0.504025
0.460802
0.54652
0.537438
0.513103
0.469988
0.479094
0.520845
0.541269
0.531483
0.480474
0.489343
0.531097
0.478998
0.481012
0.488153
0.44829
0.47925
0.468614
0.422547
0.479986
0.436725
0.428996
0.478245
0.505553
0.480792
0.520634
0.501348
0.484292
0.459554
0.478788
0.492193
0.48438
0.494795
0.512974
0.497488
0.467461
0.54241
0.502262
0.455127
0.503237
0.492685
0.482762
0.496038
0.538455
0.494809
0.451688
0.507443
0.524642
0.509988
0.522375
0.541921
0.488982
0.467536
0.514604
0.486627
0.452699
0.538319
0.464636
0.557056
0.491332
0.539936
0.559317
0.48972
0.491258
0.497991
0.518624
0.508123
0.516859
0.457851
0.501039
0.516394
0.512698
0.531256
0.466118
0.514962
0.475072
0.472158
0.498632
0.492656
0.497337
0.496163
0.548658
0.509584
0.473357
0.497952
0.531989
0.515186
0.503468
0.491051
0.525242
0.495823
0.527325
0.514341
0.500038
0.446287
0.528013
0.499657
0.480634
0.489597
0.491783
0.454876
0.529368
0.519468
0.467812
0.496854
0.464311
0.529809
0.502332
0.548594
0.503483
0.52565
0.491532
0.465014
0.500024
0.439856
0.447586
0.521698
0.51268
0.55
0.542198
0.530996
0.49599
0.459784
0.502022
0.459855
0.554549
0.49938
0.450353
0.543756
0.465709
0.489047
0.479447
0.521121
0.475108
0.480434
0.577847
0.472586
0.4594
0.469905
0.507101
0.499491
0.470548
0.498294
0.512237
0.525978
0.506072
0.541443
0.500373
0.489072
0.449616
0.475908
0.491832
0.471107
0.476211
0.52421
0.508151
0.488887
0.456615
0.453997
0.521342
0.513947
0.535094
0.495495
0.488792
0.498295
0.495034
0.501637
0.48817
0.470006
0.486735
0.465215
0.51672
0.493044
0.5218
0.487465
0.509316
0.535689
0.478445
0.502432
0.509647
0.481944
0.492156
0.511509
0.498915
0.510288
0.526024
0.502505
0.496419
0.554168
0.475165
0.547645
0.486394
0.498589
0.479578
0.504849
0.505489
0.497178
0.539835
0.536679
0.475254
0.534113
0.529958
0.491333
0.464012
0.46527
0.481876
0.520049
0.482486
0.492979
0.495825
0.5153
0.507569
0.528755
0.481074
0.424161
0.508598
0.548387
0.461342
0.451209
0.480512
0.523753
0.499296
0.485343
0.498278
0.495736
0.504488
0.514899
0.496937
0.482623
0.509119
0.475424
0.511676
0.468356
0.516
0.534493
0.522276
0.47501
0.543081
0.517945
0.466318
0.493875
0.508936
0.491906
0.485528
0.479519
0.433559
0.484984
0.499632
0.531201
0.478867
0.504995
0.442095
0.546017
0.483272
0.514616
0.482116
0.498141
0.494694
0.500324
0.487263
0.568556
0.47641
0.488996
0.531116
0.429631
0.530085
0.536561
0.470292
0.478926
0.470387
0.453058
0.465236
0.496604
0.475542
0.508493
0.49914
0.480823
0.468217
0.513854
0.509375
0.515475
0.471093
0.531673
0.485811
0.484658
0.481519
0.550503
0.500386
0.478253
0.519606
0.467684
0.562325
0.512975
0.484144
0.464777
0.513355
0.413279
0.500726
0.490038
0.497315
0.516501
0.456428
0.532307
0.468518
0.486589
0.45545
0.50069
0.51325
0.510826
0.49007
0.494409
0.548787
0.473899
0.531305
0.517186
0.48428
0.523698
0.543634
0.510548
0.507916
0.493219
0.518174
0.500425
0.484706
0.472948
0.508679
0.53141
0.499282
0.508091
0.52473
0.54306
0.468082
0.545043
0.506509
0.492616
0.465295
0.50145
0.485505
0.448512
0.496933
0.514259
0.505556
0.509049
0.48743
0.510112
0.488578
0.550613
0.553102
0.472478
0.519376
0.469809
0.486889
0.509883
0.533892
0.463879
0.49872
0.509619
0.475283
0.493798
0.515886
0.501304
0.482193
0.524399
0.497807
0.504681
0.503598
0.465923
0.479551
0.456006
0.484597
0.521355
0.448492
0.427424
0.457528
0.473928
0.518471
0.433699
0.52278
0.479168
0.485855
0.540664
0.503672
0.525851
0.511843
0.489787
0.489792
0.480261
0.475408
0.513201
0.463144
0.468102
0.511261
0.453602
0.471501
0.508459
0.467182
0.563366
0.463328
0.494173
0.545127
0.48727
0.468653
0.503004
0.470456
0.513198
0.460257
0.523966
0.513682
0.535193
0.519567
0.513197
0.529098
0.503244
0.491616
0.503751
0.554666
0.504168
0.51345
0.543672
0.467541
0.497981
0.490365
0.476745
0.489604
0.464117
0.494333
0.500282
0.477379
0.51187
0.469002
0.514322
0.500712
0.509455
0.445644
0.456626
0.534585
0.476028
0.474429
0.467838
0.488435
0.501075
0.44539
0.531185
0.527364
0.455526
0.453464
0.521093
0.489603
0.488962
0.481979
0.465096
0.504617
0.477319
0.498965
0.493409
0.496216
0.525426
0.490659
0.420542
0.495046
0.508791
0.486584
0.503335
0.474853
0.49897
0.480579
0.499773
0.556868
0.506934
0.492144
0.492981
0.536709
0.508773
0.462487
0.544748
0.458167
0.458142
0.449642
0.532974
0.488251
0.519803
0.517037
0.477404
0.517864
0.498644
0.469879
0.488034
0.5125
0.488558
0.503738
0.49055
0.507312
0.555546
0.529709
0.453188
0.510949
0.529423
0.490512
0.509384
0.532521
0.488508
0.521922
0.460593
0.476085
0.52166
0.513889
0.50364
0.497001
0.472048
0.475741
0.486998
0.45456
0.487021
0.479821
0.450351
0.515238
0.478462
0.527957
0.441823
0.470966
0.517985
0.545122
0.51725
0.536785
0.521374
0.524675
0.545865
0.492251
0.486616
0.489535
0.46678
0.540989
0.539915
0.513695
0.520628
0.492747
0.494059
0.518419
0.530746
0.502336
0.463519
0.507518
0.46828
0.499835
0.500644
0.496069
0.555576
0.476422
0.557346
0.476966
0.522237
0.530224
0.476627
0.519654
0.498221
0.526548
0.46834
0.535445
0.528362
0.496866
0.503552
0.493781
0.512669
0.550945
0.521893
0.533815
0.506803
0.506483
0.50624
0.435689
0.537089
0.480621
0.509153
0.465894
0.514446
0.507733
0.515396
0.491061
0.541604
0.507829
0.514946
0.44459
0.497995
0.499989
0.520853
0.500467
0.506678
0.455165
0.486326
0.508652
0.507682
0.512753
0.505429
0.526426
0.512141
0.475292
0.471749
0.490046
0.491593
0.505684
0.469418
0.501103
0.496826
0.491285
0.530872
0.451959
0.490628
0.509265
0.5057
0.514617
0.518843
0.467601
0.484982
0.507428
0.47408
0.546079
0.465478
0.493984
0.48647
0.521679
0.508041
0.518592
0.495841
0.522725
0.454643
0.502686
0.499673
0.51616
0.518365
0.536571
0.521235
0.522347
0.440758
0.550856
0.442247
0.471733
0.480919
0.531967
0.484472
0.537796
0.490674
0.496098
0.544588
0.490608
0.510246
0.535993
0.506731
0.505416
0.478764
0.484922
0.507081
0.530611
0.514014
0.522227
0.434862
0.479448
0.475786
0.494817
0.504128
0.449909
0.487195
0.478988
0.510723
0.557068
0.548371
0.466934
0.47878
0.522351
0.496859
0.492339
0.511132
0.474045
0.499136
0.509407
0.508016
0.533448
0.477602
0.549718
0.528448
0.511026
0.477421
0.501288
0.438629
0.49696
0.487597
0.494187
0.511779
0.480443
0.490649
0.487118
0.493749
0.542125
0.525265
0.539311
0.468812
0.454051
0.486315
0.522114
0.519985
0.471503
0.44658
0.514662
0.53827
0.511083
0.4546
0.487987
0.495192
0.499447
0.542988
0.491949
0.502991
0.487037
0.501606
0.509377
0.446868
0.521202
0.549962
0.511765
0.543636
0.503083
0.493219
0.540926
0.461169
0.492625
0.536173
0.530969
0.473018
0.506101
0.519595
0.484964
0.512557
0.490529
0.473292
0.520689
0.501061
0.559335
0.480276
0.479822
0.564063
0.493662
0.436414
0.48495
0.52038
0.493681
0.479924
0.508779
0.498185
0.504296
0.535107
0.499923
0.502485
0.479595
0.544682
0.479623
0.428403
0.490453
0.47509
0.523809
0.524614
0.549627
0.499166
0.474842
0.501328
0.498751
0.500527
0.497338
0.507188
0.48158
0.544074
0.482439
0.519463
0.487876
0.51696
0.534898
0.481895
0.532295
0.464425
0.517374
0.514603
0.522675
0.52485
0.476287
0.470391
0.44206
0.498419
0.49363
0.511851
0.458883
0.503757
0.529093
0.493635
0.499642
0.486926
0.476899
0.514262
0.508468
0.50714
0.511695
0.501844
0.517951
0.493598
0.477903
0.528109
0.525601
0.437781
0.47689
0.475074
0.530318
0.465609
0.496332
0.548781
0.493252
0.48383
0.516151
0.454426
0.507411
0.505009
0.525407
0.517299
0.430417
0.51549
0.494499
0.493875
0.504762
0.500723
0.517076
0.517459
0.489957
0.502308
0.446009
0.462732
0.460933
0.481153
0.467823
0.533603
0.497078
0.441102
0.509937
0.538717
0.506293
0.507421
0.515114
0.51901
0.45842
0.534512
0.497473
0.491672
0.462436
0.47723
0.504459
0.464915
0.501784
0.570177
0.489121
0.507889
0.492207
0.499352
0.497104
0.470154
0.476475
0.520529
0.482698
0.455064
0.490365
0.498737
0.488346
0.481433
0.504277
0.523222
0.541965
0.507882
0.484867
0.502255
0.476472
0.464217
0.491049
0.482181
0.535878
0.544223
0.498776
0.485056
0.512329
0.424254
0.518943
0.529276
0.458469
0.511988
0.462799
0.507555
0.509507
0.479717
0.539255
0.466625
0.489345
0.516562
0.48844
0.503049
0.465162
0.52397
0.435896
0.459511
0.554817
0.468888
0.501788
0.515952
0.521451
0.458965
0.479487
0.489943
0.499657
0.48418
0.497926
0.530657
0.497602
0.509257
0.532081
0.52082
0.499469
0.501248
0.505966
0.491021
0.512599
0.496652
0.512512
0.540739
0.503698
0.522458
0.464705
0.460484
0.518502
0.495472
0.522362
0.579414
0.499254
0.504313
0.518911
0.5228
0.524385
0.51845
0.462563
0.553729
0.494766
0.498655
0.526234
0.513401
0.560904
0.513247
0.510615
0.494413
0.495464
0.5445
0.514738
0.481387
0.535484
0.499598
0.508435
0.483337
0.548672
0.480495
0.521059
0.522133
0.528137
0.49708
0.450828
0.531443
0.529949
0.477994
0.529193
0.480533
0.4679
0.523503
0.504581
0.49729
0.499829
0.41477
0.519901
0.544855
0.499903
0.553932
0.538188
0.52623
0.56121
0.529339
0.500748
0.501236
0.49306
0.520329
0.522197
0.480208
0.527349
0.475924
0.496756
0.488786
0.49838
0.491819
0.510179
0.448188
0.490494
0.450031
0.551694
0.515334
0.447911
0.505591
0.440326
0.507201
0.521135
0.514656
0.519983
0.493782
0.484307
0.458407
0.477673
0.51402
0.547884
0.487116
0.529234
0.479099
0.491012
0.488752
0.526945
0.487461
0.477975
0.486506
0.513403
0.555929
0.503084
0.489602
0.546027
0.501307
0.448396
0.51178
0.506578
0.476832
0.508627
0.501815
0.530061
0.527858
0.567637
0.480455
0.537388
0.431141
0.480863
0.47815
0.526172
0.542104
0.458073
0.537944
0.524036
0.504455
0.47082
0.487913
0.468806
0.48653
0.458963
0.497513
0.51996
0.508747
0.510644
0.502224
0.455712
0.556533
0.510078
0.500859
0.460113
0.543105
0.507546
0.48991
0.464528
0.48648
0.505958
0.499318
0.467878
0.46509
0.528364
0.504024
0.470014
0.516376
0.500786
0.505696
0.4626
0.562729
0.514751
0.528989
0.461887
0.459169
0.513892
0.516725
0.51774
0.51712
0.518996
0.478365
0.543303
0.50867
0.49588
0.536144
0.49967
0.535676
0.490459
0.523247
0.489947
0.468108
0.495385
0.488405
0.52707
0.535985
0.452639
0.471277
0.539757
0.5093
0.466444
0.533002
0.450971
0.520294
0.480867
0.536292
0.443271
0.472455
0.496506
0.469433
0.515413
0.500627
0.510616
0.448591
0.484598
0.546594
0.505057
0.582773
0.488723
0.484518
0.456444
0.485831
0.493015
0.500605
0.502869
0.459887
0.535431
0.511376
0.531562
0.464542
0.475188
0.544914
0.501885
0.486256
0.478803
0.45947
0.458019
0.45227
0.478021
0.473788
0.485718
0.503437
0.473997
0.523543
0.527522
0.490352
0.462123
0.488254
0.480779
0.537142
0.49185
0.533048
0.482875
0.507303
0.51591
0.479657
0.47803
0.515944
0.483286
0.491013
0.460044
0.462835
0.490323
0.483829
0.495364
0.500608
0.52435
0.523524
0.490848
0.522506
0.514178
0.515889
0.510604
0.494049
0.511869
0.439841
0.496272
0.512983
0.510132
0.555671
0.505134
0.511908
0.489733
0.483134
0.540414
0.537936
0.531287
0.433772
0.508154
0.483767
0.495809
0.481843
0.575041
0.494561
0.498406
0.508225
0.49155
0.53497
0.529469
0.471672
0.434787
0.490718
0.457762
0.501803
0.525406
0.489086
0.539755
0.488192
0.542967
0.492703
0.559609
0.479939
0.524126
0.480987
0.464158
0.460087
0.538014
0.483641
0.557281
0.509279
0.49319
0.510555
0.478032
0.50301
0.470547
0.492505
0.466908
0.526858
0.49653
0.497013
0.514624
0.524074
0.531062
0.463756
0.497771
0.489895
0.514534
0.52388
0.485738
0.536963
0.518247
0.527616
0.443265
0.536222
0.442674
0.464555
0.483012
0.527669
0.45792
0.480962
0.512503
0.485332
0.440757
0.478518
0.529836
0.500854
0.532599
0.508838
0.522531
0.540054
0.452807
0.488167
0.463879
0.516841
0.501687
0.486607
0.521182
0.528855
0.497563
0.55627
0.510251
0.509219
0.512293
0.532713
0.490541
0.468759
0.469612
0.474046
0.555288
0.503087
0.490668
0.472078
0.521045
0.468904
0.551137
0.509875
0.53096
0.463915
0.524273
0.480119
0.546204
0.474713
0.514298
0.468623
0.519903
0.537028
0.484468
0.567394
0.48795
0.562692
0.524234
0.481605
0.471085
0.537721
0.479829
0.564866
0.492604
0.50586
0.502692
0.527158
0.486082
0.471997
0.510085
0.539802
0.467476
0.509793
0.522279
0.491855
0.525992
0.517927
0.510689
0.472288
0.498086
0.459305
0.541338
0.512332
0.518969
0.497638
0.548004
0.532372
0.48601
0.495741
0.449454
0.517743
0.468381
0.519929
0.455118
0.507835
0.487353
0.514907
0.513582
0.522845
0.501592
0.4835
0.488289
0.472584
0.481845
0.505618
0.504798
0.491698
0.489378
0.460823
0.504005
0.525671
0.522561
0.528873
0.455677
0.532004
0.485953
0.532625
0.48668
0.520932
0.476272
0.517655
0.538296
0.470055
0.519634
0.512999
0.506964
0.487263
0.484412
0.487354
0.522865
0.546321
0.414122
0.495146
0.480687
0.479507
0.514677
0.44682
0.526976
0.501651
0.500414
0.497734
0.468422
0.509978
0.523246
0.480035
0.525481
0.504107
0.509333
0.561884
0.485679
0.5306
0.497629
0.448413
0.550999
0.506418
0.474693
0.488786
0.523715
0.535677
0.440137
0.493729
0.45504
0.514063
0.497077
0.497933
0.500981
0.485289
0.491979
0.491663
0.479759
0.493974
0.508251
0.495987
0.505181
0.549306
0.517984
0.525976
0.540333
0.503873
0.516194
0.516262
0.495968
0.522037
0.501949
0.503315
0.507968
0.562221
0.500762
0.528839
0.528256
0.527492
0.572609
0.508631
0.433522
0.488803
0.529968
0.501304
0.56616
0.475283
0.510233
0.471232
0.55176
0.475935
0.536893
0.530106
0.507564
0.497135
0.503847
0.531459
0.476232
0.47029
0.507221
0.502551
0.489311
0.494037
0.519081
0.547983
0.524775
0.495362
0.457396
0.489408
0.513015
0.494005
0.50664
0.495731
0.535644
0.484538
0.513407
0.50815
0.501506
0.510476
0.481401
0.444437
0.494259
0.484811
0.490199
0.426815
0.535895
0.55133
0.492135
0.537815
0.530591
0.511108
0.531704
0.478492
0.493258
0.518532
0.46185
0.45336
0.477156
0.451248
0.531504
0.516438
0.464961
0.498398
0.52877
0.502772
0.547651
0.491519
0.544111
0.519811
0.495594
0.532491
0.527926
0.453007
0.476201
0.54289
0.486879
0.50003
0.492537
0.489141
0.513377
0.507949
0.507241
0.477835
0.512538
0.497772
0.486154
0.535585
0.501062
0.400714
0.506015
0.507797
0.492351
0.510572
0.490604
0.490738
0.482267
0.506572
0.529708
0.521262
0.499901
0.481071
0.505285
0.498586
0.517724
0.496495
0.479197
0.51247
0.495499
0.515871
0.496897
0.492202
0.492331
0.541339
0.491428
0.450741
0.451218
0.495025
0.452133
0.468397
0.5105
0.436634
0.492421
0.500438
0.476552
0.52215
0.470995
0.532978
0.452128
0.518017
0.510895
0.501541
0.5347
0.425165
0.460735
0.496651
0.479195
0.507277
0.472524
0.480858
0.569477
0.497649
0.49042
0.521534
0.472983
0.549033
0.494815
0.513853
0.462846
0.460833
0.486119
0.558301
0.511925
0.52803
0.562608
0.477105
0.533078
0.43621
0.486725
0.493955
0.490078
0.497068
0.504205
0.461387
0.543536
0.458773
0.560391
0.550215
0.526213
0.475549
0.538126
0.51537
0.502085
0.550876
0.511594
0.482539
0.503547
0.528653
0.520481
0.48996
0.521126
0.516725
0.458831
0.469768
0.480079
0.477136
0.512979
0.463248
0.488252
0.517485
0.482929
0.504389
0.44957
0.457759
0.471552
0.476095
0.467539
0.457021
0.535988
0.473438
0.433135
0.514332
0.485611
0.558335
0.491449
0.508261
0.520947
0.530008
0.461467
0.529393
0.487919
0.51561
0.523364
0.470178
0.541774
0.5154
0.43768
0.486508
0.5451
0.496822
0.480753
0.515408
0.514278
0.501888
0.480788
0.473193
0.518762
0.472217
0.488944
0.518487
0.477555
0.496117
0.509793
0.514466
0.447254
0.432088
0.485546
0.434708
0.50605
0.483113
0.508413
0.507019
0.53804
0.566111
0.545473
0.479614
0.562247
0.490936
0.490426
0.514024
0.530704
0.413294
0.546609
0.539108
0.469989
0.475943
0.535642
0.470549
0.530579
0.522566
0.486089
0.570191
0.478411
0.528682
0.456499
0.519616
0.472998
0.503976
0.497211
0.492321
0.526511
0.520414
0.505287
0.53887
0.458171
0.490529
0.496967
0.479406
0.478341
0.50025
0.451993
0.527883
0.476692
0.55064
0.434206
0.472412
0.538817
0.512929
0.472771
0.496076
0.455663
0.531214
0.498414
0.492603
0.550165
0.4672
0.479043
0.481268
0.495449
0.501355
0.479128
0.475399
0.498983
0.544853
0.487217
0.518856
0.497054
0.546693
0.515964
0.50487
0.493934
0.550351
0.519035
0.481609
0.480128
0.484346
0.499281
0.528843
0.514059
0.521106
0.532544
0.520095
0.531588
0.468494
0.521466
0.464639
0.467719
0.508372
0.453694
0.503732
0.45488
0.44659
0.468837
0.505441
0.462158
0.488758
0.478559
0.56246
0.509848
0.42619
0.534185
0.437273
0.4837
0.52638
0.496184
0.529046
0.463243
0.482407
0.489926
0.506622
0.508554
0.505621
0.462056
0.492001
0.489847
0.505997
0.531891
0.498665
0.524264
0.464531
0.512199
0.489137
0.504231
0.512057
0.493732
0.45614
0.51177
0.538843
0.4879
0.471738
0.523127
0.489365
0.451956
0.488828
0.528099
0.546616
0.481054
0.519361
0.478434
0.52033
0.511585
0.513667
0.469679
0.473504
0.560132
0.50526
0.500847
0.511575
0.492443
0.535491
0.476284
0.44865
0.506784
0.472437
0.504107
0.495142
0.466058
0.528388
0.535593
0.451205
0.523054
0.520316
0.499882
0.490327
0.493205
0.497693
0.498386
0.507471
0.429233
0.512043
0.453266
0.526129
0.492057
0.502594
0.504356
0.468668
0.512327
0.54241
0.468912
0.484339
0.546976
0.499375
0.478552
0.469332
0.495153
0.496407
0.53778
0.51324
0.527917
0.525275
0.518442
0.496326
0.506063
0.488394
0.444519
0.471941
0.430465
0.532976
0.511605
0.538493
0.469291
0.511904
0.535467
0.51533
0.516494
0.505716
0.514045
0.476916
0.485921
0.520063
0.51728
0.499662
0.485449
0.523024
0.499134
0.435817
0.465489
0.556645
0.506186
0.498756
0.46626
0.447087
0.487175
0.474073
0.518199
0.557746
0.547861
0.500833
0.499871
0.509732
0.525592
0.527363
0.517774
0.464078
0.507932
0.515968
0.5124
0.500042
0.499748
0.460929
0.494926
0.513901
0.493108
0.504173
0.488926
0.462591
0.494385
0.512979
0.511453
0.456572
0.452929
0.474104
0.537897
0.496307
0.515687
0.468699
0.494961
0.486713
0.482146
0.522389
0.516162
0.513962
0.473973
0.504898
0.504208
0.45902
0.463724
0.503586
0.514634
0.54228
0.497009
0.485279
0.48508
0.483681
0.552468
0.520764
0.514571
0.472675
0.493953
0.496328
0.537186
0.532428
0.549279
0.516709
0.524486
0.472617
0.519919
0.473839
0.441077
0.465214
0.47603
0.495755
0.477682
0.477616
0.501165
0.51005
0.496097
0.47751
0.481069
0.486239
0.51041
0.533834
0.52091
0.481418
0.468851
0.508229
0.475347
0.553585
0.460655
0.491325
0.485776
0.447008
0.522305
0.538279
0.529171
0.554005
0.507543
0.477895
0.49285
0.507515
0.475505
0.479737
0.489582
0.498836
0.461376
0.52359
0.507378
0.524905
0.443924
0.465647
0.51836
0.499492
0.484293
0.455807
0.481079
0.532686
0.510435
0.540445
0.500648
0.463046
0.55155
0.535036
0.501083
0.446797
0.466908
0.551011
0.484205
0.458436
0.493434
0.491216
0.5095
0.457133
0.526429
0.548343
0.50929
0.493298
0.467794
0.470726
0.493611
0.519685
0.476149
0.439855
0.569158
0.501418
0.473201
0.503997
0.486679
0.509305
0.530756
0.452302
0.481191
0.500817
0.512733
0.493749
0.499393
0.563109
0.506569
0.475334
0.518651
0.512456
0.498382
0.463853
0.521931
0.504485
0.486263
0.465666
0.463056
0.499565
0.48609
0.478817
0.496655
0.477744
0.484213
0.501878
0.487187
0.577601
0.481409
0.563901
0.501419
0.513386
0.462467
0.559844
0.498712
0.454829
0.505784
0.505855
0.533518
0.473992
0.457343
0.498778
0.52444
0.513528
0.53346
0.504275
0.464246
0.540745
0.50665
0.52791
0.485199
0.491822
0.45902
0.543599
0.47409
0.490574
0.517534
0.493784
0.54134
0.536134
0.545543
0.505712
0.488547
0.533919
0.56495
0.548188
0.468863
0.534271
0.503386
0.553189
0.52456
0.503128
0.470762
0.486698
0.556173
0.519126
0.509596
0.473151
0.537587
0.521475
0.47346
0.477854
0.521453
0.453013
0.467944
0.521759
0.47929
0.4828
0.498507
0.482964
0.540672
0.50262
0.519581
0.499322
0.465852
0.481784
0.499315
0.466523
0.416211
0.524591
0.504327
0.516035
0.526912
0.474837
0.498838
0.477268
0.466114
0.521733
0.492574
0.488344
0.48514
0.551619
0.531793
0.509848
0.443969
0.449844
0.487827
0.505928
0.476419
0.507182
0.49751
0.487127
0.469409
0.505173
0.549859
0.559317
0.500663
0.514743
0.463401
0.45311
0.46924
0.5125
0.448496
0.498126
0.473259
0.48907
0.499059
0.496487
0.509196
0.54384
0.538027
0.479916
0.477131
0.500507
0.540976
0.514814
0.516314
0.477777
0.542235
0.479687
0.495431
0.489616
0.507894
0.50931
0.521939
0.489415
0.510063
0.489985
0.514853
0.522443
0.496774
0.510282
0.50535
0.500966
0.491889
0.491639
0.509575
0.496414
0.489393
0.523175
0.518016
0.492952
0.486444
0.495127
0.465826
0.456855
0.489566
0.435247
0.458471
0.456036
0.48834
0.492563
0.467071
0.47413
0.500993
0.512868
0.497818
0.513478
0.476233
0.560306
0.519833
0.491416
0.50573
0.479446
0.475856
0.524218
0.541603
0.4922
0.490127
0.483092
0.493287
0.473976
0.507837
0.516581
0.458168
0.473433
0.480533
0.493761
0.490348
0.490214
0.511838
0.542606
0.521916
0.465031
0.487877
0.477889
0.511117
0.47648
0.496767
0.543005
0.531763
0.538962
0.481556
0.520079
0.538294
0.476079
0.490991
0.492744
0.480839
0.483882
0.522472
0.515961
0.544666
0.478353
0.501589
0.487247
0.488395
0.511487
0.4726
0.51371
0.565334
0.550354
0.52423
0.459228
0.482341
0.483511
0.525176
0.516193
0.530555
0.439147
0.503674
0.516148
0.522401
0.48933
0.525517
0.473734
0.509217
0.494732
0.424901
0.488293
0.483901
0.524205
0.522458
0.547511
0.452934
0.523593
0.554868
0.547485
0.482173
0.49814
0.500417
0.513571
0.520768
0.472878
0.584878
0.496408
0.517596
0.465373
0.542087
0.497475
0.494576
0.495192
0.483592
0.528568
0.501248
0.504484
0.481752
0.529568
0.504982
0.514027
0.510652
0.488872
0.471198
0.499137
0.479224
0.53087
0.517972
0.509807
0.520934
0.494834
0.509406
0.509441
0.484415
0.509597
0.462119
0.476571
0.479429
0.508406
0.479266
0.483932
0.542519
0.468304
0.536425
0.519261
0.506741
0.478437
0.463759
0.472195
0.539835
0.46165
0.528797
0.501659
0.445222
0.563749
0.494241
0.538094
0.530201
0.504798
0.485142
0.514926
0.445716
0.456846
0.519849
0.483634
0.482066
0.512428
0.499086
0.536787
0.494945
0.478247
0.487539
0.473454
0.496174
0.458384
0.492328
0.521322
0.493507
0.461436
0.492741
0.489934
0.463885
0.515938
0.485602
0.479395
0.484507
0.488451
0.510645
0.488935
0.55611
0.468692
0.520281
0.439704
0.482807
0.466083
0.498113
0.476162
0.472882
0.512087
0.430598
0.420456
0.484906
0.492711
0.476208
0.484147
0.533543
0.495552
0.506487
0.471664
0.519441
0.485757
0.473356
0.499865
0.517559
0.525273
0.477062
0.448074
0.48832
0.489766
0.48913
0.492972
0.515963
0.487582
0.474708
0.552717
0.458467
0.505116
0.538661
0.494665
0.503418
0.492981
0.479808
0.471078
0.484206
0.517342
0.497668
0.51717
0.550909
0.440783
0.496084
0.4459
0.500261
0.5471
0.508119
0.513853
0.539058
0.524378
0.516572
0.492609
0.505388
0.460741
0.514518
0.519961
0.492063
0.477133
0.490219
0.495363
0.506621
0.501524
0.49081
0.483981
0.502268
0.568904
0.489103
0.453725
0.474155
0.541441
0.487917
0.489628
0.465346
0.463183
0.49628
0.509964
0.53685
0.463675
0.511899
0.528459
0.516121
0.524866
0.524258
0.486983
0.508355
0.445683
0.492733
0.493106
0.525005
0.478646
0.514089
0.536863
0.443861
0.4929
0.51373
0.491144
0.545067
0.468033
0.545095
0.460043
0.517482
0.48307
0.461559
0.539575
0.509718
0.544995
0.485214
0.515114
0.580259
0.511203
0.486918
0.499939
0.501029
0.47023
0.52197
0.489252
0.50878
0.505158
0.495806
0.494057
0.498675
0.484056
0.50407
0.549261
0.504444
0.491842
0.511444
0.550385
0.519493
0.497931
0.483626
0.573248
0.483329
0.49405
0.5168
0.491008
0.497681
0.546598
0.529003
0.492929
0.526701
0.547915
0.517751
0.489251
0.535606
0.510851
0.51829
0.556545
0.472141
0.460992
0.50687
0.477913
0.505247
0.510932
0.503394
0.482421
0.435295
0.550961
0.507831
0.518133
0.510264
0.520544
0.524765
0.453132
0.452254
0.524963
0.510448
0.478877
0.508683
0.511501
0.556743
0.520309
0.52256
0.53955
0.506328
0.497046
0.476214
0.538993
0.473526
0.490062
0.522828
0.471271
0.485159
0.49822
0.480191
0.497478
0.435771
0.52903
0.511002
0.487877
0.461622
0.478016
0.504138
0.517205
0.467812
0.461054
0.461234
0.530149
0.492917
0.464074
0.462961
0.441354
0.535508
0.514479
0.579383
0.494357
0.496931
0.448674
0.508757
0.503805
0.474718
0.460077
0.50915
0.525342
0.501015
0.501971
0.497263
0.477535
0.43039
0.5296
0.518822
0.520219
0.4914
0.535855
0.434916
0.52363
0.486293
0.48495
0.478657
0.512709
0.433224
0.518442
0.486543
0.530936
0.485352
0.517984
0.558884
0.498096
0.481196
0.499183
0.503682
0.476322
0.45063
0.520934
0.54833
0.44881
0.480881
0.524606
0.483514
0.455575
0.506919
0.487461
0.483677
0.480626
0.470604
0.524672
0.518437
0.464921
0.502963
0.504326
0.449333
0.529504
0.503988
0.519768
0.486251
0.503165
0.494305
0.473692
0.497942
0.479037
0.473114
0.488317
0.530974
0.554462
0.506758
0.556051
0.50151
0.53854
0.492303
0.515012
0.524284
0.521709
0.520503
0.513768
0.463153
0.501748
0.482524
0.479686
0.467585
0.510565
0.514808
0.49526
0.469483
0.516153
0.476433
0.456791
0.494694
0.514092
0.543378
0.449795
0.493603
0.482958
0.454027
0.505517
0.515161
0.528029
0.510325
0.532918
0.478743
0.507657
0.508931
0.480524
0.498205
0.506679
0.476765
0.522497
0.472505
0.481243
0.525307
0.54331
0.537282
0.469431
0.498039
0.505403
0.491746
0.452038
0.475387
0.474192
0.515275
0.517903
0.471559
0.464805
0.448079
0.488148
0.527633
0.494922
0.520311
0.473711
0.545283
0.478097
0.444003
0.500547
0.505521
0.511925
0.472198
0.496863
0.466809
0.505448
0.469653
0.55678
0.516951
0.430158
0.499491
0.494776
0.483097
0.488979
0.450178
0.495297
0.514279
0.467602
0.437187
0.431918
0.530815
0.512556
0.483748
0.560405
0.50498
0.500369
0.525035
0.440082
0.497313
0.512221
0.530178
0.487854
0.552928
0.488443
0.476477
0.489276
0.462217
0.517242
0.460181
0.501038
0.490307
0.44204
0.508219
0.46924
0.459653
0.511782
0.51525
0.467831
0.500145
0.5086
0.500414
0.521593
0.511092
0.487206
0.458153
0.478038
0.449474
0.510391
0.497481
0.502599
0.468823
0.524999
0.474071
0.501482
0.513114
0.492754
0.519547
0.466564
0.490047
0.570321
0.552343
0.476704
0.508081
0.552963
0.46451
0.499848
0.481604
0.506181
0.488848
0.490298
0.468621
0.48971
0.50073
0.565517
0.515314
0.438234
0.439004
0.476865
0.441871
0.523219
0.500342
0.488605
0.52395
0.480208
0.561403
0.519596
0.484143
0.545984
0.473204
0.52201
0.487839
0.519952
0.542056
0.451476
0.497832
0.534131
0.521453
0.513011
0.462077
0.506116
0.479275
0.547117
0.468949
0.469404
0.484701
0.520417
0.494382
0.525443
0.499178
0.505213
0.505283
0.53178
0.495851
0.522327
0.483561
0.480699
0.55181
0.531619
0.545184
0.512702
0.497533
0.474531
0.478608
0.509223
0.477903
0.503062
0.536973
0.548945
0.449174
0.489524
0.528428
0.522098
0.526252
0.481468
0.498973
0.507104
0.434685
0.516152
0.482179
0.463956
0.441715
0.488919
0.480173
0.4887
0.48078
0.499878
0.48025
0.493397
0.483843
0.493236
0.531507
0.475927
0.505912
0.47368
0.495851
0.544043
0.516135
0.53418
0.537769
0.528006
0.539843
0.509566
0.477239
0.556213
0.415912
0.490289
0.480142
0.538174
0.45383
0.520715
0.530564
0.479219
0.474823
0.506333
0.459359
0.471302
0.471444
0.494255
0.48334
0.504295
0.469971
0.451389
0.499488
0.492125
0.54001
0.444644
0.51854
0.498145
0.505667
0.507556
0.542341
0.484108
0.55267
0.467701
0.489323
0.497116
0.445807
0.499279
0.472507
0.478931
0.531074
0.515238
0.514375
0.492002
0.526877
0.493309
0.503013
0.436606
0.5487
0.450338
0.433882
0.483464
0.521578
0.569282
0.471605
0.496209
0.494786
0.543244
0.48613
0.528084
0.503081
0.510927
0.547661
0.537245
0.488905
0.537878
0.474722
0.555038
0.519905
0.507895
0.499724
0.491635
0.506148
0.518983
0.496428
0.503394
0.461417
0.538216
0.543659
0.506327
0.512942
0.509896
0.509657
0.440042
0.493965
0.511379
0.441439
0.486538
0.493491
0.450937
0.493549
0.548236
0.487626
0.502041
0.510556
0.539608
0.546842
0.478431
0.567703
0.466778
0.503587
0.494356
0.504051
0.549494
0.544573
0.464349
0.562519
0.44981
0.452148
0.446929
0.501176
0.511882
0.44911
0.526578
0.410172
0.537241
0.531346
0.538401
0.508678
0.44992
0.482667
0.489814
0.486208
0.465802
0.476214
0.493654
0.502707
0.520584
0.506813
0.48708
0.511765
0.490712
0.478654
0.510639
0.521351
0.491666
0.47266
0.471871
0.466421
0.517984
0.517941
0.517835
0.497796
0.52938
0.491681
0.500922
0.471666
0.487348
0.521855
0.512332
0.514109
0.47661
0.527146
0.537601
0.514995
0.465802
0.508426
0.468531
0.495646
0.47176
0.536192
0.455927
0.534634
0.501784
0.50832
0.487481
0.486089
0.478252
0.492514
0.505216
0.444887
0.539974
0.507836
0.586831
0.483104
0.514632
0.499675
0.505347
0.532102
0.496718
0.512539
0.481414
0.504625
0.535309
0.445051
0.462658
0.491275
0.53608
0.581508
0.52445
0.475761
0.541917
0.484395
0.50646
0.493265
0.516512
0.502216
0.47938
0.486335
0.485305
0.447028
0.496187
0.482647
0.538159
0.496036
0.482322
0.489039
0.528143
0.521653
0.51916
0.476177
0.490781
0.504363
0.535148
0.488221
0.558167
0.492797
0.478981
0.531894
0.522302
0.455371
0.509195
0.529292
0.482036
0.487877
0.514553
0.518842
0.507988
0.481391
0.509593
0.498761
0.489821
0.454886
0.559723
0.49741
0.500243
0.476911
0.510224
0.504894
0.470117
0.580716
0.45355
0.510311
0.469038
0.507207
0.469297
0.468999
0.53578
0.490091
0.5212
0.504176
0.492957
0.507595
0.485562
0.497335
0.530293
0.485135
0.465463
0.471775
0.510873
0.513307
0.475137
0.543644
0.484745
0.535567
0.478896
0.424864
0.49425
0.499997
0.538961
0.492314
0.475453
0.489507
0.476594
0.517656
0.450064
0.484867
0.480882
0.492161
0.502193
0.544927
0.509581
0.470922
0.444355
0.468421
0.526358
0.520836
0.477062
0.511708
0.498832
0.496705
0.496403
0.516842
0.451787
0.539864
0.443971
0.484335
0.559913
0.483675
0.533525
0.554995
0.504471
0.480299
0.518751
0.46521
0.508249
0.493092
0.496503
0.530056
0.513185
0.509012
0.519895
0.498595
0.505023
0.495413
0.475629
0.475762
0.489395
0.455596
0.499916
0.475176
0.533689
0.527502
0.487384
0.457294
0.459081
0.539903
0.517338
0.467251
0.517117
0.490488
0.501739
0.476775
0.525196
0.520202
0.509306
0.51455
0.515362
0.478227
0.530074
0.479401
0.520747
0.491964
0.534825
0.490673
0.484061
0.466407
0.503733
0.550192
0.502501
0.487271
0.448622
0.520157
0.493444
0.512262
0.483197
0.531372
0.495314
0.524849
0.515631
0.486162
0.497984
0.514926
0.517882
0.490369
0.527093
0.56073
0.496109
0.478791
0.526662
0.496397
0.446569
0.508446
0.504369
0.499531
0.511369
0.524031
0.453864
0.483142
0.498447
0.549953
0.518508
0.496369
0.470148
0.513313
0.490895
0.448312
0.494792
0.462204
0.512543
0.549393
0.505587
0.513709
0.518126
0.474591
0.491268
0.485978
0.488625
0.502941
0.472851
0.558742
0.507763
0.467668
0.490849
0.516654
0.516111
0.461328
0.47736
0.509829
0.467236
0.480335
0.427368
0.465955
0.470262
0.483251
0.503655
0.488347
0.523223
0.507205
0.439694
0.574333
0.481582
0.446827
0.524885
0.508324
0.51629
0.490063
0.496533
0.523968
0.485767
0.485251
0.502918
0.519748
0.516163
0.493833
0.52185
0.582398
0.484293
0.513077
0.479077
0.492519
0.467616
0.50318
0.520918
0.50677
0.485616
0.493133
0.545506
0.521002
0.496994
0.509726
0.526999
0.478719
0.487007
0.53405
0.477156
0.539228
0.499358
0.509901
0.448634
0.459871
0.527003
0.498425
0.494395
0.4267
0.496246
0.523415
0.487579
0.487972
0.478497
0.531602
0.476247
0.474844
0.564077
0.442349
0.497343
0.543639
0.462435
0.491084
0.494257
0.494062
0.47316
0.540884
0.512375
0.537737
0.502153
0.486563
0.506974
0.471435
0.457344
0.435643
0.467853
0.519385
0.478327
0.520586
0.535063
0.469028
0.464282
0.526663
0.490115
0.524585
0.454562
0.479831
0.547046
0.462837
0.466329
0.488994
0.457709
0.445467
0.533593
0.517025
0.525665
0.512352
0.502056
0.50492
0.503063
0.500178
0.544114
0.513469
0.464862
0.510749
0.488399
0.486803
0.55479
0.493375
0.468242
0.512205
0.457401
0.4457
0.563422
0.420558
0.490611
0.477359
0.439588
0.561795
0.463096
0.520823
0.509713
0.509747
0.510903
0.523828
0.541972
0.550733
0.477681
0.517739
0.518404
0.490303
0.532876
0.506249
0.478747
0.502477
0.532292
0.468765
0.46381
0.525877
0.465372
0.472869
0.472761
0.471112
0.493585
0.520231
0.468706
0.533806
0.444291
0.500337
0.476934
0.477629
0.464464
0.536419
0.520209
0.471714
0.498637
0.497958
0.495465
0.516837
0.495454
0.52413
0.486307
0.48473
0.5572
0.512575
0.465665
0.494899
0.466682
0.52787
0.522997
0.513337
0.505846
0.514065
0.490408
0.517487
0.520488
0.505672
0.482055
0.511845
0.535451
0.481473
0.48122
0.47857
0.504668
0.505531
0.559428
0.487483
0.490445
0.489763
0.481977
0.52982
0.486333
0.482472
0.454257
0.490125
0.487991
0.487194
0.443241
0.480649
0.496395
0.486241
0.558514
0.492635
0.51778
0.513324
0.507216
0.488865
0.564681
0.509617
0.537277
0.481838
0.512459
0.517642
0.503324
0.481961
0.495672
0.517356
0.519619
0.55012
0.468682
0.518812
0.554419
0.489018
0.514861
0.515757
0.490128
0.477643
0.50878
0.454561
0.533611
0.483245
0.505745
0.502846
0.521052
0.5152
0.483066
0.452175
0.531726
0.485134
0.537432
0.579201
0.435065
0.43768
0.492757
0.50963
0.475386
0.466247
0.492886
0.479384
0.458663
0.508169
0.503525
0.447342
0.515714
0.473622
0.48778
0.504013
0.51618
0.482667
0.459669
0.500549
0.487667
0.52481
0.49999
0.442445
0.514434
0.535441
0.478919
0.522312
0.519992
0.493536
0.519706
0.5261
0.477995
0.524992
0.457858
0.457142
0.525803
0.525976
0.540168
0.442395
0.495077
0.510652
0.497974
0.515254
0.493794
0.527674
0.509027
0.519312
0.554057
0.479808
0.532331
0.527444
0.510064
0.50107
0.540338
0.460588
0.530621
0.515745
0.532874
0.540595
0.520575
0.483665
0.467165
0.511531
0.53553
0.476124
0.518348
0.493799
0.504235
0.476801
0.464824
0.465459
0.483013
0.472071
0.552852
0.525117
0.556602
0.495071
0.514741
0.500767
0.479789
0.507904
0.545015
0.498951
0.474214
0.536353
0.488943
0.498617
0.464707
0.481478
0.507789
0.53405
0.489548
0.512471
0.485169
0.511251
0.489016
0.505155
0.458883
0.532138
0.5166
0.480478
0.522606
0.480938
0.517258
0.507406
0.591804
0.527165
0.517089
0.494564
0.508252
0.479531
0.52879
0.525025
0.457538
0.535188
0.427291
0.568592
0.453906
0.438663
0.49992
0.515982
0.456847
0.504869
0.525492
0.499256
0.473775
0.49056
0.516684
0.502893
0.523194
0.48861
0.500075
0.519866
0.462715
0.429485
0.568233
0.497114
0.466295
0.494298
0.538216
0.514758
0.485093
0.473798
0.510857
0.483466
0.526291
0.52769
0.525226
0.504323
0.504276
0.50865
0.482624
0.515581
0.508548
0.555411
0.484499
0.530675
0.482736
0.559298
0.51865
0.581873
0.469084
0.468584
0.478097
0.483929
0.532797
0.495045
0.546994
0.522132
0.520616
0.527083
0.477956
0.479108
0.507991
0.463804
0.535176
0.544753
0.529239
0.52441
0.467713
0.493686
0.455048
0.457293
0.477318
0.544576
0.551719
0.4832
0.48517
0.515738
0.476505
0.506845
0.491916
0.521359
0.493426
0.541345
0.535365
0.522731
0.503948
0.499851
0.500232
0.448876
0.466878
0.518752
0.514288
0.530927
0.481871
0.486826
0.465313
0.54464
0.490916
0.504715
0.533205
0.465423
0.562165
0.519097
0.511634
0.550246
0.520507
0.515926
0.503615
0.510808
0.46923
0.517123
0.475366
0.532345
0.487168
0.485093
0.502836
0.492443
0.485709
0.50943
0.455272
0.49424
0.490013
0.500202
0.470205
0.488379
0.478856
0.46218
0.474222
0.548108
0.457431
0.534389
0.533912
0.551882
0.527519
0.489359
0.531341
0.507849
0.519382
0.536445
0.508456
0.4946
0.509756
0.503596
0.514772
0.522551
0.480329
0.491945
0.502726
0.510339
0.511068
0.457599
0.475075
0.530595
0.512779
0.464999
0.478706
0.519482
0.483264
0.536225
0.519241
0.444369
0.481463
0.51063
0.470807
0.554013
0.433947
0.499166
0.495341
0.495622
0.438136
0.52778
0.525823
0.483184
0.476628
0.514267
0.497788
0.451429
0.507
0.512933
0.473512
0.539796
0.521463
0.441466
0.533235
0.520792
0.480752
0.514372
0.497802
0.447107
0.486613
0.487361
0.517093
0.481861
0.457266
0.447055
0.458621
0.496368
0.470233
0.540396
0.500672
0.509779
0.476883
0.488119
0.534356
0.494984
0.453086
0.526681
0.508954
0.505155
0.540344
0.553006
0.504931
0.525293
0.531777
0.46643
0.538983
0.493161
0.497335
0.532219
0.505513
0.543979
0.482616
0.461028
0.498884
0.493252
0.505664
0.498696
0.560846
0.542106
0.55611
0.520719
0.527506
0.489515
0.521059
0.485816
0.460206
0.515777
0.462067
0.552925
0.434696
0.461638
0.517597
0.526029
0.522978
0.457415
0.46534
0.461181
0.482183
0.496509
0.518748
0.4701
0.454869
0.537678
0.512187
0.524708
0.495106
0.520438
0.509053
0.526998
0.464733
0.477987
0.487257
0.508596
0.484151
0.462
0.516424
0.564392
0.522031
0.483692
0.481206
0.454625
0.478322
0.515512
0.465069
0.489781
0.51491
0.587849
0.468931
0.4927
0.468335
0.515123
0.459038
0.442245
0.54891
0.485634
0.448432
0.512923
0.500637
0.429544
0.546404
0.474828
0.516293
0.519376
0.520301
0.518278
0.492047
0.497387
0.494059
0.477533
0.446003
0.554214
0.497837
0.527949
0.515027
0.533141
0.533138
0.49096
0.494243
0.504387
0.477775
0.501259
0.473573
0.473768
0.485071
0.450548
0.525685
0.530134
0.441658
0.502237
0.529738
0.485924
0.498258
0.471462
0.495296
0.475239
0.467817
0.554808
0.470772
0.493804
0.505366
0.474092
0.480799
0.51518
0.473987
0.518607
0.546889
0.517619
0.551257
0.510178
0.465752
0.485922
0.520545
0.515421
0.509666
0.522687
0.471537
0.48957
0.473253
0.533317
0.474368
0.526254
0.481056
0.529158
0.491728
0.507599
0.480273
0.503149
0.423324
0.499018
0.473036
0.482359
0.517071
0.513086
0.49261
0.541782
0.501385
0.496848
0.507873
0.483766
0.502952
0.466964
0.510473
0.527452
0.50436
0.51704
0.519017
0.472602
0.485947
0.481536
0.454684
0.462176
0.466262
0.49062
0.482622
0.528057
0.4955
0.500349
0.573514
0.474279
0.466292
0.492535
0.519687
0.512137
0.566223
0.4687
0.510134
0.511562
0.476454
0.472464
0.458827
0.493131
0.50082
0.464762
0.460699
0.47508
0.489788
0.486261
0.489665
0.519713
0.503636
0.501339
0.493056
0.513556
0.539239
0.508022
0.50685
0.485661
0.494833
0.468239
0.576068
0.468409
0.477137
0.502773
0.524704
0.495203
0.475191
0.435285
0.499579
0.48942
0.515315
0.499786
0.502484
0.458992
0.52153
0.505934
0.464987
0.501011
0.525843
0.49652
0.480283
0.490699
0.48276
0.471537
0.466457
0.489157
0.502392
0.493187
0.515544
0.514235
0.526558
0.476214
0.492746
0.44892
0.532221
0.537939
0.470203
0.441601
0.506668
0.502356
0.529664
0.512606
0.478787
0.492688
0.438463
0.491357
0.490823
0.476755
0.493151
0.548552
0.544987
0.459545
0.495179
0.477718
0.499297
0.517356
0.502986
0.550532
0.497016
0.537883
0.494886
0.550277
0.524077
0.530633
0.427118
0.487797
0.558855
0.52203
0.491435
0.534353
0.458669
0.489597
0.516618
0.505726
0.547387
0.489585
0.508265
0.47196
0.488515
0.482419
0.471265
0.497115
0.518129
0.520354
0.469297
0.533405
0.552048
0.491685
0.485752
0.504089
0.471598
0.525921
0.490449
0.51951
0.482366
0.484272
0.526511
0.490629
0.460297
0.499836
0.501785
0.474458
0.51953
0.521856
0.479177
0.455737
0.506327
0.45843
0.52028
0.459264
0.51349
0.512035
0.506664
0.517218
0.559625
0.522255
0.513212
0.545875
0.447636
0.460081
0.497871
0.506087
0.516826
0.518151
0.492186
0.471887
0.512971
0.481323
0.477016
0.481609
0.490751
0.511936
0.477773
0.515895
0.50291
0.504148
0.523591
0.546953
0.550517
0.481721
0.524778
0.493462
0.448708
0.483626
0.50294
0.565477
0.472278
0.481849
0.518139
0.473721
0.545507
0.465766
0.507471
0.47764
0.460584
0.557465
0.529438
0.496589
0.479012
0.522393
0.498481
0.468532
0.450369
0.4897
0.484053
0.520621
0.452791
0.466652
0.498615
0.526038
0.529566
0.531494
0.478918
0.511475
0.456199
0.429134
0.514949
0.479617
0.482339
0.524027
0.520923
0.501015
0.472928
0.544629
0.52269
0.519715
0.482953
0.493795
0.47593
0.527027
0.490182
0.519506
0.459514
0.517798
0.530251
0.520291
0.538415
0.453572
0.498477
0.489716
0.480519
0.497012
0.522778
0.504327
0.461741
0.481951
0.492067
0.489415
0.523802
0.513463
0.514507
0.506972
0.449047
0.482306
0.499989
0.490224
0.476675
0.548133
0.501211
0.489115
0.494769
0.555839
0.497744
0.521103
0.472485
0.46941
0.517444
0.531661
0.496783
0.457663
0.519594
0.518851
0.438077
0.546246
0.494155
0.496341
0.569173
0.500268
0.481486
0.539243
0.511875
0.541945
0.516926
0.477156
0.495627
0.477623
0.514602
0.488773
0.482582
0.518569
0.524835
0.55244
0.443451
0.499892
0.449535
0.467037
0.51852
0.511973
0.499941
0.447553
0.518216
0.478786
0.52109
0.499737
0.497578
0.457467
0.577397
0.528195
0.459027
0.473533
0.493704
0.472306
0.487798
0.456096
0.486189
0.514344
0.494415
0.497473
0.547501
0.464161
0.478579
0.511549
0.520498
0.484826
0.478853
0.50528
0.474964
0.543583
0.532508
0.467699
0.461683
0.452503
0.499908
0.480812
0.478235
0.453218
0.527818
0.476755
0.500901
0.47009
0.435998
0.485579
0.547042
0.486209
0.491466
0.538052
0.502336
0.50659
0.464796
0.517841
0.507244
0.49294
0.542841
0.437456
0.507069
0.494369
0.472241
0.502329
0.540011
0.518426
0.518096
0.4074
0.48756
0.536837
0.532187
0.470592
0.501623
0.520305
0.555102
0.497543
0.47276
0.526768
0.496667
0.501971
0.48389
0.477472
0.48903
0.496055
0.493854
0.505242
0.516792
0.465192
0.535208
0.509331
0.478555
0.461524
0.500618
0.531207
0.494262
0.460589
0.482231
0.465672
0.482693
0.535493
0.528406
0.48167
0.523517
0.472953
0.492168
0.537174
0.468248
0.455616
0.505767
0.502514
0.504501
0.494999
0.505714
0.506533
0.447903
0.529447
0.542678
0.469937
0.476058
0.501468
0.470596
0.470217
0.498917
0.458841
0.519407
0.452519
0.479948
0.523844
0.485747
0.530839
0.452464
0.484999
0.546005
0.483911
0.525495
0.555703
0.486108
0.510167
0.503581
0.504116
0.502409
0.50615
0.484849
0.528685
0.468051
0.552744
0.511757
0.513675
0.469188
0.513602
0.488884
0.51909
0.485431
0.490148
0.472133
0.47935
0.508901
0.487525
0.463719
0.445101
0.466258
0.485865
0.487336
0.502541
0.478086
0.501258
0.517854
0.534626
0.510001
0.520794
0.479936
0.508536
0.469872
0.506043
0.449946
0.453776
0.475508
0.469375
0.545523
0.475291
0.517213
0.517458
0.467197
0.485959
0.559557
0.556342
0.426417
0.492845
0.456758
0.482485
0.484376
0.491599
0.466035
0.4941
0.475998
0.463348
0.513328
0.497203
0.513463
0.508487
0.485731
0.480728
0.473659
0.501722
0.465039
0.455099
0.493913
0.512751
0.486768
0.49861
0.560394
0.456949
0.479031
0.536014
0.453555
0.480451
0.515645
0.463681
0.524996
0.463976
0.507834
0.505701
0.470108
0.509804
0.498919
0.475313
0.510894
0.48625
0.496355
0.546024
0.473323
0.514028
0.545502
0.506812
0.553605
0.498876
0.529491
0.585765
0.507755
0.534814
0.499583
0.50655
0.49882
0.462407
0.550364
0.472071
0.486154
0.486424
0.484182
0.489714
0.551104
0.517245
0.449184
0.532517
0.493485
0.490412
0.515325
0.540687
0.463231
0.478681
0.52274
0.507794
0.501571
0.54097
0.516838
0.476051
0.516139
0.512552
0.544505
0.52503
0.52436
0.5409
0.475779
0.528211
0.549512
0.501525
0.505382
0.411723
0.473823
0.478212
0.468483
0.469655
0.472985
0.442008
0.525059
0.440316
0.456466
0.533345
0.51724
0.507823
0.487974
0.491681
0.484
0.503377
0.460479
0.507012
0.49759
0.520617
0.510135
0.487657
0.466057
0.499422
0.493504
0.428672
0.506255
0.502528
0.452442
0.465269
0.521705
0.459353
0.471026
0.465631
0.419682
0.491385
0.448895
0.547474
0.501908
0.483522
0.445391
0.512757
0.463222
0.525736
0.468851
0.484889
0.522604
0.479425
0.445455
0.452832
0.510928
0.542851
0.571979
0.516453
0.499818
0.490013
0.506846
0.467521
0.48598
0.477349
0.49384
0.490707
0.545397
0.492634
0.522862
0.52897
0.501736
0.460451
0.532098
0.497706
0.503376
0.488603
0.415988
0.502027
0.483404
0.489858
0.463346
0.521552
0.546965
0.513384
0.500038
0.527087
0.440346
0.490256
0.490563
0.503554
0.486157
0.467413
0.542928
0.523567
0.538998
0.484438
0.481196
0.476011
0.49597
0.507533
0.520065
0.514002
0.526424
0.495065
0.515868
0.506621
0.505307
0.439064
0.488366
0.508764
0.554489
0.477038
0.507704
0.483518
0.496444
0.47849
0.520906
0.491411
0.504658
0.530503
0.462292
0.540928
0.455142
0.496775
0.482181
0.494659
0.453422
0.514477
0.478261
0.495455
0.521384
0.473306
0.464004
0.496976
0.538348
0.531107
0.518488
0.512989
0.51074
0.530454
0.552024
0.499807
0.524752
0.530539
0.461931
0.496239
0.576349
0.508769
0.492869
0.505419
0.463002
0.486428
0.47608
0.482898
0.511536
0.492793
0.481916
0.515373
0.50644
0.542063
0.500044
0.48442
0.473047
0.537499
0.531681
0.509619
0.509931
0.517121
0.488253
0.475432
0.474913
0.505361
0.52084
0.486221
0.429043
0.495041
0.534791
0.493771
0.452936
0.43404
0.503874
0.491702
0.539839
0.511036
0.53835
0.461138
0.4998
0.4547
0.531333
0.512014
0.529311
0.490709
0.517815
0.504387
0.500812
0.510953
0.490735
0.494137
0.47642
0.449317
0.568465
0.537429
0.520261
0.448416
0.528081
0.498301
0.48378
0.511641
0.518808
0.573773
0.488407
0.484911
0.46
0.53083
0.549951
0.572494
0.478036
0.519677
0.489093
0.501273
0.506514
0.497617
0.522366
0.547844
0.474104
0.477942
0.507981
0.472795
0.46444
0.518216
0.530884
0.466573
0.512438
0.492309
0.441417
0.52129
0.531398
0.51057
0.481958
0.52285
0.495268
0.522507
0.495914
0.517783
0.520462
0.456353
0.493442
0.499137
0.48158
0.509898
0.508271
0.485828
0.525427
0.506943
0.49001
0.519813
0.457699
0.523774
0.546303
0.475447
0.526701
0.480018
0.519212
0.505431
0.458495
0.538258
0.540208
0.537693
0.467824
0.49678
0.508141
0.507597
0.459214
0.509839
0.454553
0.529846
0.522611
0.529798
0.530738
0.414466
0.527935
0.525536
0.470886
0.501223
0.532925
0.481484
0.515719
0.506876
0.568649
0.481677
0.510974
0.47962
0.567062
0.483186
0.505118
0.505101
0.524967
0.483311
0.490663
0.458381
0.50878
0.504911
0.493465
0.446225
0.52445
0.52424
0.45437
0.554083
0.486932
0.525672
0.52759
0.492147
0.493564
0.457681
0.55019
0.504855
0.535743
0.52446
0.517041
0.498212
0.463264
0.517547
0.515637
0.469317
0.5257
0.491839
0.505136
0.522456
0.475199
0.470361
0.474005
0.436146
0.49507
0.462171
0.530642
0.535494
0.538539
0.557782
0.521355
0.544266
0.532044
0.476458
0.520068
0.521015
0.517439
0.489775
0.544128
0.463664
0.497506
0.495817
0.470596
0.526912
0.519112
0.488384
0.467383
0.486831
0.468427
0.555577
0.473625
0.497039
0.532541
0.512151
0.483655
0.500823
0.501884
0.499998
0.508952
0.513581
0.497806
0.471143
0.502449
0.52996
0.4697
0.52762
0.509566
0.490067
0.506042
0.512615
0.530347
0.489132
0.523718
0.527234
0.437077
0.494987
0.510021
0.487292
0.521749
0.497746
0.501689
0.494477
0.547764
0.486055
0.555356
0.526281
0.490231
0.454289
0.493796
0.479058
0.509249
0.545078
0.492333
0.478602
0.480537
0.481519
0.509792
0.5326
0.527799
0.493468
0.518365
0.49935
0.461188
0.512279
0.496772
0.497113
0.46625
0.498361
0.51108
0.488476
0.507721
0.495939
0.497569
0.504095
0.542555
0.549377
0.472016
0.510201
0.44655
0.495461
0.519764
0.504244
0.50896
0.505993
0.520962
0.483043
0.509454
0.48509
0.485341
0.437817
0.491807
0.50555
0.50091
0.480484
0.498691
0.558668
0.520944
0.49559
0.561952
0.521876
0.473635
0.522249
0.502731
0.508575
0.538781
0.520464
0.485822
0.514545
0.505901
0.486216
0.502624
0.475297
0.498133
0.50968
0.517084
0.54875
0.506298
0.490954
0.488981
0.47761
0.477507
0.48767
0.488948
0.495808
0.472688
0.528874
0.479592
0.513403
0.497395
0.549526
0.537093
0.504288
0.540294
0.480023
0.527659
0.541113
0.503677
0.555099
0.503211
0.511763
0.470404
0.466487
0.500663
0.481795
0.501631
0.453717
0.47919
0.507189
0.529701
0.497424
0.519845
0.531806
0.520583
0.489537
0.451906
0.533907
0.580219
0.48473
0.440325
0.506128
0.499171
0.527512
0.478654
0.463272
0.529925
0.449317
0.491832
0.552301
0.461243
0.46999
0.493192
0.488903
0.483925
0.508023
0.460075
0.494996
0.502371
0.523934
0.522423
0.531567
0.516295
0.461149
0.448723
0.481199
0.496997
0.458773
0.483686
0.544675
0.502536
0.470617
0.49202
0.466029
0.476202
0.504866
0.50269
0.580415
0.462655
0.538751
0.468024
0.479179
0.496099
0.512607
0.552056
0.496501
0.494876
0.547692
0.452465
0.451981
0.49685
0.532141
0.480497
0.543555
0.499961
0.439427
0.453237
0.505097
0.482312
0.503712
0.502615
0.463107
0.456178
0.496451
0.525508
0.506832
0.580304
0.588637
0.509327
0.486223
0.474871
0.56305
0.447456
0.482077
0.493501
0.490899
0.508915
0.51276
0.526675
0.487212
0.496634
0.531873
0.510952
0.529372
0.5087
0.501242
0.528342
0.503158
0.476957
0.523603
0.510226
0.500667
0.487342
0.529363
0.510196
0.504503
0.486312
0.531806
0.460176
0.502599
0.547764
0.485118
0.494219
0.538042
0.544797
0.499617
0.494338
0.498293
0.520706
0.478549
0.472755
0.468156
0.493583
0.550834
0.494944
0.500895
0.498892
0.504132
0.497837
0.501847
0.504401
0.482608
0.537571
0.498929
0.491838
0.483772
0.49115
0.494399
0.519656
0.508758
0.516404
0.512259
0.511272
0.460436
0.474606
0.515659
0.473163
0.503711
0.440136
0.488694
0.467185
0.482403
0.481555
0.506951
0.501506
0.537068
0.468479
0.491203
0.484505
0.498145
0.49861
0.518603
0.496033
0.528796
0.489314
0.475768
0.520399
0.511825
0.478111
0.478115
0.485461
0.515039
0.556457
0.459849
0.452195
0.519431
0.481198
0.498936
0.509117
0.484564
0.478053
0.511486
0.445934
0.495524
0.551524
0.499875
0.520799
0.555822
0.465592
0.549018
0.495544
0.490617
0.46958
0.445138
0.493265
0.53464
0.533557
0.451431
0.48264
0.509182
0.537657
0.514984
0.483343
0.492539
0.46969
0.48933
0.466947
0.508272
0.465421
0.537011
0.49767
0.525669
0.495885
0.476531
0.527355
0.526777
0.516123
0.508063
0.479053
0.49438
0.499707
0.502291
0.513585
0.515302
0.51343
0.566767
0.503457
0.493407
0.606538
0.494147
0.548499
0.526669
0.488879
0.486691
0.477618
0.46269
0.452341
0.471393
0.521017
0.497045
0.50996
0.510126
0.45728
0.548814
0.487059
0.479172
0.489671
0.527697
0.45882
0.502501
0.526055
0.49707
0.528629
0.453202
0.506777
0.467366
0.521598
0.467409
0.484914
0.534151
0.487626
0.50512
0.463238
0.455275
0.478375
0.522273
0.492297
0.471465
0.442535
0.468456
0.483965
0.52475
0.513761
0.494628
0.504851
0.469074
0.515642
0.505226
0.513931
0.507482
0.508096
0.489029
0.488791
0.480261
0.49955
0.513158
0.514842
0.518395
0.479286
0.524586
0.50189
0.506721
0.50433
0.473534
0.512439
0.561158
0.535255
0.453124
0.526089
0.494377
0.475281
0.459667
0.574423
0.534306
0.557029
0.477965
0.480736
0.519817
0.501329
0.515993
0.529003
0.467997
0.512438
0.533341
0.496445
0.487361
0.454046
0.507795
0.464072
0.471389
0.480453
0.544424
0.469587
0.516755
0.467288
0.561551
0.537008
0.530641
0.496138
0.527988
0.467402
0.491481
0.537471
0.515901
0.485095
0.487544
0.466229
0.48369
0.513734
0.577702
0.514456
0.463249
0.546578
0.508773
0.505346
0.595985
0.505395
0.463822
0.523078
0.45198
0.472334
0.485763
0.562821
0.476653
0.489152
0.510682
0.505279
0.499312
0.518172
0.495213
0.480151
0.537964
0.469339
0.492374
0.492884
0.474763
0.507759
0.480216
0.489086
0.506459
0.556093
0.517678
0.480991
0.454248
0.536171
0.512008
0.470328
0.497361
0.524221
0.482133
0.541991
0.504805
0.534065
0.492351
0.482867
0.469606
0.512681
0.480722
0.490211
0.499936
0.442481
0.45653
0.503934
0.511506
0.4947
0.441191
0.477182
0.555584
0.508264
0.486985
0.519584
0.517033
0.498506
0.537987
0.457535
0.476725
0.490118
0.507565
0.525902
0.502723
0.528696
0.486828
0.485515
0.464592
0.525277
0.4884
0.500831
0.515219
0.488217
0.529886
0.54213
0.474522
0.506807
0.481412
0.516634
0.48942
0.520984
0.45161
0.522915
0.524427
0.50153
0.526434
0.462968
0.517273
0.485115
0.535161
0.506327
0.523891
0.468575
0.497972
0.510596
0.53718
0.466792
0.48948
0.502767
0.523892
0.50855
0.482576
0.465714
0.464031
0.564749
0.546978
0.464217
0.537145
0.523344
0.486846
0.514909
0.539864
0.555388
0.471851
0.504514
0.479082
0.536553
0.42606
0.470742
0.525147
0.508509
0.539022
0.47024
0.479438
0.504525
0.503425
0.457948
0.480693
0.493679
0.523703
0.442245
0.494483
0.468041
0.539958
0.540273
0.500188
0.517216
0.511589
0.527786
0.499861
0.48461
0.514986
0.527928
0.523352
0.539803
0.539673
0.503296
0.444065
0.521397
0.507276
0.525669
0.489726
0.484722
0.477683
0.517781
0.482534
0.518769
0.516785
0.491505
0.533077
0.476722
0.470152
0.506835
0.532374
0.494476
0.497043
0.506027
0.466435
0.501501
0.509106
0.517286
0.487703
0.518442
0.528151
0.512366
0.537751
0.475819
0.527377
0.492463
0.505625
0.4682
0.510411
0.476773
0.526182
0.508239
0.502551
0.49809
0.522827
0.534933
0.488579
0.499825
0.489
0.520487
0.511525
0.498805
0.4928
0.560154
0.496744
0.498255
0.529123
0.479436
0.465702
0.505303
0.543682
0.543003
0.523826
0.537412
0.493281
0.499725
0.536805
0.512103
0.516736
0.488174
0.489712
0.454338
0.520794
0.46699
0.53332
0.525946
0.515444
0.484464
0.522001
0.501474
0.472983
0.471733
0.507557
0.464811
0.505225
0.503947
0.403388
0.510995
0.513207
0.4838
0.493344
0.467554
0.543789
0.551775
0.499662
0.529762
0.497516
0.467504
0.46434
0.484187
0.462103
0.516601
0.498339
0.514906
0.485942
0.497353
0.442978
0.49676
0.455988
0.511632
0.437909
0.44003
0.504404
0.454419
0.480028
0.50089
0.508344
0.4863
0.49772
0.492045
0.457243
0.483321
0.48479
0.517895
0.491994
0.518564
0.518477
0.488623
0.530382
0.489839
0.495906
0.477571
0.483157
0.467836
0.52337
0.46628
0.49511
0.509152
0.552803
0.551578
0.455543
0.548528
0.549829
0.529078
0.52249
0.4847
0.527758
0.487467
0.495077
0.504228
0.531901
0.467962
0.518393
0.48767
0.508588
0.523314
0.465243
0.532499
0.553253
0.510712
0.519161
0.487108
0.541967
