10000 # number of blocks
100 # number of throws in each block
# number of steps # spread # uncertainty 
1 1 0
2 1.28095 0.00604823
3 1.63407 0.00583149
4 1.84506 0.00786654
5 2.09378 0.00808416
6 2.26533 0.00933802
7 2.45659 0.00976971
8 2.61945 0.0108241
9 2.7887 0.0112235
10 2.92726 0.0121792
11 3.08143 0.012528
12 3.22271 0.0132525
13 3.35952 0.0137025
14 3.47668 0.0143692
15 3.59953 0.0147628
16 3.72111 0.0153153
17 3.83844 0.0155635
18 3.9423 0.0161361
19 4.04526 0.0165146
20 4.1369 0.0170837
21 4.24346 0.017371
22 4.35193 0.0178231
23 4.45857 0.0181699
24 4.55402 0.0186672
25 4.64099 0.0190883
26 4.7318 0.019574
27 4.81177 0.0198994
28 4.88752 0.0203601
29 4.95461 0.0207343
30 5.03905 0.0211751
31 5.13947 0.0214488
32 5.20625 0.0218093
33 5.28065 0.0219996
34 5.35995 0.0224005
35 5.44824 0.0227054
36 5.51176 0.0231255
37 5.59243 0.0234722
38 5.66939 0.0238967
39 5.74782 0.0242139
40 5.81527 0.0245878
41 5.87637 0.0247821
42 5.96025 0.0251815
43 6.03605 0.025473
44 6.10998 0.02581
45 6.18251 0.026033
46 6.2441 0.026327
47 6.32059 0.0267006
48 6.39014 0.0270859
49 6.4624 0.0274415
50 6.52941 0.0277189
51 6.58791 0.0279451
52 6.65171 0.0282031
53 6.71448 0.028471
54 6.78789 0.028795
55 6.84249 0.0289727
56 6.91062 0.0293163
57 6.97798 0.0295622
58 7.04669 0.029783
59 7.11016 0.0299467
60 7.17109 0.0303543
61 7.23677 0.0304591
62 7.29119 0.0307462
63 7.34666 0.0310377
64 7.41014 0.031141
65 7.46595 0.031345
66 7.53004 0.031535
67 7.58591 0.0317504
68 7.63801 0.0320065
69 7.68171 0.0322447
70 7.74084 0.0324552
71 7.80268 0.0327055
72 7.85529 0.0330115
73 7.90954 0.0331969
74 7.97031 0.0333159
75 8.02039 0.0335767
76 8.07293 0.0337978
77 8.12683 0.0339425
78 8.17893 0.0341797
79 8.23198 0.0344573
80 8.28749 0.0346453
81 8.34535 0.0348284
82 8.39591 0.035104
83 8.43989 0.0353748
84 8.4913 0.0356115
85 8.53284 0.0358221
86 8.57421 0.0360278
87 8.62968 0.0362404
88 8.67772 0.0364994
89 8.73204 0.0366933
90 8.78364 0.0368872
91 8.83463 0.0371096
92 8.88472 0.0372861
93 8.93845 0.037538
94 8.97568 0.0377608
95 9.02365 0.0380536
96 9.07615 0.0382745
97 9.12838 0.0384697
98 9.16797 0.0386333
99 9.20779 0.0388137
100 9.25395 0.0389951
