1000
10000
10000000
1 0.501214 -nan
2 0.502239 0.00102515
3 0.500143 0.00217812
4 0.500522 0.00158598
5 0.501583 0.00162352
6 0.501892 0.00136107
7 0.502078 0.00116522
8 0.501896 0.00102536
9 0.501367 0.0010477
10 0.501438 0.000939773
11 0.501204 0.000881482
12 0.501002 0.000829777
13 0.501198 0.000787986
14 0.501178 0.000729791
15 0.50097 0.000710709
16 0.500629 0.000747126
17 0.500749 0.000711967
18 0.500627 0.000682234
19 0.500728 0.000653315
20 0.500841 0.000629906
21 0.500899 0.000602006
22 0.500856 0.000575603
23 0.500542 0.000633622
24 0.500632 0.000613363
25 0.500811 0.000614837
26 0.500758 0.000593092
27 0.50103 0.00063223
28 0.501211 0.000635505
29 0.501216 0.000613222
30 0.501149 0.000596163
31 0.501156 0.000576647
32 0.501044 0.000569339
33 0.500895 0.000571586
34 0.500811 0.000560864
35 0.500698 0.000556284
36 0.500753 0.000543426
37 0.500844 0.000536251
38 0.500838 0.000521983
39 0.500927 0.000516244
40 0.50089 0.000504518
41 0.500921 0.000493038
42 0.500949 0.000481938
43 0.500905 0.000472585
44 0.500779 0.000478617
45 0.500906 0.000484797
46 0.50087 0.000475551
47 0.500767 0.000476572
48 0.50061 0.000492123
49 0.50058 0.000482916
50 0.5006 0.000473556
51 0.500519 0.000471058
52 0.50053 0.000462024
53 0.500524 0.000453257
54 0.500427 0.00045513
55 0.500456 0.000447673
56 0.500468 0.000439787
57 0.500461 0.000432058
58 0.500454 0.000424603
59 0.500478 0.000418006
60 0.500454 0.000411678
61 0.50039 0.000409921
62 0.500353 0.000404884
63 0.500303 0.000401587
64 0.500273 0.000396368
65 0.500216 0.000394439
66 0.500221 0.000388448
67 0.500193 0.00038359
68 0.500247 0.000381699
69 0.500218 0.000377239
70 0.500281 0.000377158
71 0.500292 0.00037197
72 0.500306 0.000367012
73 0.50032 0.000362247
74 0.500335 0.000357615
75 0.500334 0.000352815
76 0.500324 0.00034831
77 0.500308 0.000344123
78 0.500291 0.000340116
79 0.500246 0.000338757
80 0.500256 0.000334667
81 0.500268 0.000330706
82 0.50023 0.00032883
83 0.500198 0.000326396
84 0.500161 0.00032467
85 0.500109 0.000324987
86 0.500071 0.000323451
87 0.500102 0.000321286
88 0.500101 0.000317617
89 0.5001 0.000314029
90 0.500059 0.000313251
91 0.500129 0.000317696
92 0.500126 0.000314238
93 0.500098 0.000312139
94 0.500107 0.000308924
95 0.500127 0.000306336
96 0.500184 0.000308353
97 0.500144 0.00030773
98 0.500144 0.000304574
99 0.500119 0.000302515
100 0.500114 0.000299515
101 0.500091 0.000297448
102 0.500075 0.000294958
103 0.500084 0.000292216
104 0.500084 0.000289393
105 0.500088 0.000286665
106 0.500032 0.000289568
107 0.500088 0.00029224
108 0.500044 0.000292809
109 0.500005 0.000292717
110 0.499991 0.000290368
111 0.499974 0.000288273
112 0.499974 0.000285687
113 0.499988 0.000283492
114 0.499975 0.000281276
115 0.499961 0.000279172
116 0.499931 0.000278359
117 0.499937 0.000276027
118 0.499966 0.000275192
119 0.499989 0.000273859
120 0.499981 0.000271687
121 0.499986 0.000269472
122 0.49997 0.00026769
123 0.499952 0.000266168
124 0.499936 0.000264471
125 0.499935 0.000262348
126 0.499902 0.000262388
127 0.499856 0.000264363
128 0.499835 0.000263102
129 0.499841 0.000261124
130 0.499849 0.000259224
131 0.499883 0.00025948
132 0.499898 0.000257937
133 0.499898 0.000255991
134 0.499908 0.000254265
135 0.499912 0.000252419
136 0.499919 0.000250649
137 0.499925 0.000248885
138 0.499958 0.000249205
139 0.499949 0.000247553
140 0.49995 0.000245782
141 0.499957 0.000244127
142 0.499951 0.00024247
143 0.499903 0.000245692
144 0.499915 0.000244304
145 0.499892 0.000243694
146 0.499893 0.000242022
147 0.499911 0.000241056
148 0.499942 0.000241405
149 0.499945 0.000239797
150 0.49992 0.000239554
151 0.499907 0.000238286
152 0.499903 0.000236751
153 0.499881 0.000236268
154 0.499901 0.00023556
155 0.499857 0.000238123
156 0.499874 0.00023725
157 0.49987 0.000235766
158 0.499878 0.000234391
159 0.499887 0.000233101
160 0.499886 0.000231644
161 0.499884 0.000230209
162 0.499908 0.000230024
163 0.499889 0.000229405
164 0.499859 0.000229938
165 0.499848 0.000228782
166 0.499832 0.000228012
167 0.499829 0.000226662
168 0.499819 0.000225504
169 0.499816 0.000224185
170 0.499823 0.000222944
171 0.499822 0.000221637
172 0.499836 0.000220765
173 0.499819 0.000220109
174 0.499811 0.000219005
175 0.499823 0.00021808
176 0.499844 0.000217873
177 0.499877 0.0002191
178 0.499869 0.000217999
179 0.499853 0.000217387
180 0.499846 0.000216282
181 0.49987 0.00021637
182 0.499855 0.000215704
183 0.499865 0.000214767
184 0.499847 0.00021439
185 0.499852 0.000213301
186 0.499839 0.000212538
187 0.499828 0.000211697
188 0.499851 0.000211853
189 0.499889 0.000213977
190 0.499912 0.000214115
191 0.49989 0.000214079
192 0.499891 0.000212962
193 0.49989 0.000211857
194 0.499899 0.000210919
195 0.499885 0.00021028
196 0.49987 0.000209722
197 0.499873 0.000208671
198 0.499892 0.000208478
199 0.499909 0.000208118
200 0.499899 0.000207294
201 0.499901 0.000206273
202 0.499908 0.000205365
203 0.499925 0.000205034
204 0.49993 0.00020409
205 0.499933 0.000203106
206 0.499925 0.000202251
207 0.499913 0.000201626
208 0.499913 0.000200655
209 0.499908 0.000199736
210 0.499929 0.000199877
211 0.499943 0.000199421
212 0.499963 0.000199408
213 0.499951 0.00019883
214 0.499957 0.000198002
215 0.499953 0.000197114
216 0.499975 0.000197433
217 0.499984 0.000196692
218 0.500004 0.000196844
219 0.499994 0.000196209
220 0.499986 0.000195451
221 0.499966 0.000195593
222 0.499972 0.000194794
223 0.499958 0.000194435
224 0.499944 0.000194052
225 0.499965 0.000194289
226 0.499946 0.000194385
227 0.49996 0.000194029
228 0.499985 0.000194888
229 0.499992 0.000194155
230 0.499989 0.000193334
231 0.499994 0.00019256
232 0.499982 0.000192135
233 0.499986 0.000191366
234 0.499969 0.000191355
235 0.499966 0.000190558
236 0.49998 0.00019024
237 0.499985 0.000189502
238 0.499967 0.000189551
239 0.499982 0.000189341
240 0.499965 0.000189271
241 0.499996 0.000190958
242 0.500011 0.000190759
243 0.500028 0.00019079
244 0.500034 0.000190088
245 0.500011 0.000190725
246 0.500024 0.000190379
247 0.500018 0.000189685
248 0.500013 0.000188988
249 0.500008 0.000188296
250 0.5 0.000187719
251 0.499994 0.000187069
252 0.499982 0.000186674
253 0.499986 0.000185979
254 0.499984 0.000185263
255 0.499986 0.000184547
256 0.499999 0.00018428
257 0.499999 0.000183562
258 0.499994 0.000182946
259 0.500011 0.000183083
260 0.500015 0.000182411
261 0.500023 0.000181905
262 0.500026 0.000181243
263 0.500012 0.000181109
264 0.500015 0.00018045
265 0.499992 0.000181246
266 0.499981 0.00018091
267 0.499996 0.000180856
268 0.499987 0.000180413
269 0.499996 0.000179978
270 0.499997 0.000179314
271 0.499991 0.000178767
272 0.499981 0.0001784
273 0.499957 0.000179374
274 0.499964 0.000178868
275 0.499951 0.000178701
276 0.499944 0.000178166
277 0.499943 0.000177525
278 0.499947 0.000176926
279 0.499948 0.000176291
280 0.499941 0.000175779
281 0.499961 0.000176323
282 0.499959 0.00017571
283 0.499974 0.000175671
284 0.499988 0.000175624
285 0.499973 0.000175645
286 0.49996 0.000175523
287 0.499957 0.000174938
288 0.499984 0.000176493
289 0.499975 0.000176101
290 0.499956 0.000176603
291 0.499955 0.000175997
292 0.499965 0.000175693
293 0.499957 0.000175299
294 0.499962 0.000174793
295 0.49997 0.000174369
296 0.499972 0.000173792
297 0.499969 0.000173229
298 0.499959 0.000172947
299 0.499965 0.00017248
300 0.499978 0.000172394
301 0.499986 0.000172016
302 0.499964 0.000172944
303 0.499952 0.000172801
304 0.499953 0.000172239
305 0.499961 0.000171865
306 0.49995 0.000171645
307 0.499932 0.000172113
308 0.499924 0.000171709
309 0.499924 0.000171154
310 0.499898 0.000172551
311 0.499906 0.00017221
312 0.499915 0.000171852
313 0.499914 0.000171302
314 0.499893 0.000172097
315 0.499891 0.000171559
316 0.499884 0.000171156
317 0.499891 0.000170766
318 0.4999 0.00017046
319 0.499892 0.000170135
320 0.49989 0.000169612
321 0.499877 0.000169587
322 0.499883 0.000169157
323 0.499892 0.000168883
324 0.499905 0.000168846
325 0.499909 0.000168377
326 0.499903 0.000167947
327 0.499897 0.000167575
328 0.499909 0.000167563
329 0.499912 0.00016707
330 0.499905 0.000166704
331 0.499924 0.000167332
332 0.49993 0.00016693
333 0.499938 0.000166612
334 0.499939 0.000166113
335 0.499924 0.000166235
336 0.499917 0.0001659
337 0.499915 0.000165421
338 0.499922 0.000165099
339 0.499932 0.000164904
340 0.499932 0.000164419
341 0.499929 0.000163961
342 0.499934 0.00016354
343 0.499932 0.000163071
344 0.499951 0.000163738
345 0.499949 0.000163286
346 0.499938 0.000163136
347 0.499929 0.000162933
348 0.499918 0.000162822
349 0.499916 0.000162368
350 0.499916 0.000161903
351 0.499934 0.00016239
352 0.499936 0.000161953
353 0.499942 0.000161578
354 0.499946 0.000161175
355 0.499935 0.000161079
356 0.499922 0.000161183
357 0.499924 0.000160752
358 0.4999 0.000162191
359 0.499898 0.000161748
360 0.499903 0.000161366
361 0.499908 0.000161015
362 0.499907 0.000160574
363 0.499911 0.000160182
364 0.499917 0.000159844
365 0.499914 0.000159428
366 0.499908 0.000159104
367 0.499909 0.000158673
368 0.499918 0.000158478
369 0.499918 0.000158048
370 0.499911 0.000157773
371 0.499901 0.000157662
372 0.499906 0.000157323
373 0.499903 0.000156924
374 0.499895 0.000156705
375 0.499887 0.000156476
376 0.499889 0.000156069
377 0.499885 0.000155707
378 0.499894 0.000155541
379 0.499887 0.000155281
380 0.499889 0.000154888
381 0.499891 0.00015449
382 0.499891 0.000154085
383 0.499898 0.000153829
384 0.499899 0.000153433
385 0.499901 0.000153042
386 0.499888 0.00015317
387 0.499894 0.000152906
388 0.499895 0.000152516
389 0.499883 0.000152625
390 0.499887 0.000152296
391 0.499879 0.000152163
392 0.499877 0.000151782
393 0.499871 0.000151537
394 0.499866 0.00015122
395 0.49986 0.000150962
396 0.499855 0.000150654
397 0.499852 0.000150311
398 0.49986 0.000150133
399 0.499851 0.000150018
400 0.499849 0.000149653
401 0.499845 0.000149344
402 0.499845 0.000148973
403 0.499852 0.000148773
404 0.499852 0.000148404
405 0.499851 0.000148038
406 0.49985 0.000147676
407 0.49986 0.000147642
408 0.499855 0.000147381
409 0.49985 0.000147104
410 0.499841 0.000146982
411 0.499845 0.000146658
412 0.499848 0.000146341
413 0.499847 0.00014599
414 0.499849 0.000145644
415 0.49985 0.000145299
416 0.499852 0.000144961
417 0.499839 0.000145151
418 0.499831 0.000145036
419 0.499836 0.000144776
420 0.499838 0.00014444
421 0.499846 0.000144325
422 0.499851 0.000144069
423 0.499842 0.000143972
424 0.49984 0.000143649
425 0.499836 0.000143363
426 0.499839 0.000143046
427 0.499828 0.000143075
428 0.499825 0.000142772
429 0.499822 0.000142488
430 0.499812 0.000142481
431 0.499817 0.000142235
432 0.499817 0.000141907
433 0.499816 0.000141582
434 0.499819 0.000141271
435 0.499828 0.000141255
436 0.499839 0.000141348
437 0.499842 0.000141064
438 0.499837 0.000140849
439 0.499839 0.000140553
440 0.499834 0.000140341
441 0.499842 0.000140244
442 0.499852 0.000140303
443 0.499851 0.000139987
444 0.499857 0.00013977
445 0.499844 0.000139976
446 0.499841 0.000139701
447 0.499849 0.00013959
448 0.499836 0.000139822
449 0.499842 0.000139619
450 0.499834 0.000139518
451 0.499844 0.000139568
452 0.499844 0.000139259
453 0.499846 0.000138956
454 0.499841 0.000138732
455 0.499831 0.00013875
456 0.499834 0.000138468
457 0.499828 0.000138287
458 0.49983 0.000138
459 0.499826 0.00013777
460 0.499821 0.000137534
461 0.499829 0.000137461
462 0.499827 0.000137185
463 0.49982 0.000137076
464 0.499817 0.000136816
465 0.499821 0.000136589
466 0.499827 0.000136422
467 0.499824 0.000136155
468 0.499822 0.000135878
469 0.499819 0.000135629
470 0.49982 0.000135345
471 0.499826 0.000135191
472 0.499816 0.0001353
473 0.49982 0.0001351
474 0.499819 0.000134819
475 0.499826 0.000134707
476 0.499826 0.000134425
477 0.499824 0.000134157
478 0.499832 0.00013413
479 0.49983 0.000133864
480 0.499833 0.000133621
481 0.499837 0.000133419
482 0.499838 0.000133142
483 0.499836 0.000132874
484 0.499839 0.00013264
485 0.499835 0.000132433
486 0.499825 0.000132537
487 0.499831 0.000132388
488 0.499834 0.000132152
489 0.499819 0.000132685
490 0.499818 0.000132418
491 0.499818 0.000132149
492 0.499815 0.000131921
493 0.49982 0.000131752
494 0.499824 0.000131539
495 0.499825 0.000131277
496 0.499831 0.00013118
497 0.499826 0.000131025
498 0.499822 0.000130806
499 0.499816 0.000130714
500 0.499818 0.000130471
501 0.49983 0.000130778
502 0.499837 0.000130697
503 0.499838 0.000130442
504 0.499837 0.000130187
505 0.499842 0.000130026
506 0.49984 0.000129792
507 0.49986 0.000131125
508 0.499859 0.000130868
509 0.499864 0.000130698
510 0.499867 0.000130464
511 0.499868 0.000130214
512 0.49987 0.000129983
513 0.499863 0.00012995
514 0.499859 0.000129767
515 0.499853 0.000129623
516 0.499856 0.000129406
517 0.499856 0.000129155
518 0.499852 0.000128974
519 0.499862 0.00012916
520 0.49986 0.00012894
521 0.499861 0.000128699
522 0.499857 0.000128525
523 0.499861 0.000128345
524 0.499869 0.000128339
525 0.499873 0.000128165
526 0.499867 0.000128045
527 0.499867 0.000127802
528 0.499871 0.000127621
529 0.499872 0.00012738
530 0.499872 0.00012714
531 0.499867 0.000126997
532 0.499864 0.000126793
533 0.499869 0.000126652
534 0.499866 0.00012646
535 0.499862 0.000126264
536 0.499859 0.000126085
537 0.499856 0.000125883
538 0.499852 0.000125695
539 0.499847 0.000125565
540 0.499851 0.000125377
541 0.499848 0.000125178
542 0.499849 0.000124959
543 0.499855 0.000124868
544 0.499857 0.000124646
545 0.49985 0.000124622
546 0.499863 0.000125128
547 0.499857 0.00012506
548 0.499852 0.000124939
549 0.499849 0.00012473
550 0.499847 0.000124519
551 0.49985 0.000124313
552 0.499848 0.000124104
553 0.499854 0.000124019
554 0.499857 0.000123832
555 0.499859 0.000123639
556 0.499868 0.000123711
557 0.499866 0.000123501
558 0.499862 0.000123334
559 0.499868 0.000123223
560 0.499868 0.000123004
561 0.499879 0.000123275
562 0.499875 0.00012312
563 0.499867 0.000123175
564 0.499862 0.000123054
565 0.499864 0.00012285
566 0.499862 0.000122642
567 0.49986 0.000122457
568 0.499863 0.000122301
569 0.499876 0.000122697
570 0.499875 0.000122485
571 0.499875 0.00012227
572 0.499875 0.000122056
573 0.499877 0.000121855
574 0.499879 0.000121671
575 0.499869 0.000121878
576 0.499873 0.000121722
577 0.499875 0.000121525
578 0.499867 0.00012154
579 0.499865 0.000121346
580 0.499865 0.000121137
581 0.499869 0.000120978
582 0.499872 0.000120804
583 0.499875 0.000120662
584 0.499875 0.000120456
585 0.499883 0.000120522
586 0.499884 0.000120322
587 0.499882 0.000120137
588 0.499887 0.000120013
589 0.499887 0.00011981
590 0.49989 0.000119655
591 0.499885 0.000119576
592 0.499883 0.00011938
593 0.499893 0.000119568
594 0.499904 0.000119851
595 0.499907 0.000119687
596 0.499906 0.000119489
597 0.499898 0.000119532
598 0.499895 0.000119372
599 0.499889 0.000119356
600 0.499891 0.000119185
601 0.499899 0.000119216
602 0.499896 0.000119045
603 0.499893 0.000118884
604 0.499889 0.000118762
605 0.499887 0.000118579
606 0.499889 0.000118397
607 0.499892 0.000118254
608 0.499894 0.000118068
609 0.499901 0.000118098
610 0.499898 0.000117944
611 0.499902 0.000117832
612 0.499902 0.00011764
613 0.4999 0.000117468
614 0.499903 0.000117304
615 0.499915 0.00011773
616 0.499908 0.000117702
617 0.49991 0.000117525
618 0.499921 0.000117872
619 0.499921 0.000117686
620 0.499926 0.000117606
621 0.499916 0.000117789
622 0.499922 0.000117741
623 0.499924 0.000117575
624 0.499934 0.000117762
625 0.499939 0.000117682
626 0.499947 0.000117755
627 0.499944 0.000117591
628 0.499947 0.000117428
629 0.499939 0.000117463
630 0.499937 0.000117307
631 0.49994 0.000117172
632 0.499933 0.000117185
633 0.499934 0.000117
634 0.499941 0.000117019
635 0.49994 0.000116834
636 0.499945 0.000116743
637 0.499942 0.000116592
638 0.499946 0.000116465
639 0.499948 0.000116293
640 0.499942 0.000116254
641 0.499941 0.000116077
642 0.499937 0.000115946
643 0.499936 0.000115777
644 0.499939 0.000115632
645 0.499942 0.000115507
646 0.499936 0.000115484
647 0.499949 0.000115984
648 0.49994 0.000116126
649 0.49994 0.000115947
650 0.499938 0.0001158
651 0.499947 0.000115972
652 0.499943 0.000115838
653 0.499942 0.000115664
654 0.49994 0.000115511
655 0.499945 0.000115451
656 0.499947 0.000115293
657 0.499947 0.000115117
658 0.49994 0.000115191
659 0.499938 0.000115036
660 0.499938 0.000114863
661 0.499939 0.00011469
662 0.499933 0.000114637
663 0.499931 0.000114494
664 0.499937 0.000114467
665 0.499938 0.000114305
666 0.499935 0.000114175
667 0.499933 0.000114017
668 0.499935 0.000113863
669 0.499934 0.000113695
670 0.499933 0.000113529
671 0.499941 0.000113584
672 0.499942 0.000113429
673 0.499943 0.00011326
674 0.499942 0.000113097
675 0.499943 0.000112943
676 0.499949 0.000112907
677 0.499948 0.000112744
678 0.499946 0.000112589
679 0.499941 0.00011253
680 0.499941 0.000112367
681 0.499938 0.000112239
682 0.499941 0.00011211
683 0.499942 0.000111957
684 0.499946 0.000111864
685 0.499946 0.000111701
686 0.49995 0.000111594
687 0.49995 0.000111436
688 0.499943 0.00011153
689 0.499946 0.000111422
690 0.49995 0.000111313
691 0.499954 0.000111245
692 0.499957 0.000111122
693 0.499958 0.000110963
694 0.499961 0.00011084
695 0.499958 0.000110717
696 0.499956 0.000110566
697 0.499951 0.000110517
698 0.499947 0.000110468
699 0.499938 0.000110665
700 0.499936 0.000110524
701 0.499939 0.000110422
702 0.499948 0.000110581
703 0.499946 0.000110433
704 0.499941 0.000110382
705 0.499945 0.000110296
706 0.499953 0.000110422
707 0.499949 0.000110348
708 0.499954 0.00011031
709 0.499957 0.000110193
710 0.499959 0.00011006
711 0.499958 0.000109911
712 0.499965 0.000109985
713 0.499965 0.000109831
714 0.499969 0.000109753
715 0.499966 0.000109646
716 0.499969 0.000109536
717 0.499971 0.000109395
718 0.499969 0.000109259
719 0.499967 0.000109123
720 0.499966 0.000108974
721 0.499965 0.00010883
722 0.499963 0.00010871
723 0.499965 0.000108592
724 0.499967 0.000108458
725 0.499968 0.00010831
726 0.499965 0.000108186
727 0.499967 0.000108052
728 0.499975 0.000108215
729 0.499977 0.000108083
730 0.499976 0.000107943
731 0.499974 0.000107807
732 0.499975 0.00010766
733 0.499973 0.000107529
734 0.499971 0.000107394
735 0.499971 0.000107248
736 0.499969 0.000107133
737 0.499974 0.000107133
738 0.499974 0.000106988
739 0.499971 0.000106887
740 0.499972 0.000106746
741 0.499969 0.000106648
742 0.499969 0.000106505
743 0.499966 0.000106414
744 0.499968 0.000106284
745 0.499967 0.000106141
746 0.499967 0.000105999
747 0.499968 0.000105859
748 0.499968 0.000105718
749 0.499965 0.000105642
750 0.499965 0.000105502
751 0.499969 0.000105418
752 0.499967 0.000105293
753 0.499966 0.000105157
754 0.499968 0.000105032
755 0.499967 0.000104895
756 0.499966 0.000104765
757 0.49997 0.000104697
758 0.499968 0.000104565
759 0.499968 0.000104428
760 0.499966 0.000104313
761 0.499965 0.00010418
762 0.499964 0.000104045
763 0.499968 0.000103991
764 0.499971 0.000103883
765 0.499972 0.000103751
766 0.499973 0.000103628
767 0.499968 0.000103642
768 0.499971 0.000103562
769 0.499976 0.000103518
770 0.499983 0.000103665
771 0.499984 0.000103531
772 0.49999 0.000103587
773 0.499993 0.000103488
774 0.499994 0.000103361
775 0.499998 0.000103307
776 0.500008 0.000103642
777 0.500013 0.000103657
778 0.50001 0.000103562
779 0.500013 0.000103458
780 0.500012 0.000103326
781 0.500009 0.000103239
782 0.500007 0.000103139
783 0.500008 0.000103021
784 0.500015 0.00010311
785 0.500018 0.000103012
786 0.500014 0.00010295
787 0.500017 0.000102853
788 0.500015 0.000102732
789 0.500007 0.000102921
790 0.500011 0.000102863
791 0.500007 0.000102805
792 0.500012 0.000102775
793 0.50001 0.000102658
794 0.500011 0.000102531
795 0.500015 0.000102479
796 0.500014 0.000102352
797 0.500016 0.000102249
798 0.500011 0.000102245
799 0.500009 0.000102149
800 0.500008 0.000102022
801 0.50001 0.000101905
802 0.500009 0.000101781
803 0.500008 0.000101659
804 0.500008 0.000101534
805 0.500007 0.000101408
806 0.500006 0.000101297
807 0.500001 0.000101298
808 0.500004 0.000101219
809 0.500011 0.000101343
810 0.500015 0.000101293
811 0.50001 0.000101269
812 0.500017 0.000101393
813 0.500018 0.000101271
814 0.500016 0.000101167
815 0.500026 0.000101575
816 0.500023 0.000101497
817 0.500024 0.000101378
818 0.500021 0.000101309
819 0.50002 0.000101189
820 0.500023 0.00010111
821 0.500022 0.000100993
822 0.50002 0.000100894
823 0.500017 0.000100824
824 0.500015 0.000100713
825 0.50001 0.000100701
826 0.500007 0.000100647
827 0.500007 0.000100525
828 0.500007 0.000100405
829 0.500004 0.000100334
830 0.500006 0.000100241
831 0.500008 0.000100129
832 0.500009 0.000100019
833 0.500009 9.98994e-05
834 0.50001 9.97859e-05
835 0.500008 9.9697e-05
836 0.500008 9.95809e-05
837 0.500006 9.9489e-05
838 0.500002 9.94508e-05
839 0.500007 9.94793e-05
840 0.500003 9.94758e-05
841 0.500002 9.93644e-05
842 0.500002 9.92465e-05
843 0.500004 9.91466e-05
844 0.500002 9.90412e-05
845 0.500004 9.89518e-05
846 0.500005 9.88351e-05
847 0.500002 9.87522e-05
848 0.500001 9.86452e-05
849 0.500002 9.85359e-05
850 0.499999 9.84603e-05
851 0.500002 9.83896e-05
852 0.500002 9.82744e-05
853 0.500006 9.82564e-05
854 0.500004 9.81702e-05
855 0.500007 9.81065e-05
856 0.500004 9.80274e-05
857 0.500009 9.80273e-05
858 0.500007 9.79348e-05
859 0.500004 9.78574e-05
860 0.500004 9.77459e-05
861 0.500004 9.76324e-05
862 0.500006 9.7556e-05
863 0.500012 9.75952e-05
864 0.500007 9.76077e-05
865 0.500006 9.7501e-05
866 0.500007 9.73942e-05
867 0.50001 9.73426e-05
868 0.50001 9.72305e-05
869 0.500007 9.71672e-05
870 0.500009 9.70652e-05
871 0.500009 9.69564e-05
872 0.500007 9.68798e-05
873 0.500006 9.6771e-05
874 0.500005 9.66729e-05
875 0.500003 9.65732e-05
876 0.500005 9.64893e-05
877 0.500001 9.64693e-05
878 0.500003 9.63715e-05
879 0.500003 9.62625e-05
880 0.500005 9.6164e-05
881 0.500004 9.60586e-05
882 0.500004 9.59499e-05
883 0.500006 9.58553e-05
884 0.500015 9.62194e-05
885 0.500013 9.61302e-05
886 0.500013 9.60218e-05
887 0.500013 9.5915e-05
888 0.500008 9.59161e-05
889 0.500009 9.58173e-05
890 0.500011 9.57271e-05
891 0.500018 9.58343e-05
892 0.500014 9.57804e-05
893 0.500011 9.57312e-05
894 0.500014 9.56592e-05
895 0.500012 9.55638e-05
896 0.500013 9.54637e-05
897 0.50001 9.54071e-05
898 0.500014 9.53658e-05
899 0.50001 9.53362e-05
900 0.500008 9.52504e-05
901 0.500003 9.52573e-05
902 0.500004 9.51563e-05
903 0.500009 9.51576e-05
904 0.500015 9.52385e-05
905 0.500019 9.52575e-05
906 0.500023 9.523e-05
907 0.500022 9.51375e-05
908 0.500014 9.53499e-05
909 0.500011 9.53032e-05
910 0.500007 9.52681e-05
911 0.500003 9.5267e-05
912 0.500001 9.51767e-05
913 0.5 9.50763e-05
914 0.500005 9.50902e-05
915 0.500004 9.49901e-05
916 0.500007 9.49213e-05
917 0.500009 9.48397e-05
918 0.500005 9.4808e-05
919 0.500005 9.47057e-05
920 0.500004 9.46075e-05
921 0.499999 9.46554e-05
922 0.5 9.45636e-05
923 0.499996 9.45768e-05
924 0.499992 9.45459e-05
925 0.499991 9.44463e-05
926 0.499991 9.43446e-05
927 0.499992 9.42442e-05
928 0.49999 9.41566e-05
929 0.499991 9.40622e-05
930 0.499993 9.39802e-05
931 0.499991 9.39032e-05
932 0.499994 9.38539e-05
933 0.499992 9.37695e-05
934 0.499992 9.36691e-05
935 0.499987 9.37511e-05
936 0.499988 9.36714e-05
937 0.499996 9.38866e-05
938 0.499995 9.37905e-05
939 0.499989 9.39324e-05
940 0.499996 9.4118e-05
941 0.499999 9.40727e-05
942 0.499998 9.39798e-05
943 0.500003 9.40089e-05
944 0.500003 9.39109e-05
945 0.500002 9.38224e-05
946 0.500001 9.37311e-05
947 0.5 9.36339e-05
948 0.5 9.35376e-05
949 0.500001 9.34466e-05
950 0.5 9.33508e-05
951 0.500007 9.34783e-05
952 0.500009 9.34211e-05
953 0.500007 9.33539e-05
954 0.500006 9.32649e-05
955 0.500002 9.32294e-05
956 0.500002 9.31323e-05
957 0.500002 9.30349e-05
958 0.500001 9.29467e-05
959 0.499997 9.29146e-05
960 0.499997 9.2818e-05
961 0.499996 9.27251e-05
962 0.499995 9.26419e-05
963 0.499995 9.25466e-05
964 0.499995 9.24513e-05
965 0.499997 9.23658e-05
966 0.499996 9.22732e-05
967 0.499994 9.21939e-05
968 0.499992 9.21301e-05
969 0.499993 9.20418e-05
970 0.499992 9.19496e-05
971 0.499992 9.18549e-05
972 0.499998 9.19378e-05
973 0.499999 9.18542e-05
974 0.500003 9.18287e-05
975 0.500003 9.1735e-05
976 0.500003 9.16419e-05
977 0.5 9.15903e-05
978 0.500003 9.15351e-05
979 0.500002 9.14459e-05
980 0.500003 9.13541e-05
981 0.500008 9.14278e-05
982 0.500011 9.13719e-05
983 0.500013 9.13017e-05
984 0.500012 9.1213e-05
985 0.500015 9.118e-05
986 0.500016 9.10926e-05
987 0.500017 9.10038e-05
988 0.500022 9.10622e-05
989 0.500023 9.0975e-05
990 0.500026 9.09458e-05
991 0.500025 9.08616e-05
992 0.500024 9.07747e-05
993 0.500027 9.07107e-05
994 0.500028 9.0628e-05
995 0.500026 9.05529e-05
996 0.500022 9.05424e-05
997 0.500019 9.05187e-05
998 0.500022 9.04834e-05
999 0.500019 9.04286e-05
1000 0.500018 9.0358e-05
