10000 # number of blocks
2 # number of throws per block
0.636066
0.607695
0.753835
0.0782284
0.621776
0.312734
0.700307
0.704746
0.418252
0.729787
0.608415
0.592498
0.387176
0.0823702
0.776432
0.876076
0.57487
0.552317
0.696955
0.461415
0.650365
0.273558
0.441675
0.161321
0.599262
0.4857
0.482284
0.570078
0.59366
0.870247
0.40884
0.475386
0.634238
0.486814
0.870163
0.187838
0.611321
0.496227
0.299127
0.62526
0.357584
0.50192
0.59901
0.321184
0.565786
0.860603
0.455311
0.233828
0.120746
0.20766
0.30076
0.313942
0.445521
0.712306
0.699506
0.246928
0.887559
0.222047
0.529749
0.116669
0.471351
0.475513
0.832385
0.445543
0.519907
0.457284
0.556483
0.147105
0.698161
0.237841
0.670724
0.384989
0.457176
0.786312
0.723185
0.163567
0.658825
0.263216
0.420162
0.682982
0.836382
0.69495
0.657976
0.573158
0.597252
0.201258
0.680024
0.578457
0.599849
0.59151
0.644574
0.0966644
0.337412
0.165086
0.87712
0.183015
0.137312
0.445752
0.444392
0.21202
0.335232
0.349398
0.425357
0.346866
0.509314
0.429065
0.867898
0.298204
0.460221
0.860717
0.908063
0.561162
0.798782
0.727739
0.892119
0.401464
0.0537105
0.431667
0.579892
0.318564
0.137649
0.701213
0.621163
0.0457141
0.310577
0.191151
0.485182
0.353954
0.455402
0.557165
0.886631
0.0090098
0.531333
0.662323
0.489646
0.187135
0.496424
0.215319
0.284804
0.487957
0.791445
0.660211
0.522259
0.389416
0.653019
0.531861
0.447463
0.571933
0.0747715
0.260875
0.824241
0.495946
0.660973
0.556308
0.34323
0.449007
0.417983
0.513976
0.501979
0.485674
0.204553
0.492737
0.906309
0.265411
0.612843
0.57062
0.680788
0.750815
0.477791
0.537228
0.78948
0.560458
0.513227
0.398371
0.056378
0.477689
0.248954
0.763403
0.538252
0.19878
0.49375
0.75529
0.640892
0.360812
0.475055
0.727939
0.483018
0.221741
0.106886
0.0948835
0.500412
0.072116
0.51329
0.46792
0.646113
0.539932
0.485444
0.573838
0.280783
0.407173
0.476276
0.56192
0.46064
0.388586
0.537279
0.834409
0.31865
0.530287
0.277956
0.426673
0.597926
0.467826
0.47912
0.233344
0.634573
0.240352
0.417065
0.521213
0.700516
0.68959
0.256381
0.189216
0.605095
0.67932
0.545006
0.63037
0.317538
0.453127
0.395833
0.32004
0.610642
0.405189
0.365036
0.399474
0.339352
0.370927
0.83801
0.543042
0.456128
0.751351
0.409618
0.292167
0.728334
0.366973
0.296235
0.30847
0.361139
0.394206
0.242827
0.14317
0.342679
0.569172
0.689122
0.139307
0.316574
0.550893
0.634676
0.477916
0.650093
0.417862
0.693446
0.14877
0.604616
0.729029
0.254245
0.270883
0.628263
0.412251
0.464246
0.707462
0.778902
0.45032
0.428479
0.31454
0.648957
0.41667
0.569042
0.432069
0.901786
0.869931
0.513541
0.870751
0.642648
0.448521
0.183036
0.66745
0.335542
0.713476
0.42558
0.776532
0.340533
0.369786
0.592175
0.134024
0.384406
0.453509
0.877807
0.176026
0.390813
0.403972
0.0509499
0.412305
0.584326
0.647405
0.370741
0.550576
0.646122
0.400381
0.541808
0.436474
0.93728
0.358473
0.482499
0.718764
0.418966
0.767554
0.483051
0.168865
0.887062
0.582214
0.506021
0.478301
0.502066
0.497795
0.432088
0.627219
0.333391
0.0995695
0.480083
0.561635
0.250454
0.204626
0.830938
0.936617
0.481226
0.679053
0.660987
0.577152
0.522225
0.595054
0.340832
0.577927
0.322163
0.54963
0.481806
0.607857
0.2748
0.798537
0.312803
0.504668
0.0447834
0.566226
0.546044
0.139389
0.613579
0.474507
0.441145
0.800161
0.670838
0.489738
0.702599
0.489264
0.589869
0.62033
0.146602
0.546829
0.714129
0.303421
0.748901
0.409211
0.544949
0.501591
0.236164
0.579539
0.658983
0.487527
0.309095
0.532484
0.297155
0.126561
0.386364
0.794842
0.555162
0.174072
0.434153
0.338008
0.468854
0.686725
0.49692
0.68801
0.526124
0.603601
0.470777
0.803259
0.750193
0.38526
0.461622
0.789718
0.487475
0.805839
0.245988
0.41773
0.396481
0.575317
0.40333
0.674265
0.372504
0.426081
0.614251
0.728875
0.756098
0.630002
0.419959
0.711204
0.661677
0.619221
0.41403
0.59239
0.625789
0.465911
0.388317
0.732258
0.512959
0.433275
0.380643
0.298726
0.230229
0.142113
0.372693
0.785381
0.289837
0.604284
0.0622894
0.747687
0.122733
0.456446
0.685044
0.14787
0.283931
0.184473
0.286123
0.843003
0.303975
0.460996
0.143678
0.770374
0.429052
0.925524
0.721256
0.278753
0.355613
0.31865
0.577289
0.323686
0.303597
0.338869
0.585552
0.3895
0.385669
0.422581
0.621236
0.520202
0.718143
0.354846
0.543104
0.73603
0.582556
0.200551
0.35293
0.3819
0.685126
0.50261
0.339252
0.598555
0.674627
0.525905
0.313206
0.626741
0.567473
0.532677
0.220028
0.549268
0.592109
0.657121
0.460561
0.345344
0.703062
0.403961
0.682905
0.776111
0.12831
0.627813
0.605125
0.139821
0.801891
0.557196
0.605706
0.329648
0.896967
0.509036
0.369239
0.396647
0.412827
0.396604
0.800578
0.9649
0.382612
0.465787
0.721531
0.365438
0.256805
0.401693
0.539879
0.250033
0.380828
0.529568
0.631343
0.215512
0.22336
0.291059
0.600868
0.113758
0.625275
0.508892
0.390395
0.742103
0.32737
0.160056
0.376066
0.503339
0.398361
0.9596
0.14857
0.894121
0.422867
0.51423
0.596171
0.825058
0.422423
0.636863
0.710671
0.295305
0.970813
0.620372
0.712394
0.339037
0.328312
0.350763
0.64105
0.43067
0.657705
0.597075
0.485089
0.180273
0.498231
0.147298
0.722973
0.670107
0.661876
0.166668
0.325564
0.177776
0.579729
0.236707
0.319587
0.301018
0.864391
0.490403
0.437941
0.643666
0.467707
0.590989
0.183386
0.74186
0.801383
0.508766
0.307932
0.804131
0.551312
0.632481
0.261025
0.108471
0.654731
0.208793
0.58542
0.544093
0.522608
0.435376
0.540386
0.305052
0.577935
0.240264
0.407717
0.637479
0.543885
0.862057
0.48674
0.811687
0.654078
0.302643
0.71036
0.634951
0.57048
0.556121
0.114902
0.840269
0.282734
0.22465
0.572341
0.580996
0.626003
0.713964
0.744253
0.530706
0.292714
0.658337
0.642634
0.732227
0.326818
0.556811
0.483488
0.359291
0.577519
0.809531
0.194888
0.448782
0.452674
0.425054
0.491978
0.431102
0.550358
0.626544
0.857179
0.430695
0.360354
0.416786
0.564628
0.328311
0.715643
0.368993
0.563683
0.471112
0.53721
0.492393
0.0870817
0.186271
0.653794
0.478637
0.275142
0.898223
0.591472
0.46709
0.408171
0.169274
0.216263
0.674083
0.515012
0.377804
0.4762
0.313272
0.176477
0.517828
0.227631
0.191242
0.768152
0.748209
0.743746
0.69455
0.687874
0.33935
0.491661
0.591421
0.288946
0.559726
0.627617
0.653353
0.790939
0.814142
0.398185
0.558905
0.365716
0.490143
0.248602
0.373975
0.397091
0.488522
0.927688
0.609928
0.588311
0.308414
0.242038
0.442927
0.642349
0.32699
0.350484
0.634888
0.665747
0.558295
0.603105
0.528486
0.74757
0.195305
0.417333
0.69569
0.340766
0.633823
0.546996
0.901307
0.624055
0.446338
0.338402
0.500094
0.948204
0.418524
0.680875
0.717969
0.271383
0.780591
0.347418
0.474937
0.164016
0.160203
0.784457
0.489343
0.514367
0.0532439
0.647913
0.86011
0.49187
0.753218
0.496124
0.155647
0.625984
0.199613
0.538416
0.245155
0.534147
0.600093
0.201419
0.690061
0.383175
0.450891
0.513477
0.470376
0.594249
0.724352
0.420817
0.652787
0.102381
0.512044
0.637397
0.814315
0.157082
0.80645
0.493637
0.617425
0.201684
0.373742
0.48754
0.889487
0.794584
0.314677
0.354964
0.891527
0.336444
0.430205
0.464096
0.668237
0.543174
0.402898
0.702477
0.453232
0.155286
0.0748184
0.763175
0.560606
0.80001
0.247029
0.350029
0.525825
0.223333
0.445418
0.31011
0.466067
0.284908
0.492096
0.564887
0.712122
0.159547
0.491106
0.449832
0.221016
0.614823
0.481769
0.185471
0.110538
0.535053
0.532468
0.691211
0.363891
0.537741
0.442244
0.316502
0.83472
0.579328
0.487086
0.80222
0.639789
0.372879
0.292342
0.398406
0.358624
0.741127
0.932196
0.5528
0.166466
0.204058
0.251704
0.447866
0.6089
0.65102
0.67639
0.402317
0.683581
0.373117
0.418963
0.766394
0.726471
0.532409
0.512219
0.428466
0.807078
0.320261
0.491749
0.413785
0.419175
0.107916
0.821581
0.794503
0.710555
0.818202
0.300431
0.243354
0.327346
0.548003
0.70577
0.551688
0.155525
0.146976
0.827437
0.295801
0.324211
0.5087
0.812056
0.573809
0.792422
0.756305
0.384063
0.848602
0.672974
0.805325
0.52867
0.420652
0.65423
0.962389
0.116611
0.417792
0.462466
0.769062
0.720079
0.42731
0.76462
0.225993
0.513759
0.509013
0.243238
0.333276
0.674415
0.816194
0.282466
0.0587074
0.587021
0.414703
0.785958
0.396439
0.434936
0.628622
0.604603
0.104258
0.896183
0.354309
0.38401
0.508547
0.687399
0.772868
0.348722
0.441742
0.591576
0.754387
0.622149
0.927886
0.375214
0.485538
0.138263
0.657659
0.14508
0.465472
0.5331
0.0950501
0.714255
0.503148
0.611183
0.733618
0.441715
0.712589
0.563966
0.0710598
0.279206
0.740788
0.574479
0.796596
0.403709
0.576284
0.274334
0.48647
0.333319
0.274737
0.726338
0.278613
0.818908
0.301045
0.687936
0.548342
0.573445
0.425912
0.367786
0.532712
0.545407
0.227989
0.219757
0.651944
0.462231
0.241018
0.525716
0.452112
0.26428
0.648702
0.600453
0.644075
0.819353
0.668279
0.40917
0.139407
0.452274
0.87708
0.219959
0.784863
0.343645
0.224623
0.620742
0.172695
0.246359
0.336076
0.812166
0.454932
0.738027
0.451206
0.54499
0.515494
0.371985
0.456212
0.402528
0.154804
0.609075
0.454124
0.835721
0.117348
0.806949
0.182724
0.440494
0.343407
0.313141
0.327225
0.924025
0.251965
0.352724
0.388242
0.538625
0.162581
0.420864
0.253856
0.968946
0.639795
0.285133
0.487844
0.740269
0.59443
0.471978
0.0844585
0.172642
0.401893
0.256251
0.553391
0.237689
0.0984246
0.192272
0.686857
0.381933
0.391962
0.619393
0.224001
0.462494
0.775108
0.344584
0.366131
0.898093
0.45345
0.349084
0.709534
0.470265
0.603287
0.385701
0.150943
0.416777
0.648558
0.727862
0.683979
0.54124
0.797593
0.101049
0.243196
0.519939
0.50606
0.471812
0.365607
0.41895
0.833269
0.389032
0.427897
0.641638
0.334786
0.466694
0.0807567
0.108655
0.185074
0.366913
0.240097
0.429591
0.149665
0.286532
0.608153
0.657478
0.327173
0.970095
0.685792
0.424348
0.25718
0.166567
0.600605
0.338105
0.540888
0.716693
0.813647
0.477983
0.54713
0.60241
0.38098
0.657917
0.577184
0.30926
0.434434
0.334145
0.537563
0.247307
0.409315
0.615442
0.720768
0.245544
0.785037
0.791371
0.719758
0.779366
0.717951
0.625997
0.802673
0.610158
0.93393
0.371528
0.250131
0.410633
0.61155
0.538389
0.708204
0.719033
0.224966
0.415248
0.0359418
0.209888
0.428896
0.664563
0.427123
0.788521
0.556386
0.526247
0.261668
0.411036
0.663318
0.744058
0.692938
0.801048
0.791898
0.286393
0.902936
0.378968
0.738651
0.265154
0.258187
0.739152
0.600721
0.663405
0.774873
0.904774
0.737573
0.564587
0.852576
0.359828
0.523446
0.533045
0.661754
0.502163
0.379221
0.6277
0.370862
0.681014
0.560617
0.737697
0.574827
0.376998
0.542942
0.510907
0.337334
0.352118
0.580877
0.603191
0.685189
0.741782
0.135067
0.308353
0.193797
0.580452
0.345583
0.335762
0.478576
0.647002
0.595575
0.084631
0.457901
0.785448
0.946743
0.720996
0.178964
0.501195
0.341522
0.695441
0.798719
0.152534
0.455156
0.546672
0.487837
0.451595
0.44412
0.418067
0.576429
0.25854
0.57564
0.171342
0.686004
0.797273
0.336324
0.313539
0.392987
0.440518
0.606211
0.66054
0.14484
0.6066
0.847823
0.24236
0.700655
0.579838
0.49809
0.412501
0.793831
0.710949
0.864285
0.455676
0.515272
0.473447
0.813416
0.695247
0.0912818
0.24648
0.407757
0.683755
0.781135
0.464161
0.377544
0.516933
0.545087
0.415903
0.435075
0.14366
0.43436
0.501863
0.422792
0.75131
0.330414
0.642085
0.651168
0.887987
0.711616
0.807487
0.520519
0.440203
0.0511868
0.785374
0.134135
0.416534
0.251081
0.811656
0.598413
0.694857
0.692252
0.596526
0.568953
0.472797
0.532524
0.539856
0.839851
0.118033
0.809082
0.0770963
0.886718
0.447146
0.203361
0.616023
0.762224
0.168741
0.50191
0.419178
0.606261
0.30857
0.337581
0.5564
0.27108
0.391465
0.221163
0.696363
0.17505
0.486858
0.174402
0.525569
0.486984
0.43177
0.451064
0.477797
0.606218
0.6271
0.383546
0.7265
0.641951
0.260161
0.818285
0.537209
0.208619
0.63837
0.403988
0.596521
0.342337
0.526068
0.672529
0.328776
0.706775
0.45848
0.903082
0.481063
0.495056
0.463828
0.685906
0.401725
0.547587
0.45667
0.40291
0.45707
0.694006
0.772555
0.517979
0.925515
0.19069
0.396115
0.620748
0.477933
0.363578
0.391754
0.593368
0.497496
0.179329
0.878117
0.570521
0.511842
0.456112
0.594561
0.538773
0.404919
0.788622
0.689867
0.472111
0.345414
0.500186
0.320489
0.326292
0.513157
0.548096
0.477639
0.515414
0.724486
0.796616
0.669552
0.169921
0.452028
0.43536
0.667311
0.525993
0.503932
0.55903
0.479635
0.722097
0.272085
0.537802
0.55406
0.579229
0.478397
0.795895
0.408995
0.617167
0.242758
0.479172
0.483133
0.109832
0.56581
0.230881
0.445767
0.408653
0.464207
0.907938
0.543553
0.0635789
0.515556
0.558428
0.266337
0.447197
0.464781
0.844282
0.19664
0.638177
0.313178
0.331385
0.364482
0.746048
0.455939
0.182613
0.761219
0.660102
0.453496
0.777621
0.373117
0.880978
0.416522
0.646471
0.6774
0.644302
0.253998
0.342445
0.500567
0.471491
0.678246
0.492709
0.470786
0.583643
0.380399
0.253751
0.503196
0.290214
0.684284
0.7618
0.339008
0.51495
0.256225
0.906727
0.616298
0.0473287
0.0928283
0.371179
0.782438
0.408556
0.528311
0.365031
0.365117
0.896933
0.397493
0.348463
0.700975
0.428194
0.260082
0.275292
0.677858
0.712198
0.736435
0.501452
0.378766
0.108135
0.524486
0.491811
0.722588
0.176198
0.562078
0.321761
0.278742
0.494434
0.568469
0.708354
0.389881
0.735294
0.343299
0.918977
0.568847
0.797163
0.720852
0.39389
0.343092
0.461938
0.471967
0.282205
0.301822
0.600509
0.715492
0.829163
0.558131
0.873773
0.545698
0.665882
0.170444
0.677597
0.101605
0.540968
0.274618
0.755913
0.698709
0.396736
0.260062
0.45694
0.913117
0.931008
0.280288
0.533269
0.652641
0.398762
0.720335
0.187365
0.268928
0.396207
0.450521
0.739796
0.659228
0.233085
0.278032
0.348298
0.575953
0.237351
0.464877
0.131545
0.506684
0.449598
0.512765
0.352299
0.506831
0.152933
0.622505
0.490382
0.761692
0.547239
0.317545
0.0866912
0.924155
0.115084
0.678308
0.665264
0.418859
0.339787
0.466021
0.841189
0.423122
0.924451
0.621731
0.897927
0.629515
0.524047
0.708288
0.168383
0.664455
0.240912
0.320051
0.479886
0.681742
0.74731
0.317135
0.72396
0.669496
0.386991
0.44805
0.287602
0.403482
0.470945
0.506597
0.633536
0.749318
0.720856
0.125929
0.742694
0.160636
0.927019
0.644713
0.432975
0.739757
0.375774
0.187363
0.744085
0.621993
0.464803
0.182337
0.129072
0.71422
0.66289
0.499541
0.618936
0.462885
0.58405
0.219887
0.427466
0.846156
0.434214
0.257103
0.639264
0.179442
0.451908
0.633922
0.67467
0.593056
0.202692
0.671807
0.651101
0.685309
0.700361
0.18539
0.561086
0.373864
0.316227
0.479844
0.863078
0.862715
0.301055
0.531455
0.131879
0.41167
0.482531
0.688639
0.341315
0.239764
0.314395
0.562757
0.652589
0.413561
0.441685
0.485036
0.757474
0.465813
0.309782
0.487989
0.876357
0.759507
0.583272
0.726736
0.436867
0.756832
0.25387
0.587658
0.759632
0.372154
0.804978
0.438858
0.753489
0.482601
0.663713
0.55892
0.673242
0.439398
0.409507
0.737506
0.418849
0.0676305
0.321687
0.373345
0.155705
0.661622
0.836714
0.102208
0.711468
0.377681
0.349039
0.569501
0.255641
0.695462
0.527812
0.419113
0.193936
0.263749
0.934973
0.902229
0.510185
0.465983
0.218534
0.716808
0.464389
0.435396
0.518114
0.770479
0.606246
0.519137
0.458129
0.0166446
0.489281
0.33531
0.717245
0.345587
0.771514
0.586383
0.651058
0.719437
0.564334
0.186947
0.808186
0.321865
0.442073
0.533336
0.918275
0.450412
0.450535
0.887158
0.543692
0.711383
0.253502
0.364322
0.574956
0.28429
0.732062
0.415648
0.113241
0.104817
0.402334
0.454725
0.521569
0.272366
0.442997
0.433168
0.539593
0.820226
0.424758
0.682987
0.845139
0.193464
0.509728
0.740296
0.808985
0.36166
0.439423
0.634134
0.427596
0.450648
0.555887
0.768685
0.531854
0.609441
0.901241
0.546727
0.358081
0.535561
0.116717
0.276671
0.43094
0.664023
0.413035
0.675079
0.44608
0.482258
0.309741
0.421082
0.45367
0.765277
0.14194
0.238643
0.632262
0.732426
0.00859784
0.377162
0.305673
0.209105
0.387403
0.630425
0.593899
0.83385
0.566934
0.67845
0.702317
0.68323
0.347678
0.556307
0.341738
0.394005
0.639215
0.448514
0.635142
0.944063
0.131673
0.777159
0.105211
0.210656
0.645332
0.696406
0.450057
0.256498
0.563041
0.125601
0.802836
0.501326
0.425894
0.847704
0.534178
0.518529
0.323384
0.469304
0.894714
0.653527
0.635056
0.683034
0.908186
0.492555
0.481431
0.792692
0.41397
0.917607
0.41778
0.355935
0.521079
0.565247
0.455094
0.0689396
0.474027
0.464108
0.418388
0.661942
0.0441887
0.457857
0.453244
0.594116
0.54859
0.727494
0.667295
0.730767
0.46134
0.80884
0.944114
0.455366
0.321198
0.458135
0.392786
0.313452
0.252032
0.550666
0.697175
0.305002
0.401248
0.404415
0.304723
0.336362
0.964503
0.502698
0.44538
0.112378
0.203332
0.546849
0.397039
0.393909
0.475575
0.602004
0.714646
0.565415
0.286794
0.806065
0.315922
0.351858
0.23413
0.693992
0.36744
0.793673
0.452353
0.146551
0.340533
0.733118
0.28511
0.804728
0.40736
0.584819
0.392694
0.498015
0.023158
0.557869
0.870907
0.316817
0.0915707
0.766382
0.193881
0.416264
0.535652
0.309909
0.907021
0.470734
0.39798
0.424672
0.484477
0.405443
0.269063
0.701108
0.128866
0.113455
0.894022
0.632723
0.529243
0.323537
0.233298
0.405817
0.206579
0.616286
0.553932
0.859148
0.0642994
0.792995
0.303722
0.437138
0.624739
0.88376
0.0713789
0.229781
0.670603
0.53836
0.861543
0.3369
0.623845
0.375463
0.214335
0.313972
0.482645
0.572768
0.374884
0.851244
0.500434
0.562682
0.769056
0.607416
0.529218
0.655212
0.467395
0.26367
0.56272
0.241741
0.620052
0.383394
0.503141
0.440418
0.521293
0.557434
0.538629
0.625899
0.512912
0.584291
0.756819
0.243233
0.8617
0.0791604
0.733096
0.637692
0.546872
0.425279
0.820502
0.339391
0.569153
0.37556
0.231506
0.323583
0.443991
0.382028
0.240124
0.224519
0.467165
0.375106
0.446154
0.312812
0.141812
0.734326
0.531601
0.253286
0.831709
0.58657
0.302597
0.242294
0.75639
0.337488
0.0484604
0.58054
0.369502
0.486261
0.362773
0.569474
0.462546
0.29341
0.559665
0.326335
0.511959
0.76588
0.181761
0.694987
0.338247
0.693175
0.83453
0.386693
0.571702
0.11283
0.695065
0.817006
0.719958
0.603049
0.531589
0.312012
0.308487
0.194876
0.433282
0.43916
0.615863
0.465772
0.688287
0.674964
0.451434
0.521032
0.861044
0.45389
0.723821
0.588999
0.108386
0.349769
0.224427
0.850534
0.637099
0.723114
0.600936
0.392786
0.443945
0.124732
0.421566
0.321789
0.592411
0.578091
0.531603
0.587969
0.268754
0.0698906
0.579542
0.473171
0.223153
0.160341
0.640932
0.457339
0.440108
0.581683
0.793811
0.827533
0.495467
0.52551
0.800392
0.411467
0.54577
0.526478
0.22544
0.212319
0.758865
0.932044
0.372576
0.491066
0.233031
0.404863
0.845504
0.487145
0.565151
0.236559
0.341952
0.487764
0.716711
0.458561
0.463905
0.350725
0.689733
0.317771
0.378467
0.35515
0.762998
0.641843
0.589493
0.399019
0.652204
0.450866
0.380901
0.58199
0.445994
0.379326
0.168358
0.606474
0.533062
0.554185
0.546818
0.699472
0.47383
0.532016
0.247168
0.402242
0.383456
0.2301
0.516015
0.0943519
0.881251
0.49348
0.108441
0.513236
0.524814
0.521949
0.634325
0.299896
0.385518
0.33802
0.924604
0.745913
0.535243
0.308922
0.884657
0.436472
0.702522
0.442728
0.477732
0.378645
0.219577
0.260744
0.532155
0.473674
0.619977
0.505284
0.491835
0.336573
0.359936
0.774065
0.530331
0.485861
0.62457
0.379389
0.624571
0.320793
0.543677
0.312404
0.235068
0.572972
0.379932
0.149696
0.165252
0.563772
0.365616
0.571536
0.473358
0.618507
0.85233
0.368121
0.48603
0.382856
0.301393
0.892189
0.513649
0.556531
0.380921
0.873402
0.293125
0.703751
0.548852
0.841941
0.484683
0.819596
0.489478
0.615786
0.724988
0.225845
0.634314
0.388166
0.289685
0.139442
0.736429
0.908723
0.344248
0.401257
0.58062
0.583937
0.062802
0.372353
0.400121
0.529428
0.0703488
0.399477
0.433812
0.688728
0.714645
0.521054
0.796144
0.590205
0.599718
0.229477
0.445337
0.645814
0.113817
0.62501
0.523623
0.602388
0.860373
0.191174
0.206641
0.338233
0.951307
0.191006
0.437338
0.15479
0.547824
0.828102
0.533029
0.54519
0.334614
0.335898
0.642544
0.128531
0.789139
0.55319
0.39367
0.520769
0.65849
0.813379
0.809377
0.370108
0.482075
0.61951
0.684616
0.616843
0.299164
0.0966688
0.603712
0.744607
0.356123
0.607859
0.641722
0.872042
0.178928
0.188977
0.531349
0.490901
0.302349
0.60308
0.690323
0.488662
0.247959
0.833632
0.492414
0.800736
0.518917
0.730965
0.52856
0.119392
0.430255
0.295733
0.342824
0.543566
0.519158
0.727631
0.741222
0.385724
0.580556
0.887225
0.759721
0.559013
0.549059
0.713247
0.740982
0.549934
0.499124
0.40724
0.707732
0.938831
0.461054
0.341977
0.333896
0.262496
0.551264
0.66961
0.802928
0.720245
0.590992
0.50002
0.206049
0.806819
0.438449
0.789404
0.371374
0.412545
0.685145
0.22362
0.62822
0.763163
0.167943
0.400383
0.499124
0.778806
0.424152
0.508923
0.175433
0.513628
0.76777
0.475227
0.370553
0.794605
0.590747
0.185556
0.758282
0.510077
0.293935
0.420427
0.691888
0.705623
0.428175
0.525796
0.762895
0.226881
0.676743
0.117709
0.496827
0.605994
0.736151
0.761216
0.596417
0.220341
0.453116
0.583869
0.631105
0.959283
0.251237
0.678675
0.434886
0.716684
0.431759
0.420882
0.212896
0.983962
0.358529
0.467526
0.470372
0.650501
0.338076
0.228182
0.865915
0.325267
0.681508
0.489921
0.454269
0.575487
0.485684
0.648963
0.522106
0.435311
0.596947
0.646092
0.833591
0.369384
0.521423
0.722398
0.590779
0.583309
0.721738
0.506466
0.277174
0.654978
0.790724
0.713635
0.291081
0.417824
0.918519
0.882514
0.388632
0.359043
0.87021
0.593452
0.444673
0.502876
0.366972
0.508186
0.90297
0.831094
0.314417
0.339449
0.525481
0.749809
0.747676
0.503821
0.163702
0.443835
0.66349
0.730647
0.76341
0.666783
0.585379
0.294402
0.677369
0.597164
0.258751
0.807362
0.598882
0.347768
0.798568
0.154032
0.542322
0.547626
0.412994
0.168253
0.285082
0.622918
0.502216
0.548504
0.548648
0.485173
0.482402
0.276385
0.434785
0.292192
0.610578
0.947844
0.246114
0.279117
0.386936
0.946218
0.808631
0.364108
0.786909
0.780699
0.277002
0.315149
0.126103
0.683365
0.641745
0.721488
0.786979
0.702444
0.270714
0.845293
0.336941
0.549016
0.805542
0.636098
0.243268
0.348887
0.597018
0.77268
0.441133
0.220893
0.601632
0.554018
0.436701
0.747443
0.774812
0.293006
0.428096
0.422611
0.484663
0.0736602
0.602817
0.557655
0.833279
0.314556
0.820935
0.89333
0.511008
0.538273
0.819228
0.312938
0.422312
0.578671
0.872135
0.0695533
0.810148
0.664829
0.521257
0.33541
0.469084
0.402526
0.535858
0.650968
0.875639
0.631168
0.192624
0.495703
0.677624
0.466098
0.263736
0.222193
0.47253
0.543258
0.278052
0.489617
0.668303
0.565197
0.671018
0.602304
0.458121
0.704466
0.364678
0.303493
0.554072
0.252442
0.619954
0.594025
0.812911
0.608702
0.679134
0.540182
0.250352
0.788042
0.767295
0.804449
0.678642
0.579318
0.447176
0.777487
0.315437
0.322279
0.622774
0.209161
0.700284
0.975629
0.662743
0.630948
0.618292
0.231542
0.665449
0.631657
0.468861
0.38894
0.313302
0.692847
0.630616
0.529812
0.564787
0.309912
0.861975
0.24995
0.108384
0.519316
0.640054
0.777451
0.553356
0.221982
0.0789154
0.269404
0.258155
0.837403
0.181415
0.909192
0.497999
0.342518
0.167217
0.633879
0.348916
0.143998
0.482795
0.403184
0.716379
0.502057
0.337554
0.378564
0.362401
0.368467
0.723457
0.712978
0.585753
0.520981
0.363838
0.358919
0.385754
0.270891
0.900365
0.384334
0.490858
0.289997
0.865392
0.243095
0.559043
0.247769
0.600222
0.278708
0.157788
0.469038
0.268085
0.446965
0.807212
0.217073
0.473914
0.32531
0.420726
0.476434
0.741293
0.433671
0.40332
0.754518
0.210212
0.223601
0.468417
0.440253
0.907567
0.299541
0.409961
0.65293
0.805618
0.518102
0.617249
0.783669
0.121879
0.568257
0.545729
0.576587
0.427235
0.46739
0.657827
0.616235
0.617324
0.615157
0.523611
0.482403
0.665523
0.12917
0.321896
0.102952
0.814157
0.64353
0.408172
0.47983
0.973824
0.583269
0.416513
0.482978
0.589022
0.634795
0.538422
0.801363
0.591529
0.714461
0.672324
0.909889
0.30128
0.194426
0.563226
0.55551
0.747768
0.476971
0.352827
0.785333
0.373271
0.715512
0.136141
0.434109
0.442484
0.562546
0.6715
0.757974
0.221427
0.78181
0.316549
0.545868
0.601781
0.89397
0.563661
0.559596
0.335071
0.73218
0.223963
0.547996
0.404413
0.865885
0.359941
0.850238
0.299811
0.308273
0.49239
0.747807
0.576287
0.754811
0.408246
0.744232
0.56238
0.80734
0.571609
0.846176
0.449866
0.720219
0.691076
0.689035
0.733809
0.662052
0.422248
0.494703
0.585333
0.318558
0.485084
0.368711
0.727809
0.369186
0.651544
0.338482
0.750399
0.452082
0.609744
0.803947
0.531221
0.689076
0.636638
0.216339
0.55563
0.674375
0.812003
0.32048
0.403441
0.537675
0.182307
0.190417
0.542168
0.27444
0.333804
0.557809
0.301651
0.493137
0.259988
0.576974
0.518713
0.561225
0.209331
0.690056
0.328776
0.338758
0.874975
0.650288
0.444657
0.770461
0.33888
0.530872
0.501011
0.0641861
0.608667
0.191522
0.156228
0.515698
0.386204
0.694241
0.631801
0.246742
0.382743
0.554446
0.232531
0.705397
0.546226
0.483076
0.629159
0.234755
0.492127
0.419866
0.298351
0.347966
0.729991
0.177467
0.503182
0.554768
0.453637
0.410665
0.560608
0.666606
0.713718
0.394461
0.38065
0.464499
0.717176
0.239297
0.375319
0.445854
0.798852
0.191261
0.823583
0.0734255
0.786349
0.559641
0.641962
0.531685
0.529968
0.583694
0.748621
0.452873
0.295379
0.695071
0.322099
0.40705
0.517414
0.651844
0.244115
0.657481
0.589196
0.414615
0.879149
0.264739
0.411567
0.404723
0.581797
0.579922
0.853577
0.429099
0.436172
0.499425
0.575574
0.0758411
0.719901
0.0607403
0.342207
0.279122
0.448553
0.540772
0.503452
0.521564
0.594621
0.175205
0.747538
0.286759
0.188447
0.449489
0.53043
0.394129
0.49677
0.119028
0.762329
0.242863
0.337868
0.698195
0.882396
0.761196
0.330517
0.614841
0.378724
0.501828
0.487301
0.0589687
0.111334
0.843802
0.551081
0.261298
0.471765
0.655708
0.336695
0.519472
0.463623
0.544602
0.0782618
0.746679
0.214194
0.459549
0.895739
0.649506
0.728068
0.438266
0.482662
0.348869
0.869435
0.67982
0.480267
0.339883
0.610551
0.395916
0.241502
0.643594
0.509623
0.537814
0.301687
0.33549
0.682154
0.515456
0.360882
0.842778
0.705557
0.419898
0.946301
0.484412
0.447659
0.529707
0.661379
0.684907
0.235451
0.526477
0.541397
0.625003
0.581274
0.364177
0.523845
0.799268
0.85936
0.131559
0.404975
0.532763
0.376475
0.516385
0.392289
0.465935
0.706155
0.624789
0.475995
0.848906
0.456832
0.428575
0.33071
0.693393
0.319919
0.50783
0.822024
0.912499
0.294697
0.525728
0.430764
0.535655
0.412646
0.516961
0.521136
0.918032
0.584628
0.590726
0.867134
0.570756
0.370112
0.543777
0.21497
0.320307
0.518428
0.648542
0.397479
0.462506
0.0577932
0.525852
0.629795
0.408518
0.508663
0.531357
0.603842
0.527362
0.47371
0.479253
0.862472
0.47139
0.407548
0.296437
0.172382
0.728307
0.795069
0.844775
0.228183
0.475259
0.768067
0.168687
0.50832
0.517604
0.865581
0.319769
0.4668
0.176975
0.194202
0.679732
0.482954
0.450304
0.170324
0.847441
0.604778
0.59348
0.827154
0.675397
0.609638
0.490374
0.345031
0.435498
0.769435
0.249961
0.514417
0.36349
0.445588
0.931339
0.266682
0.476015
0.752497
0.628441
0.2086
0.57372
0.516391
0.353291
0.272259
0.738395
0.619797
0.738678
0.142844
0.401669
0.0600981
0.53815
0.0525631
0.707303
0.663976
0.733264
0.829746
0.408658
0.887769
0.765063
0.767944
0.437445
0.497094
0.488778
0.430623
0.549404
0.657349
0.407787
0.432834
0.597067
0.579989
0.574886
0.0420282
0.49933
0.357751
0.755969
0.115955
0.372045
0.485298
0.53325
0.446373
0.553412
0.300015
0.482161
0.503076
0.402457
0.690981
0.388133
0.373531
0.768433
0.412426
0.67647
0.369187
0.423492
0.201246
0.81056
0.320312
0.520522
0.13646
0.370712
0.506985
0.782578
0.291736
0.357926
0.474665
0.649842
0.720436
0.473938
0.158519
0.504614
0.175865
0.710915
0.291496
0.36433
0.707746
0.541211
0.496894
0.577169
0.889163
0.329607
0.766971
0.574322
0.416545
0.797517
0.204899
0.62752
0.188522
0.450653
0.458184
0.32998
0.707765
0.338672
0.697421
0.663423
0.263207
0.847387
0.295051
0.533371
0.338336
0.431108
0.534555
0.549468
0.554502
0.274757
0.231331
0.597071
0.696492
0.832408
0.572239
0.390916
0.480889
0.520932
0.781618
0.721192
0.216025
0.554473
0.897332
0.49687
0.365605
0.487495
0.491205
0.460682
0.266374
0.991191
0.0939758
0.594675
0.863472
0.720056
0.385678
0.754783
0.815412
0.832474
0.888146
0.467411
0.183874
0.311187
0.447125
0.590532
0.661828
0.686558
0.217235
0.686358
0.406744
0.597552
0.663831
0.472155
0.533945
0.832425
0.271575
0.110303
0.688447
0.0730905
0.70033
0.368259
0.351882
0.524225
0.554745
0.823572
0.154432
0.440147
0.734702
0.308673
0.449917
0.26958
0.509566
0.684656
0.275527
0.220417
0.50997
0.802826
0.555925
0.503636
0.256631
0.657305
0.524744
0.347574
0.146494
0.251529
0.824783
0.0807422
0.492271
0.595976
0.111489
0.163471
0.762221
0.524048
0.222591
0.505634
0.592811
0.157489
0.590029
0.239776
0.447667
0.372327
0.558609
0.325992
0.472006
0.510793
0.639103
0.446919
0.642525
0.354251
0.461767
0.608254
0.73852
0.516687
0.809562
0.692236
0.46074
0.43781
0.598636
0.418551
0.700335
0.549405
0.536884
0.249171
0.510961
0.458053
0.429723
0.230648
0.762956
0.131903
0.215467
0.599424
0.259222
0.598695
0.300977
0.182761
0.768285
0.556757
0.631566
0.709903
0.480732
0.570263
0.66737
0.105128
0.321054
0.164521
0.551742
0.166379
0.847663
0.156643
0.245437
0.740198
0.649674
0.451437
0.263707
0.585693
0.699782
0.801918
0.391642
0.577338
0.548383
0.178364
0.366433
0.228409
0.544836
0.909356
0.503455
0.223899
0.447575
0.1528
0.106411
0.733783
0.835538
0.524436
0.240003
0.234549
0.159168
0.355881
0.556917
0.398917
0.57004
0.0737866
0.359176
0.320724
0.343903
0.586218
0.937181
0.423976
0.762774
0.831895
0.468075
0.862083
0.247438
0.792461
0.868316
0.545354
0.332525
0.287489
0.483643
0.14184
0.752118
0.766455
0.362892
0.478643
0.454608
0.0814405
0.600401
0.227852
0.791296
0.368867
0.845033
0.593298
0.42405
0.688083
0.562118
0.921328
0.673068
0.459163
0.497895
0.740867
0.576611
0.511812
0.534324
0.695039
0.360321
0.701797
0.23542
0.658655
0.814561
0.0708445
0.374524
0.542916
0.753943
0.420508
0.0952363
0.870707
0.284052
0.440005
0.596992
0.662884
0.526088
0.172573
0.849562
0.507983
0.250992
0.624428
0.829019
0.394838
0.550363
0.71492
0.631017
0.469588
0.222265
0.536042
0.555493
0.835611
0.475814
0.533951
0.370191
0.84695
0.359199
0.744706
0.448684
0.0528196
0.491586
0.610965
0.841861
0.0328119
0.230138
0.675887
0.0801093
0.81947
0.329133
0.095056
0.116724
0.436907
0.449006
0.426739
0.311349
0.291182
0.548846
0.555346
0.715521
0.230203
0.246728
0.372471
0.660701
0.547915
0.657991
0.484448
0.762428
0.53959
0.522391
0.734866
0.442531
0.422078
0.606809
0.725023
0.434598
0.51487
0.921009
0.284845
0.476212
0.534888
0.209673
0.491305
0.504706
0.68995
0.484786
0.850924
0.661508
0.462851
0.538162
0.657469
0.273399
0.560092
0.424729
0.805467
0.717302
0.456253
0.832943
0.484733
0.688509
0.797103
0.559506
0.200591
0.380512
0.631518
0.481319
0.459037
0.447907
0.52434
0.468409
0.725602
0.362104
0.559331
0.607326
0.411208
0.382877
0.573408
0.405305
0.15785
0.357046
0.670375
0.821259
0.591463
0.418883
0.644413
0.520453
0.478853
0.405105
0.400579
0.675495
0.370133
0.410602
0.291667
0.93705
0.827589
0.399333
0.497736
0.373484
0.236488
0.148096
0.6567
0.729395
0.462818
0.539153
0.911381
0.278801
0.767525
0.331012
0.870458
0.349531
0.406311
0.524881
0.187786
0.771107
0.238609
0.807665
0.546575
0.54926
0.438868
0.290591
0.291969
0.495921
0.547829
0.37589
0.787579
0.344383
0.620983
0.57218
0.778568
0.555058
0.625953
0.442542
0.625909
0.0680588
0.510056
0.607511
0.733473
0.184622
0.503852
0.838507
0.821631
0.560145
0.245999
0.765518
0.408089
0.46742
0.209273
0.58611
0.438708
0.0394033
0.677142
0.901136
0.468088
0.626669
0.664826
0.415788
0.621719
0.705437
0.698276
0.232932
0.278555
0.447891
0.759074
0.828908
0.494881
0.117246
0.472753
0.540328
0.64737
0.37584
0.762592
0.5036
0.605276
0.395263
0.210471
0.477268
0.448729
0.333368
0.760865
0.840483
0.332127
0.29375
0.173661
0.299221
0.54866
0.309077
0.775917
0.445162
0.684022
0.690439
0.582321
0.300385
0.454416
0.760656
0.748528
0.344362
0.405952
0.540274
0.591188
0.757975
0.609625
0.380757
0.552925
0.732587
0.318034
0.340149
0.510116
0.180466
0.757065
0.272303
0.215818
0.546159
0.807805
0.651497
0.439738
0.656661
0.290936
0.58009
0.511659
0.661543
0.39795
0.727623
0.494288
0.602469
0.520513
0.625562
0.605991
0.514795
0.811347
0.29265
0.783451
0.202263
0.267055
0.591641
0.418772
0.439043
0.4553
0.51894
0.825129
0.341691
0.215833
0.804474
0.379548
0.516851
0.746839
0.749891
0.560982
0.828816
0.445164
0.65898
0.746335
0.744355
0.700954
0.514957
0.646635
0.700466
0.554323
0.235077
0.660111
0.804041
0.703654
0.38379
0.68841
0.410659
0.812205
0.651449
0.606771
0.743042
0.3917
0.706362
0.598474
0.197983
0.748615
0.703745
0.458425
0.853819
0.56092
0.285949
0.740265
0.428815
0.610056
0.334067
0.765925
0.554125
0.524947
0.531854
0.536078
0.213231
0.601904
0.478643
0.474477
0.563096
0.846285
0.138739
0.708684
0.590505
0.338822
0.340543
0.734239
0.670371
0.361552
0.339446
0.828859
0.581065
0.425312
0.634316
0.477748
0.395097
0.422803
0.278173
0.840691
0.401771
0.588259
0.349433
0.436076
0.331706
0.776772
0.550895
0.236555
0.641406
0.783365
0.0793975
0.765585
0.479334
0.503952
0.45989
0.553605
0.69324
0.19732
0.463407
0.457145
0.351754
0.439341
0.529253
0.363696
0.741556
0.567609
0.787442
0.699703
0.164707
0.496772
0.828274
0.428567
0.0990015
0.241822
0.791647
0.870071
0.897497
0.318671
0.649548
0.692198
0.191645
0.398336
0.730891
0.320807
0.52573
0.673131
0.588698
0.282194
0.488616
0.850249
0.235371
0.638076
0.722068
0.520182
0.572587
0.192079
0.173197
0.854447
0.518149
0.541342
0.32188
0.669114
0.382886
0.316367
0.352247
0.347665
0.476478
0.596794
0.350658
0.448751
0.721884
0.510302
0.100828
0.531433
0.733804
0.416364
0.910075
0.312535
0.367406
0.346125
0.638917
0.727766
0.669323
0.514207
0.71956
0.800293
0.463716
0.237746
0.437064
0.427487
0.481954
0.492544
0.610272
0.278582
0.995287
0.605706
0.54789
0.453048
0.335615
0.728705
0.26833
0.381459
0.490299
0.754294
0.460283
0.657731
0.632672
0.235288
0.524196
0.573577
0.500758
0.132696
0.273177
0.583102
0.462436
0.365272
0.485072
0.757465
0.906092
0.652053
0.485788
0.496583
0.271586
0.533988
0.307187
0.346869
0.087117
0.730308
0.701172
0.731038
0.80339
0.629801
0.904856
0.728043
0.517229
0.236698
0.54
0.748231
0.352595
0.285396
0.393178
0.530845
0.81772
0.507794
0.561403
0.84803
0.382877
0.681528
0.561253
0.131523
0.324068
0.606938
0.487777
0.445249
0.553701
0.555122
0.172792
0.309073
0.710099
0.49897
0.530417
0.835984
0.70349
0.583593
0.390997
0.477027
0.216874
0.812109
0.612857
0.375327
0.335966
0.317258
0.124575
0.912565
0.5332
0.358871
0.288787
0.488336
0.156535
0.331727
0.0917792
0.904804
0.874617
0.587892
0.15143
0.436129
0.205603
0.272129
0.399338
0.244167
0.307753
0.138535
0.531244
0.758976
0.635682
0.461067
0.433153
0.474677
0.86691
0.670157
0.778831
0.318278
0.679181
0.742164
0.357638
0.331074
0.509763
0.637906
0.429931
0.359287
0.353734
0.731085
0.520577
0.782621
0.459051
0.186929
0.54936
0.516463
0.451962
0.645898
0.560376
0.605469
0.477121
0.336862
0.550789
0.683323
0.862528
0.388658
0.512579
0.405468
0.620213
0.62848
0.289224
0.168674
0.769363
0.550093
0.712526
0.513288
0.0193534
0.904376
0.223061
0.0610982
0.775953
0.509248
0.291038
0.173731
0.734739
0.395551
0.442609
0.723559
0.501536
0.29999
0.0599804
0.951109
0.73048
0.78579
0.361925
0.340015
0.696104
0.416218
0.584605
0.772558
0.516577
0.42569
0.370874
0.435907
0.421081
0.227682
0.73953
0.531168
0.505013
0.368225
0.24425
0.794403
0.342546
0.678264
0.545237
0.670807
0.626829
0.397721
0.604869
0.690259
0.683882
0.438611
0.581962
0.674498
0.257065
0.22411
0.237479
0.863195
0.384721
0.184982
0.277858
0.37825
0.494431
0.514341
0.0503814
0.152639
0.513065
0.676197
0.368289
0.532193
0.342597
0.432834
0.481633
0.215722
0.47746
0.30055
0.323153
0.530902
0.839961
0.862831
0.646702
0.750411
0.0860837
0.764579
0.539093
0.234798
0.684783
0.480533
0.524449
0.64563
0.499641
0.595541
0.593475
0.804469
0.402559
0.353902
0.478323
0.480267
0.124929
0.629498
0.357009
0.469824
0.602498
0.237988
0.409628
0.292931
0.495953
0.65686
0.261888
0.655925
0.86999
0.238665
0.339754
0.544333
0.689464
0.397289
0.522319
0.387388
0.341938
0.0166595
0.718226
0.694173
0.821798
0.475806
0.604325
0.39322
0.511817
0.703721
0.753471
0.314401
0.673885
0.57201
0.741683
0.833977
0.311359
0.202843
0.563154
0.660732
0.491312
0.414256
0.294883
0.573102
0.515706
0.544378
0.94098
0.124287
0.506306
0.290688
0.249984
0.414337
0.018944
0.469947
0.536813
0.485237
0.728515
0.748981
0.654229
0.227069
0.526855
0.415997
0.247015
0.390321
0.551467
0.656692
0.285309
0.38149
0.213795
0.0688998
0.61185
0.476117
0.721577
0.294076
0.851142
0.415449
0.390548
0.663456
0.516856
0.0599448
0.216572
0.651238
0.517045
0.354869
0.230048
0.196679
0.49504
0.820265
0.0802237
0.601528
0.557175
0.609601
0.597833
0.728746
0.426776
0.388455
0.760247
0.123006
0.427109
0.86659
0.534114
0.442969
0.934293
0.773841
0.496253
0.239899
0.554444
0.902241
0.934326
0.136687
0.267605
0.543856
0.304623
0.355891
0.644293
0.735834
0.475046
0.314935
0.478785
0.681192
0.107184
0.151139
0.79654
0.545895
0.83214
0.558772
0.18143
0.539844
0.550552
0.714881
0.231746
0.271367
0.23803
0.340139
0.692217
0.821892
0.563031
0.585521
0.422567
0.819478
0.424939
0.455133
0.35141
0.496918
0.695935
0.370051
0.42757
0.802175
0.501002
0.247558
0.319195
0.585921
0.2962
0.614703
0.724307
0.722992
0.806115
0.794635
0.644723
0.231611
0.557186
0.598689
0.338546
0.536235
0.294388
0.226748
0.404735
0.476954
0.49451
0.222917
0.566505
0.500357
0.490093
0.353095
0.708634
0.173847
0.393818
0.665547
0.0869882
0.247398
0.563969
0.265122
0.866899
0.943787
0.777343
0.476276
0.260285
0.490361
0.576762
0.58962
0.519691
0.612429
0.436148
0.28121
0.410715
0.290408
0.436877
0.563352
0.52255
0.539881
0.574912
0.270214
0.889686
0.305739
0.619022
0.601083
0.386042
0.268642
0.616138
0.638601
0.716151
0.44404
0.190706
0.528904
0.566234
0.41103
0.710665
0.655047
0.591326
0.340371
0.693472
0.654706
0.40288
0.697991
0.50135
0.527601
0.584555
0.582365
0.425754
0.34769
0.502184
0.611162
0.686801
0.739659
0.287191
0.604616
0.674205
0.298785
0.361015
0.520057
0.432033
0.527797
0.231368
0.674139
0.440394
0.63385
0.529457
0.246258
0.672923
0.173311
0.870546
0.388757
0.709742
0.551532
0.608563
0.476481
0.361335
0.279362
0.41869
0.610318
0.809559
0.157658
0.380187
0.446395
0.197804
0.205584
0.344975
0.254584
0.403083
0.668038
0.865772
0.31707
0.398633
0.832047
0.320878
0.8597
0.666362
0.151547
0.610968
0.165921
0.544292
0.324434
0.416542
0.355092
0.694889
0.48537
0.492959
0.514035
0.555997
0.572311
0.343276
0.452685
0.686836
0.694273
0.347362
0.811748
0.347327
0.472381
0.539081
0.582309
0.449782
0.345789
0.211587
0.304347
0.697775
0.728565
0.394063
0.793168
0.277799
0.173187
0.481528
0.699776
0.39509
0.340822
0.412611
0.543251
0.245775
0.598091
0.778453
0.56022
0.6933
0.454549
0.609227
0.298554
0.467849
0.324645
0.322982
0.339436
0.633276
0.242465
0.434866
0.363995
0.366828
0.677075
0.613011
0.487719
0.272728
0.49083
0.53067
0.867894
0.501475
0.352539
0.202476
0.546361
0.372492
0.561893
0.605969
0.821885
0.498523
0.261135
0.377814
0.653494
0.585996
0.404428
0.737429
0.178154
0.636304
0.624946
0.529008
0.383183
0.698776
0.284247
0.386212
0.305856
0.626869
0.507982
0.512085
0.839642
0.964908
0.406559
0.43003
0.308602
0.643461
0.448917
0.29995
0.428456
0.587249
0.602043
0.506971
0.604886
0.640233
0.868479
0.718412
0.726682
0.388344
0.24852
0.467961
0.693324
0.511067
0.423375
0.564308
0.373696
0.718886
0.600101
0.234748
0.524579
0.63439
0.478618
0.402565
0.904671
0.650596
0.195674
0.360276
0.401862
0.350847
0.870149
0.339103
0.448558
0.50041
0.518614
0.088328
0.331859
0.420705
0.629605
0.566441
0.212436
0.232829
0.579588
0.709314
0.747981
0.507879
0.84313
0.478878
0.674128
0.287322
0.0943309
0.509071
0.527801
0.737435
0.816083
0.654135
0.404929
0.37766
0.428271
0.60756
0.226556
0.873458
0.215547
0.498326
0.444347
0.810039
0.479867
0.484325
0.448585
0.664157
0.362472
0.351133
0.648714
0.366879
0.674553
0.487608
0.278589
0.401082
0.845376
0.348056
0.435554
0.303175
0.741143
0.123963
0.69457
0.739324
0.127436
0.83663
0.345574
0.502271
0.442587
0.425274
0.384347
0.325577
0.818871
0.643463
0.344158
0.337932
0.432945
0.190044
0.387497
0.280941
0.28648
0.488979
0.284242
0.289587
0.412464
0.395812
0.484627
0.585331
0.772215
0.346746
0.452434
0.357627
0.752612
0.579606
0.755818
0.410372
0.692662
0.544254
0.620265
0.325621
0.762972
0.48327
0.730148
0.447663
0.291304
0.402031
0.522443
0.416337
0.771847
0.260576
0.0481451
0.279265
0.815442
0.70795
0.183982
0.388427
0.692464
0.542963
0.0590609
0.337314
0.389651
0.323633
0.518082
0.620672
0.746652
0.660808
0.774829
0.499609
0.757644
0.219797
0.616637
0.230646
0.517858
0.817075
0.602592
0.368066
0.564416
0.237437
0.655248
0.274675
0.505392
0.510246
0.277663
0.27691
0.850553
0.37171
0.334607
0.575974
0.851762
0.503384
0.418807
0.077476
0.930563
0.875404
0.280139
0.227837
0.414981
0.636215
0.627707
0.246497
0.82713
0.478855
0.321766
0.318741
0.857722
0.777112
0.554499
0.86475
0.433136
0.523202
0.575675
0.426254
0.425192
0.71183
0.351242
0.512948
0.573356
0.803841
0.249964
0.426623
0.0835989
0.265902
0.435205
0.63173
0.637671
0.420965
0.596039
0.666894
0.691095
0.457536
0.483845
0.392648
0.457701
0.434047
0.427637
0.546478
0.873062
0.477918
0.583345
0.627011
0.598719
0.617173
0.629354
0.554995
0.273618
0.295771
0.452595
0.359464
0.238715
0.612058
0.576543
0.313305
0.855219
0.183069
0.664486
0.493182
0.806506
0.775661
0.388475
0.664586
0.418234
0.458755
0.786394
0.693549
0.0507445
0.519239
0.436615
0.36233
0.512361
0.247363
0.361731
0.517193
0.711713
0.435747
0.529911
0.402141
0.41177
0.549401
0.654427
0.833271
0.467779
0.512428
0.19895
0.544212
0.825837
0.420379
0.578238
0.583846
0.328379
0.225494
0.500873
0.573342
0.517349
0.555355
0.232733
0.93027
0.645415
0.313756
0.266913
0.843383
0.500057
0.575871
0.467853
0.832411
0.414933
0.528087
0.71444
0.652984
0.487446
0.316158
0.898907
0.607631
0.540953
0.65359
0.845373
0.499507
0.764608
0.905489
0.79388
0.516365
0.233348
0.601344
0.552858
0.757995
0.655076
0.443535
0.754934
0.421192
0.211611
0.366605
0.35806
0.332061
0.754512
0.565634
0.115969
0.566264
0.886423
0.150342
0.698964
0.323581
0.603108
0.694807
0.978131
0.523972
0.190869
0.440974
0.19305
0.768051
0.468593
0.277432
0.305128
0.855727
0.233188
0.853182
0.295724
0.482503
0.411699
0.299428
0.500234
0.533723
0.442937
0.520691
0.27637
0.572841
0.305981
0.879834
0.886867
0.67056
0.882432
0.839864
0.433911
0.647471
0.483856
0.238653
0.514594
0.60361
0.395349
0.861016
0.973737
0.784117
0.180733
0.335843
0.712461
0.380989
0.764361
0.624297
0.467899
0.296668
0.449122
0.478321
0.311505
0.696015
0.549678
0.73704
0.820412
0.34897
0.214581
0.691863
0.458337
0.817031
0.280377
0.489429
0.159581
0.462397
0.64539
0.65477
0.441659
0.559464
0.170381
0.805383
0.579183
0.464109
0.507812
0.490175
0.453595
0.346987
0.530983
0.325507
0.650418
0.422853
0.678837
0.213873
0.707719
0.408683
0.551765
0.919012
0.626477
0.11919
0.488259
0.634538
0.835638
0.659054
0.621813
0.421455
0.261611
0.597021
0.561986
0.503207
0.484024
0.307776
0.863081
0.395186
0.16659
0.843283
0.338432
0.208914
0.533948
0.246066
0.047791
0.209383
0.122393
0.642699
0.429893
0.817334
0.364417
0.756528
0.571743
0.736525
0.274047
0.654451
0.50076
0.749321
0.581966
0.0933656
0.655405
0.462218
0.626451
0.257646
0.334458
0.396218
0.638194
0.479833
0.944666
0.305204
0.264086
0.712464
0.260974
0.468804
0.757111
0.569789
0.183117
0.444464
0.716475
0.683851
0.116864
0.376763
0.594182
0.420249
0.627741
0.450272
0.391266
0.674633
0.909598
0.43554
0.548922
0.521786
0.379892
0.516077
0.496825
0.914934
0.358133
0.197474
0.652944
0.433678
0.803422
0.588097
0.376197
0.254766
0.481576
0.704062
0.455316
0.57066
0.701852
0.68948
0.674329
0.606667
0.907819
0.456248
0.327103
0.188167
0.426444
0.735936
0.760406
0.485261
0.0740216
0.899607
0.106984
0.612935
0.587059
0.639687
0.327203
0.190623
0.490814
0.221285
0.509795
0.265838
0.537671
0.498628
0.58931
0.682309
0.742092
0.755596
0.719902
0.523844
0.808417
0.667567
0.5021
0.190945
0.392289
0.295125
0.0912473
0.467942
0.156056
0.508415
0.423336
0.614231
0.472987
0.604232
0.375973
0.563949
0.404705
0.616219
0.139274
0.744247
0.220752
0.431816
0.403478
0.323037
0.248741
0.317884
0.677144
0.372938
0.23807
0.820227
0.631789
0.488881
0.18973
0.240486
0.325882
0.322636
0.249238
0.507195
0.493126
0.298292
0.27927
0.746038
0.286993
0.448519
0.623122
0.71765
0.455523
0.362205
0.339611
0.529581
0.377405
0.659857
0.834616
0.142308
0.722401
0.213915
0.833936
0.677489
0.706219
0.506944
0.536712
0.399905
0.491943
0.571412
0.558178
0.482846
0.247189
0.380568
0.41503
0.779944
0.198164
0.86071
0.326243
0.314781
0.228848
0.370908
0.496699
0.0628326
0.65555
0.547035
0.32051
0.338634
0.264121
0.332735
0.585457
0.214298
0.529125
0.320749
0.779503
0.383828
0.641326
0.203781
0.494851
0.250931
0.551845
0.68489
0.194582
0.256316
0.69842
0.623159
0.251397
0.57376
0.411173
0.491185
0.187554
0.29249
0.202378
0.396703
0.4396
0.566711
0.726718
0.471443
0.741054
0.451413
0.655564
0.856116
0.860682
0.756832
0.0408254
0.811171
0.4536
0.242262
0.450992
0.658785
0.176913
0.83317
0.743962
0.812303
0.491168
0.28385
0.79833
0.575139
0.713412
0.821157
0.35681
0.191921
0.407182
0.793098
0.34253
0.81045
0.58929
0.709392
0.590913
0.563832
0.502785
0.799343
0.396968
0.407907
0.350019
0.32569
0.609764
0.149885
0.899268
0.38135
0.212954
0.27989
0.27289
0.259275
0.412213
0.267893
0.494535
0.223902
0.707497
0.414272
0.517451
0.625985
0.260059
0.643053
0.475472
0.290844
0.571194
0.802654
0.29278
0.973379
0.571705
0.589713
0.558102
0.411463
0.178125
0.137404
0.713487
0.622603
0.703758
0.610387
0.127396
0.577066
0.719624
0.324354
0.516308
0.743904
0.54244
0.458874
0.448624
0.244646
0.483795
0.358066
0.309169
0.962657
0.326689
0.21437
0.122101
0.44449
0.702672
0.606502
0.524601
0.29279
0.624823
0.413431
0.453229
0.488636
0.388856
0.0520099
0.749367
0.69447
0.886648
0.786686
0.409693
0.577017
0.583556
0.53547
0.602192
0.55294
0.492875
0.64715
0.837687
0.0981935
0.437859
0.5505
0.331463
0.375364
0.723728
0.477028
0.609049
0.421544
0.549141
0.634576
0.304768
0.502575
0.568621
0.759878
0.871188
0.977779
0.474476
0.403958
0.562165
0.632577
0.298768
0.605019
0.571654
0.424662
0.342921
0.279289
0.605042
0.452705
0.724609
0.211033
0.429254
0.694816
0.488552
0.448739
0.592443
0.677294
0.559931
0.715274
0.52357
0.722473
0.0261294
0.615573
0.616753
0.787736
0.314545
0.476219
0.674763
0.64607
0.791267
0.577026
0.230588
0.771817
0.63741
0.335571
0.28553
0.283534
0.566971
0.681338
0.396793
0.159187
0.532062
0.406966
0.817106
0.677158
0.518439
0.709853
0.533403
0.64985
0.866248
0.438162
0.571156
0.504927
0.75798
0.23103
0.325452
0.632547
0.597606
0.293601
0.449469
0.655177
0.961942
0.473256
0.475508
0.38991
0.637298
0.604196
0.363298
0.761454
0.461507
0.263338
0.564793
0.28725
0.773452
0.631236
0.464237
0.494462
0.729252
0.577538
0.696784
0.24187
0.576294
0.391274
0.868508
0.407955
0.683323
0.252032
0.595153
0.769771
0.706845
0.588882
0.546525
0.635469
0.731119
0.399674
0.82793
0.906618
0.551056
0.904131
0.549627
0.234753
0.474354
0.579923
0.829764
0.799858
0.601261
0.681696
0.745831
0.476781
0.497362
0.768829
0.39415
0.268847
0.00681615
0.0684358
0.736506
0.376223
0.16054
0.175942
0.307506
0.629878
0.715802
0.646342
0.625819
0.26024
0.320787
0.455009
0.796965
0.582967
0.629672
0.607721
0.314848
0.172488
0.40082
0.355358
0.463775
0.457293
0.692706
0.519485
0.492223
0.409203
0.729241
0.360827
0.374151
0.612145
0.338163
0.223437
0.493177
0.484236
0.573237
0.86311
0.47949
0.790265
0.712989
0.419406
0.198878
0.319925
0.285774
0.416409
0.537796
0.220464
0.602973
0.478131
0.647926
0.460665
0.489174
0.620263
0.208209
0.266374
0.480208
0.530744
0.531873
0.606065
0.21694
0.677411
0.490493
0.418218
0.594755
0.38175
0.746661
0.260554
0.435711
0.673598
0.681384
0.424476
0.532353
0.792362
0.671836
0.796319
0.369217
0.626165
0.519646
0.860317
0.160088
0.681071
0.349421
0.226453
0.54611
0.348321
0.691732
0.429673
0.381859
0.288336
0.234332
0.485175
0.493551
0.175958
0.369909
0.297831
0.62555
0.85225
0.188186
0.51201
0.49842
0.603897
0.454735
0.751417
0.483749
0.842076
0.388403
0.936797
0.35803
0.378424
0.193749
0.482651
0.429922
0.296509
0.824467
0.162406
0.542215
0.093009
0.348264
0.794736
0.531893
0.813563
0.553213
0.14203
0.188677
0.334067
0.580127
0.525277
0.0845145
0.738932
0.385028
0.147933
0.85345
0.423645
0.230326
0.484581
0.583405
0.599718
0.672835
0.828532
0.938374
0.30591
0.661316
0.705732
0.461621
0.330396
0.375729
0.850681
0.717443
0.624308
0.334943
0.803304
0.511151
0.337889
0.569156
0.924033
0.383904
0.536269
0.797835
0.737598
0.411092
0.952628
0.57349
0.504362
0.0399856
0.312347
0.746145
0.281259
0.284394
0.312474
0.872902
0.472713
0.551125
0.766646
0.841508
0.48518
0.705042
0.726379
0.496384
0.587254
0.686576
0.0654242
0.450099
0.440527
0.577555
0.0646549
0.532801
0.504713
0.468265
0.460754
0.476655
0.133798
0.810672
0.72273
0.95186
0.668268
0.649777
0.496093
0.465354
0.691765
0.207104
0.205269
0.402856
0.358765
0.747343
0.730665
0.139401
0.313192
0.491224
0.377522
0.66308
0.706144
0.5447
0.529511
0.551219
0.684185
0.396573
0.430797
0.407755
0.457947
0.493713
0.466083
0.51511
0.174069
0.235057
0.608906
0.473389
0.301771
0.932612
0.884275
0.494258
0.608651
0.8697
0.242482
0.7864
0.538567
0.543738
0.166739
0.613954
0.417758
0.512851
0.638026
0.128909
0.403629
0.472669
0.756382
0.472918
0.453908
0.271689
0.368569
0.41356
0.332171
0.530586
0.477913
0.924591
0.779005
0.362932
0.512819
0.139254
0.466359
0.901778
0.70631
0.500273
0.715928
0.418601
0.38967
0.699656
0.200671
0.778145
0.429087
0.645982
0.961881
0.804726
0.334947
0.716375
0.562461
0.342576
0.749234
0.444905
0.560391
0.87487
0.567259
0.568663
0.224606
0.523078
0.375711
0.497326
0.528823
0.580335
0.189846
0.291529
0.447108
0.43954
0.648356
0.629896
0.438283
0.858942
0.375282
0.514139
0.744522
0.464987
0.144103
0.606122
0.742796
0.724239
0.279912
0.610366
0.576093
0.323221
0.411366
0.509956
0.654619
0.477038
0.234906
0.733383
0.355475
0.64471
0.379474
0.474353
0.36258
0.461125
0.260796
0.406154
0.576899
0.902602
0.49003
0.426672
0.3903
0.285047
0.452378
0.339716
0.354672
0.650744
0.59707
0.522802
0.891187
0.431835
0.780842
0.151116
0.67289
0.48558
0.682894
0.44188
0.17708
0.178537
0.360023
0.152882
0.642219
0.153792
0.436449
0.713483
0.777394
0.747447
0.723632
0.385902
0.560637
0.227578
0.741127
0.749164
0.325675
0.610896
0.660352
0.567584
0.575006
0.769427
0.618877
0.750208
0.0704099
0.871479
0.653669
0.127179
0.240353
0.408273
0.677474
0.163485
0.306985
0.6396
0.473312
0.500133
0.273717
0.748898
0.60785
0.357271
0.527661
0.330209
0.465183
0.35335
0.299471
0.536462
0.278343
0.188922
0.586441
0.800596
0.586646
0.413234
0.882956
0.498041
0.472743
0.636259
0.675705
0.751132
0.234054
0.568396
0.649333
0.283036
0.819017
0.664554
0.411488
0.810821
0.409386
0.418887
0.284508
0.424333
0.45558
0.500988
0.324272
0.22954
0.772871
0.443845
0.715013
0.742096
0.481987
0.488451
0.552179
0.598844
0.128471
0.459421
0.263719
0.112056
0.240933
0.690566
0.533422
0.523216
0.389107
0.538864
0.578256
0.520183
0.478412
0.419806
0.494905
0.163623
0.568485
0.566645
0.129005
0.3256
0.428944
0.360582
0.533837
0.575268
0.346424
0.0984767
0.573554
0.153637
0.372705
0.459179
0.589243
0.261403
0.754527
0.699132
0.784479
0.840877
0.211474
0.752411
0.100234
0.36508
0.529103
0.929906
0.837335
0.354082
0.610242
0.306872
0.647932
0.420724
0.678196
0.157622
0.255716
0.604871
0.251373
0.440656
0.3779
0.587385
0.809596
0.857042
0.810285
0.58203
0.748196
0.899428
0.499975
0.285565
0.766717
0.578555
0.668625
0.22331
0.26488
0.658707
0.662359
0.659474
0.619206
0.253036
0.692793
0.448619
0.3895
0.524256
0.496863
0.786608
0.555171
0.505723
0.181463
0.776456
0.307142
0.70243
0.632157
0.0565156
0.721888
0.151016
0.853517
0.44547
0.819931
0.51238
0.471926
0.640625
0.561872
0.54005
0.869966
0.963032
0.760865
0.911974
0.534778
0.475014
0.191182
0.432931
0.691081
0.50267
0.348316
0.00931111
0.652809
0.677995
0.366848
0.567503
0.565601
0.572267
0.528085
0.731712
0.325678
0.324385
0.590264
0.0965205
0.448895
0.87488
0.349874
0.824049
0.527073
0.498344
0.393465
0.565114
0.646955
0.284063
0.425065
0.848301
0.760452
0.546654
0.355123
0.600402
0.483097
0.855568
0.512668
0.356204
0.660919
0.454308
0.393165
0.485143
0.284236
0.297294
0.780318
0.906868
0.440122
0.76429
0.880869
0.787293
0.483623
0.819369
0.287197
0.601246
0.47104
0.463422
0.633332
0.717352
0.636906
0.786227
0.735755
0.305321
0.809545
0.256151
0.31116
0.385355
0.648402
0.592569
0.539103
0.233883
0.449596
0.64814
0.788284
0.629414
0.504442
0.185068
0.250956
0.566788
0.608959
0.761565
0.530753
0.587656
0.310677
0.65171
0.405004
0.769553
0.342315
0.803966
0.53339
0.185444
0.430211
0.30063
0.31057
0.290176
0.778639
0.612534
0.361187
0.209768
0.519444
0.650327
0.351457
0.304052
0.779717
0.695726
0.342308
0.642651
0.758484
0.253133
0.334832
0.678857
0.316688
0.194056
0.459583
0.425482
0.573027
0.773805
0.437042
0.831283
0.861468
0.181956
0.487356
0.826119
0.644561
0.745122
0.29322
0.647485
0.589952
0.232579
0.420576
0.580654
0.50577
0.422359
0.777573
0.639132
0.693851
0.667413
0.742998
0.481714
0.518032
0.658513
0.521216
0.506924
0.598054
0.412581
0.581367
0.585168
0.527856
0.222151
0.714429
0.28346
0.380372
0.883718
0.292466
0.707115
0.499161
0.479767
0.740213
0.227317
0.69056
0.321269
0.5299
0.383033
0.418252
0.364513
0.186019
0.640236
0.465479
0.498121
0.337494
0.960964
0.268385
0.553181
0.280531
0.279268
0.237268
0.721407
0.81617
0.5006
0.370778
0.273313
0.802365
0.535778
0.831419
0.550389
0.411193
0.650155
0.888955
0.162314
0.507571
0.553156
0.751616
0.652269
0.866647
0.172901
0.2933
0.600437
0.12281
0.455134
0.548211
0.217821
0.394032
0.295229
0.0826846
0.939529
0.951078
0.35657
0.467226
0.858714
0.601834
0.548123
0.560053
0.0493936
0.136855
0.828575
0.676743
0.408389
0.732965
0.273913
0.458839
0.103665
0.637549
0.48987
0.367564
0.54839
0.756942
0.470195
0.717083
0.527051
0.44812
0.396224
0.525006
0.681999
0.363664
0.642771
0.696136
0.525835
0.625748
0.399878
0.668728
0.477063
0.405695
0.33951
0.140814
0.123496
0.161426
0.650802
0.357435
0.499887
0.335889
0.536984
0.677883
0.623343
0.245356
0.411682
0.755362
0.362064
0.687262
0.551766
0.649748
0.420013
0.473009
0.358501
0.557392
0.802125
0.641976
0.148258
0.580228
0.581733
0.538744
0.538581
0.569695
0.123871
0.736305
0.514932
0.569279
0.625197
0.463848
0.157986
0.742762
0.413271
0.74846
0.78085
0.413548
0.404959
0.40587
0.870137
0.453701
0.455806
0.316161
0.744345
0.749639
0.539186
0.596134
0.23752
0.834681
0.776123
0.330808
0.48573
0.51695
0.793681
0.452301
0.538372
0.44439
0.72187
0.655146
0.535923
0.53697
0.346017
0.412849
0.590208
0.579387
0.513616
0.71129
0.772852
0.505906
0.851685
0.54036
0.262071
0.522221
0.682688
0.485983
0.217513
0.697515
0.234112
0.440475
0.847375
0.0231926
0.318836
0.49997
0.401569
0.173011
0.120431
0.543401
0.469222
0.812636
0.549587
0.288354
0.978353
0.794937
0.844885
0.294836
0.190064
0.440588
0.673156
0.43882
0.749156
0.341859
0.441721
0.803203
0.497579
0.24073
0.366803
0.734583
0.27667
0.520767
0.549475
0.490049
0.338658
0.715467
0.392503
0.448963
0.257469
0.674058
0.648496
0.290495
0.873345
0.639033
0.721803
0.338435
0.825394
0.477971
0.553607
0.450615
0.620635
0.675476
0.501747
0.881041
0.957723
0.929355
0.58376
0.468603
0.167987
0.308426
0.283739
0.307047
0.156002
0.417642
0.330573
0.726628
0.616434
0.37949
0.437217
0.4687
0.573401
0.678897
0.44762
0.860222
0.433168
0.532178
0.670026
0.0959816
0.260489
0.428825
0.382341
0.912107
0.383461
0.358214
0.57734
0.485213
0.70128
0.97161
0.472463
0.817312
0.713815
0.543112
0.641043
0.167407
0.311453
0.581456
0.828788
0.766462
0.758207
0.807906
0.601404
0.603219
0.570588
0.953709
0.426246
0.494124
0.6393
0.443887
0.62296
0.451397
0.460322
0.522434
0.32506
0.53907
0.736503
0.737234
0.17645
0.457585
0.380285
0.441326
0.443923
0.523343
0.0927526
0.580417
0.558692
0.510364
0.71369
0.524816
0.807051
0.496994
0.931889
0.567242
0.472284
0.411405
0.714466
0.446269
0.686985
0.395367
0.458499
0.868407
0.586975
0.406609
0.387788
0.490132
0.565019
0.155813
0.112115
0.684459
0.50462
0.525109
0.535896
0.154907
0.331136
0.540697
0.447622
0.573014
0.549565
0.773004
0.641074
0.403836
0.645313
0.713582
0.313768
0.447121
0.306343
0.22871
0.257659
0.360168
0.882085
0.615463
0.501646
0.54164
0.82657
0.586792
0.084956
0.743871
0.580233
0.68792
0.535015
0.644521
0.426897
0.697165
0.892943
0.346682
0.31947
0.490073
0.77435
0.38984
0.499903
0.646519
0.472629
0.342362
0.446014
0.256215
0.506481
0.409486
0.259803
0.428869
0.782944
0.229028
0.568901
0.440983
0.191706
0.640361
0.34485
0.252084
0.466045
0.70044
0.248934
0.798965
0.540248
0.583976
0.698295
0.527274
0.402895
0.743122
0.802132
0.545595
0.589936
0.81531
0.649786
0.587922
0.481007
0.256183
0.63955
0.646232
0.956977
0.537814
0.619088
0.185622
0.746222
0.490721
0.565359
0.280279
0.431702
0.981435
0.363988
0.309304
0.610387
0.605684
0.45505
0.527232
0.591159
0.440529
0.694265
0.374821
0.286826
0.637057
0.235638
0.821523
0.600419
0.748543
0.573599
0.33177
0.625465
0.177252
0.0897437
0.223042
0.374488
0.486339
0.531294
0.734429
0.519486
0.561591
0.305431
0.550202
0.272685
0.221036
0.805696
0.323676
0.5554
0.358724
0.693666
0.422435
0.497361
0.572247
0.141166
0.666772
0.0783896
0.961897
0.495281
0.758978
0.368849
0.402576
0.660499
0.40188
0.344823
0.0779107
0.699313
0.280842
0.6485
0.429268
0.734659
0.63419
0.433789
0.410668
0.694601
0.562821
0.581696
0.553869
0.271694
0.53054
0.089553
0.83617
0.176498
0.682434
0.832704
0.20678
0.84673
0.159394
0.666782
0.865849
0.2306
0.512658
0.483256
0.503583
0.594888
0.623049
0.850441
0.695099
0.515338
0.705337
0.266719
0.51
0.289028
0.528966
0.822215
0.133892
0.46533
0.412143
0.209743
0.912382
0.524181
0.847079
0.545338
0.21635
0.43736
0.289958
0.353242
0.890582
0.430535
0.69997
0.339715
0.286139
0.720852
0.337556
0.724615
0.490094
0.336875
0.632772
0.419186
0.35458
0.834732
0.610456
0.233041
0.790346
0.306328
0.409695
0.562844
0.528328
0.532534
0.360827
0.159762
0.665994
0.466298
0.384031
0.592238
0.803517
0.43763
0.649318
0.415204
0.438125
0.554471
0.488522
0.32638
0.523226
0.730473
0.475681
0.734818
0.712218
0.602753
0.892961
0.686398
0.795157
0.309709
0.475074
0.485518
0.199746
0.681029
0.375913
0.121724
0.166386
0.349041
0.22691
0.254594
0.320304
0.122602
0.457412
0.529693
0.852078
0.671724
0.72313
0.392961
0.881123
0.153208
0.339529
0.840424
0.815025
0.364555
0.542774
0.684642
0.130854
0.845461
0.201665
0.43886
0.492891
0.553252
0.279729
0.814332
0.48449
0.320619
0.39747
0.595839
0.470038
0.261071
0.27052
0.304944
0.216318
0.119533
0.600232
0.580071
0.890806
0.77256
0.169034
0.596996
0.417747
0.664668
0.443643
0.622911
0.411123
0.42431
0.415031
0.441719
0.516914
0.235056
0.704787
0.407769
0.485324
0.244583
0.14334
0.27976
0.156935
0.876071
0.576251
0.256076
0.285041
0.363697
0.580597
0.77736
0.229662
0.165883
0.574216
0.681639
0.547061
0.617032
0.476408
0.191871
0.361843
0.760491
0.129411
0.485293
0.646999
0.262539
0.115815
0.2385
0.650546
0.639182
0.407802
0.0617018
0.19569
0.73463
0.459927
0.130143
0.444725
0.472309
0.407895
0.590198
0.955152
0.856316
0.46161
0.462194
0.469804
0.533263
0.381522
0.281528
0.37101
0.431471
0.603094
0.614199
0.592155
0.576505
0.624993
0.852383
0.518242
0.139103
0.702382
0.340231
0.520342
0.603535
0.687479
0.399585
0.257141
0.151499
0.53533
0.219855
0.240006
0.438681
0.54351
0.845806
0.896347
0.898119
0.320279
0.141573
0.479271
0.536575
0.276458
0.128702
0.659843
0.397122
0.61211
0.490609
0.501542
0.443194
0.319879
0.305318
0.754771
0.576391
0.652596
0.212915
0.522569
0.332337
0.303598
0.243664
0.836962
0.505939
0.723927
0.427273
0.0486516
0.539425
0.551399
0.573316
0.171042
0.463559
0.552292
0.25737
0.432869
0.514477
0.277203
0.0669288
0.781995
0.255607
0.808373
0.555716
0.446194
0.616166
0.526608
0.624529
0.395052
0.714787
0.251646
0.691284
0.660377
0.168803
0.410666
0.532471
0.96079
0.296814
0.565353
0.572744
0.439476
0.704138
0.17877
0.66892
0.562309
0.697819
0.429023
0.57917
0.336902
0.309855
0.177525
0.827748
0.501362
0.414396
0.875416
0.570093
0.194853
0.506626
0.74249
0.332714
0.86032
0.66814
0.478771
0.14677
0.243025
0.575607
0.569641
0.613795
0.836836
0.116567
0.421219
0.336557
0.493455
0.258247
0.61346
0.417559
0.148097
0.272282
0.48425
0.372241
0.228387
0.750291
0.558501
0.32344
0.801521
0.552277
0.512107
0.238234
0.378034
0.911839
0.411321
0.237801
0.528792
0.379234
0.393971
0.655469
0.585098
0.615353
0.259648
0.53765
0.680098
0.756696
0.611828
0.676905
0.752943
0.153474
0.745656
0.535892
0.375449
0.739998
0.400877
0.5655
0.374279
0.628529
0.800233
0.439994
0.709948
0.724822
0.569367
0.626527
0.937238
0.245601
0.685104
0.47592
0.309892
0.975253
0.524732
0.66611
0.705723
0.431045
0.389696
0.349241
0.536585
0.813215
0.552901
0.747862
0.670897
0.198308
0.429606
0.215263
0.134724
0.391155
0.897651
0.419484
0.470685
0.682947
0.0935677
0.330075
0.622237
0.469856
0.686891
0.581221
0.574177
0.768711
0.685766
0.554371
0.718466
0.623255
0.752741
0.16803
0.527792
0.726553
0.8104
0.381938
0.107533
0.292129
0.392287
0.317345
0.560087
0.788471
0.245346
0.16467
0.333809
0.608546
0.615879
0.194317
0.342084
0.0780268
0.451817
0.705997
0.126322
0.41293
0.429865
0.146397
0.199988
0.819433
0.266879
0.894593
0.449001
0.885636
0.200606
0.359135
0.0771758
0.747084
0.325698
0.55024
0.573623
0.2149
0.146686
0.685088
0.542321
0.637391
0.760412
0.653735
0.472347
0.223039
0.506151
0.817682
0.640546
0.384817
0.722476
0.63269
0.32669
0.372783
0.425684
0.481931
0.884455
0.543973
0.775374
0.375132
0.449846
0.575602
0.618576
0.313874
0.681948
0.259649
0.704571
0.642748
0.419205
0.223913
0.33837
0.600607
0.497664
0.506664
0.291565
0.55567
0.215947
0.869044
0.215053
0.552785
0.544951
0.0614079
0.59894
0.320665
0.668602
0.466817
0.500673
0.281471
0.305226
0.62694
0.813269
0.374612
0.497429
0.112635
0.771257
0.651205
0.671601
0.533533
0.692759
0.11513
0.256508
0.187951
0.131897
0.18117
0.513652
0.436531
0.166503
0.390252
0.470408
0.339984
0.471891
0.666328
0.460208
0.933397
0.632224
0.91899
0.762314
0.216561
0.816805
0.690399
0.697032
0.521818
0.499376
0.314699
0.270474
0.377965
0.324332
0.702564
0.576263
0.820763
0.524483
0.883091
0.149867
0.807659
0.470832
0.829767
0.334514
0.47634
0.485586
0.366781
0.455938
0.443761
0.475407
0.596475
0.716472
0.174358
0.242685
0.808249
0.707293
0.653142
0.508417
0.223802
0.300904
0.681438
0.73103
0.703076
0.424224
0.570035
0.731283
0.179836
0.325921
0.836577
0.434162
0.615342
0.439938
0.721015
0.714466
0.153075
0.310391
0.415018
0.383552
0.927062
0.281368
0.358228
0.280498
0.620823
0.768365
0.78631
0.231734
0.393523
0.916438
0.422756
0.318934
0.184443
0.813398
0.288441
0.445802
0.176406
0.664656
0.559975
0.620103
0.843322
0.449637
0.239894
0.668133
0.526569
0.567916
0.108796
0.774536
0.379432
0.846555
0.511538
0.791233
0.788362
0.0183762
0.486655
0.684937
0.524368
0.894192
0.580188
0.293561
0.397346
0.440297
0.392131
0.737583
0.580726
0.835804
0.985749
0.383217
0.543305
0.822703
0.747063
0.680022
0.669705
0.274766
0.61378
0.496367
0.670402
0.399756
0.30005
0.251941
0.276801
0.352624
0.225389
0.697281
0.486385
0.275703
0.8132
0.116088
0.767476
0.395164
0.656309
0.526851
0.652685
0.291285
0.254
0.636114
0.544667
0.323376
0.607037
0.846478
0.827308
0.428469
0.414201
0.548219
0.520026
0.626176
0.445919
0.224191
0.232384
0.55039
0.377564
0.57346
0.570744
0.691785
0.447047
0.409878
0.418241
0.273372
0.258375
0.517626
0.65385
0.294612
0.38484
0.446501
0.895899
0.267906
0.632571
0.405519
0.249862
0.534539
0.407196
0.464181
0.30984
0.28545
0.58338
0.696545
0.307646
0.525468
0.609082
0.204005
0.322935
0.707946
0.283331
0.628476
0.362384
0.630012
0.228438
0.818461
0.385411
0.416908
0.534518
0.736259
0.498503
0.537209
0.38627
0.495344
0.559716
0.278968
0.188991
0.0927483
0.329455
0.480118
0.292805
0.452033
0.573182
0.544754
0.371152
0.318243
0.666216
0.890191
0.341592
0.347002
0.77033
0.957969
0.424021
0.40569
0.546379
0.285284
0.513412
0.15544
0.136718
0.371555
0.501258
0.908442
0.29572
0.688188
0.511878
0.555862
0.0661966
0.167806
0.226818
0.537433
0.294111
0.372551
0.552602
0.374574
0.543443
0.779317
0.844093
0.214662
0.11765
0.233065
0.727799
0.634883
0.413659
0.107637
0.276446
0.129842
0.228888
0.576801
0.368208
0.757913
0.411299
0.636496
0.520989
0.347099
0.387031
0.632559
0.324199
0.461907
0.619704
0.536495
0.797489
0.508601
0.449977
0.0751076
0.587946
0.406892
0.0335251
0.558123
0.374277
0.181979
0.240087
0.361197
0.678543
0.631583
0.8958
0.509979
0.493036
0.898426
0.645544
0.674209
0.211926
0.82939
0.481565
0.61907
0.814332
0.928339
0.12918
0.77433
0.577496
0.510422
0.499873
0.570074
0.805789
0.341396
0.316658
0.551112
0.643294
0.596346
0.786096
0.520424
0.494744
0.397918
0.335867
0.575301
0.411625
0.49498
0.456388
0.388097
0.507298
0.318415
0.0794151
0.446814
0.546994
0.701505
0.19618
0.708995
0.815611
0.47818
0.562093
0.235726
0.198227
0.473157
0.854579
0.860764
0.115319
0.573798
0.545183
0.313156
0.536662
0.624281
0.516554
0.449954
0.254965
0.308465
0.0994943
0.868915
0.432278
0.488625
0.724782
0.659384
0.139294
0.642977
0.278981
0.9128
0.689637
0.595744
0.523023
0.352582
0.528314
0.15926
0.576844
0.556405
0.265514
0.608387
0.492907
0.732182
0.653966
0.58334
0.335973
0.372325
0.8901
0.567747
0.456001
0.349156
0.576315
0.514594
0.785607
0.627624
0.513632
0.49345
0.513033
0.25974
0.701104
0.908189
0.376097
0.188454
0.500344
0.385155
0.592158
0.126955
0.380569
0.357562
0.58363
0.89268
0.491613
0.672634
0.67812
0.0635673
0.519371
0.223827
0.35681
0.687407
0.360157
0.661221
0.394207
0.513392
0.607541
0.658976
0.376949
0.828273
0.677183
0.519495
0.608857
0.467794
0.602297
0.569764
0.303964
0.437376
0.114342
0.356071
0.238804
0.314271
0.0806083
0.569131
0.679733
0.716734
0.70238
0.932384
0.420626
0.613993
0.584396
0.462056
0.160806
0.614122
0.368351
0.558324
0.722582
0.105169
0.580229
0.812707
0.252336
0.738188
0.673265
0.217621
0.068599
0.729121
0.455397
0.139764
0.715099
0.819705
0.672058
0.469829
0.546303
0.475939
0.472239
0.786791
0.817493
0.515843
0.317743
0.675804
0.770951
0.84659
0.602598
0.514536
0.604374
0.354333
0.331638
0.593537
0.477143
0.228351
0.664274
0.862022
0.354624
0.614399
0.961518
0.391232
0.510205
0.48046
0.181356
0.32332
0.899301
0.441335
0.549592
0.124487
0.889091
0.526837
0.390312
0.386866
0.472275
0.491592
0.332168
0.224464
0.612701
0.252762
0.313692
0.484201
0.765193
0.405267
0.392879
0.543924
0.881483
0.502384
0.323348
0.395013
0.358679
0.402853
0.691352
0.507993
0.906188
0.473936
0.615022
0.655354
0.201622
0.303133
0.589186
0.416542
0.47566
0.309532
0.516187
0.515898
0.310439
0.259095
0.79513
0.445054
0.45554
0.176408
0.549021
0.497135
0.360178
0.508736
0.651312
0.390849
0.389742
0.136511
0.170369
0.588351
0.339346
0.437632
0.182421
0.211549
0.3766
0.601276
0.610602
0.63729
0.440334
0.750157
0.82969
0.402655
0.391537
0.168496
0.233209
0.477366
0.357308
0.546212
0.791579
0.761103
0.228149
0.638137
0.337027
0.839288
0.66345
0.600352
0.393018
0.0816929
0.229571
0.00399103
0.822972
0.594001
0.939418
0.64018
0.405092
0.333242
0.481997
0.218028
0.647139
0.873783
0.824898
0.420879
0.237032
0.861359
0.642242
0.524332
0.482168
0.118402
0.665136
0.392769
0.422412
0.664697
0.0712022
0.159492
0.50872
0.593196
0.424306
0.258749
0.82139
0.291576
0.445104
0.71632
0.758973
0.425946
0.537603
0.218512
0.460908
0.403833
0.516412
0.967779
0.433976
0.209429
0.373935
0.696401
0.434689
0.554789
0.196266
0.447982
0.616774
0.216516
0.481078
0.349779
0.28494
0.2282
0.630332
0.587161
0.803144
0.274696
0.285181
0.1548
0.787604
0.685075
0.439929
0.697448
0.671842
0.346899
0.416495
0.86644
0.0630639
0.665217
0.300319
0.106377
0.516225
0.865488
0.333193
0.14967
0.934152
0.490392
0.528034
0.734957
0.759125
0.366307
0.415157
0.678655
0.453357
0.61597
0.849099
0.417203
0.472846
0.969651
0.699625
0.500836
0.521084
0.677939
0.52005
0.757996
0.32617
0.255027
0.430541
0.462786
0.51687
0.582145
0.473607
0.326147
0.380237
0.576602
0.593513
0.494705
0.365397
0.682651
0.660875
0.479547
0.655172
0.366189
0.608237
0.550435
0.459207
0.596079
0.76196
0.119265
0.389346
0.470662
0.850268
0.499864
0.359975
0.698813
0.436864
0.169478
0.413138
0.570669
0.17401
0.770606
0.200224
0.853941
0.288544
0.58011
0.559069
0.727515
0.608805
0.535809
0.707353
0.414803
0.709991
0.149044
0.530192
0.605105
0.399986
0.244996
0.271858
0.552032
0.787236
0.460797
0.148608
0.413794
0.566788
0.794789
0.481608
0.450954
0.430123
0.73852
0.405986
0.623051
0.148963
0.636405
0.0440771
0.42622
0.402747
0.906202
0.237956
0.489789
0.314008
0.616789
0.518372
0.500553
0.425428
0.15796
0.444255
0.449246
0.496849
0.350275
0.778962
0.494486
0.520085
0.831276
0.676503
0.915286
0.74388
0.417627
0.632971
0.17395
0.770905
0.881075
0.91548
0.53701
0.433221
0.689357
0.512905
0.502609
0.672154
0.751494
0.359775
0.458524
0.543066
0.570179
0.166695
0.545802
0.735039
0.942245
0.147692
0.628772
0.640014
0.46149
0.766935
0.572968
0.525466
0.566421
0.834284
0.70828
0.259227
0.738731
0.361178
0.905439
0.304584
0.196645
0.545384
0.61971
0.348331
0.540525
0.585174
0.556466
0.443988
0.296409
0.730518
0.289078
0.446894
0.666453
0.560923
0.210355
0.787461
0.0335069
0.436566
0.12453
0.273382
0.880353
0.401414
0.587592
0.631109
0.272414
0.524049
0.279529
0.391467
0.416003
0.743935
0.242826
0.493797
0.542498
0.747927
0.747359
0.627542
0.482077
0.733815
0.342594
0.349731
0.278941
0.624761
0.333785
0.411343
0.563247
0.380487
0.469649
0.495075
0.13323
0.508138
0.554772
0.711539
0.814293
0.707736
0.500783
0.720486
0.650115
0.294214
0.506126
0.738161
0.344116
0.620012
0.605007
0.461416
0.607889
0.679269
0.251933
0.0837654
0.686508
0.406685
0.408966
0.598085
0.318874
0.891127
0.778671
0.475177
0.754576
0.806113
0.376465
0.0769822
0.686993
0.816337
0.561874
0.807716
0.575674
0.551399
0.448992
0.525777
0.819288
0.444981
0.292213
0.633764
0.103733
0.319709
0.494082
0.533511
0.488275
0.554976
0.307888
0.777549
0.405856
0.507041
0.608438
0.267949
0.242003
0.55776
0.280178
0.748034
0.520055
0.750294
0.322652
0.601967
0.458688
0.427231
0.699055
0.621769
0.781013
0.618535
0.254412
0.42084
0.642812
0.633804
0.705709
0.56759
0.410726
0.395329
0.757075
0.282324
0.259538
0.505483
0.818885
0.685044
0.670921
0.374009
0.610475
0.601384
0.404347
0.437795
0.601879
0.828399
0.374117
0.587757
0.300841
0.531469
0.10474
0.374491
0.317096
0.588137
0.5502
0.396378
0.436703
0.21418
0.550903
0.480862
0.615022
0.601787
0.565392
0.351641
0.347655
0.569234
0.552201
0.431565
0.304505
0.365973
0.490487
0.763047
0.412861
0.296581
0.516376
0.73482
0.751197
0.22157
0.51523
0.385931
0.666168
0.762552
0.748325
0.514863
0.451057
0.68382
0.205715
0.653734
0.724707
0.441917
0.365335
0.674524
0.82577
0.289298
0.401675
0.376352
0.587853
0.0877312
0.625647
0.359808
0.286968
0.131602
0.550536
0.326422
0.353424
0.800831
0.46722
0.148353
0.616125
0.757631
0.775116
0.635419
0.39799
0.17087
0.0535878
0.383638
0.207
0.59634
0.471848
0.421444
0.568169
0.660755
0.623656
0.57682
0.7175
0.591837
0.736383
0.570577
0.429783
0.406378
0.442338
0.298073
0.677854
0.712705
0.41347
0.593673
0.621753
0.603494
0.648898
0.479303
0.101945
0.509416
0.567974
0.480464
0.361604
0.153639
0.299863
0.550115
0.648701
0.391715
0.673918
0.47286
0.64945
0.740951
0.903404
0.328908
0.380408
0.797852
0.818407
0.679305
0.717355
0.511784
0.742036
0.590967
0.66482
0.927536
0.717329
0.45208
0.270917
0.528966
0.780528
0.735445
0.767945
0.210481
0.839693
0.449419
0.569966
0.172604
0.455893
0.473078
0.684377
0.682426
0.43749
0.304311
0.895254
0.159285
0.146334
0.456545
0.752054
0.440498
0.77794
0.821868
0.448002
0.351572
0.616017
0.775315
0.598318
0.849795
0.375009
0.627135
0.229182
0.529651
0.73255
0.236885
0.464138
0.673071
0.517074
0.185214
0.445412
0.797008
0.754044
0.356258
0.453396
0.795387
0.887596
0.115569
0.488342
0.292024
0.482629
0.475554
0.254085
0.715602
0.575694
0.222412
0.534392
0.377348
0.581295
0.435622
0.378315
0.476598
0.273482
0.163012
0.311731
0.478925
0.350946
0.22153
0.467983
0.706089
0.457047
0.675826
0.581374
0.746561
0.26453
0.503803
0.713004
0.439909
0.347952
0.290323
0.37925
0.207898
0.555121
0.497293
0.428952
0.899636
0.452125
0.440365
0.0661479
0.0876686
0.654836
0.559548
0.341013
0.396447
0.473014
0.903029
0.232385
0.464109
0.281456
0.450557
0.621102
0.533066
0.395893
0.48475
0.504098
0.934409
0.469626
0.17575
0.225037
0.375675
0.540179
0.376644
0.298011
0.461062
0.343511
0.834125
0.576625
0.267681
0.376641
0.600903
0.571571
0.0710102
0.42778
0.393373
0.145564
0.457199
0.406383
0.470126
0.115318
0.579438
0.293796
0.81388
0.465998
0.710128
0.398458
0.481462
0.434366
0.510101
0.337892
0.443491
0.142644
0.580706
0.783017
0.567452
0.26587
0.384068
0.488589
0.604885
0.391321
0.511401
0.496832
0.625422
0.779354
0.548739
0.639659
0.797467
0.660792
0.434029
0.578099
0.747325
0.506778
0.219024
0.105881
0.935623
0.382776
0.543965
0.807377
0.571895
0.549213
0.402563
0.398386
0.545242
0.397005
0.419329
0.691551
0.680992
0.607007
0.880836
0.616448
0.34035
0.0982126
0.657007
0.587681
0.462006
0.880302
0.418077
0.252615
0.101759
0.351913
0.197407
0.263623
0.358206
0.886804
0.369833
0.20804
0.779583
0.225858
0.509803
0.192287
0.428902
0.743645
0.363057
0.314888
0.741511
0.584048
0.310146
0.376422
0.641295
0.460251
0.719616
0.162706
0.588707
0.590153
0.483227
0.500786
0.315895
0.789053
0.295076
0.52562
0.461207
0.167247
0.381063
0.708584
0.647371
0.180946
0.404646
0.187235
0.254704
0.960708
0.669367
0.79905
0.222726
0.392359
0.508161
0.960116
0.670571
0.351169
0.394004
0.643052
0.458651
0.290804
0.825964
0.196726
0.52102
0.564393
0.439278
0.613578
0.379954
0.405792
0.557578
0.588693
0.211263
0.424945
0.549952
0.327999
0.160915
0.771986
0.375033
0.551282
0.820542
0.800543
0.0888544
0.498972
0.35147
0.611461
0.36273
0.489945
0.203923
0.783951
0.701963
0.690859
0.210077
0.401955
0.575706
0.745831
0.536706
0.659299
0.56283
0.77854
0.565141
0.377976
0.388192
0.51712
0.223344
0.699703
0.36823
0.405493
0.626892
0.511652
0.80432
0.553068
0.592734
0.343059
0.756902
0.238018
0.671567
0.520186
0.402867
0.417627
0.801767
0.792882
0.823265
0.812477
0.519784
0.446801
0.58791
0.119526
0.368992
0.591073
0.397978
0.772425
0.730979
0.862047
0.81726
0.905672
0.760301
0.209481
0.767217
0.792514
0.43579
0.232339
0.480557
0.51477
0.448471
0.207144
0.502554
0.486034
0.728246
0.502614
0.598892
0.688009
0.868472
0.500075
0.573303
0.592975
0.539648
0.439967
0.517851
0.233715
0.690396
0.290471
0.91321
0.245477
0.41602
0.285154
0.765824
0.442826
0.33189
0.202223
0.11337
0.607556
0.120991
0.258829
0.249487
0.652074
0.631962
0.669602
0.913234
0.685966
0.485999
0.469392
0.458312
0.25175
0.608046
0.625986
0.661587
0.609075
0.429679
0.76932
0.849983
0.434921
0.718187
0.539522
0.419374
0.670646
0.568317
0.606871
0.588594
0.48498
0.550234
0.342576
0.376248
0.435375
0.839248
0.420009
0.307518
0.398394
0.359903
0.801864
0.252709
0.703074
0.559057
0.619451
0.568788
0.639542
0.379598
0.37613
0.359717
0.628372
0.338488
0.707695
0.190906
0.824504
0.319857
0.108244
0.487649
0.292812
0.275893
0.580916
0.616924
0.630674
0.485299
0.598607
0.296482
0.0262091
0.351146
0.0605876
0.494685
0.229089
0.92695
0.106718
0.379061
0.274158
0.441852
0.701725
0.641102
0.536329
0.552815
0.827806
0.169349
0.808551
0.383755
0.424607
0.562337
0.582878
0.61859
0.391369
0.367514
0.577996
0.497207
0.516869
0.70177
0.29481
0.520359
0.628522
0.553746
0.494995
0.50158
0.552817
0.587627
0.485686
0.311182
0.655017
0.662657
0.456771
0.239488
0.276869
0.552131
0.855525
0.363426
0.31681
0.490165
0.396608
0.632701
0.497974
0.694075
0.293734
0.59873
0.545054
0.404714
0.162588
0.291624
0.54189
0.256669
0.282868
0.207465
0.667388
0.434721
0.520591
0.700214
0.308209
0.592547
0.700093
0.279575
0.722404
0.904114
0.0784402
0.398209
0.478981
0.38781
0.81323
0.768672
0.324157
0.787841
0.428066
0.0825545
0.425832
0.816973
0.768254
0.711251
0.623606
0.459232
0.802558
0.549886
0.362442
0.800699
0.365126
0.622914
0.413848
0.501071
0.544991
0.401956
0.289257
0.538189
0.418822
0.493468
0.426028
0.25227
0.185886
0.43587
0.277315
0.486105
0.502454
0.802774
0.362797
0.762016
0.426196
0.64102
0.638059
0.455905
0.369335
0.479223
0.716197
0.323254
0.82268
0.224578
0.526003
0.501454
0.350878
0.722719
0.916841
0.257402
0.472546
0.587426
0.52115
0.7688
0.0272067
0.614031
0.361265
0.622155
0.994238
0.672404
0.738006
0.479981
0.967333
0.432402
0.364338
0.514261
0.601234
0.106749
0.508088
0.722737
0.835801
0.603284
0.583586
0.639142
0.0657465
0.560598
0.682792
0.718011
0.162656
0.198076
0.462319
0.319241
0.869185
0.743422
0.603498
0.737105
0.57362
0.407736
0.738433
0.112955
0.336258
0.46029
0.785784
0.840368
0.277346
0.412146
0.565759
0.716047
0.549602
0.649805
0.364631
0.609292
0.106628
0.567107
0.794832
0.817401
0.341791
0.325623
0.347481
0.543898
0.410443
0.330834
0.459971
0.580997
0.661626
0.343393
0.722042
0.29727
0.0936942
0.851823
0.519517
0.425983
0.611556
0.415023
0.465695
0.419131
0.601537
0.63998
0.396134
0.776714
0.453125
0.792137
0.503392
0.780321
0.645161
0.242869
0.364021
0.454645
0.377305
0.540584
0.160919
0.85006
0.965898
0.348962
0.829936
0.383934
0.336605
0.827902
0.160381
0.497874
0.434539
0.239773
0.554881
0.782649
0.735809
0.645584
0.704818
0.492043
0.282733
0.512737
0.363348
0.511442
0.27825
0.888042
0.698794
0.866474
0.763329
0.496718
0.386978
0.251571
0.764457
0.710128
0.651847
0.327836
0.536569
0.28202
0.389524
0.684137
0.140085
0.585101
0.311687
0.374876
0.578962
0.786772
0.219991
0.842427
0.0899809
0.484906
0.573989
0.801748
0.41176
0.781572
0.440818
0.309216
0.475265
0.104642
0.715687
0.757263
0.445871
0.294247
0.677987
0.430922
0.410309
0.553091
0.498621
0.531919
0.740116
0.816627
0.739936
0.220484
0.276483
0.431196
0.190423
0.744587
0.469684
0.735184
0.552131
0.620824
0.469539
0.220344
0.549511
0.60073
0.401665
0.407433
0.454207
0.300795
0.677517
0.402344
0.321076
0.394037
0.674546
0.305957
0.406515
0.655462
0.48604
0.732964
0.290926
0.923329
0.678529
0.651928
0.65298
0.682611
0.107884
0.590915
0.444064
0.496634
0.33356
0.460014
0.887125
0.407351
0.533677
0.324144
0.774881
0.694287
0.561934
0.416531
0.468148
0.526687
0.400633
0.515316
0.295836
0.562946
0.252359
0.512728
0.733922
0.445939
0.376162
0.588365
0.291498
0.412381
0.512344
0.355067
0.457793
0.378884
0.353259
0.67798
0.364813
0.386933
0.505799
0.574385
0.496053
0.683486
0.254529
0.68391
0.322503
0.483495
0.672711
0.255808
0.17296
0.605108
0.741736
0.43195
0.946431
0.187912
0.627777
0.311288
0.450186
0.599058
0.627737
0.363504
0.19784
0.901654
0.534864
0.216649
0.427556
0.404366
0.287687
0.675575
0.401324
0.330654
0.254179
0.534998
0.221971
0.540651
0.366391
0.333077
0.455411
0.508178
0.559014
0.148402
0.771369
0.399958
0.578666
0.375337
0.61663
0.623599
0.218947
0.619683
0.610621
0.605445
0.899598
0.438655
0.903944
0.32896
0.74638
0.606216
0.166217
0.308786
0.441573
0.41681
0.670415
0.695196
0.603272
0.247608
0.616629
0.098173
0.314939
0.681376
0.888984
0.489877
0.164956
0.449124
0.365223
0.188789
0.269195
0.283729
0.699232
0.448377
0.737916
0.482742
0.672595
0.0676222
0.41157
0.560624
0.762009
0.710312
0.928384
0.327712
0.495206
0.764507
0.799865
0.565198
0.468793
0.593145
0.158655
0.172488
0.0771912
0.421258
0.206448
0.245302
0.552669
0.874818
0.627966
0.499917
0.842213
0.830769
0.350253
0.791012
0.64778
0.257296
0.514848
0.677548
0.132246
0.117971
0.393682
0.573214
0.844156
0.682892
0.717793
0.47495
0.340156
0.734498
0.501275
0.595116
0.284767
0.675256
0.431134
0.429901
0.482953
0.438956
0.25701
0.878586
0.851694
0.376884
0.353004
0.485335
0.262593
0.434656
0.237137
0.207175
0.48828
0.455053
0.822247
0.81891
0.161206
0.836704
0.535394
0.6477
0.204153
0.548023
0.681165
0.287085
0.61762
0.640299
0.537494
0.772279
0.309971
0.423409
0.160963
0.405564
0.83206
0.362133
0.241754
0.502663
0.428793
0.520578
0.586779
0.788
0.745896
0.0267652
0.42274
0.498774
0.830923
0.0489583
0.699169
0.464826
0.743315
0.669832
0.434809
0.513294
0.639128
0.314133
0.888918
0.504081
0.121791
0.529989
0.452417
0.634206
0.45108
0.943588
0.642059
0.856123
0.378228
0.601439
0.444063
0.837139
0.42592
0.183996
0.491974
0.844082
0.357656
0.218936
0.17676
0.269407
0.381799
0.441909
0.275448
0.221953
0.811345
0.347135
0.547895
0.687613
0.451291
0.239728
0.48955
0.222179
0.411222
0.746162
0.541355
0.47069
0.34153
0.258844
0.546223
0.514618
0.767462
0.685274
0.604794
0.130261
0.24597
0.641797
0.721458
0.498762
0.996123
0.376502
0.244927
0.74018
0.45462
0.225352
0.595909
0.35108
0.883712
0.300128
0.137703
0.20715
0.209653
0.376359
0.783856
0.749364
0.695542
0.593885
0.550257
0.304266
0.353238
0.602265
0.747361
0.195951
0.174772
0.677761
0.371498
0.889384
0.814498
0.608165
0.492506
0.361699
0.778985
0.786262
0.548217
0.230175
0.482436
0.472258
0.44459
0.372593
0.7012
0.58003
0.723587
0.857742
0.511741
0.611589
0.79915
0.460839
0.222176
0.508676
0.374932
0.870679
0.108318
0.709944
0.645698
0.402357
0.440894
0.0967099
0.747635
0.611444
0.341436
0.279785
0.161023
0.662505
0.430084
0.324444
0.382071
0.636919
0.529355
0.0300883
0.668959
0.671942
0.363678
0.775738
0.530419
0.405039
0.245322
0.711966
0.86348
0.65449
0.663065
0.724469
0.760259
0.599356
0.490802
0.613952
0.492001
0.928873
0.709011
0.831592
0.541797
0.513421
0.0828137
0.37881
0.295756
0.606207
0.666138
0.624677
0.615616
0.416853
0.302261
0.813762
0.504134
0.605116
0.46682
0.431788
0.437814
0.824971
0.850118
0.865989
0.679846
0.406355
0.501381
0.44158
0.499416
0.593871
0.158356
0.4353
0.711793
0.468805
0.561465
0.561503
0.816923
0.262815
0.102476
0.695826
0.252515
0.22872
0.583455
0.745961
0.890881
0.565802
0.662535
0.0986253
0.397103
0.604105
0.738819
0.466328
0.429342
0.53422
0.579527
0.227074
0.900425
0.926092
0.91825
0.494683
0.633091
0.612417
0.554002
0.176913
0.229577
0.219195
0.656483
0.673137
0.339521
0.208105
0.533802
0.632824
0.248396
0.752315
0.544659
0.340632
0.82202
0.599443
0.63777
0.813424
0.330937
0.282374
0.677114
0.589088
0.541751
0.120685
0.762339
0.45653
0.700784
0.412452
0.17947
0.520771
0.648704
0.54827
0.417837
0.516596
0.293054
0.486296
0.364892
0.67875
0.528884
0.609228
0.841423
0.74617
0.435992
0.441087
0.0653993
0.822333
0.694525
0.533772
0.433493
0.333266
0.649018
0.540329
0.685101
0.719346
0.314186
0.573953
0.564457
0.266521
0.354099
0.408742
0.522227
0.627129
0.679626
0.410263
0.298747
0.100006
0.297335
0.291035
0.406839
0.634133
0.406311
0.86804
0.582945
0.78957
0.477618
0.456425
0.201079
0.533984
0.164448
0.365574
0.444882
0.272596
0.379247
0.670784
0.208855
0.903897
0.237404
0.51577
0.250616
0.463038
0.305377
0.658298
0.541817
0.559302
0.704396
0.803253
0.566131
0.333615
0.609171
0.474483
0.488507
0.556578
0.544324
0.75879
0.670661
0.757041
0.619527
0.712477
0.433566
0.915748
0.457622
0.552894
0.768485
0.778159
0.558273
0.464436
0.87385
0.735022
0.702997
0.430503
0.4461
0.488866
0.245673
0.45995
0.57836
0.369064
0.245942
0.408588
0.421617
0.677685
0.39116
0.303326
0.438839
0.84285
0.515888
0.158584
0.633275
0.42588
0.266131
0.231625
0.557916
0.673002
0.568874
0.495502
0.713939
0.321975
0.555704
0.815327
0.621674
0.26846
0.452607
0.395616
0.398462
0.966556
0.186308
0.523497
0.603527
0.582387
0.570798
0.464578
0.41078
0.439232
0.425977
0.0753312
0.846252
0.687152
0.343629
0.277858
0.377619
0.399632
0.554215
0.499948
0.56909
0.444303
0.461248
0.0153639
0.315689
0.4943
0.39833
0.826315
0.346754
0.441372
0.527149
0.812134
0.739244
0.241389
0.533089
0.325168
0.60725
0.367406
0.888323
0.246962
0.434865
0.564999
0.440582
0.224816
0.195357
0.499094
0.449054
0.390845
0.450372
0.651058
0.42716
0.322695
0.548673
0.46936
0.265225
0.33711
0.844708
0.296602
0.59434
0.414546
0.533067
0.490311
0.216025
0.635113
0.74569
0.424349
0.660526
0.463095
0.484445
0.702396
0.549921
0.549378
0.2625
0.434421
0.430446
0.428119
0.50368
0.321665
0.601766
0.566043
0.299778
0.565107
0.209163
0.679751
0.551593
0.257001
0.477935
0.568502
0.82021
0.434528
0.457543
0.416917
0.890864
0.869192
0.506348
0.104111
0.102474
0.435091
0.486054
0.512784
0.921733
0.54373
0.748258
0.163831
0.54142
0.652596
0.98377
0.709067
0.458376
0.249199
0.868689
0.396684
0.537366
0.48188
0.17945
0.581104
0.49284
0.753142
0.662385
0.680906
0.521378
0.110868
0.431583
0.695551
0.493388
0.667262
0.532154
0.473654
0.66341
0.544905
0.544248
0.382578
0.284152
0.493858
0.216481
0.361163
0.810181
0.34325
0.605697
0.544442
0.0529543
0.345347
0.563281
0.731206
0.699668
0.239602
0.646501
0.422322
0.534184
0.508755
0.146669
0.489757
0.499075
0.31853
0.41416
0.74326
0.913591
0.527064
0.523628
0.243705
0.213176
0.919693
0.561045
0.669129
0.501883
0.469269
0.42744
0.871519
0.509884
0.441714
0.542539
0.469455
0.723991
0.561038
0.194755
0.403715
0.509936
0.71759
0.522262
0.34001
0.470894
0.347838
0.723193
0.635029
0.0875649
0.633504
0.581249
0.289017
0.860855
0.56241
0.256319
0.390134
0.72903
0.662929
0.527959
0.512868
0.456964
0.368462
0.2929
0.364819
0.495887
0.487884
0.10599
0.683209
0.487852
0.152459
0.4173
0.464462
0.139865
0.379222
0.396372
0.567289
0.118457
0.535385
0.84789
0.0617035
0.416234
0.507837
0.711319
0.903424
0.817708
0.27635
0.500356
0.595186
0.142533
0.358637
0.776304
0.453471
0.37001
0.739914
0.362767
0.431226
0.549532
0.419192
0.497346
0.654172
0.0774092
0.599013
0.479295
0.410303
0.471308
0.314905
0.610375
0.28926
0.699297
0.44535
0.339443
0.500241
0.421305
0.562592
0.50955
0.604182
0.676545
0.479137
0.469674
0.47795
0.60126
0.61435
0.55141
0.285329
0.686933
0.450052
0.524303
0.561612
0.389855
0.363581
0.631727
0.225642
0.57876
0.521296
0.67253
0.415176
0.857996
0.285044
0.331941
0.498471
0.229493
0.228621
0.578496
0.447044
0.357562
0.380826
0.432054
0.461556
0.376347
0.706199
0.271226
0.324827
0.230527
0.104087
0.586843
0.413018
0.46566
0.851216
0.201344
0.62803
0.685314
0.432463
0.46229
0.721222
0.567948
0.599061
0.281428
0.0605636
0.387258
0.263011
0.629086
0.35039
0.905498
0.480985
0.206883
0.644933
0.810062
0.800556
0.51009
0.703848
0.539397
0.636106
0.854206
0.32
0.395105
0.611315
0.678621
0.706765
0.76285
0.449632
0.553522
0.364182
0.565498
0.513697
0.804453
0.55028
0.747677
0.489188
0.532258
0.565966
0.641737
0.478115
0.544387
0.518873
0.490859
0.4111
0.326837
0.563607
0.205858
0.707722
0.674288
0.822864
0.608004
0.50854
0.459264
0.275901
0.960941
0.571925
0.759439
0.357919
0.520616
0.0733814
0.17548
0.345886
0.632853
0.564553
0.660111
0.813426
0.584036
0.243652
0.542358
0.519366
0.461112
0.458566
0.669208
0.0516283
0.702933
0.508459
0.700217
0.380122
0.325719
0.829166
0.578864
0.679382
0.481213
0.542264
0.56773
0.363684
0.556873
0.117194
0.47288
0.734418
0.45324
0.540365
0.796094
0.471547
0.474399
0.904684
0.541857
0.407974
0.443213
0.227494
0.269351
0.607702
0.703812
0.574452
0.217909
0.725691
0.0996079
0.711366
0.44772
0.45935
0.315845
0.525593
0.425839
0.108624
0.151535
0.353087
0.350826
0.343686
0.336353
0.116756
0.24764
0.23626
0.433896
0.326277
0.477688
0.442625
0.173447
0.509088
0.797195
0.633418
0.728215
0.536788
0.460366
0.347332
0.508742
0.580699
0.602073
0.402889
0.466022
0.574897
0.248105
0.834454
0.199588
0.584541
0.789261
0.525718
0.341655
0.37184
0.618891
0.295905
0.239166
0.721575
0.371742
0.65097
0.381364
0.23257
0.315259
0.244103
0.821319
0.301088
0.432768
0.796892
0.515588
0.41661
0.601255
0.814506
0.556994
0.660044
0.504721
0.885312
0.20128
0.938874
0.537407
0.687354
0.389169
0.513352
0.439418
0.531174
0.641159
0.762337
0.770596
0.850461
0.753144
0.406906
0.566758
0.509068
0.646755
0.0544272
0.635688
0.624956
0.529067
0.445288
0.438569
0.318646
0.692135
0.679007
0.365813
0.875834
0.833572
0.466007
0.454531
0.270779
0.705174
0.595831
0.20816
0.329199
0.6974
0.332141
0.167062
0.516349
0.643246
0.339349
0.242165
0.418068
0.675889
0.51527
0.562028
0.939542
0.900222
0.248727
0.696964
0.57862
0.439191
0.640551
0.612161
0.337513
0.591636
0.620964
0.564996
0.418752
0.389105
0.165851
0.400057
0.30831
0.764901
0.958985
0.808613
0.18083
0.3494
0.366762
0.607625
0.768918
0.581453
0.48657
0.456591
0.420505
0.876491
0.799419
0.668875
0.0253102
0.517685
0.602014
0.387403
0.823463
0.737357
0.412966
0.3829
0.816375
0.631561
0.442377
0.596142
0.581995
0.601572
0.48356
0.783948
0.253592
0.441783
0.230202
0.241951
0.753255
0.494313
0.541777
0.56544
0.578338
0.96637
0.0745866
0.272857
0.0210793
0.0572441
0.465308
0.354828
0.658695
0.467547
0.39847
0.424862
0.283248
0.66412
0.408814
0.63615
0.647634
0.449799
0.664017
0.392183
0.486064
0.438015
0.242802
0.617167
0.224449
0.457984
0.567968
0.465511
0.628114
0.717032
0.673427
0.837957
0.841323
0.72236
0.878848
0.435156
0.855101
0.51537
0.215062
0.31784
0.396891
0.697413
0.587879
0.555963
0.567609
0.526636
0.187536
0.537502
0.758681
0.541367
0.545501
0.370874
0.463694
0.216262
0.909899
0.553209
0.0563121
0.58323
0.755358
0.690003
0.938149
0.549909
0.7626
0.539963
0.167309
0.324275
0.497633
0.522104
0.760347
0.404732
0.289943
0.560502
0.31743
0.52081
0.953596
0.755308
0.452514
0.710388
0.514708
0.356994
0.717365
0.895134
0.503262
0.384003
0.790322
0.866644
0.136798
0.46232
0.657684
0.521528
0.368003
0.578728
0.347671
0.484482
0.787799
0.427801
0.483923
0.434179
0.770018
0.395967
0.507533
0.497557
0.513322
0.464268
0.873656
0.503904
0.28052
0.424702
0.360734
0.690897
0.655003
0.293329
0.337458
0.630538
0.528515
0.666612
0.414558
0.693713
0.804035
0.505715
0.365613
0.297882
0.442058
0.446795
0.533032
0.483191
0.498111
0.223588
0.642452
0.538066
0.19385
0.651872
0.530781
0.446153
0.833646
0.363672
0.750186
0.85222
0.523058
0.592365
0.342318
0.0454491
0.665164
0.298094
0.784129
0.634307
0.605228
0.286221
0.688654
0.137961
0.56371
0.209801
0.801158
0.645016
0.642175
0.460345
0.663092
0.491093
0.706175
0.939437
0.523313
0.0825755
0.84371
0.56703
0.158088
0.0446269
0.867407
0.120545
0.218389
0.797358
0.473095
0.612159
0.555054
0.464806
0.68697
0.399978
0.67941
0.697172
0.628088
0.0920384
0.598969
0.53754
0.882449
0.540387
0.724859
0.390091
0.929467
0.835762
0.379684
0.447588
0.581154
0.201668
0.64152
0.611714
0.288885
0.0499553
0.341794
0.490605
0.94211
0.198233
0.491843
0.483718
0.927965
0.862799
0.244942
0.764932
0.240207
0.528992
0.707666
0.150595
0.320475
0.664186
0.496442
0.389982
0.58438
0.476914
0.392204
0.841422
0.229479
0.538898
0.778092
0.79813
0.441699
0.0750373
0.752155
0.403572
0.511336
0.589681
0.389054
0.646952
0.639245
0.735821
0.581814
0.355212
0.858418
0.447079
0.226662
0.398704
0.515635
0.840688
0.721061
