10000 # number of blocks
10 # number of throws per block
0.615254
0.445592
0.547481
0.551649
0.444739
0.589169
0.594149
0.418749
0.431765
0.500936
0.529795
0.572454
0.394831
0.332289
0.561573
0.528386
0.579237
0.471048
0.424045
0.513005
0.550534
0.792058
0.573937
0.330789
0.550062
0.567463
0.319946
0.428621
0.38373
0.460381
0.568556
0.662746
0.503495
0.607692
0.392564
0.693171
0.604254
0.554723
0.429806
0.624914
0.497186
0.436628
0.49538
0.485043
0.433815
0.608286
0.441393
0.468984
0.543365
0.506589
0.424104
0.609089
0.409286
0.58601
0.439056
0.613011
0.549055
0.400376
0.260616
0.488939
0.574698
0.410792
0.473092
0.6193
0.499705
0.481731
0.606407
0.564049
0.421342
0.58427
0.59006
0.369211
0.545597
0.357557
0.414906
0.425861
0.635329
0.486569
0.443064
0.469267
0.650413
0.736281
0.532044
0.527448
0.31201
0.539385
0.339958
0.322932
0.561337
0.566739
0.654461
0.501024
0.496603
0.516754
0.43888
0.602441
0.560066
0.541944
0.514702
0.517682
0.410428
0.487923
0.500468
0.455049
0.4541
0.452136
0.502798
0.623753
0.422102
0.376664
0.606144
0.478086
0.567694
0.67146
0.533593
0.488148
0.423085
0.421415
0.551833
0.59718
0.491844
0.46267
0.469206
0.395055
0.466951
0.320639
0.526501
0.582031
0.352673
0.384225
0.605985
0.616386
0.431743
0.547751
0.484881
0.434109
0.357613
0.384149
0.435349
0.598318
0.564812
0.320004
0.523761
0.480648
0.578738
0.665038
0.487868
0.596338
0.56949
0.50571
0.471217
0.509323
0.632624
0.604579
0.569985
0.393134
0.492993
0.454157
0.498153
0.377959
0.416133
0.515969
0.602731
0.433734
0.474913
0.532612
0.561538
0.433683
0.457465
0.532593
0.471814
0.412247
0.515685
0.754782
0.688703
0.375861
0.441878
0.501354
0.498474
0.4446
0.524399
0.385094
0.512077
0.397215
0.471433
0.66901
0.440447
0.461627
0.505327
0.403192
0.563738
0.437486
0.418159
0.545916
0.332445
0.4569
0.442557
0.613009
0.539161
0.384024
0.329987
0.53152
0.475505
0.523668
0.442087
0.580789
0.439513
0.553674
0.448852
0.486012
0.384594
0.515289
0.590772
0.486454
0.701909
0.490339
0.600327
0.332487
0.603839
0.463511
0.391484
0.472654
0.526963
0.612585
0.514162
0.573998
0.398761
0.489004
0.433878
0.575922
0.413044
0.545681
0.435106
0.609884
0.53488
0.538492
0.460117
0.624261
0.406583
0.472424
0.583393
0.43573
0.452084
0.482875
0.584955
0.385579
0.577832
0.437151
0.524254
0.611353
0.444108
0.610715
0.52953
0.551316
0.431429
0.537293
0.505843
0.581179
0.452532
0.451456
0.328258
0.539661
0.561152
0.536851
0.42494
0.231384
0.584645
0.562753
0.4682
0.602719
0.358247
0.336177
0.379821
0.66818
0.464566
0.516291
0.620266
0.622007
0.582682
0.532423
0.46965
0.401622
0.426987
0.616466
0.52165
0.676658
0.606726
0.605043
0.499791
0.6193
0.462924
0.486297
0.468853
0.568705
0.440215
0.560718
0.552393
0.634304
0.42684
0.554955
0.480683
0.489817
0.446876
0.472075
0.481641
0.591833
0.614526
0.581275
0.590594
0.41387
0.561102
0.344588
0.393033
0.418814
0.421098
0.447631
0.62775
0.599717
0.514529
0.646021
0.666074
0.500922
0.488511
0.558547
0.346184
0.488546
0.481815
0.432799
0.379745
0.471364
0.551936
0.478416
0.461429
0.480182
0.554971
0.507678
0.500133
0.395803
0.494399
0.642713
0.553992
0.472732
0.45564
0.443081
0.389595
0.537804
0.519037
0.577063
0.499047
0.449924
0.594689
0.404497
0.496834
0.489173
0.548368
0.458544
0.481732
0.500534
0.588488
0.408287
0.487248
0.649555
0.45993
0.553608
0.257408
0.654261
0.541256
0.448307
0.672947
0.539689
0.367671
0.466984
0.516268
0.51844
0.502841
0.425689
0.401798
0.532665
0.558471
0.435941
0.411663
0.499952
0.611327
0.616178
0.664879
0.387586
0.493165
0.404292
0.611533
0.396721
0.529813
0.409394
0.481721
0.369991
0.581435
0.410504
0.632293
0.543163
0.486773
0.45439
0.422699
0.543423
0.43997
0.524301
0.414582
0.593961
0.329342
0.445886
0.727964
0.51651
0.443236
0.566117
0.500221
0.530555
0.398929
0.685548
0.382279
0.32995
0.476259
0.443802
0.569768
0.274704
0.438506
0.452694
0.405141
0.667748
0.398778
0.540922
0.400051
0.593501
0.640975
0.518803
0.515561
0.477108
0.430159
0.291058
0.401039
0.380231
0.547963
0.440184
0.430873
0.481338
0.564424
0.47246
0.391433
0.495419
0.508438
0.663211
0.358956
0.570146
0.524792
0.457438
0.572363
0.652466
0.306515
0.576472
0.643238
0.551706
0.367092
0.550866
0.458543
0.632241
0.367821
0.344214
0.519857
0.450867
0.341429
0.452175
0.52628
0.410997
0.653802
0.555472
0.546356
0.537875
0.521479
0.475196
0.537701
0.485999
0.653352
0.523239
0.461285
0.571997
0.61078
0.560257
0.500576
0.483228
0.481114
0.46806
0.53409
0.5444
0.635407
0.612872
0.523109
0.53154
0.491867
0.420431
0.464656
0.404683
0.432396
0.403435
0.623081
0.487658
0.720332
0.476365
0.591884
0.355422
0.443293
0.562257
0.450707
0.496365
0.55581
0.540509
0.570678
0.499109
0.52221
0.504357
0.384595
0.570282
0.560995
0.591187
0.476714
0.521855
0.467749
0.518352
0.560169
0.673593
0.444363
0.401741
0.498366
0.398244
0.388191
0.653834
0.489941
0.494114
0.49549
0.452541
0.47517
0.601693
0.609299
0.44162
0.735007
0.388049
0.592695
0.368052
0.542187
0.404714
0.334132
0.68122
0.387132
0.581842
0.492364
0.513319
0.539662
0.453438
0.46423
0.529935
0.620813
0.615477
0.409344
0.384254
0.447328
0.50079
0.391556
0.427925
0.37468
0.411604
0.597772
0.52609
0.402754
0.482664
0.470561
0.493653
0.321622
0.454882
0.64172
0.614396
0.663091
0.421515
0.479753
0.324052
0.487013
0.465888
0.565033
0.633006
0.569615
0.341696
0.582142
0.433813
0.474397
0.453991
0.569727
0.383249
0.37441
0.580949
0.493938
0.468156
0.65803
0.333556
0.512329
0.658855
0.488604
0.682415
0.470874
0.423459
0.60164
0.287844
0.527525
0.420908
0.511494
0.451532
0.521533
0.410131
0.662774
0.565003
0.608513
0.607222
0.599974
0.562199
0.557054
0.692087
0.542133
0.590506
0.553401
0.610519
0.437599
0.496588
0.486581
0.437219
0.537232
0.480425
0.387058
0.45978
0.462704
0.402972
0.367851
0.51322
0.559799
0.539906
0.467774
0.539139
0.714916
0.45594
0.522275
0.563148
0.476258
0.331225
0.588112
0.478711
0.459456
0.803391
0.623899
0.395105
0.530688
0.595802
0.579323
0.45171
0.548596
0.484656
0.571621
0.420392
0.509626
0.61454
0.428698
0.512246
0.579654
0.404152
0.454023
0.574538
0.60809
0.590871
0.61924
0.408168
0.408889
0.444918
0.61622
0.555554
0.456202
0.440887
0.701023
0.503332
0.480689
0.606425
0.538077
0.61381
0.465774
0.574918
0.60361
0.343668
0.531412
0.551022
0.433179
0.327882
0.456246
0.654946
0.598922
0.401422
0.327256
0.443408
0.477928
0.600782
0.619346
0.61222
0.22391
0.531943
0.395547
0.36749
0.380144
0.410901
0.381836
0.409457
0.572422
0.577398
0.708803
0.505013
0.596541
0.752082
0.625741
0.431989
0.665637
0.651782
0.580957
0.560325
0.508457
0.597172
0.425416
0.39225
0.410432
0.341606
0.435116
0.415671
0.365208
0.519431
0.460835
0.431958
0.455067
0.456631
0.702227
0.301371
0.404446
0.506184
0.466475
0.40639
0.35156
0.465027
0.510024
0.465267
0.458893
0.599085
0.275176
0.535098
0.434125
0.347328
0.521636
0.425815
0.558828
0.495359
0.516341
0.503462
0.523052
0.503567
0.58323
0.593195
0.439702
0.644415
0.327856
0.299454
0.463394
0.347954
0.640052
0.542806
0.464248
0.47419
0.341112
0.469966
0.507857
0.625478
0.480268
0.525543
0.46848
0.381604
0.498491
0.381111
0.453239
0.484813
0.465946
0.499198
0.540933
0.421503
0.562702
0.366843
0.539821
0.441893
0.510584
0.465399
0.744536
0.628465
0.477335
0.450284
0.523062
0.468538
0.462537
0.496422
0.590483
0.605839
0.538015
0.522133
0.526996
0.5405
0.453738
0.536285
0.573485
0.416396
0.533519
0.560528
0.68868
0.579318
0.573064
0.360478
0.677772
0.408969
0.616248
0.676743
0.503088
0.42233
0.623743
0.778713
0.463223
0.515449
0.461412
0.47108
0.577825
0.455254
0.524173
0.365062
0.740992
0.652526
0.374315
0.583354
0.607017
0.441675
0.611514
0.599869
0.548022
0.46253
0.405108
0.422322
0.373777
0.483841
0.507444
0.407802
0.629802
0.527769
0.430394
0.458448
0.490608
0.64913
0.50545
0.47642
0.540753
0.692721
0.461041
0.36437
0.587114
0.396566
0.539025
0.539636
0.571618
0.628467
0.435605
0.487452
0.554409
0.43776
0.590145
0.510447
0.51323
0.47373
0.558716
0.438786
0.655587
0.566644
0.59741
0.447303
0.566024
0.486909
0.443809
0.583024
0.611629
0.492391
0.423214
0.538501
0.604686
0.543463
0.419579
0.51342
0.57213
0.609869
0.539326
0.388963
0.507299
0.313042
0.459532
0.496448
0.480206
0.54203
0.39025
0.593789
0.358365
0.350722
0.494
0.470373
0.54098
0.588594
0.593752
0.582945
0.535083
0.53673
0.464015
0.582161
0.402994
0.515404
0.637908
0.621478
0.586249
0.499029
0.476386
0.547083
0.461939
0.518836
0.634068
0.549613
0.613159
0.25314
0.419389
0.515408
0.49608
0.399627
0.485105
0.347129
0.461897
0.493574
0.598417
0.330544
0.342741
0.380505
0.528316
0.606365
0.436361
0.471253
0.450977
0.463015
0.525227
0.601994
0.512359
0.398256
0.441427
0.491289
0.500411
0.604639
0.439565
0.430761
0.467599
0.515751
0.565609
0.565501
0.507713
0.50729
0.310434
0.414896
0.529238
0.579007
0.612601
0.554044
0.480811
0.450609
0.525657
0.520487
0.572599
0.486719
0.491067
0.630524
0.400699
0.523052
0.558632
0.483865
0.419946
0.497972
0.372057
0.704972
0.523793
0.600639
0.388084
0.513903
0.678216
0.328984
0.52343
0.43906
0.519874
0.407781
0.524497
0.378737
0.367026
0.349115
0.43065
0.487919
0.60501
0.544572
0.452615
0.411287
0.396344
0.560523
0.413332
0.502953
0.428817
0.564894
0.499387
0.567947
0.453192
0.445833
0.546924
0.330012
0.575448
0.489749
0.436719
0.374832
0.356757
0.368199
0.398879
0.537292
0.637671
0.440147
0.428416
0.595942
0.541285
0.508138
0.488712
0.507362
0.723419
0.473972
0.730695
0.457629
0.526133
0.4215
0.581308
0.427665
0.554192
0.611161
0.455634
0.363731
0.532356
0.602963
0.622853
0.313886
0.714669
0.431595
0.506929
0.635767
0.705196
0.339413
0.728772
0.400554
0.512926
0.430072
0.497351
0.412543
0.501867
0.537598
0.533042
0.533255
0.410616
0.612733
0.557264
0.543565
0.503982
0.410419
0.408252
0.496837
0.482505
0.619313
0.243574
0.510623
0.514028
0.606245
0.4658
0.513966
0.464715
0.355606
0.458509
0.511925
0.295237
0.465613
0.545585
0.64843
0.451077
0.520506
0.487571
0.443151
0.614249
0.489701
0.404574
0.347543
0.396942
0.512
0.466065
0.409813
0.445931
0.504946
0.613629
0.558045
0.48985
0.596497
0.583563
0.605281
0.499724
0.408167
0.671954
0.549857
0.546409
0.525857
0.435679
0.588863
0.426906
0.476599
0.548544
0.582076
0.494773
0.386503
0.632541
0.398307
0.468134
0.527178
0.36002
0.545577
0.402097
0.464988
0.47332
0.531105
0.400642
0.409479
0.394202
0.416609
0.506329
0.31439
0.496204
0.52896
0.444479
0.416664
0.688819
0.455742
0.511725
0.605913
0.313182
0.499821
0.687149
0.498832
0.37472
0.58656
0.507466
0.550072
0.539024
0.51182
0.486036
0.463129
0.292957
0.488458
0.368733
0.571825
0.523815
0.493526
0.50799
0.544998
0.695123
0.537933
0.399642
0.624041
0.398439
0.47486
0.565439
0.634961
0.63632
0.632725
0.477392
0.423675
0.442374
0.603068
0.60842
0.645273
0.570123
0.433208
0.457005
0.395015
0.483168
0.468112
0.431882
0.600865
0.454925
0.455381
0.396047
0.504393
0.336998
0.571861
0.557658
0.638909
0.381032
0.349851
0.558687
0.470717
0.499649
0.475461
0.450457
0.501419
0.427887
0.501178
0.458477
0.43622
0.497317
0.459241
0.427278
0.50523
0.460795
0.38195
0.599232
0.481774
0.506605
0.529561
0.419601
0.573757
0.57652
0.495978
0.573379
0.571175
0.553074
0.606941
0.547731
0.514883
0.607147
0.444973
0.577147
0.608745
0.497738
0.329876
0.466686
0.429377
0.491555
0.65308
0.501985
0.494646
0.420879
0.408697
0.542983
0.5342
0.323903
0.483659
0.561573
0.462273
0.612541
0.463849
0.421717
0.585075
0.488489
0.482664
0.513799
0.382099
0.379093
0.482979
0.643289
0.582702
0.29036
0.483023
0.437089
0.416357
0.475237
0.631191
0.469172
0.446998
0.291054
0.604366
0.420454
0.608919
0.570822
0.448847
0.576084
0.543713
0.658836
0.482498
0.526633
0.394761
0.56185
0.2713
0.577948
0.447832
0.542819
0.462977
0.587706
0.513377
0.53505
0.504923
0.435001
0.328107
0.380328
0.493188
0.492555
0.610532
0.49539
0.593805
0.409449
0.437109
0.446905
0.547266
0.625543
0.512713
0.365895
0.411506
0.527017
0.591177
0.458296
0.718263
0.41579
0.558659
0.469171
0.512228
0.603792
0.424633
0.433836
0.411926
0.556421
0.472354
0.499977
0.375792
0.597719
0.402633
0.430571
0.67646
0.553157
0.661842
0.398251
0.380781
0.444133
0.577047
0.557511
0.502651
0.561629
0.528252
0.431933
0.440236
0.534698
0.46972
0.479391
0.628727
0.472787
0.4694
0.398998
0.534278
0.499129
0.36751
0.519298
0.584331
0.405776
0.562349
0.558035
0.674026
0.64907
0.513462
0.46956
0.507978
0.367669
0.509294
0.496778
0.531184
0.543514
0.578505
0.520257
0.672377
0.639403
0.431161
0.547947
0.367689
0.535116
0.698035
0.414731
0.551983
0.547328
0.493278
0.561776
0.499772
0.556808
0.457773
0.341485
0.467168
0.479717
0.6475
0.544606
0.430823
0.608054
0.61326
0.571817
0.439375
0.407623
0.675175
0.572928
0.487427
0.400149
0.427371
0.552594
0.491628
0.569459
0.415304
0.49222
0.492949
0.519928
0.510223
0.363522
0.628788
0.578672
0.562283
0.409994
0.513051
0.271246
0.545852
0.548297
0.431916
0.513887
0.517607
0.692395
0.507491
0.453631
0.390023
0.429004
0.601118
0.450902
0.579895
0.473745
0.422614
0.637461
0.523575
0.513142
0.381259
0.395892
0.657627
0.488396
0.55888
0.595049
0.545638
0.502656
0.704908
0.479223
0.488955
0.634279
0.547819
0.447017
0.391137
0.514346
0.586895
0.569229
0.752976
0.577514
0.472785
0.483324
0.356923
0.421019
0.404857
0.565331
0.556831
0.407461
0.567888
0.518326
0.420932
0.522778
0.400144
0.729888
0.583006
0.451579
0.629465
0.539252
0.538729
0.55781
0.433459
0.318129
0.581219
0.459489
0.374487
0.507449
0.501829
0.362048
0.529613
0.465573
0.489263
0.565582
0.480252
0.471802
0.442148
0.587088
0.545763
0.492278
0.36717
0.539584
0.539765
0.653673
0.366985
0.285733
0.497513
0.283321
0.529087
0.434427
0.367153
0.362757
0.408884
0.574535
0.477255
0.604872
0.557236
0.540807
0.387519
0.503218
0.674775
0.482721
0.399111
0.715234
0.482317
0.457815
0.745579
0.429483
0.478747
0.496863
0.504874
0.530238
0.314754
0.488997
0.467488
0.51107
0.44285
0.510684
0.3653
0.502346
0.611134
0.573241
0.410202
0.565825
0.650275
0.389353
0.411145
0.372861
0.46024
0.359838
0.332771
0.620938
0.535319
0.557674
0.428303
0.456604
0.573025
0.637123
0.523931
0.461123
0.394477
0.52151
0.551441
0.518434
0.360923
0.324047
0.620366
0.323328
0.503059
0.431847
0.490488
0.40099
0.486868
0.43406
0.650021
0.597355
0.521703
0.60085
0.424366
0.463031
0.373388
0.620695
0.534839
0.491759
0.577144
0.479305
0.496324
0.387746
0.452153
0.514203
0.387298
0.42441
0.40164
0.404807
0.445268
0.520409
0.439359
0.358641
0.535117
0.397086
0.615405
0.530073
0.507448
0.494749
0.321313
0.358761
0.608517
0.413475
0.436435
0.340768
0.522877
0.407431
0.534598
0.346101
0.524402
0.49996
0.502112
0.572192
0.580869
0.399988
0.425194
0.47363
0.701839
0.48856
0.586934
0.534234
0.33906
0.407617
0.57093
0.348339
0.543214
0.621408
0.500782
0.453942
0.550287
0.434182
0.45164
0.511144
0.415436
0.436135
0.452058
0.545101
0.531711
0.61282
0.451398
0.373479
0.265561
0.491539
0.560111
0.614187
0.610543
0.511515
0.477209
0.319953
0.605223
0.592907
0.601293
0.612071
0.580762
0.543022
0.778534
0.486449
0.598227
0.476376
0.573033
0.440852
0.505191
0.438501
0.552011
0.42303
0.585708
0.411704
0.460313
0.425187
0.397314
0.444262
0.515765
0.651044
0.483192
0.582812
0.3889
0.457511
0.617198
0.600967
0.33767
0.423791
0.583976
0.505501
0.649728
0.52649
0.415905
0.464686
0.501939
0.50012
0.503169
0.641688
0.578793
0.638118
0.362765
0.629169
0.398419
0.440355
0.49679
0.469559
0.476947
0.438805
0.489889
0.508719
0.618973
0.633902
0.490279
0.569003
0.453951
0.449847
0.48828
0.441028
0.445307
0.46792
0.450823
0.581699
0.481178
0.522648
0.489951
0.469367
0.612634
0.346434
0.537837
0.505244
0.53733
0.524066
0.570384
0.563491
0.53354
0.469264
0.566011
0.480686
0.531548
0.461263
0.505741
0.438642
0.566435
0.380138
0.515268
0.33284
0.38829
0.455433
0.319175
0.432021
0.512948
0.593375
0.422032
0.422759
0.478348
0.473779
0.450635
0.59611
0.428666
0.508505
0.486156
0.571746
0.580393
0.52912
0.684529
0.468209
0.531568
0.622203
0.327914
0.516266
0.357399
0.456497
0.669622
0.475569
0.592543
0.346913
0.529404
0.553146
0.532345
0.476158
0.465548
0.435506
0.292364
0.545538
0.394759
0.434435
0.447554
0.552294
0.350311
0.409844
0.529487
0.491566
0.463527
0.471289
0.49205
0.656906
0.523136
0.373094
0.463063
0.464013
0.411602
0.506272
0.481312
0.648163
0.537071
0.453717
0.475521
0.386558
0.474074
0.613438
0.573791
0.572652
0.495691
0.407867
0.439116
0.720233
0.524388
0.485571
0.408568
0.500868
0.54829
0.484972
0.470799
0.519066
0.344165
0.367957
0.448538
0.505334
0.517936
0.544544
0.259793
0.458026
0.418079
0.598065
0.413479
0.49073
0.396761
0.483574
0.452257
0.542665
0.488158
0.410513
0.587386
0.485385
0.442863
0.333909
0.577393
0.609822
0.60188
0.566691
0.484461
0.603536
0.513192
0.588966
0.499392
0.428766
0.488445
0.468412
0.458104
0.487704
0.466805
0.519172
0.479583
0.512156
0.497596
0.514984
0.53731
0.440574
0.472843
0.635496
0.433158
0.446185
0.735365
0.363049
0.574824
0.455755
0.257637
0.460455
0.564861
0.549295
0.531112
0.348597
0.391445
0.35679
0.525284
0.565964
0.567996
0.568829
0.570248
0.530495
0.600846
0.553789
0.586098
0.737405
0.471149
0.524993
0.426995
0.414942
0.599281
0.527073
0.327286
0.623298
0.516985
0.411516
0.431581
0.620196
0.704572
0.547187
0.460241
0.429933
0.557503
0.462367
0.306225
0.440961
0.428722
0.540667
0.378825
0.620356
0.650118
0.593914
0.604301
0.571812
0.668561
0.510935
0.463003
0.477074
0.438952
0.4319
0.58705
0.449019
0.298779
0.4237
0.362224
0.487849
0.505702
0.532604
0.672212
0.470167
0.551717
0.566222
0.592905
0.613975
0.574465
0.60757
0.488964
0.25092
0.56832
0.589847
0.484409
0.400389
0.654888
0.661273
0.473524
0.478333
0.604589
0.345155
0.607877
0.687009
0.408035
0.651102
0.639812
0.420056
0.377938
0.619115
0.522299
0.580666
0.619318
0.47903
0.559526
0.648836
0.63781
0.583614
0.572202
0.647009
0.462898
0.624348
0.686023
0.441668
0.444944
0.464747
0.571313
0.681749
0.441904
0.626842
0.356372
0.612985
0.443651
0.442218
0.606594
0.520633
0.388868
0.429785
0.405956
0.441248
0.511491
0.488261
0.497006
0.347507
0.510729
0.592107
0.43
0.24833
0.670707
0.555424
0.541392
0.459851
0.562803
0.479148
0.52639
0.59105
0.445815
0.42261
0.489834
0.451163
0.636074
0.541336
0.454177
0.524244
0.5517
0.308747
0.572887
0.569557
0.542194
0.390183
0.44212
0.49474
0.39661
0.363459
0.423034
0.611965
0.580567
0.480974
0.48166
0.325624
0.484416
0.54411
0.422767
0.413304
0.571877
0.511519
0.43869
0.550157
0.500517
0.388604
0.513639
0.58999
0.642461
0.54634
0.518496
0.454729
0.465759
0.493312
0.600692
0.697171
0.543872
0.475678
0.41825
0.590216
0.64275
0.305498
0.586611
0.559063
0.292036
0.518689
0.601429
0.61113
0.378938
0.639626
0.469994
0.531745
0.41035
0.6802
0.528529
0.601918
0.570838
0.526915
0.442105
0.557813
0.561125
0.570407
0.478452
0.449797
0.333769
0.307522
0.516494
0.672239
0.649719
0.696893
0.394946
0.623499
0.461494
0.674731
0.625849
0.418844
0.585764
0.638323
0.492466
0.517299
0.460113
0.480511
0.520458
0.436724
0.385837
0.509216
0.355835
0.519696
0.440614
0.411836
0.402663
0.476036
0.501969
0.52515
0.368078
0.666138
0.35443
0.34712
0.431666
0.602495
0.460354
0.37778
0.500803
0.535141
0.556395
0.502167
0.533086
0.44997
0.59464
0.529052
0.501513
0.447205
0.479463
0.374986
0.64761
0.280555
0.358174
0.533974
0.512207
0.52588
0.605577
0.498867
0.553143
0.511477
0.599582
0.601333
0.553661
0.480363
0.617046
0.513078
0.694817
0.368231
0.586045
0.501721
0.509758
0.469016
0.61282
0.560568
0.45723
0.423312
0.358662
0.532254
0.546239
0.503149
0.374035
0.522045
0.513302
0.579909
0.404269
0.447354
0.298254
0.450478
0.463192
0.395805
0.48412
0.559957
0.628081
0.464971
0.461087
0.397606
0.641367
0.432688
0.444135
0.555898
0.611547
0.457619
0.41843
0.330915
0.687796
0.435541
0.506104
0.405544
0.539779
0.437601
0.542581
0.595243
0.506243
0.432553
0.720141
0.549413
0.482939
0.545803
0.600941
0.489714
0.502507
0.433838
0.52125
0.529903
0.315958
0.453416
0.503181
0.66011
0.517436
0.580657
0.559727
0.591694
0.460953
0.485988
0.423465
0.447142
0.39985
0.496631
0.348789
0.54274
0.536735
0.579152
0.532091
0.45001
0.603719
0.350334
0.463825
0.535237
0.69976
0.575428
0.570933
0.364619
0.393991
0.338642
0.627624
0.625933
0.36092
0.471457
0.507056
0.455826
0.64543
0.500203
0.615969
0.67516
0.462532
0.425053
0.498881
0.623105
0.518857
0.368414
0.517967
0.443962
0.599913
0.531448
0.509276
0.518978
0.399148
0.673269
0.485491
0.548691
0.571905
0.578095
0.499936
0.479624
0.579382
0.501469
0.406102
0.432454
0.344735
0.487411
0.441451
0.427005
0.575505
0.524144
0.533845
0.612775
0.413573
0.556841
0.573413
0.301908
0.45588
0.501593
0.512266
0.464859
0.546177
0.405606
0.348946
0.38727
0.470116
0.57439
0.424056
0.599819
0.392993
0.637514
0.498047
0.581159
0.461532
0.350246
0.401665
0.397254
0.348077
0.529216
0.544082
0.37879
0.647639
0.495996
0.433292
0.551548
0.645233
0.553273
0.40785
0.522949
0.653015
0.544093
0.498603
0.49126
0.47372
0.34541
0.633555
0.382198
0.478954
0.52297
0.568563
0.630994
0.497928
0.425341
0.671089
0.616238
0.594244
0.620666
0.403752
0.415099
0.465367
0.580529
0.548978
0.487814
0.431476
0.391065
0.485545
0.51261
0.687376
0.42226
0.572388
0.580514
0.473238
0.512149
0.414528
0.622765
0.376904
0.423408
0.480545
0.481861
0.512581
0.205621
0.510525
0.550507
0.527747
0.547266
0.597961
0.491062
0.372122
0.627283
0.548609
0.411324
0.519618
0.476813
0.413829
0.610789
0.46617
0.63754
0.565479
0.624813
0.433421
0.453796
0.623966
0.682363
0.590242
0.561405
0.470568
0.55634
0.461102
0.437006
0.569691
0.623735
0.522347
0.547383
0.596266
0.466165
0.494459
0.489112
0.407982
0.529606
0.520413
0.334605
0.521631
0.525424
0.577279
0.601437
0.647329
0.493102
0.50023
0.437589
0.603954
0.458319
0.405183
0.366054
0.583616
0.508335
0.478287
0.458008
0.552568
0.369911
0.65755
0.504559
0.570442
0.313267
0.463879
0.532824
0.379266
0.418885
0.545895
0.462921
0.558231
0.632217
0.48485
0.528187
0.459702
0.394656
0.463077
0.481766
0.536521
0.47741
0.43136
0.788451
0.340157
0.658195
0.517715
0.351473
0.613801
0.368934
0.602041
0.649696
0.524042
0.60596
0.43818
0.461465
0.369269
0.632472
0.536922
0.527128
0.472507
0.416285
0.430545
0.453057
0.610892
0.534204
0.521497
0.385728
0.453546
0.437623
0.374864
0.585257
0.674139
0.412233
0.546307
0.30353
0.573949
0.578009
0.544157
0.522862
0.495763
0.663923
0.506423
0.636899
0.528507
0.455114
0.530472
0.456261
0.397005
0.548521
0.625184
0.397192
0.500814
0.466277
0.362407
0.662294
0.4106
0.564435
0.586589
0.54816
0.450064
0.437875
0.398459
0.61555
0.485952
0.360544
0.460702
0.333488
0.318206
0.613419
0.580576
0.559483
0.506865
0.540922
0.606448
0.443828
0.291835
0.439743
0.432294
0.346716
0.356191
0.622341
0.53618
0.432718
0.553199
0.510667
0.485829
0.457909
0.461781
0.603929
0.426383
0.490746
0.354682
0.527501
0.42249
0.408564
0.458107
0.308368
0.658905
0.58734
0.451161
0.435772
0.410809
0.553153
0.497934
0.553999
0.277073
0.489569
0.524592
0.497551
0.326748
0.395924
0.548418
0.617203
0.441075
0.467309
0.335205
0.558741
0.44035
0.51778
0.606
0.344451
0.566994
0.29417
0.533693
0.370719
0.55324
0.428593
0.364475
0.473375
0.533849
0.65355
0.368755
0.525696
0.371312
0.354335
0.370606
0.422264
0.443035
0.459179
0.524384
0.565172
0.397009
0.368398
0.601672
0.707322
0.514531
0.399558
0.621252
0.320864
0.425549
0.576477
0.399303
0.447104
0.504244
0.315636
0.6166
0.447475
0.329491
0.564392
0.693994
0.413471
0.42688
0.421118
0.536972
0.40669
0.415996
0.518228
0.554672
0.488462
0.4687
0.474779
0.478198
0.461762
0.441174
0.526163
0.497678
0.486444
0.574543
0.61415
0.506978
0.442072
0.665884
0.271355
0.489556
0.500924
0.593504
0.359955
0.598463
0.637035
0.537367
0.325279
0.378011
0.535391
0.567609
0.400681
0.344189
0.378724
0.481078
0.650868
0.485415
0.477568
0.547904
0.666647
0.36475
0.472592
0.487105
0.424851
0.399242
0.576445
0.722293
0.502946
0.361583
0.735664
0.47554
0.588651
0.593799
0.381475
0.439536
0.550643
0.542239
0.501575
0.525176
0.337225
0.517628
0.5033
0.613747
0.545603
0.453516
0.351828
0.549919
0.355215
0.480961
0.555381
0.393798
0.544312
0.556825
0.432645
0.50727
0.409795
0.377597
0.535921
0.581986
0.586085
0.580173
0.616801
0.423267
0.609575
0.67558
0.409439
0.38634
0.401017
0.681127
0.369782
0.618258
0.438948
0.511044
0.547376
0.590952
0.473068
0.555142
0.379687
0.517873
0.377252
0.519618
0.387117
0.528691
0.567648
0.423624
0.510208
0.433589
0.712122
0.539745
0.468787
0.440695
0.333072
0.436107
0.536092
0.397231
0.456404
0.522302
0.409213
0.506997
0.485281
0.520914
0.620441
0.533822
0.378006
0.5809
0.472414
0.632676
0.585177
0.518678
0.493237
0.457126
0.252075
0.517224
0.396002
0.573895
0.417966
0.633103
0.490464
0.672275
0.444847
0.555802
0.432863
0.488208
0.483876
0.533334
0.513195
0.469851
0.538576
0.622572
0.467502
0.493509
0.509629
0.542314
0.466031
0.2958
0.406894
0.501623
0.466413
0.520004
0.590039
0.5455
0.434256
0.381543
0.449987
0.404485
0.421868
0.439567
0.369112
0.554322
0.459088
0.418683
0.298964
0.58634
0.448475
0.556869
0.470019
0.558743
0.570408
0.462648
0.598785
0.643534
0.491911
0.446649
0.58333
0.703317
0.336323
0.549678
0.279132
0.526768
0.609173
0.5215
0.422866
0.521096
0.588957
0.511511
0.622595
0.604324
0.479744
0.614554
0.458557
0.459786
0.58584
0.672149
0.539546
0.409733
0.607046
0.461424
0.535677
0.534504
0.36626
0.411085
0.459073
0.408224
0.569543
0.565798
0.28983
0.541529
0.361965
0.577352
0.645366
0.416362
0.480885
0.63305
0.567066
0.567404
0.321587
0.538779
0.448902
0.509222
0.518451
0.556235
0.558491
0.527789
0.40816
0.450834
0.401832
0.349499
0.479686
0.63886
0.458764
0.570413
0.729109
0.429413
0.666926
0.472906
0.625588
0.438796
0.557839
0.476517
0.458084
0.711963
0.249455
0.66425
0.470731
0.517707
0.475337
0.59516
0.408013
0.491311
0.381398
0.458563
0.579198
0.480368
0.546918
0.444757
0.514759
0.606572
0.587327
0.701646
0.525794
0.588255
0.472034
0.516231
0.490735
0.475513
0.441363
0.504418
0.381918
0.53178
0.532427
0.512154
0.507875
0.652744
0.524569
0.525438
0.585472
0.445533
0.490761
0.456242
0.369323
0.598118
0.592157
0.415977
0.654171
0.65093
0.578751
0.407594
0.629214
0.539708
0.55989
0.362012
0.501643
0.410618
0.584173
0.714037
0.519929
0.415742
0.319037
0.357517
0.415684
0.479028
0.546122
0.638961
0.546198
0.379866
0.489281
0.543433
0.558045
0.433444
0.467899
0.596012
0.605416
0.454111
0.518932
0.546683
0.445131
0.469965
0.556902
0.526024
0.493564
0.613946
0.34183
0.553611
0.468981
0.448733
0.500888
0.450563
0.456096
0.589775
0.400322
0.452222
0.417905
0.672808
0.389995
0.43645
0.443167
0.569277
0.343662
0.577593
0.456155
0.585054
0.493882
0.605659
0.528595
0.584942
0.411243
0.494835
0.422006
0.567423
0.503378
0.324936
0.551901
0.47119
0.310003
0.553978
0.50362
0.527004
0.546008
0.509541
0.642838
0.375448
0.49541
0.451157
0.452065
0.553216
0.384762
0.475472
0.48775
0.607548
0.365373
0.530465
0.490869
0.630517
0.509506
0.574545
0.597163
0.311843
0.576476
0.660863
0.481484
0.391006
0.430376
0.446725
0.433964
0.446392
0.5919
0.422512
0.504032
0.291296
0.48257
0.52405
0.561557
0.553605
0.570406
0.536896
0.512706
0.598021
0.551875
0.520554
0.571357
0.50672
0.40576
0.475134
0.425211
0.366372
0.530326
0.642549
0.449017
0.516479
0.525978
0.478821
0.505608
0.496015
0.511375
0.553639
0.538734
0.482389
0.661745
0.527816
0.49994
0.548784
0.633922
0.528852
0.465041
0.572939
0.393416
0.589306
0.58402
0.712513
0.684612
0.432249
0.471438
0.519141
0.485948
0.582561
0.482756
0.395388
0.767752
0.452406
0.435239
0.505782
0.621142
0.393726
0.32037
0.235186
0.652228
0.330122
0.618026
0.444754
0.436586
0.575048
0.560916
0.40779
0.504806
0.312744
0.511066
0.514836
0.58065
0.462891
0.298447
0.519341
0.419177
0.469478
0.535072
0.352316
0.392933
0.448932
0.45622
0.566405
0.450137
0.602058
0.453692
0.476803
0.519513
0.338902
0.654303
0.548542
0.462261
0.485155
0.460086
0.736633
0.672392
0.533256
0.404972
0.617634
0.30246
0.670897
0.595982
0.45822
0.442507
0.564133
0.295263
0.548358
0.605789
0.39187
0.462568
0.483747
0.575678
0.422998
0.416058
0.714179
0.443875
0.596991
0.482613
0.58155
0.62087
0.51333
0.597076
0.553231
0.525361
0.354605
0.47318
0.713594
0.660142
0.562731
0.607154
0.508471
0.557711
0.3572
0.58831
0.544395
0.429673
0.528843
0.479179
0.52647
0.579778
0.462113
0.491051
0.475777
0.541205
0.433422
0.619057
0.599228
0.474497
0.602585
0.514208
0.691835
0.513328
0.458982
0.55809
0.533374
0.471074
0.503562
0.469193
0.598469
0.221926
0.642344
0.508137
0.431139
0.646063
0.736607
0.562338
0.44189
0.479213
0.399496
0.57893
0.567473
0.332679
0.44829
0.37806
0.590438
0.450691
0.51612
0.416926
0.347671
0.447757
0.596451
0.388243
0.564114
0.519428
0.538174
0.625066
0.429903
0.445697
0.52869
0.547217
0.496197
0.60703
0.596891
0.422817
0.597002
0.408796
0.437475
0.331711
0.411304
0.460669
0.40258
0.505875
0.561898
0.383323
0.626227
0.585142
0.504287
0.515557
0.441605
0.364897
0.391076
0.470733
0.62078
0.52564
0.404338
0.442233
0.610904
0.622643
0.530412
0.583371
0.360566
0.277151
0.608669
0.588035
0.524439
0.348904
0.517791
0.674059
0.503913
0.583025
0.470145
0.422146
0.525941
0.612582
0.56686
0.448935
0.381838
0.561445
0.523257
0.493568
0.442334
0.63031
0.706301
0.572919
0.534686
0.562071
0.432788
0.611418
0.412198
0.470973
0.558995
0.577176
0.566023
0.583289
0.649569
0.356913
0.623668
0.575521
0.545453
0.477963
0.548126
0.409426
0.657681
0.336415
0.496121
0.451432
0.595896
0.516225
0.513464
0.327309
0.297498
0.584922
0.440046
0.301214
0.555341
0.727315
0.566547
0.581549
0.548925
0.429368
0.529452
0.44431
0.366092
0.550224
0.450499
0.627918
0.459221
0.521112
0.421215
0.29179
0.41199
0.585674
0.402752
0.444195
0.399776
0.546998
0.555707
0.433204
0.508809
0.51248
0.434222
0.457864
0.536219
0.528347
0.573111
0.694957
0.525166
0.571527
0.466351
0.450026
0.496231
0.51727
0.57978
0.429607
0.318334
0.326753
0.560374
0.394909
0.619433
0.499661
0.399019
0.495434
0.669305
0.512507
0.473213
0.59435
0.373741
0.514268
0.440672
0.485673
0.401516
0.376662
0.474346
0.566622
0.622536
0.597192
0.523872
0.366782
0.567573
0.428855
0.558039
0.448982
0.427052
0.561204
0.48735
0.385111
0.588383
0.403222
0.48532
0.573312
0.468337
0.619254
0.321662
0.501362
0.429045
0.545022
0.690057
0.474234
0.47317
0.56154
0.45772
0.512203
0.595888
0.330501
0.483529
0.389071
0.528309
0.595522
0.445988
0.418416
0.43902
0.52939
0.59185
0.509024
0.567446
0.458243
0.460736
0.398952
0.44478
0.519404
0.66064
0.440952
0.415237
0.31035
0.463716
0.550271
0.402446
0.562116
0.3613
0.539114
0.472793
0.521165
0.661629
0.550342
0.429596
0.349584
0.43327
0.466267
0.428995
0.454211
0.491778
0.606671
0.54048
0.531106
0.396663
0.443474
0.582022
0.462541
0.470259
0.347741
0.341786
0.329476
0.369616
0.548016
0.355449
0.503263
0.337083
0.617234
0.440173
0.656114
0.624768
0.418768
0.59331
0.480624
0.632596
0.430413
0.545952
0.434455
0.419218
0.62843
0.518482
0.427038
0.539565
0.652032
0.557276
0.240957
0.432341
0.381967
0.438785
0.43143
0.625326
0.455163
0.409226
0.47312
0.545847
0.400654
0.485148
0.524259
0.418344
0.520297
0.57217
0.353869
0.400449
0.351086
0.566242
0.528622
0.553578
0.634109
0.383757
0.681704
0.363513
0.578538
0.523942
0.686779
0.621021
0.447253
0.39893
0.435966
0.442077
0.404044
0.373982
0.47151
0.551781
0.65057
0.442336
0.34661
0.4756
0.544569
0.416208
0.491648
0.376096
0.529071
0.647499
0.33785
0.742825
0.415657
0.498773
0.501181
0.58764
0.653088
0.467139
0.455065
0.51713
0.675918
0.720665
0.6213
0.448507
0.565951
0.539004
0.584323
0.704733
0.672744
0.456943
0.384749
0.469244
0.527573
0.5916
0.47391
0.700146
0.548613
0.491052
0.411875
0.698302
0.373326
0.574184
0.567239
0.593227
0.467368
0.338591
0.527736
0.555294
0.547566
0.395402
0.656506
0.462226
0.519842
0.546912
0.529652
0.442423
0.471197
0.554947
0.566475
0.587191
0.568198
0.554927
0.414571
0.568457
0.402639
0.452601
0.577767
0.418112
0.488376
0.497488
0.47562
0.419631
0.551585
0.459056
0.499024
0.53217
0.469996
0.438734
0.377224
0.611847
0.60491
0.532868
0.497323
0.414479
0.53312
0.618753
0.718165
0.458545
0.624115
0.367934
0.496222
0.496689
0.621227
0.697962
0.491952
0.588627
0.573685
0.455861
0.550803
0.487817
0.529787
0.383559
0.553887
0.448805
0.439719
0.547598
0.609092
0.431702
0.429801
0.622435
0.504183
0.524742
0.398231
0.498719
0.569239
0.425438
0.445696
0.544914
0.49654
0.615372
0.592471
0.382715
0.441813
0.333168
0.64693
0.443695
0.481515
0.294769
0.478667
0.656684
0.426609
0.329619
0.512701
0.572383
0.494098
0.395937
0.399539
0.563786
0.413323
0.607746
0.32912
0.447963
0.494844
0.650901
0.444981
0.556843
0.615489
0.584859
0.378237
0.541616
0.473945
0.42147
0.459268
0.427453
0.447034
0.541619
0.47828
0.44223
0.52762
0.55505
0.554178
0.625001
0.450841
0.628263
0.634497
0.576998
0.61619
0.599882
0.487388
0.549934
0.488685
0.372444
0.459961
0.473468
0.513222
0.514075
0.465543
0.505677
0.401922
0.523056
0.52573
0.347425
0.455108
0.602818
0.731342
0.493574
0.552307
0.464422
0.699718
0.600973
0.600462
0.518136
0.394041
0.635217
0.552313
0.335217
0.533669
0.515206
0.608705
0.455574
0.362742
0.406538
0.294326
0.5865
0.557598
0.521825
0.447213
0.482177
0.441829
0.46805
0.488088
0.513239
0.341077
0.438091
0.436409
0.630144
0.447952
0.475607
0.41578
0.493691
0.480748
0.449479
0.642162
0.490529
0.507904
0.556048
0.414089
0.471019
0.573423
0.424418
0.624885
0.541376
0.396793
0.432119
0.492668
0.511525
0.534161
0.445478
0.454688
0.644637
0.575868
0.581029
0.598339
0.573863
0.518685
0.441394
0.601976
0.546277
0.489376
0.511026
0.434423
0.323619
0.609528
0.504291
0.312863
0.613918
0.579828
0.54037
0.644577
0.627624
0.525268
0.476493
0.478768
0.546418
0.481053
0.66307
0.570504
0.262379
0.612234
0.491281
0.609584
0.489738
0.648406
0.585759
0.492915
0.470966
0.478062
0.551987
0.519779
0.593487
0.585505
0.520098
0.465122
0.302821
0.626466
0.533789
0.636821
0.442518
0.426888
0.515061
0.648625
0.570744
0.55261
0.492589
0.541278
0.397945
0.435942
0.613493
0.360086
0.459518
0.558449
0.465348
0.447999
0.481962
0.677494
0.617312
0.539044
0.420518
0.347412
0.44624
0.637721
0.540829
0.424437
0.545726
0.445771
0.686677
0.457812
0.623027
0.6485
0.520414
0.557764
0.470843
0.498613
0.342191
0.494346
0.558
0.636321
0.488659
0.519382
0.515048
0.460222
0.481334
0.517073
0.397888
0.414288
0.439336
0.577086
0.394524
0.482032
0.490763
0.447225
0.497084
0.479734
0.611487
0.561068
0.49329
0.616367
0.589678
0.549253
0.638583
0.638666
0.658909
0.431332
0.452131
0.605547
0.562224
0.34846
0.437004
0.536879
0.504061
0.535393
0.556798
0.557372
0.4165
0.64361
0.608058
0.407152
0.610771
0.615632
0.509846
0.416358
0.40456
0.473874
0.588853
0.441873
0.510118
0.425689
0.670492
0.540104
0.537766
0.399506
0.493401
0.500482
0.513863
0.515262
0.646871
0.390153
0.531891
0.455614
0.587704
0.461102
0.4498
0.542685
0.625047
0.346736
0.516316
0.538391
0.768799
0.625737
0.653413
0.574669
0.619181
0.356768
0.44173
0.383208
0.632132
0.388408
0.550197
0.532579
0.327202
0.424465
0.520683
0.493915
0.411632
0.475599
0.463038
0.644609
0.376386
0.55397
0.435372
0.28274
0.576873
0.568404
0.579011
0.463252
0.54319
0.453355
0.447048
0.480167
0.571684
0.715725
0.609977
0.607418
0.431733
0.509368
0.541401
0.474146
0.578595
0.547918
0.481355
0.588595
0.395298
0.542316
0.444309
0.538037
0.393483
0.400251
0.583443
0.380407
0.48522
0.550445
0.442326
0.506641
0.4948
0.655554
0.419662
0.490967
0.51155
0.553197
0.442278
0.359704
0.491762
0.515425
0.386101
0.497377
0.399848
0.642719
0.504346
0.372268
0.535853
0.409387
0.516731
0.401773
0.528512
0.553005
0.483009
0.391245
0.480053
0.551351
0.528676
0.568266
0.630983
0.356026
0.41023
0.497576
0.37013
0.552773
0.501896
0.600174
0.347228
0.494256
0.655242
0.513376
0.452397
0.501874
0.427681
0.416913
0.508859
0.45893
0.495333
0.313414
0.482296
0.518295
0.460311
0.589915
0.542275
0.323446
0.431978
0.400314
0.518185
0.492579
0.60627
0.596959
0.474192
0.341256
0.386726
0.60286
0.484708
0.519825
0.585376
0.554283
0.423946
0.517645
0.411178
0.556762
0.59012
0.636923
0.398221
0.385858
0.566929
0.564751
0.545464
0.427271
0.381939
0.472715
0.534272
0.489187
0.553557
0.549222
0.459582
0.433021
0.325306
0.520483
0.655035
0.257024
0.468116
0.541866
0.611964
0.530456
0.588427
0.542113
0.486631
0.614364
0.611884
0.678688
0.459664
0.518233
0.619464
0.513337
0.356173
0.6301
0.494895
0.542668
0.354523
0.520975
0.49926
0.419402
0.506326
0.46271
0.520715
0.575673
0.459701
0.411735
0.554269
0.610566
0.422403
0.399351
0.54862
0.42987
0.320947
0.532566
0.514067
0.526769
0.406392
0.447737
0.517534
0.568016
0.526971
0.572553
0.597814
0.400884
0.432283
0.440181
0.51611
0.521995
0.493316
0.562695
0.414051
0.649892
0.417064
0.509155
0.483332
0.518992
0.504077
0.44701
0.558199
0.363386
0.541768
0.393779
0.524009
0.484658
0.44587
0.489229
0.492139
0.498754
0.656946
0.436574
0.623535
0.432658
0.568397
0.674467
0.490247
0.492431
0.606934
0.529886
0.546291
0.449972
0.306016
0.565237
0.636258
0.69659
0.407301
0.571338
0.502066
0.48732
0.594655
0.571183
0.655338
0.650644
0.509837
0.487689
0.564872
0.664088
0.41847
0.491913
0.465734
0.396945
0.589471
0.486482
0.628523
0.397136
0.520618
0.3923
0.534378
0.55004
0.487488
0.49484
0.583359
0.562852
0.51251
0.469629
0.620823
0.428869
0.445417
0.54481
0.598489
0.601835
0.515925
0.371962
0.493885
0.461281
0.663965
0.464599
0.493922
0.475585
0.372367
0.527107
0.50536
0.370232
0.421386
0.635105
0.486968
0.584562
0.454027
0.541546
0.505204
0.651055
0.485634
0.571102
0.397284
0.657
0.510735
0.52872
0.382534
0.449163
0.554703
0.486457
0.494935
0.517852
0.587269
0.626027
0.616844
0.547573
0.659508
0.602756
0.575846
0.34723
0.445406
0.659917
0.523791
0.473615
0.46369
0.660717
0.349026
0.437726
0.625081
0.518464
0.379944
0.434204
0.394726
0.393755
0.619929
0.459987
0.479031
0.490773
0.51086
0.589057
0.540704
0.523085
0.55434
0.445912
0.515305
0.532616
0.326863
0.471221
0.547157
0.333729
0.407146
0.498853
0.682005
0.517661
0.390906
0.364289
0.548309
0.39081
0.600376
0.540193
0.728642
0.433672
0.502889
0.445685
0.467131
0.555504
0.534893
0.40168
0.578478
0.383056
0.484803
0.605384
0.518563
0.660023
0.520088
0.572878
0.446226
0.647123
0.351083
0.449446
0.550291
0.501005
0.505978
0.513131
0.435492
0.673457
0.548538
0.597748
0.55544
0.410693
0.502068
0.537397
0.450323
0.445741
0.450239
0.485268
0.491573
0.565267
0.367356
0.485337
0.355242
0.595439
0.487736
0.476318
0.440365
0.48971
0.555854
0.583027
0.51815
0.514694
0.405977
0.401086
0.542314
0.518583
0.402005
0.50668
0.570458
0.429824
0.425313
0.423871
0.64089
0.472086
0.630363
0.457734
0.51883
0.394786
0.594952
0.55238
0.470475
0.50677
0.57392
0.458703
0.44292
0.563986
0.62225
0.497468
0.422478
0.500292
0.385448
0.379147
0.513459
0.503815
0.562197
0.492684
0.424001
0.529565
0.426233
0.701146
0.565091
0.502271
0.451496
0.583018
0.563426
0.501709
0.616581
0.333655
0.558308
0.436063
0.471585
0.392206
0.4973
0.397142
0.632458
0.585103
0.564881
0.55455
0.524996
0.477971
0.472902
0.484214
0.532659
0.403627
0.611146
0.639909
0.309417
0.484587
0.600845
0.464753
0.500859
0.594305
0.513528
0.502892
0.573836
0.402128
0.612115
0.609882
0.486939
0.522761
0.540684
0.473563
0.541138
0.441777
0.433903
0.345504
0.43195
0.514532
0.436614
0.446365
0.68153
0.436586
0.618607
0.346817
0.561097
0.659553
0.439154
0.43893
0.521175
0.577038
0.460393
0.60124
0.629112
0.531148
0.528194
0.42396
0.270408
0.490804
0.633669
0.399113
0.602403
0.528896
0.538006
0.4936
0.6559
0.57607
0.487864
0.611569
0.562336
0.554755
0.568065
0.615642
0.441155
0.49779
0.432882
0.514927
0.514039
0.531801
0.426728
0.540956
0.419719
0.556267
0.449599
0.521003
0.485099
0.474983
0.442146
0.521521
0.565455
0.537417
0.659787
0.472695
0.598524
0.423243
0.574796
0.598414
0.524288
0.454095
0.589842
0.464231
0.504352
0.542395
0.565989
0.519158
0.431769
0.387866
0.462675
0.345453
0.454273
0.508132
0.356749
0.443784
0.44085
0.54059
0.55216
0.469504
0.603647
0.478524
0.411419
0.398986
0.544237
0.50519
0.634503
0.4433
0.525284
0.565412
0.480385
0.439757
0.375698
0.564993
0.470912
0.440161
0.519377
0.414031
0.536287
0.677858
0.574703
0.331004
0.455938
0.633976
0.40394
0.400282
0.518085
0.43652
0.498765
0.526498
0.465864
0.514272
0.470149
0.454988
0.617366
0.590727
0.467868
0.4283
0.541523
0.44157
0.386944
0.424541
0.541262
0.452489
0.42534
0.47413
0.639911
0.602402
0.539277
0.677289
0.486353
0.660442
0.499566
0.445388
0.488971
0.42335
0.484377
0.565061
0.657933
0.533177
0.550902
0.534752
0.479934
0.503508
0.410404
0.449184
0.569009
0.445671
0.488165
0.507964
0.631577
0.624716
0.48188
0.400384
0.553416
0.488175
0.539088
0.569188
0.360781
0.498957
0.456248
0.581936
0.527417
0.366958
0.459094
0.439296
0.493765
0.712287
0.555963
0.525443
0.334159
0.506268
0.362782
0.65648
0.452369
0.424671
0.480467
0.50861
0.605373
0.41089
0.562492
0.408542
0.549755
0.585103
0.642434
0.644408
0.37468
0.448673
0.498324
0.706261
0.529915
0.421391
0.51266
0.590977
0.576889
0.512403
0.543987
0.507189
0.485348
0.563959
0.357962
0.591661
0.567647
0.520398
0.372855
0.399265
0.487289
0.463075
0.456484
0.45455
0.497836
0.3152
0.468598
0.553621
0.362854
0.458855
0.674755
0.580887
0.577074
0.419733
0.464777
0.555949
0.453497
0.563417
0.290901
0.551743
0.360702
0.510309
0.597758
0.425807
0.489125
0.514585
0.648368
0.482302
0.494641
0.465858
0.457343
0.433246
0.31228
0.560485
0.624544
0.553158
0.352474
0.65275
0.319468
0.522116
0.586726
0.434437
0.39864
0.527993
0.499149
0.604586
0.54537
0.449447
0.424849
0.579496
0.403219
0.366991
0.315657
0.456341
0.531572
0.450261
0.368225
0.382029
0.643745
0.545396
0.519086
0.39222
0.395081
0.437202
0.355736
0.673705
0.470518
0.586564
0.6124
0.466619
0.47816
0.54436
0.513613
0.46126
0.487382
0.31889
0.498332
0.457544
0.357064
0.424647
0.401775
0.543426
0.48157
0.365992
0.491765
0.51189
0.539094
0.410129
0.450843
0.474393
0.559075
0.379518
0.364976
0.341931
0.432366
0.344657
0.524205
0.433175
0.469905
0.423958
0.460109
0.532407
0.472656
0.498198
0.439498
0.458264
0.607611
0.422833
0.503269
0.417586
0.391701
0.472225
0.3839
0.506939
0.567456
0.57563
0.554594
0.587667
0.611329
0.405549
0.557584
0.598609
0.547598
0.454872
0.428694
0.483904
0.647796
0.489965
0.579728
0.401567
0.377673
0.492688
0.419825
0.541834
0.510698
0.505084
0.591446
0.522522
0.359141
0.566253
0.566168
0.341959
0.380847
0.381737
0.490021
0.458293
0.701773
0.491491
0.487608
0.427294
0.651471
0.703312
0.528808
0.669035
0.440659
0.634394
0.43136
0.447116
0.617116
0.254406
0.517188
0.632375
0.418107
0.649353
0.45984
0.486326
0.594637
0.42617
0.554946
0.637826
0.41481
0.35386
0.615144
0.339767
0.460637
0.487714
0.635443
0.480866
0.514655
0.54896
0.494515
0.490902
0.589739
0.632957
0.651972
0.516047
0.487551
0.494837
0.47117
0.554197
0.578061
0.512285
0.541654
0.628508
0.574648
0.550898
0.494863
0.340614
0.436276
0.658403
0.601258
0.483283
0.560323
0.489729
0.406562
0.605566
0.636618
0.515752
0.509329
0.31175
0.515312
0.494314
0.501608
0.438722
0.498229
0.482861
0.488975
0.594632
0.495356
0.547874
0.475742
0.455027
0.595203
0.777015
0.545717
0.60089
0.27974
0.525704
0.488358
0.646328
0.471712
0.630618
0.414757
0.641911
0.534102
0.498398
0.577379
0.452959
0.348593
0.428612
0.45204
0.500346
0.381883
0.355816
0.560111
0.514679
0.505752
0.39634
0.4035
0.392987
0.268793
0.761183
0.554462
0.560331
0.424786
0.547224
0.286845
0.527047
0.504674
0.444688
0.554894
0.395589
0.676183
0.399632
0.420272
0.509231
0.467124
0.445962
0.697494
0.348188
0.435465
0.572306
0.532482
0.566955
0.451271
0.514806
0.548521
0.529988
0.412679
0.667734
0.588361
0.341105
0.550059
0.479546
0.450822
0.375266
0.379582
0.552836
0.564716
0.509704
0.649429
0.39239
0.562482
0.414601
0.578905
0.546335
0.610436
0.50186
0.422766
0.761165
0.322082
0.543728
0.30008
0.422197
0.525447
0.461373
0.408992
0.3768
0.474951
0.446744
0.505789
0.53851
0.492844
0.319374
0.458673
0.645942
0.594771
0.333025
0.593724
0.601175
0.498571
0.435377
0.432518
0.538072
0.534924
0.547249
0.577925
0.571789
0.373024
0.466105
0.53665
0.456492
0.543947
0.311884
0.474071
0.529091
0.388956
0.521486
0.479017
0.542577
0.479477
0.661518
0.573104
0.493347
0.650051
0.567171
0.431319
0.42264
0.455052
0.628421
0.487556
0.423051
0.404549
0.432969
0.38083
0.406807
0.454155
0.338691
0.554958
0.593317
0.4183
0.386559
0.456486
0.449269
0.445861
0.578378
0.482704
0.465328
0.441606
0.531863
0.513616
0.67928
0.536479
0.688951
0.518742
0.356235
0.404244
0.491453
0.361694
0.612292
0.691551
0.451485
0.432474
0.41886
0.47304
0.532364
0.519477
0.550579
0.562586
0.518948
0.390233
0.540599
0.406362
0.694692
0.481915
0.582749
0.252907
0.35595
0.509717
0.470881
0.439911
0.582349
0.583201
0.591505
0.356986
0.445347
0.377755
0.386567
0.338191
0.575351
0.440346
0.379028
0.407637
0.621064
0.515771
0.404673
0.546021
0.523016
0.661634
0.319369
0.565449
0.286505
0.377335
0.651766
0.474483
0.477446
0.604354
0.547212
0.484827
0.677946
0.462168
0.399444
0.555649
0.526658
0.466172
0.592395
0.491018
0.732268
0.730975
0.475236
0.600505
0.486765
0.394522
0.569551
0.402508
0.618404
0.60548
0.458332
0.594403
0.61255
0.498384
0.632256
0.333141
0.491898
0.438054
0.369493
0.464453
0.585827
0.54684
0.601056
0.40836
0.431918
0.535278
0.66453
0.453201
0.34097
0.538757
0.574735
0.629933
0.520124
0.619856
0.540721
0.632993
0.586959
0.528008
0.434226
0.523533
0.520756
0.51522
0.565543
0.495375
0.485347
0.588564
0.448507
0.503564
0.621313
0.437221
0.33709
0.449929
0.643504
0.503871
0.59189
0.689593
0.69321
0.477271
0.485563
0.466899
0.582522
0.464861
0.682048
0.608767
0.531772
0.46132
0.525191
0.497996
0.539152
0.660977
0.64818
0.518598
0.434959
0.469035
0.565972
0.609747
0.361148
0.648605
0.53867
0.384475
0.480175
0.297558
0.494603
0.363774
0.355396
0.281255
0.477629
0.746296
0.458557
0.554223
0.433971
0.478368
0.548203
0.485902
0.379682
0.508581
0.426107
0.4626
0.390588
0.505734
0.417113
0.36983
0.432391
0.488448
0.531043
0.466242
0.499335
0.259294
0.553638
0.542377
0.35567
0.455824
0.376746
0.51452
0.3749
0.625402
0.516269
0.535948
0.647588
0.400274
0.479679
0.514905
0.579284
0.593868
0.733145
0.610665
0.625911
0.558802
0.481655
0.336082
0.614731
0.541651
0.513754
0.62704
0.574783
0.53903
0.475815
0.646274
0.551493
0.604099
0.629047
0.571036
0.605903
0.472103
0.605715
0.371137
0.599771
0.46812
0.419332
0.4159
0.443576
0.429705
0.496872
0.555621
0.435219
0.621642
0.589322
0.605137
0.643025
0.539569
0.580168
0.514152
0.587402
0.393755
0.449726
0.540997
0.451323
0.433841
0.366458
0.453521
0.60055
0.4199
0.56474
0.362863
0.520325
0.664683
0.531795
0.452859
0.576015
0.366476
0.464824
0.299901
0.380987
0.521487
0.472604
0.38506
0.405785
0.549256
0.584138
0.482353
0.588425
0.484076
0.490217
0.764036
0.506444
0.279967
0.582009
0.495849
0.547108
0.446266
0.664123
0.502178
0.562939
0.275427
0.50781
0.76311
0.525554
0.544165
0.573315
0.562401
0.49154
0.463598
0.468616
0.437421
0.569898
0.62358
0.525105
0.389133
0.531367
0.320944
0.559026
0.392244
0.425714
0.480914
0.450787
0.602647
0.473854
0.675461
0.412511
0.49135
0.477465
0.611926
0.327521
0.541087
0.439522
0.509754
0.533676
0.623844
0.514956
0.502719
0.585814
0.534585
0.411455
0.498541
0.3708
0.488456
0.636159
0.39735
0.461967
0.495822
0.534826
0.614953
0.588038
0.411474
0.395795
0.576418
0.554869
0.311427
0.391873
0.440008
0.696656
0.5827
0.409043
0.381019
0.44652
0.418578
0.361681
0.609637
0.504672
0.493791
0.519743
0.41643
0.645635
0.451183
0.474161
0.43363
0.444281
0.563372
0.542489
0.669915
0.313732
0.740018
0.46759
0.520884
0.43644
0.333291
0.387964
0.677009
0.433057
0.651191
0.459087
0.545321
0.351982
0.620391
0.480903
0.470665
0.575737
0.547316
0.537413
0.586859
0.428645
0.508178
0.480064
0.347639
0.333518
0.555764
0.387449
0.481803
0.503377
0.562747
0.609569
0.386485
0.46749
0.62837
0.455746
0.41704
0.519305
0.457362
0.410999
0.451537
0.537137
0.576971
0.366514
0.4024
0.566731
0.490049
0.625619
0.617252
0.46813
0.569144
0.397422
0.555575
0.417544
0.578577
0.316104
0.647292
0.418195
0.468535
0.724589
0.433954
0.412407
0.517216
0.437135
0.462708
0.400468
0.504128
0.64614
0.547763
0.460109
0.279627
0.564259
0.633625
0.423684
0.55286
0.493703
0.588871
0.508448
0.552279
0.390365
0.528776
0.408596
0.719928
0.441216
0.609655
0.446018
0.582753
0.49917
0.557277
0.539983
0.401185
0.520428
0.38628
0.394286
0.427315
0.525074
0.537014
0.513629
0.611983
0.552464
0.600785
0.449323
0.382133
0.408776
0.424015
0.337655
0.666855
0.604821
0.476334
0.432569
0.482508
0.458012
0.737185
0.447563
0.494398
0.583196
0.500026
0.210008
0.5545
0.52279
0.512773
0.594377
0.47173
0.367483
0.367621
0.439121
0.603325
0.494515
0.422957
0.465263
0.262914
0.501352
0.584568
0.403006
0.422886
0.63835
0.392909
0.395983
0.545702
0.444755
0.457708
0.49102
0.51083
0.568221
0.450725
0.334579
0.610992
0.298754
0.512021
0.385341
0.473492
0.573808
0.444592
0.315645
0.619356
0.412032
0.666806
0.512804
0.605112
0.508924
0.561561
0.404579
0.599031
0.578478
0.505648
0.3214
0.625687
0.550639
0.482314
0.47117
0.469738
0.435201
0.674567
0.540805
0.561848
0.438538
0.606285
0.651914
0.476703
0.370364
0.442716
0.486323
0.555123
0.503473
0.481523
0.560423
0.519263
0.550209
0.459996
0.465603
0.481977
0.495199
0.473663
0.305303
0.35842
0.474641
0.445979
0.447524
0.469983
0.418256
0.708385
0.474881
0.587736
0.570755
0.444495
0.552606
0.494519
0.585485
0.521734
0.648148
0.35192
0.533679
0.378278
0.424333
0.540352
0.498535
0.552673
0.691304
0.597507
0.524101
0.438029
0.540758
0.512496
0.464762
0.412254
0.599269
0.539984
0.631868
0.440277
0.325767
0.580707
0.359864
0.263771
0.441538
0.531747
0.515016
0.588419
0.519371
0.641998
0.545656
0.448272
0.471767
0.415271
0.523621
0.471309
0.666419
0.485544
0.65234
0.489816
0.560438
0.445848
0.417837
0.53376
0.583077
0.544362
0.534652
0.514828
0.510012
0.368288
0.689501
0.553363
0.260482
0.41812
0.411264
0.319955
0.611916
0.531949
0.596668
0.357961
0.364913
0.55148
0.496811
0.522773
0.404755
0.52847
0.420475
0.318185
0.393888
0.55232
0.535922
0.529733
0.59312
0.436588
0.353685
0.549411
0.447525
0.434233
0.448622
0.455721
0.386364
0.458404
0.630293
0.557508
0.574579
0.367659
0.396496
0.529601
0.31673
0.331482
0.605584
0.562775
0.5525
0.624046
0.378969
0.620121
0.39619
0.301158
0.595988
0.536407
0.660902
0.497394
0.569097
0.616556
0.471387
0.537421
0.388143
0.383907
0.407821
0.587573
0.69823
0.598457
0.536048
0.580753
0.526505
0.409778
0.468122
0.329777
0.598927
0.428896
0.360238
0.601301
0.588913
0.497896
0.493449
0.454504
0.6155
0.405566
0.495836
0.555747
0.459455
0.64194
0.353072
0.46242
0.491558
0.504113
0.617613
0.42627
0.408035
0.560229
0.565029
0.698498
0.443933
0.348092
0.459268
0.525951
0.485993
0.529371
0.476917
0.509792
0.532348
0.539896
0.403826
0.455012
0.347178
0.471083
0.555721
0.471237
0.534221
0.487056
0.587738
0.592266
0.40382
0.726556
0.446051
0.363836
0.533968
0.558272
0.578098
0.506138
0.426605
0.552747
0.556157
0.489615
0.536182
0.503556
0.582307
0.569649
0.398309
0.37497
0.431111
0.407722
0.312067
0.672865
0.549607
0.563722
0.530366
0.430159
0.372517
0.576042
0.58849
0.467589
0.523816
0.553201
0.351762
0.435181
0.364127
0.482707
0.389052
0.459282
0.506666
0.519945
0.47961
0.614574
0.462744
0.451874
0.536515
0.509999
0.491119
0.43738
0.480787
0.42208
0.613783
0.508138
0.526001
0.428624
0.424016
0.570878
0.434026
0.590358
0.450866
0.383976
0.378299
0.397553
0.657454
0.488342
0.701799
0.643237
0.538818
0.454568
0.482693
0.504121
0.548258
0.465376
0.321411
0.504902
0.319458
0.584401
0.43865
0.511134
0.364922
0.469402
0.524646
0.440376
0.419539
0.570003
0.505772
0.500892
0.361398
0.407113
0.395358
0.661668
0.380222
0.363201
0.671367
0.52707
0.477103
0.619626
0.47437
0.533985
0.467467
0.45927
0.545027
0.508835
0.422524
0.509724
0.521072
0.516352
0.622691
0.534353
0.589581
0.501578
0.509792
0.585542
0.441075
0.371043
0.413104
0.616515
0.497801
0.378631
0.487605
0.40509
0.68931
0.476177
0.541061
0.374824
0.624233
0.458341
0.439865
0.40598
0.457938
0.375872
0.471831
0.41082
0.481531
0.310886
0.307417
0.604733
0.45845
0.702312
0.439148
0.436751
0.410668
0.479201
0.39226
0.450038
0.607332
0.404122
0.587919
0.524953
0.5344
0.448388
0.403592
0.414345
0.524673
0.515411
0.513467
0.412747
0.703355
0.497988
0.305094
0.408165
0.455081
0.39987
0.65668
0.64723
0.544125
0.571493
0.522791
0.501441
0.620289
0.404284
0.514443
0.454334
0.418736
0.397465
0.472899
0.536384
0.412836
0.355854
0.324731
0.41652
0.604866
0.49664
0.469007
0.616132
0.54017
0.437684
0.485734
0.443502
0.606196
0.6094
0.667985
0.45362
0.328582
0.376823
0.568389
0.620356
0.502259
0.577978
0.613987
0.465027
0.396318
0.479228
0.581695
0.517393
0.547163
0.51777
0.539925
0.392174
0.505261
0.546022
0.650189
0.646187
0.426575
0.412137
0.585785
0.638262
0.500553
0.405437
0.562954
0.446105
0.582324
0.465075
0.593171
0.601305
0.547529
0.594791
0.45353
0.585743
0.714008
0.546107
0.535434
0.68965
0.575336
0.526904
0.470119
0.363624
0.466978
0.561797
0.642787
0.403947
0.43663
0.375298
0.495438
0.392535
0.616077
0.488249
0.581746
0.569954
0.492698
0.412585
0.575611
0.551889
0.354502
0.398964
0.448314
0.406546
0.333403
0.436392
0.417467
0.392471
0.397169
0.422435
0.534239
0.613296
0.441315
0.517217
0.51362
0.277965
0.507953
0.663854
0.525759
0.462026
0.609408
0.502582
0.454711
0.547603
0.560189
0.525304
0.494184
0.376675
0.421694
0.411859
0.588181
0.484357
0.339785
0.458815
0.437703
0.385878
0.506177
0.556145
0.382952
0.572997
0.500351
0.686651
0.633782
0.532623
0.469489
0.41756
0.459388
0.532441
0.479698
0.623216
0.461539
0.525369
0.622596
0.42235
0.343924
0.506727
0.687086
0.632936
0.453462
0.414982
0.406942
0.542151
0.607718
0.39902
0.570609
0.358517
0.43584
0.381888
0.530405
0.457817
0.548713
0.432997
0.574073
0.553921
0.317307
0.517801
0.522448
0.52016
0.476491
0.52601
0.492751
0.45647
0.484839
0.486405
0.517827
0.541995
0.55927
0.558385
0.7374
0.732428
0.466606
0.347369
0.378245
0.455857
0.49245
0.523244
0.515891
0.630443
0.521044
0.528062
0.561319
0.371766
0.348056
0.441213
0.441851
0.477229
0.611522
0.527358
0.446232
0.369418
0.664468
0.424407
0.479679
0.549863
0.425978
0.535885
0.525455
0.359174
0.635811
0.474043
0.53531
0.259054
0.5009
0.557108
0.571905
0.44622
0.360377
0.596091
0.402117
0.577795
0.409036
0.413624
0.590922
0.532281
0.40745
0.519296
0.4713
0.349727
0.570186
0.423023
0.366427
0.389255
0.561925
0.399983
0.516162
0.511637
0.444478
0.427718
0.610653
0.539146
0.506075
0.397997
0.559637
0.364426
0.66748
0.363097
0.426813
0.474674
0.597858
0.408165
0.53444
0.526946
0.386537
0.448382
0.394079
0.45493
0.505126
0.331647
0.44522
0.607071
0.557707
0.484569
0.484254
0.410455
0.555125
0.471555
0.442096
0.324382
0.362658
0.643822
0.519506
0.492122
0.458645
0.237216
0.514936
0.518834
0.604923
0.434698
0.580546
0.49819
0.46821
0.441455
0.717769
0.479786
0.744861
0.627574
0.474617
0.413901
0.629672
0.475264
0.432696
0.529772
0.432733
0.424661
0.672667
0.49801
0.386587
0.344244
0.482682
0.397374
0.499227
0.758966
0.625102
0.350607
0.596759
0.351187
0.502593
0.413591
0.562846
0.406585
0.465459
0.596618
0.520301
0.409178
0.577869
0.566064
0.413509
0.496708
0.511411
0.619349
0.43862
0.469586
0.660188
0.545533
0.531747
0.503694
0.472447
0.578462
0.363675
0.449325
0.369519
0.51892
0.602874
0.605608
0.373629
0.546739
0.496896
0.24176
0.591917
0.563381
0.585499
0.393586
0.304779
0.500028
0.49714
0.595624
0.482449
0.495731
0.493762
0.416407
0.504484
0.594737
0.517049
0.446332
0.582626
0.5316
0.352664
0.444639
0.288291
0.56725
0.367194
0.384064
0.361701
0.408703
0.38587
0.438746
0.530468
0.48964
0.367379
0.442988
0.491231
0.508596
0.395356
0.505528
0.508699
0.41606
0.644476
0.495998
0.36226
0.411288
0.492274
0.527254
0.421097
0.554179
0.53617
0.639351
0.654503
0.7171
0.638417
0.547888
0.384911
0.496048
0.559982
0.251567
0.666908
0.470125
0.557655
0.600761
0.526285
0.542755
0.506958
0.510974
0.418973
0.417682
0.476712
0.46208
0.470471
0.557262
0.419387
0.456266
0.332186
0.440123
0.554669
0.514636
0.441846
0.579787
0.511925
0.474461
0.30097
0.385385
0.460558
0.406097
0.383124
0.640115
0.495507
0.60062
0.662501
0.542649
0.558432
0.586254
0.403127
0.501198
0.463415
0.613713
0.474781
0.489486
0.459274
0.407594
0.462503
0.468437
0.298877
0.312997
0.412338
0.446861
0.599132
0.473583
0.506753
0.599012
0.46358
0.459296
0.38893
0.676381
0.60285
0.61903
0.455948
0.645634
0.526459
0.465537
0.716616
0.554147
0.592765
0.606898
0.560513
0.469093
0.592148
0.720938
0.410593
0.555596
0.601755
0.525955
0.432447
0.453985
0.688469
0.433209
0.44915
0.585705
0.550002
0.37362
0.661359
0.661989
0.272317
0.573148
0.498129
0.588925
0.444857
0.508401
0.424696
0.457058
0.513341
0.505999
0.409257
0.473238
0.46317
0.556278
0.501533
0.436921
0.614772
0.493961
0.501739
0.482687
0.475472
0.455418
0.599298
0.40525
0.430798
0.354209
0.63647
0.552779
0.27137
0.623602
0.402821
0.518881
0.43983
0.45681
0.592252
0.483115
0.445542
0.432719
0.655068
0.544455
0.533067
0.3469
0.553389
0.361637
0.403708
0.574733
0.478934
0.458863
0.577708
0.575518
0.318033
0.574863
0.347934
0.403459
0.349484
0.427858
0.714205
0.62344
0.436654
0.438474
0.500666
0.536564
0.426005
0.49722
0.646917
0.602421
0.490018
0.282647
0.426861
0.502134
0.553245
0.530848
0.487555
0.518193
0.416036
0.426497
0.513581
0.614203
0.441222
0.430141
0.410779
0.479613
0.49487
0.376001
0.566438
0.56161
0.732965
0.369065
0.48133
0.338324
0.601663
0.379789
0.58226
0.394562
0.369577
0.579256
0.512073
0.443312
0.43627
0.377166
0.657352
0.493274
0.261985
0.419562
0.512318
0.49473
0.639367
0.472751
0.490722
0.403071
0.478748
0.564366
0.585803
0.381361
0.504318
0.372097
0.441664
0.72031
0.559318
0.545101
0.43771
0.486103
0.594154
0.512677
0.601052
0.513518
0.562099
0.479297
0.450088
0.443844
0.473072
0.524603
0.535733
0.564099
0.556712
0.521566
0.58506
0.536107
0.661799
0.455457
0.465394
0.511009
0.669809
0.370878
0.475187
0.506833
0.526208
0.593606
0.531267
0.583747
0.39384
0.568511
0.460365
0.483688
0.508571
0.32439
0.416063
0.608062
0.568124
0.521051
0.530636
0.389257
0.510802
0.453526
0.374496
0.468735
0.441616
0.382819
0.53427
0.526508
0.639081
0.432142
0.63378
0.513818
0.326736
0.432093
0.510521
0.422898
0.419237
0.51779
0.423473
0.484698
0.653636
0.575502
0.4064
0.517499
0.492247
0.605816
0.394036
0.356378
0.334286
0.614975
0.33687
0.675511
0.499243
0.565475
0.483498
0.472324
0.545742
0.411611
0.547815
0.414549
0.465397
0.515148
0.591579
0.558273
0.34199
0.580842
0.541172
0.427069
0.492052
0.471058
0.520669
0.499379
0.403715
0.553283
0.321593
0.483309
0.566488
0.403833
0.343024
0.465047
0.535396
0.435615
0.424019
0.499132
0.398683
0.537313
0.353556
0.565863
0.419086
0.605906
0.481533
0.453123
0.294454
0.623971
0.567595
0.426971
0.434257
0.477722
0.492876
0.437344
0.57435
0.431312
0.523
0.562282
0.453083
0.567412
0.34899
0.42609
0.647675
0.573643
0.445984
0.533887
0.420538
0.498951
0.577976
0.447052
0.451001
0.523568
0.540041
0.481053
0.428688
0.580692
0.367828
0.439241
0.560576
0.537606
0.657339
0.403168
0.39454
0.488432
0.526334
0.782052
0.38797
0.33029
0.411963
0.581025
0.650836
0.489139
0.637502
0.379852
0.368351
0.531121
0.694375
0.420805
0.559158
0.439739
0.473896
0.386457
0.550767
0.558773
0.546472
0.605138
0.354725
0.395317
0.424263
0.653875
0.499802
0.446895
0.556614
0.435627
0.432253
0.461122
0.495804
0.389695
0.317984
0.555908
0.433996
0.451192
0.382257
0.422749
0.650493
0.607493
0.69832
0.40516
0.521745
0.606632
0.287161
0.588859
0.534791
0.354628
0.416332
0.359816
0.508109
0.495753
0.386605
0.480837
0.462155
0.601807
0.570974
0.506866
0.395115
0.60346
0.421315
0.403736
0.407697
0.378795
0.583796
0.35461
0.584079
0.571177
0.664905
0.532904
0.374379
0.440639
0.365738
0.49001
0.437333
0.459973
0.553003
0.350653
0.490117
0.548786
0.360924
0.528279
0.575547
0.695764
0.519065
0.567359
0.595167
0.451468
0.476835
0.389078
0.470019
0.580975
0.546244
0.561353
0.479167
0.547733
0.410232
0.533702
0.389322
0.45703
0.544712
0.471991
0.62722
0.419487
0.178209
0.497624
0.359656
0.502047
0.663788
0.580274
0.534376
0.515934
0.463741
0.652782
0.59831
0.448113
0.248256
0.511385
0.447902
0.474784
0.585121
0.533966
0.379583
0.402514
0.64825
0.293533
0.496708
0.364596
0.598634
0.463705
0.59256
0.557296
0.592078
0.507464
0.567312
0.532651
0.443873
0.510005
0.450105
0.571532
0.531357
0.561026
0.685703
0.542705
0.541044
0.611329
0.508444
0.510662
0.567846
0.523155
0.464498
0.487018
0.349654
0.403182
0.656732
0.427302
0.47133
0.551661
0.574748
0.557021
0.297956
0.380693
0.335951
0.667866
0.397958
0.649185
0.501783
0.557006
0.492509
0.531544
0.546539
0.489409
0.418385
0.58171
0.444465
0.4452
0.41725
0.573651
0.404113
0.671039
0.565107
0.593992
0.417222
0.486615
0.631439
0.531944
0.402657
0.604288
0.408361
0.45629
0.414238
0.602036
0.475855
0.488639
0.444561
0.446814
0.569966
0.476771
0.595185
0.497528
0.496621
0.641367
0.49688
0.723808
0.584474
0.613966
0.451851
0.458835
0.496031
0.50355
0.63319
0.461477
0.417012
0.323643
0.415061
0.395046
0.419754
0.581374
0.620408
0.53699
0.647193
0.374484
0.461255
0.515906
0.489785
0.561758
0.409966
0.529244
0.32846
0.566939
0.67809
0.527143
0.592533
0.445679
0.492704
0.554845
0.632246
0.58962
0.548466
0.328185
0.5314
0.561241
0.57685
0.373662
0.486329
0.447626
0.512319
0.496651
0.353244
0.590844
0.448486
0.448338
0.616744
0.397164
0.565583
0.543977
0.258095
0.546851
0.573844
0.542134
0.402638
0.520843
0.355682
0.426567
0.501487
0.630106
0.502836
0.439474
0.453438
0.478022
0.432929
0.596828
0.49881
0.705696
0.53317
0.573573
0.417713
0.464573
0.617209
0.578483
0.54102
0.330321
0.49444
0.645517
0.533094
0.616449
0.43932
0.450519
0.531116
0.46565
0.411565
0.619177
0.426635
0.491427
0.616351
0.42415
0.350733
0.512041
0.506946
0.576324
0.474995
0.563397
0.520461
0.497186
0.466247
0.596991
0.500713
0.41633
0.5338
0.463571
0.400445
0.470153
0.483745
0.652709
0.568456
0.684813
0.545575
0.503001
0.515462
0.508567
0.56226
0.31716
0.515788
0.415628
0.335614
0.610761
0.440287
0.435723
0.394623
0.492985
0.629137
0.570548
0.405164
0.622181
0.501482
0.440371
0.565321
0.498646
0.562132
0.461034
0.431303
0.551511
0.403841
0.483669
0.394733
0.546192
0.416957
0.336456
0.582872
0.583371
0.6065
0.489772
0.579112
0.380002
0.480054
0.623148
0.661859
0.517388
0.408073
0.404437
0.535706
0.510893
0.571546
0.498663
0.479588
0.500373
0.500205
0.60603
0.462366
0.379971
0.467755
0.485613
0.477102
0.480426
0.448901
0.453288
0.421041
0.486583
0.456189
0.549461
0.49911
0.517338
0.563016
0.554236
0.454524
0.414759
0.482379
0.684642
0.330871
0.683669
0.50928
0.640611
0.645821
0.692518
0.447933
0.373395
0.507397
0.490871
0.533227
0.432184
0.529524
0.518409
0.519185
0.601666
0.404341
0.574838
0.44541
0.375351
0.564564
0.38966
0.505824
0.416476
0.41995
0.575257
0.532274
0.540362
0.477707
0.466319
0.46885
0.509112
0.457461
0.543124
0.551061
0.561572
0.487191
0.305752
0.617274
0.508523
0.417308
0.31082
0.468127
0.405077
0.61585
0.501877
0.452891
0.469304
0.508521
0.459103
0.600035
0.548133
0.503126
0.563515
0.622544
0.538623
0.488684
0.4154
0.616813
0.554697
0.425327
0.466219
0.437217
0.586491
0.541842
0.617778
0.466743
0.431502
0.433516
0.611972
0.517359
0.583723
0.603712
0.478957
0.582056
0.449019
0.618395
0.531117
0.623801
0.611996
0.343592
0.484749
0.324913
0.511684
0.511577
0.660897
0.533643
0.690343
0.412328
0.661302
0.633045
0.56177
0.432599
0.434988
0.520484
0.402494
0.465725
0.645503
0.524421
0.60128
0.491068
0.518385
0.498382
0.409412
0.672772
0.49295
0.520331
0.416224
0.453309
0.522031
0.688897
0.631412
0.318049
0.357829
0.446247
0.487672
0.582885
0.531554
0.470615
0.484237
0.507714
0.479101
0.469843
0.473945
0.464378
0.384489
0.670511
0.553459
0.488413
0.707363
0.535554
0.548327
0.419785
0.530367
0.556538
0.391589
0.388513
0.406746
0.555032
0.676662
0.626927
0.408032
0.59081
0.52227
0.591025
0.366254
0.712898
0.51923
0.54923
0.674579
0.502751
0.435916
0.347588
0.454889
0.647141
0.541258
0.386255
0.520269
0.541597
0.56119
0.442892
0.554956
0.463556
0.416447
0.654362
0.503812
0.467613
0.396683
0.618922
0.407912
0.643594
0.707897
0.60687
0.442383
0.441411
0.687172
0.568384
0.407145
0.504983
0.510798
0.303097
0.390752
0.470733
0.628837
0.506697
0.572047
0.574521
0.441262
0.435651
0.543894
0.574083
0.587803
0.431927
0.437761
0.632392
0.455674
0.525348
0.697472
0.42058
0.516393
0.582036
0.294982
0.487397
0.484932
0.393132
0.500543
0.505407
0.551456
0.298816
0.314175
0.442462
0.667964
0.618372
0.534883
0.720224
0.479152
0.60789
0.488594
0.409812
0.468872
0.49291
0.455301
0.67794
0.550567
0.524155
0.630479
0.635169
0.462114
0.480239
0.525304
0.551193
0.532535
0.492036
0.554797
0.390366
0.570056
0.489179
0.382509
0.483932
0.578035
0.569928
0.484908
0.693739
0.437311
0.471433
0.668161
0.535466
0.400551
0.268207
0.61453
0.417683
0.52621
0.552392
0.555136
0.516367
0.53675
0.450181
0.460377
0.542733
0.51779
0.40457
0.408811
0.37558
0.581882
0.505345
0.439852
0.417561
0.502682
0.37304
0.615164
0.498144
0.382243
0.604343
0.30815
0.384251
0.546263
0.462245
0.51049
0.472872
0.669103
0.444976
0.489179
0.628235
0.412443
0.493566
0.5471
0.289378
0.618462
0.298665
0.534633
0.412261
0.630483
0.343009
0.429386
0.323836
0.421013
0.566718
0.345635
0.453772
0.589196
0.568399
0.554613
0.672819
0.346676
0.355788
0.391288
0.505061
0.642921
0.335456
0.392837
0.494618
0.488104
0.481903
0.458533
0.495593
0.713634
0.452109
0.440293
0.517405
0.367499
0.512426
0.367679
0.595855
0.473579
0.520453
0.580657
0.473619
0.491149
0.555336
0.587978
0.662112
0.492798
0.415695
0.388537
0.319939
0.53604
0.405191
0.687634
0.521458
0.635916
0.501485
0.609579
0.50224
0.452916
0.655168
0.752597
0.656507
0.392581
0.490993
0.551558
0.524885
0.470184
0.484527
0.508543
0.349133
0.425912
0.563122
0.520832
0.483741
0.283006
0.430902
0.380395
0.442612
0.623345
0.44321
0.538526
0.422294
0.511989
0.556776
0.32377
0.481543
0.334246
0.457622
0.370838
0.470228
0.315817
0.519519
0.46273
0.588936
0.478664
0.571583
0.507823
0.523855
0.442216
0.454372
0.468198
0.53983
0.511605
0.419648
0.525038
0.327765
0.501632
0.579733
0.611426
0.390811
0.627197
0.438164
0.462431
0.617069
0.547976
0.434152
0.426892
0.624827
0.587121
0.509118
0.554834
0.479614
0.550836
0.654367
0.418991
0.470651
0.657684
0.424729
0.348445
0.597547
0.54351
0.4038
0.446898
0.456383
0.439919
0.582174
0.63767
0.427595
0.631252
0.460855
0.521984
0.556356
0.377062
0.71781
0.556704
0.47944
0.44409
0.47641
0.352153
0.390825
0.623809
0.49028
0.560223
0.451573
0.418606
0.509874
0.567483
0.437822
0.461712
0.521859
0.527556
0.383983
0.493042
0.453179
0.361531
0.316533
0.44509
0.607444
0.524731
0.587072
0.600114
0.452093
0.382697
0.501591
0.461833
0.500528
0.458742
0.406171
0.541903
0.434218
0.410007
0.527649
0.59348
0.385564
0.458441
0.381012
0.4312
0.453054
0.447693
0.443614
0.45893
0.546077
0.516406
0.559563
0.483691
0.457499
0.472953
0.37591
0.426179
0.5379
0.426179
0.325569
0.545331
0.596171
0.571251
0.660151
0.47644
0.476915
0.549232
0.699202
0.639313
0.465913
0.593551
0.600601
0.605046
0.45067
0.646052
0.470166
0.616982
0.313862
0.469842
0.316783
0.743475
0.463251
0.605704
0.522666
0.597086
0.402465
0.413339
0.436635
0.586912
0.522774
0.408268
0.511582
0.377726
0.5468
0.549735
0.49556
0.61169
0.580885
0.454493
0.649246
0.60539
0.433592
0.405874
0.600766
0.567007
0.333636
0.397086
0.36219
0.385445
0.431291
0.592224
0.320266
0.525282
0.493111
0.507966
0.47724
0.518447
0.600594
0.613525
0.55591
0.375525
0.439181
0.515891
0.496323
0.446672
0.614776
0.441984
0.459818
0.644108
0.460757
0.548822
0.319383
0.595216
0.499211
0.587393
0.753609
0.527297
0.395928
0.415389
0.574756
0.492055
0.599462
0.49855
0.409778
0.51993
0.480341
0.559854
0.516395
0.551429
0.587304
0.530349
0.554609
0.624608
0.713214
0.52493
0.44732
0.504942
0.61407
0.410922
0.452001
0.425786
0.550353
0.456834
0.628654
0.364731
0.520677
0.343203
0.427566
0.513124
0.433539
0.386959
0.533641
0.503099
0.41372
0.475294
0.592402
0.438485
0.465671
0.424524
0.505999
0.532968
0.617011
0.473997
0.425878
0.490949
0.341038
0.39459
0.382002
0.473547
0.507926
0.435908
0.47685
0.574224
0.440088
0.455811
0.435653
0.385577
0.547938
0.37042
0.542639
0.470814
0.498079
0.432299
0.506328
0.460526
0.316729
0.589035
0.485186
0.57734
0.556976
0.493968
0.468271
0.548121
0.459223
0.535349
0.343724
0.495376
0.509982
0.519752
0.3013
0.506583
0.354949
0.490079
0.503368
0.562174
0.648067
0.478041
0.422119
0.359939
0.519083
0.48552
0.378989
0.505658
0.51787
0.458751
0.435593
0.64679
0.444562
0.563803
0.573738
0.308067
0.500364
0.591358
0.665372
0.444916
0.39463
0.513318
0.571609
0.462602
0.419636
0.48331
0.523237
0.356075
0.555205
0.517691
0.523414
0.607483
0.591176
0.413165
0.476537
0.635392
0.656432
0.45169
0.38553
0.521754
0.419041
0.412849
0.573104
0.449695
0.5728
0.558419
0.470814
0.467251
0.651273
0.473389
0.383005
0.449186
0.511204
0.442195
0.471048
0.461069
0.502939
0.30852
0.516522
0.536817
0.396311
0.511467
0.610293
0.562937
0.456178
0.510519
0.477724
0.519745
0.662627
0.506165
0.488522
0.561848
0.54662
0.632655
0.613011
0.627239
0.56262
0.443842
0.374917
0.34634
0.545565
0.532622
0.414002
0.479423
0.600286
0.418997
0.510197
0.442792
0.447281
0.311339
0.434145
0.491221
0.59953
0.589938
0.477353
0.606109
0.370806
0.581477
0.378427
0.395881
0.416734
0.387575
0.700166
0.547184
0.585627
0.500108
0.625542
0.272456
0.506893
0.580511
0.528889
0.58149
0.470618
0.499832
0.441921
0.461615
0.352685
0.630806
0.57245
0.3832
0.415589
0.652772
0.746971
0.654156
0.565863
0.474787
0.636577
0.529195
0.474856
0.501797
0.488914
0.536605
0.670329
0.56329
0.627199
0.51734
0.582171
0.493365
0.390596
0.578264
0.376276
0.495689
0.378504
0.243401
0.536418
0.546347
0.524642
0.444092
0.55477
0.482112
0.465032
0.420984
0.467425
0.391215
0.377332
0.617795
0.422146
0.368194
0.657181
0.628864
0.491282
0.413964
0.460572
0.419483
0.543594
0.55676
0.479485
0.570078
0.564541
0.439146
0.531336
0.502301
0.465304
0.560809
0.631064
0.627169
0.44666
0.386394
0.677954
0.412372
0.48456
0.522164
0.427595
0.497938
0.480077
0.634799
0.33262
0.596457
0.467141
0.430179
0.524199
0.396098
0.597288
0.329533
0.469496
0.441692
0.421413
0.474864
0.578608
0.501186
0.4643
0.465079
0.447785
0.631777
0.43849
0.568813
0.413989
0.442125
0.569833
0.379441
0.459158
0.503998
0.407826
0.572304
0.440807
0.498804
0.469658
0.493731
0.538886
0.491453
0.61763
0.555944
0.497087
0.506039
0.295425
0.431474
0.600085
0.534859
0.649464
0.435247
0.56647
0.344319
0.537379
0.552038
0.550418
0.548315
0.676411
0.511502
0.533415
0.501683
0.51032
0.532545
0.450651
0.52339
0.474177
0.353318
0.534949
0.491113
0.412192
0.632642
0.474427
0.555925
0.55451
0.453221
0.568309
0.50783
0.48468
0.576513
0.528636
0.579904
0.330311
0.39367
0.51388
0.410849
0.585173
0.586495
0.493753
0.492789
0.621806
0.556872
0.532785
0.513176
0.579487
0.50269
0.543527
0.456684
0.613156
0.312777
0.69851
0.465033
0.464716
0.522929
0.403385
0.659696
0.668886
0.519612
0.821935
0.414461
0.531574
0.497479
0.606939
0.521888
0.519502
0.47135
0.529154
0.629699
0.475631
0.512857
0.409953
0.530179
0.62567
0.626467
0.551444
0.46771
0.466783
0.499134
0.521168
0.586575
0.430337
0.45238
0.386777
0.373211
0.486365
0.595097
0.509338
0.554109
0.608166
0.419934
0.592233
0.59261
0.541253
0.505647
0.545866
0.484855
0.421659
0.482305
0.3667
0.487199
0.664351
0.485815
0.44241
0.614404
0.593346
0.572713
0.48323
0.629998
0.410827
0.485754
0.442837
0.507165
0.403415
0.555301
0.63043
0.470614
0.459476
0.591104
0.528893
0.436872
0.622151
0.363562
0.322262
0.552489
0.528585
0.493079
0.398969
0.486673
0.486572
0.560698
0.535619
0.566917
0.515677
0.522681
0.579346
0.453172
0.630619
0.656271
0.535072
0.428212
0.670505
0.483387
0.627275
0.438803
0.3783
0.613527
0.44414
0.454378
0.61067
0.616707
0.585282
0.516904
0.409135
0.481774
0.522468
0.537687
0.589248
0.434973
0.446074
0.553883
0.505296
0.488181
0.608297
0.489514
0.623788
0.45574
0.487402
0.472822
0.589812
0.623374
0.685583
0.443819
0.396065
0.572174
0.536289
0.542928
0.565214
0.655209
0.535155
0.403646
0.631958
0.393803
0.421957
0.479175
0.461992
0.705096
0.529277
0.615015
0.370831
0.392002
0.376871
0.436536
0.606241
0.521236
0.528996
0.55258
0.533794
0.384588
0.445236
0.483167
0.315875
0.483172
0.54365
0.501432
0.500207
0.593906
0.458351
0.436918
0.534779
0.572
0.311901
0.619416
0.401823
0.612773
0.536179
0.349552
0.514273
0.540641
0.563688
0.464347
0.643922
0.412659
0.474512
0.323045
0.451268
0.418523
0.522452
0.470482
0.362829
0.428476
0.477113
0.44234
0.592486
0.485079
0.60703
0.458649
0.529182
0.554365
0.392191
0.308928
0.514118
0.446401
0.49257
0.564385
0.406324
0.584826
0.512615
0.559642
0.386303
0.449457
0.589866
0.468465
0.473205
0.535601
0.599203
0.35502
0.531782
0.468222
0.402465
0.514204
0.521147
0.578659
0.386499
0.521633
0.488136
0.396115
0.520947
0.495899
0.433879
0.42567
0.330389
0.532738
0.582943
0.479105
0.61372
0.602788
0.360183
0.694343
0.656931
0.311638
0.631267
0.62387
0.573738
0.602905
0.48855
0.491994
0.671795
0.342119
0.264827
0.515373
0.480495
0.351196
0.633213
0.55073
0.28966
0.570348
0.60223
0.678246
0.43668
0.506283
0.440926
0.54862
0.542968
0.582593
0.569649
0.41634
0.638861
0.440248
0.627881
0.651223
0.429387
0.443159
0.481311
0.564827
0.441586
0.525798
0.656114
0.307856
0.457383
0.376888
0.389175
0.489228
0.474255
0.385213
0.358797
0.436976
0.449248
0.480634
0.411178
0.365735
0.47016
0.585423
0.523778
0.535036
0.460991
0.448051
0.547413
0.377212
0.567057
0.563613
0.444752
0.54322
0.678429
0.492095
0.393632
0.459239
0.438639
0.467713
0.549425
0.5064
0.548895
0.549605
0.561428
0.530585
0.216303
0.39616
0.514069
0.45871
0.507901
0.452335
0.614488
0.542479
0.460564
0.521299
0.573814
0.370108
0.560151
0.448822
0.530282
0.581051
0.441512
0.380808
0.438075
0.688296
0.674283
0.561454
0.596573
0.457327
0.48767
0.521506
0.620485
0.610377
0.550691
0.463125
0.452103
0.419141
0.462641
0.579938
0.592694
0.518624
0.421831
0.557831
0.48086
0.619358
0.428908
0.384099
0.571428
0.514737
0.64437
0.549615
0.46927
0.474755
0.65817
0.660669
0.548172
0.486958
0.442549
0.684202
0.635715
0.449963
0.447586
0.532155
0.470858
0.444422
0.462149
0.647722
0.441732
0.500829
0.401303
0.488285
0.686923
0.353127
0.394426
0.606883
0.294281
0.511574
0.636639
0.516057
0.557128
0.607877
0.429387
0.474981
0.548449
0.660129
0.474304
0.472797
0.449497
0.474602
0.397797
0.388106
0.619974
0.646018
0.472024
0.386613
0.422763
0.437397
0.461268
0.475935
0.516954
0.515164
0.560951
0.468621
0.508685
0.48469
0.409834
0.411479
0.400118
0.415998
0.444234
0.421303
0.302622
0.568883
0.426354
0.524158
0.481046
0.521233
0.417115
0.427392
0.571732
0.373861
0.377155
0.460581
0.367693
0.449699
0.467945
0.503647
0.490175
0.524734
0.488255
0.67741
0.266606
0.522588
0.51947
0.603891
0.410688
0.574193
0.566564
0.450673
0.551212
0.588514
0.469786
0.455701
0.681919
0.599851
0.525431
0.585911
0.505535
0.351728
0.39232
0.415105
0.52088
0.546946
0.473909
0.413534
0.552732
0.6379
0.554227
0.623679
0.54991
0.750778
0.529119
0.353745
0.477822
0.431813
0.512559
0.55241
0.507506
0.573262
0.611076
0.335431
0.553972
0.421359
0.547604
0.516696
0.342419
0.487962
0.379378
0.453381
0.381731
0.382211
0.49275
0.446876
0.50036
0.347988
0.371095
0.448203
0.45057
0.537541
0.220259
0.298638
0.412723
0.371135
0.499269
0.593331
0.63212
0.627162
0.442329
0.387705
0.496676
0.376622
0.571379
0.573477
0.714465
0.420472
0.486807
0.533158
0.476007
0.607829
0.58715
0.538922
0.486882
0.407569
0.40694
0.493781
0.532099
0.375387
0.475088
0.520006
0.584393
0.602913
0.584533
0.581795
0.594403
0.455009
0.527105
0.3862
0.601505
0.295917
0.48589
0.338361
0.279788
0.574431
0.290617
0.534134
0.584517
0.382834
0.429911
0.555222
0.390147
0.323837
0.477491
0.488953
0.611767
0.614315
0.627728
0.626874
0.477628
0.524149
0.449205
0.603382
0.471186
0.393023
0.253242
0.417613
0.486864
0.587553
0.537612
0.438866
0.544551
0.555662
0.503952
0.427862
0.483585
0.504632
0.560672
0.413167
0.507802
0.573813
0.51143
0.544138
0.378977
0.59249
0.292524
0.498795
0.556786
0.607938
0.460843
0.657032
0.559173
0.438236
0.447288
0.456636
0.467832
0.348936
0.37887
0.531586
0.429241
0.572206
0.535954
0.389169
0.602507
0.481623
0.549415
0.514439
0.481052
0.605289
0.655751
0.497631
0.465933
0.504506
0.416468
0.362108
0.594401
0.56475
0.571351
0.427517
0.528054
0.440239
0.533502
0.574797
0.48075
0.562906
0.347306
0.58678
0.417204
0.47112
0.518785
0.520088
0.47898
0.533042
0.691066
0.421118
0.69538
0.534016
0.475962
0.630908
0.412511
0.56694
0.465981
0.530709
0.524565
0.409088
0.539308
0.362135
0.417183
0.488387
0.533643
0.61278
0.433497
0.436684
0.603006
0.490222
0.349261
0.397056
0.584946
0.414381
0.494258
0.496788
0.493838
0.64021
0.682937
0.417111
0.419251
0.679738
0.318037
0.585389
0.546656
0.324518
0.606714
0.284931
0.631006
0.576561
0.579478
0.522148
0.642013
0.577864
0.528043
0.410319
0.363231
0.385682
0.478945
0.523739
0.365327
0.572713
0.395584
0.545571
0.487207
0.438402
0.352124
0.477245
0.646951
0.499612
0.448468
0.396783
0.567772
0.58591
0.736294
0.547966
0.44253
0.496794
0.501939
0.411767
0.373578
0.485164
0.402678
0.556039
0.413015
0.613426
0.378747
0.578954
0.691707
0.3856
0.364224
0.456221
0.463707
0.490874
0.495668
0.571661
0.305992
0.301047
0.568206
0.455227
0.501713
0.446358
0.514523
0.572093
0.498444
0.551217
0.48301
0.50099
0.471184
0.543379
0.467081
0.609452
0.433151
0.457158
0.488488
0.57822
0.62571
0.533283
0.463204
0.446538
0.482012
0.575033
0.37925
0.344636
0.497252
0.55235
0.491628
0.549211
0.351703
0.352602
0.490271
0.34225
0.520975
0.558768
0.522744
0.673084
0.571233
0.392786
0.454183
0.518068
0.375375
0.59388
0.522748
0.601835
0.499474
0.40869
0.399643
0.588598
0.597051
0.65207
0.688557
0.571497
0.51203
0.554448
0.500126
0.482528
0.629521
0.44367
0.512838
0.415118
0.526836
0.416283
0.682543
0.39595
0.465443
0.335255
0.48855
0.46215
0.527844
0.648134
0.405043
0.594514
0.341617
0.551711
0.562353
0.426951
0.646188
0.536254
0.613383
0.496874
0.646144
0.524441
0.24628
0.62078
0.558187
0.377123
0.385233
0.373817
0.497127
0.470092
0.497025
0.421643
0.559573
0.553076
0.671801
0.597428
0.552271
0.384172
0.572241
0.43638
0.475317
0.49001
0.446145
0.474692
0.408766
0.433935
0.37321
0.689368
0.364415
0.581539
0.467545
0.499886
0.452839
0.434911
0.48327
0.372203
0.479037
0.463988
0.471322
0.560148
0.518323
0.495448
0.511361
0.388745
0.437378
0.526585
0.693467
0.428594
0.513652
0.513658
0.450084
0.629904
0.56962
0.44124
0.539462
0.479363
0.576623
0.511112
0.657624
0.512529
0.596356
0.596273
0.40666
0.458951
0.516325
0.387699
0.472938
0.516794
0.498861
0.518474
0.569612
0.448231
0.401602
0.481985
0.47356
0.556436
0.440586
0.46787
0.437703
0.549511
0.655421
0.621474
0.58541
0.616233
0.299247
0.389569
0.394481
0.633024
0.61452
0.547137
0.453989
0.491094
0.468883
0.607062
0.528045
0.477213
0.513725
0.596574
0.486309
0.561134
0.491261
0.441353
0.461881
0.537188
0.554286
0.630208
0.572967
0.537113
0.576003
0.440295
0.595504
0.575736
0.515636
0.684857
0.399709
0.610605
0.468805
0.402505
0.364295
0.491255
0.469919
0.539088
0.657878
0.343287
0.427132
0.380238
0.527897
0.576981
0.558687
0.374698
0.46311
0.529705
0.562751
0.445582
0.496562
0.545893
0.391124
0.418728
0.591659
0.567912
0.510495
0.504371
0.504793
0.555669
0.523184
0.650356
0.543721
0.472331
0.582613
0.342167
0.441697
0.668063
0.477003
0.557069
0.543141
0.463239
0.568097
0.486701
0.747388
0.577078
0.45998
0.52447
0.482867
0.46723
0.536351
0.371148
0.584832
0.44032
0.642882
0.544103
0.62553
0.363044
0.204583
0.5826
0.496512
0.547892
0.356365
0.423678
0.368529
0.507132
0.428292
0.680121
0.355276
0.563223
0.565271
0.384053
0.382994
0.473329
0.474226
0.466765
0.518754
0.770183
0.480087
0.427366
0.535997
0.441017
0.535183
0.399912
0.496711
0.560882
0.46494
0.460682
0.605392
0.466144
0.546039
0.424316
0.540718
0.498514
0.501493
0.459534
0.296658
0.469491
0.460363
0.712231
0.465506
0.489623
0.46813
0.555726
0.571116
0.376534
0.347012
0.394998
0.611396
0.700172
0.593799
0.53379
0.594903
0.643305
0.566064
0.47045
0.657155
0.44978
0.445882
0.520449
0.518065
0.702612
0.483476
0.470532
0.592676
0.518517
0.311484
0.351478
0.693163
0.564989
0.383836
0.3735
0.460845
0.600611
0.531492
0.30033
0.342742
0.508763
0.540588
0.645069
0.477968
0.339466
0.546807
0.652912
0.385066
0.393608
0.503097
0.6929
0.442146
0.678342
0.516094
0.412866
0.527472
0.531958
0.659944
0.518784
0.638955
0.561095
0.464453
0.521755
0.736725
0.452655
0.637808
0.55291
0.653825
0.417333
0.622365
0.478509
0.595755
0.59121
0.495319
0.554589
0.500473
0.466372
0.5143
0.542512
0.456143
0.641055
0.571269
0.463804
0.474788
0.57437
0.356356
0.404718
0.295732
0.600144
0.346525
0.487971
0.543516
0.599005
0.52231
0.511146
0.590748
0.547306
0.379052
0.608273
0.477146
0.356081
0.437447
0.423149
0.611785
0.682695
0.571401
0.589957
0.436358
0.542428
0.359553
0.598827
0.353054
0.466737
0.630043
0.580953
0.421403
0.549481
0.506432
0.479956
0.604255
0.391931
0.575924
0.483203
0.393811
0.401902
0.289346
0.568804
0.674445
0.521893
0.265618
0.481071
0.479774
0.355635
0.611721
0.379226
0.377294
0.632003
0.582447
0.411204
0.664603
0.489747
0.492525
0.546393
0.487082
0.686049
0.656949
0.558228
0.487623
0.526454
0.373671
0.47954
0.474832
0.683218
0.476063
0.560641
0.546877
0.513691
0.570835
0.442106
0.633939
0.509842
0.340419
0.411296
0.523029
0.404608
0.527047
0.543648
0.604678
0.430236
0.629088
0.636835
0.531822
0.368358
0.628452
0.527889
0.606963
0.451035
0.531181
0.540447
0.61448
0.466571
0.441596
0.541285
0.490736
0.493392
0.403676
0.492344
0.475425
0.629864
0.531624
0.566494
0.413355
0.607401
0.314828
0.552302
0.576682
0.468787
0.520758
0.605097
0.553357
0.463148
0.63256
0.508672
0.498349
0.653554
0.44644
0.393977
0.469982
0.452734
0.417193
0.518209
0.574506
0.496962
0.378497
0.539703
0.417809
0.537665
0.477905
0.431111
0.313937
0.474849
0.654725
0.555316
0.62591
0.475982
0.552274
0.385642
0.515048
0.518481
0.494253
0.583876
0.55087
0.463497
0.668304
0.456702
0.484339
0.513232
0.548059
0.393155
0.413064
0.523515
0.448286
0.542732
0.367824
0.337949
0.546028
0.625848
0.525557
0.579422
0.413887
0.475325
0.404762
0.47935
0.599915
0.389674
0.625011
0.544504
0.351832
0.635914
0.51308
0.45586
0.521588
0.571748
0.413966
0.663383
0.499557
0.363915
0.615855
0.58524
0.615935
0.461589
0.523872
0.439434
0.410206
0.540705
0.51824
0.430388
0.607798
0.467156
0.508248
0.382565
0.556355
0.333798
0.444205
0.657692
0.56232
0.508265
0.575349
0.611739
0.531818
0.585606
0.342463
0.642304
0.458075
0.571786
0.369702
0.546593
0.610944
0.731154
0.470967
0.654718
0.472349
0.412967
0.611895
0.522564
0.62474
0.429126
0.46934
0.263016
0.537968
0.587294
0.406
0.463855
0.513226
0.390611
0.528621
0.585166
0.33102
0.597226
0.523989
0.448652
0.413385
0.589936
0.667706
0.425741
0.648869
0.438212
0.576533
0.500948
0.542076
0.441953
0.425844
0.531443
0.437824
0.528337
0.379549
0.44335
0.533304
0.730146
0.380582
0.499792
0.42984
0.406002
0.525879
0.545254
0.689202
0.569962
0.400516
0.575372
0.447633
0.579977
0.571466
0.50075
0.404112
0.491703
0.442238
0.467996
0.63757
0.516242
0.445407
0.37064
0.321138
0.527383
0.400846
0.527172
0.589724
0.545952
0.493263
0.622946
0.58054
0.485918
0.323389
0.607239
0.504456
0.478933
0.562991
0.506275
0.419353
0.501009
0.39463
0.457561
0.464916
0.507065
0.242879
0.590422
0.281604
0.436121
0.404502
0.572131
0.57481
0.381931
0.560861
0.508584
0.498489
0.430899
0.606621
0.432987
0.620844
0.551114
0.454578
0.435561
0.49791
0.573432
0.277244
0.581795
0.419188
0.537504
0.521574
0.536318
0.602722
0.582712
0.684039
0.453981
0.405351
0.346008
0.458985
0.519283
0.477079
0.48567
0.474044
0.50979
0.626848
0.382016
0.602111
0.528755
0.580252
0.573177
0.390195
0.496639
0.398007
0.566017
0.37124
0.510803
0.387291
0.519369
0.525784
0.477148
0.676331
0.528733
0.436097
0.48702
0.435911
0.448676
0.526245
0.357221
0.51975
0.571139
0.40729
0.570519
0.458967
0.434938
0.547614
0.348544
0.484166
0.373758
0.364148
0.558535
0.361907
0.516964
0.581069
0.599888
0.520656
0.539594
0.628292
0.536021
0.504564
0.514934
0.552894
0.531586
0.631702
0.555085
0.492347
0.424594
0.446678
0.631999
0.509271
0.407552
0.445836
0.453448
0.513149
0.61123
0.616502
0.425463
0.595255
0.379233
0.570063
0.564788
0.578832
0.591058
0.561888
0.331917
0.637311
0.335854
0.479448
0.637355
0.459169
0.358652
0.443213
0.430709
0.538797
0.595337
0.403229
0.514319
0.448528
0.682178
0.427531
0.630112
0.497754
0.570273
0.466846
0.450429
0.61085
0.394774
0.543315
0.56058
0.556397
0.54331
0.549244
0.55295
0.435985
0.537548
0.555174
0.459453
0.491652
0.586352
0.514846
0.431236
0.51679
0.488563
0.417914
0.531492
0.656153
0.457916
0.379546
0.539325
0.656354
0.712173
0.469319
0.469623
0.479041
0.513054
0.370121
0.395919
0.614718
0.56311
0.521028
0.520261
0.535951
0.560187
0.536421
0.466145
0.504483
0.67967
0.506885
0.477584
0.397575
0.599242
0.575717
0.48944
0.444656
0.300391
0.348134
0.59114
0.466151
0.375466
0.528586
0.537974
0.382138
0.638591
0.494829
0.371163
0.609276
0.483282
0.5057
0.489949
0.490202
0.549145
0.302848
0.375962
0.600406
0.554574
0.404898
0.402174
0.653353
0.42187
0.505874
0.565769
0.575414
0.565772
0.477922
0.366282
0.647939
0.535894
0.34172
0.307418
0.6146
0.498102
0.406179
0.43296
0.527894
0.609396
0.592378
0.314228
0.459505
0.585399
0.344915
0.688579
0.324971
0.479072
0.597162
0.505462
0.473917
0.483828
0.395175
0.468583
0.472865
0.543716
0.598319
0.669751
0.358445
0.397917
0.362911
0.49203
0.464579
0.50629
0.478495
0.416835
0.328027
0.597258
0.564638
0.501641
0.552423
0.548851
0.349408
0.402022
0.461758
0.358253
0.438984
0.493747
0.500008
0.474719
0.451128
0.507715
0.634404
0.465293
0.523532
0.422506
0.495627
0.55225
0.521323
0.366408
0.538979
0.405731
0.556318
0.462755
0.336376
0.394602
0.493853
0.409495
0.609767
0.493025
0.461361
0.715887
0.59241
0.509858
0.486078
0.426303
0.655152
0.352436
0.477602
0.443115
0.660704
0.555889
0.434272
0.417685
0.509643
0.403647
0.490628
0.510508
0.417676
0.334321
0.336502
0.528589
0.31446
0.574683
0.52655
0.530168
0.580082
0.658
0.462349
0.343937
0.53606
0.581501
0.467418
0.58192
0.38352
0.526304
0.488858
0.332225
0.431979
0.607631
0.547541
0.599905
0.487949
0.442707
0.522079
0.521195
0.67336
0.418242
0.590096
0.50843
0.519575
0.50894
0.663578
0.589963
0.533553
0.443005
0.543389
0.491465
0.458501
0.730148
0.681296
0.461977
0.452142
0.46213
0.376149
0.58016
0.481487
0.365404
0.444125
0.483184
0.4838
0.429954
0.491237
0.442751
0.569229
0.257961
0.579589
0.56977
0.441325
0.570449
0.617132
0.561232
0.487505
0.479613
0.61398
0.509863
0.54224
0.479032
0.536577
0.579176
0.451575
0.523546
0.554358
0.603558
0.46834
0.565048
0.511757
0.505069
0.48321
0.480046
0.471755
0.525657
0.647545
0.4693
0.56539
0.555536
0.569719
0.629448
0.544987
0.695478
0.467446
0.391006
0.477093
0.522836
0.434358
0.486693
0.524429
0.538124
0.429918
0.558554
0.554416
0.551002
0.627485
0.531872
0.575143
0.421588
0.556167
0.578427
0.637901
0.504992
0.44785
0.661132
0.458715
0.354053
0.451597
0.396683
0.399551
0.417242
0.603377
0.592316
0.713201
0.525777
0.539862
0.507354
0.594088
0.395974
0.620832
0.459721
0.490539
0.379934
0.475484
0.742148
0.322359
0.379663
0.513738
0.332331
0.510797
0.396785
0.544413
0.375816
0.466288
0.422005
0.517917
0.489925
0.59266
0.575548
0.461895
0.581583
0.454722
0.591787
0.604035
0.591409
0.419496
0.498357
0.377039
0.470988
0.519572
0.472026
0.476527
0.569766
0.500404
0.660674
0.693439
0.452531
0.401604
0.642741
0.468267
0.487992
0.685599
0.552522
0.61524
0.543489
0.565272
0.531754
0.44037
0.390392
0.395526
0.574936
0.428021
0.46929
0.481947
0.517877
0.496497
0.583609
0.523063
0.475987
0.62386
0.584796
0.540943
0.370865
0.721033
0.581776
0.568198
0.590761
0.579972
0.5519
0.547688
0.512521
0.550518
0.450137
0.464553
0.469671
0.600278
0.507786
0.468441
0.483302
0.587706
0.581544
0.357122
0.57947
0.629298
0.458244
0.380905
0.39884
0.567629
0.640183
0.490616
0.261352
0.547723
0.630405
0.490131
0.680706
0.385028
0.506916
0.567766
0.330494
0.359061
0.619278
0.569081
0.545838
0.49255
0.460601
0.536981
0.501444
0.376715
0.562457
0.583217
0.538974
0.479059
0.429785
0.268726
0.523707
0.62088
0.577383
0.558504
0.492478
0.437455
0.549122
0.379986
0.511902
0.43463
0.495524
0.552196
0.497942
0.531373
0.454912
0.566215
0.554896
0.528562
0.627852
0.385779
0.573922
0.470127
0.354119
0.600122
0.488242
0.463392
0.496005
0.399444
0.614194
0.501286
0.601253
0.456676
0.514347
0.479851
0.463485
0.687477
0.500907
0.53025
0.41749
0.323714
0.454697
0.585285
0.401287
0.673918
0.666993
0.5762
0.386401
0.357515
0.318559
0.406308
0.522325
0.587898
0.392236
0.473809
0.560669
0.342718
0.472492
0.616898
0.519032
0.597989
0.417339
0.430071
0.614165
0.515967
0.295083
0.451313
0.53851
0.464972
0.560401
0.445634
0.473763
0.512645
0.601246
0.311187
0.629599
0.672394
0.42015
0.510011
0.665265
0.496083
0.520487
0.476195
0.396253
0.39427
0.650325
0.380049
0.507813
0.528613
0.413496
0.627664
0.491582
0.459326
0.489572
0.551009
0.391158
0.543842
0.611442
0.494483
0.586947
0.471151
0.431235
0.429665
0.370177
0.479521
0.362352
0.530719
0.350479
0.54363
0.517413
0.718772
0.610984
0.430387
0.46894
0.634285
0.569393
0.611032
0.541657
0.422284
0.423044
0.480348
0.402272
0.616054
0.650483
0.37214
0.644695
0.480704
0.411638
0.673389
0.675629
0.628788
0.533157
0.227778
0.587533
0.445935
0.585068
0.482577
0.36296
0.26525
0.449401
0.471133
0.486342
0.605
0.450972
0.336532
0.546279
0.53489
0.465045
0.590224
0.593469
0.562032
0.536128
0.462747
0.376399
0.628461
0.536693
0.541912
0.608985
0.287866
0.564116
0.507129
0.33137
0.579953
0.418713
0.356816
0.507106
0.646659
0.525218
0.489129
0.456996
0.435223
0.554641
0.53451
0.661896
0.408867
0.572927
0.351856
0.473806
0.436676
0.487393
0.488381
0.456609
0.459982
0.48145
0.566522
0.534861
0.6334
0.522642
0.499521
0.361045
0.414399
0.398561
0.450617
0.618756
0.426103
0.579749
0.439021
0.461298
0.443776
0.428198
0.559178
0.64221
0.356247
0.46462
0.418057
0.42628
0.429284
0.677172
0.608527
0.476612
0.348747
0.398855
